
/forward             
/forward        [1/2]
/forward             
/forward        [2/2]
/forward             
/forward        [1/2]
/forward             
/forward        [2/2]
/forward             
/forward        [1/2]
/forward             
/forward        [2/2]
/forward             
/forward        [1/2]
/forward             
/forward        [2/2]
/forward             
/forward        [1/2]
/forward             
/forward        [2/2]
/forward             
/forward        [1/2]
/forward             
/forward        [2/2]
/forward             
/forward        [1/2]
/forward             
/forward        [2/2]
/forward             
/forward        [1/2]
/forward             
/forward        [2/2]
/forward             
/forward        [1/2]
/forward             
/forward        [2/2]
/sigmoid             
/sigmoid        [2/5]
/sigmoid             
/sigmoid        [3/5]
/sigmoid             
/sigmoid        [4/5]
/sigmoid             
/sigmoid        [5/5]
36 lines yanked
1 change; before #15  13 seconds ago
1 change; before #14  13 seconds ago
1 change; before #13  14 seconds ago
1 change; before #12  14 seconds ago
1 change; before #11  90 seconds ago
6 more lines
9 lines yanked
35 lines yanked
13 lines yanked
3 more lines
36 more lines
6 fewer lines
6 more lines; before #4  1 second ago
5 fewer lines
6 fewer lines