VSCodium (1.84.2, undefined, desktop)
Jupyter Extension Version: 2023.9.100.
Python Extension Version: 2023.20.0.
Platform: linux (x64).
Workspace folder ~/Documents/calculus_add, Home = /home/like
10:43:11.981 [info] Telemetry level is off
10:43:11.981 [info] Experiments are disabled, only manually opted experiments are active.
10:43:12.297 [info] Start refreshing Kernel Picker (1701679392297)
10:43:12.300 [info] Using Pylance
10:43:12.391 [info] Start refreshing Interpreter Kernel Picker
10:43:12.775 [warn] Failed to get activated env vars for /bin/python in 437ms
10:43:12.813 [info] Process Execution: /bin/python -c "import site;print("USER_BASE_VALUE");print(site.USER_BASE);print("USER_BASE_VALUE");"
10:43:12.828 [info] Starting Kernel startUsingPythonInterpreter, .jvsc74a57bd0e7370f93d1d0cde622a1f8e1c04877d8463912d04d973331ad4851f04de6915a./bin/python./bin/python.-m#ipykernel_launcher  (Python Path: /bin/python, Unknown, 3.11.6) for '~/Documents/calculus_add/extra_xor.ipynb' (disableUI=true)
10:43:12.853 [info] Process Execution: /bin/python -m pip list
10:43:13.249 [warn] Failed to get activated env vars for /bin/python in 386ms
10:43:13.271 [info] Process Execution: /bin/python -c "import ipykernel; print(ipykernel.__version__); print("5dc3a68c-e34e-4080-9c3e-2a532b2ccb4d"); print(ipykernel.__file__)"
10:43:13.293 [info] Process Execution: /bin/python -m ipykernel_launcher --ip=127.0.0.1 --stdin=9003 --control=9001 --hb=9000 --Session.signature_scheme="hmac-sha256" --Session.key=b"e4ae7775-77b0-4bf8-986e-f9dc30ebc007" --shell=9002 --transport="tcp" --iopub=9004 --f=~/.local/share/jupyter/runtime/kernel-v2-7911093uLBHjKUND7.json
    > cwd: ~/Documents/calculus_add
10:43:13.632 [info] ipykernel version & path 6.27.1, /usr/lib/python3.11/site-packages/ipykernel/__init__.py for /bin/python
10:43:14.059 [info] End refreshing Kernel Picker (1701679392297)
10:43:14.061 [warn] StdErr from Kernel Process [IPKernelApp] WARNING | debugpy_stream undefined, debugging will not be enabled
10:43:14.127 [info] Started Kernel Python 3.11.6 (pid: 79238)
10:43:14.127 [info] Started new session faab2781-dd71-4808-84b5-801aa62bfd3a
10:43:14.186 [info] Process Execution: /bin/python ~/.vscode-oss/extensions/ms-toolsai.jupyter-2023.9.100-universal/pythonFiles/printJupyterDataDir.py
10:43:17.350 [info] Handle Execution of Cells 3 for ~/Documents/calculus_add/extra_xor.ipynb
10:43:17.365 [info] Kernel acknowledged execution of cell 3 @ 1701679397364
10:43:17.510 [info] End cell 3 execution @ 1701679397509, started @ 1701679397364, elapsed time = 0.145s
10:43:21.041 [info] Handle Execution of Cells 5 for ~/Documents/calculus_add/extra_xor.ipynb
10:43:21.048 [info] Kernel acknowledged execution of cell 5 @ 1701679401048
10:43:21.051 [info] End cell 5 execution @ 1701679401051, started @ 1701679401048, elapsed time = 0.003s
10:51:37.845 [info] Handle Execution of Cells 11 for ~/Documents/calculus_add/extra_xor.ipynb
10:51:37.854 [info] Kernel acknowledged execution of cell 11 @ 1701679897854
10:51:37.857 [info] End cell 11 execution @ 1701679897857, started @ 1701679897854, elapsed time = 0.003s
10:51:41.176 [info] Handle Execution of Cells 13 for ~/Documents/calculus_add/extra_xor.ipynb
10:51:41.187 [info] Kernel acknowledged execution of cell 13 @ 1701679901187
10:51:41.190 [info] End cell 13 execution @ 1701679901190, started @ 1701679901187, elapsed time = 0.003s
10:51:50.217 [info] Handle Execution of Cells 15 for ~/Documents/calculus_add/extra_xor.ipynb
10:51:50.225 [info] Kernel acknowledged execution of cell 15 @ 1701679910225
10:51:50.457 [info] End cell 15 execution @ 1701679910457, started @ 1701679910225, elapsed time = 0.232s
10:51:50.457 [warn] Cancel all remaining cells due to cancellation or failure in execution
10:57:55.475 [info] Handle Execution of Cells 11 for ~/Documents/calculus_add/extra_xor.ipynb
10:57:55.484 [info] Kernel acknowledged execution of cell 11 @ 1701680275484
10:57:55.488 [info] End cell 11 execution @ 1701680275488, started @ 1701680275484, elapsed time = 0.004s
10:57:57.277 [info] Handle Execution of Cells 13 for ~/Documents/calculus_add/extra_xor.ipynb
10:57:57.283 [info] Kernel acknowledged execution of cell 13 @ 1701680277283
10:57:57.295 [info] End cell 13 execution @ 1701680277294, started @ 1701680277283, elapsed time = 0.011s
10:58:01.152 [info] Handle Execution of Cells 15 for ~/Documents/calculus_add/extra_xor.ipynb
10:58:01.169 [info] Kernel acknowledged execution of cell 15 @ 1701680281168
10:58:01.218 [info] End cell 15 execution @ 1701680281218, started @ 1701680281168, elapsed time = 0.05s
10:58:01.218 [warn] Cancel all remaining cells due to cancellation or failure in execution
10:58:33.670 [info] Handle Execution of Cells 11 for ~/Documents/calculus_add/extra_xor.ipynb
10:58:33.678 [info] Kernel acknowledged execution of cell 11 @ 1701680313678
10:58:33.681 [info] End cell 11 execution @ 1701680313680, started @ 1701680313678, elapsed time = 0.002s
10:58:39.706 [info] Handle Execution of Cells 15 for ~/Documents/calculus_add/extra_xor.ipynb
10:58:39.723 [info] Kernel acknowledged execution of cell 15 @ 1701680319722
10:58:39.737 [info] End cell 15 execution @ 1701680319737, started @ 1701680319722, elapsed time = 0.015s
10:59:42.677 [info] Handle Execution of Cells 13 for ~/Documents/calculus_add/extra_xor.ipynb
10:59:42.689 [info] Kernel acknowledged execution of cell 13 @ 1701680382689
10:59:42.692 [info] End cell 13 execution @ 1701680382691, started @ 1701680382689, elapsed time = 0.002s
10:59:49.666 [info] Handle Execution of Cells 15 for ~/Documents/calculus_add/extra_xor.ipynb
10:59:49.681 [info] Kernel acknowledged execution of cell 15 @ 1701680389681
10:59:49.688 [info] End cell 15 execution @ 1701680389688, started @ 1701680389681, elapsed time = 0.007s
11:00:06.842 [info] Handle Execution of Cells 15 for ~/Documents/calculus_add/extra_xor.ipynb
11:00:06.852 [info] Kernel acknowledged execution of cell 15 @ 1701680406852
11:00:06.917 [info] End cell 15 execution @ 1701680406917, started @ 1701680406852, elapsed time = 0.065s
11:00:12.504 [info] Handle Execution of Cells 15 for ~/Documents/calculus_add/extra_xor.ipynb
11:00:12.512 [info] Kernel acknowledged execution of cell 15 @ 1701680412512
11:00:13.015 [info] End cell 15 execution @ 1701680413015, started @ 1701680412512, elapsed time = 0.503s
11:00:26.046 [info] Handle Execution of Cells 15 for ~/Documents/calculus_add/extra_xor.ipynb
11:00:26.054 [info] Kernel acknowledged execution of cell 15 @ 1701680426053
11:00:26.068 [info] End cell 15 execution @ 1701680426068, started @ 1701680426053, elapsed time = 0.015s
11:02:10.976 [info] Handle Execution of Cells 11 for ~/Documents/calculus_add/extra_xor.ipynb
11:02:10.984 [info] Kernel acknowledged execution of cell 11 @ 1701680530984
11:02:10.987 [info] End cell 11 execution @ 1701680530987, started @ 1701680530984, elapsed time = 0.003s
11:02:16.211 [info] Handle Execution of Cells 15 for ~/Documents/calculus_add/extra_xor.ipynb
11:02:16.220 [info] Kernel acknowledged execution of cell 15 @ 1701680536219
11:02:16.235 [info] End cell 15 execution @ 1701680536234, started @ 1701680536219, elapsed time = 0.015s
11:02:51.203 [info] Handle Execution of Cells 11 for ~/Documents/calculus_add/extra_xor.ipynb
11:02:51.210 [info] Kernel acknowledged execution of cell 11 @ 1701680571210
11:02:51.213 [info] End cell 11 execution @ 1701680571213, started @ 1701680571210, elapsed time = 0.003s
11:02:55.147 [info] Handle Execution of Cells 15 for ~/Documents/calculus_add/extra_xor.ipynb
11:02:55.162 [info] Kernel acknowledged execution of cell 15 @ 1701680575162
11:02:55.169 [info] End cell 15 execution @ 1701680575169, started @ 1701680575162, elapsed time = 0.007s
11:03:07.707 [info] Handle Execution of Cells 11 for ~/Documents/calculus_add/extra_xor.ipynb
11:03:07.716 [info] Kernel acknowledged execution of cell 11 @ 1701680587716
11:03:07.719 [info] End cell 11 execution @ 1701680587719, started @ 1701680587716, elapsed time = 0.003s
11:03:12.690 [info] Handle Execution of Cells 15 for ~/Documents/calculus_add/extra_xor.ipynb
11:03:12.699 [info] Kernel acknowledged execution of cell 15 @ 1701680592699
11:03:12.711 [info] End cell 15 execution @ 1701680592711, started @ 1701680592699, elapsed time = 0.012s
11:06:11.657 [info] Handle Execution of Cells 11 for ~/Documents/calculus_add/extra_xor.ipynb
11:06:11.663 [info] Kernel acknowledged execution of cell 11 @ 1701680771663
11:06:11.666 [info] End cell 11 execution @ 1701680771666, started @ 1701680771663, elapsed time = 0.003s
11:06:15.101 [info] Handle Execution of Cells 15 for ~/Documents/calculus_add/extra_xor.ipynb
11:06:15.109 [info] Kernel acknowledged execution of cell 15 @ 1701680775109
11:06:15.123 [info] End cell 15 execution @ 1701680775123, started @ 1701680775109, elapsed time = 0.014s
11:06:22.008 [info] Handle Execution of Cells 15 for ~/Documents/calculus_add/extra_xor.ipynb
11:06:22.015 [info] Kernel acknowledged execution of cell 15 @ 1701680782015
11:06:22.075 [info] End cell 15 execution @ 1701680782075, started @ 1701680782015, elapsed time = 0.06s
11:06:26.399 [info] Handle Execution of Cells 15 for ~/Documents/calculus_add/extra_xor.ipynb
11:06:26.411 [info] Kernel acknowledged execution of cell 15 @ 1701680786411
11:06:26.860 [info] End cell 15 execution @ 1701680786860, started @ 1701680786411, elapsed time = 0.449s
11:06:30.471 [info] Handle Execution of Cells 15 for ~/Documents/calculus_add/extra_xor.ipynb
11:06:30.479 [info] Kernel acknowledged execution of cell 15 @ 1701680790479
11:06:34.879 [info] End cell 15 execution @ 1701680794878, started @ 1701680790479, elapsed time = 4.399s
11:06:40.243 [info] Handle Execution of Cells 15 for ~/Documents/calculus_add/extra_xor.ipynb
11:06:40.251 [info] Kernel acknowledged execution of cell 15 @ 1701680800251
11:06:40.263 [info] End cell 15 execution @ 1701680800263, started @ 1701680800251, elapsed time = 0.012s
11:07:56.488 [info] Handle Execution of Cells 15 for ~/Documents/calculus_add/extra_xor.ipynb
11:07:56.496 [info] Kernel acknowledged execution of cell 15 @ 1701680876496
11:07:56.522 [info] End cell 15 execution @ 1701680876521, started @ 1701680876496, elapsed time = 0.025s
11:07:56.522 [warn] Cancel all remaining cells due to cancellation or failure in execution
11:08:10.065 [info] Handle Execution of Cells 15 for ~/Documents/calculus_add/extra_xor.ipynb
11:08:10.072 [info] Kernel acknowledged execution of cell 15 @ 1701680890072
11:08:10.124 [info] End cell 15 execution @ 1701680890123, started @ 1701680890072, elapsed time = 0.051s
11:08:16.615 [info] Handle Execution of Cells 15 for ~/Documents/calculus_add/extra_xor.ipynb
11:08:16.623 [info] Kernel acknowledged execution of cell 15 @ 1701680896622
11:08:16.678 [info] End cell 15 execution @ 1701680896678, started @ 1701680896622, elapsed time = 0.056s
11:08:24.584 [info] Handle Execution of Cells 15 for ~/Documents/calculus_add/extra_xor.ipynb
11:08:24.593 [info] Kernel acknowledged execution of cell 15 @ 1701680904593
11:08:24.668 [info] End cell 15 execution @ 1701680904668, started @ 1701680904593, elapsed time = 0.075s
11:08:24.669 [warn] Cancel all remaining cells due to cancellation or failure in execution
11:08:38.509 [info] Handle Execution of Cells 15 for ~/Documents/calculus_add/extra_xor.ipynb
11:08:38.519 [info] Kernel acknowledged execution of cell 15 @ 1701680918519
11:08:38.594 [info] End cell 15 execution @ 1701680918594, started @ 1701680918519, elapsed time = 0.075s
11:08:48.485 [info] Handle Execution of Cells 15 for ~/Documents/calculus_add/extra_xor.ipynb
11:08:48.493 [info] Kernel acknowledged execution of cell 15 @ 1701680928493
11:08:48.550 [info] End cell 15 execution @ 1701680928550, started @ 1701680928493, elapsed time = 0.057s
11:13:59.500 [info] Handle Execution of Cells 13 for ~/Documents/calculus_add/extra_xor.ipynb
11:13:59.511 [info] Kernel acknowledged execution of cell 13 @ 1701681239511
11:13:59.518 [info] End cell 13 execution @ 1701681239518, started @ 1701681239511, elapsed time = 0.007s
11:14:02.660 [info] Handle Execution of Cells 15 for ~/Documents/calculus_add/extra_xor.ipynb
11:14:02.679 [info] Kernel acknowledged execution of cell 15 @ 1701681242679
11:14:02.731 [info] End cell 15 execution @ 1701681242730, started @ 1701681242679, elapsed time = 0.051s
11:14:14.544 [info] Handle Execution of Cells 15 for ~/Documents/calculus_add/extra_xor.ipynb
11:14:14.553 [info] Kernel acknowledged execution of cell 15 @ 1701681254553
11:14:14.620 [info] End cell 15 execution @ 1701681254619, started @ 1701681254553, elapsed time = 0.066s
11:14:16.845 [info] Handle Execution of Cells 15 for ~/Documents/calculus_add/extra_xor.ipynb
11:14:16.854 [info] Kernel acknowledged execution of cell 15 @ 1701681256853
11:14:16.872 [info] End cell 15 execution @ 1701681256871, started @ 1701681256853, elapsed time = 0.018s
11:14:28.149 [info] Handle Execution of Cells 11 for ~/Documents/calculus_add/extra_xor.ipynb
11:14:28.156 [info] Kernel acknowledged execution of cell 11 @ 1701681268156
11:14:28.159 [info] End cell 11 execution @ 1701681268159, started @ 1701681268156, elapsed time = 0.003s
11:14:31.074 [info] Handle Execution of Cells 13 for ~/Documents/calculus_add/extra_xor.ipynb
11:14:31.086 [info] Kernel acknowledged execution of cell 13 @ 1701681271085
11:14:31.089 [info] End cell 13 execution @ 1701681271089, started @ 1701681271085, elapsed time = 0.004s
11:14:34.732 [info] Handle Execution of Cells 15 for ~/Documents/calculus_add/extra_xor.ipynb
11:14:34.752 [info] Kernel acknowledged execution of cell 15 @ 1701681274752
11:14:34.755 [info] End cell 15 execution @ 1701681274755, started @ 1701681274752, elapsed time = 0.003s
11:15:03.984 [info] Handle Execution of Cells 17 for ~/Documents/calculus_add/extra_xor.ipynb
11:15:04.095 [info] Kernel acknowledged execution of cell 17 @ 1701681304095
11:15:04.099 [info] End cell 17 execution @ 1701681304098, started @ 1701681304095, elapsed time = 0.003s
11:15:04.099 [warn] Cancel all remaining cells due to cancellation or failure in execution
11:17:55.974 [info] Handle Execution of Cells 15 for ~/Documents/calculus_add/extra_xor.ipynb
11:17:55.984 [info] Kernel acknowledged execution of cell 15 @ 1701681475984
11:17:55.996 [info] End cell 15 execution @ 1701681475995, started @ 1701681475984, elapsed time = 0.011s
11:18:14.079 [info] Handle Execution of Cells 11 for ~/Documents/calculus_add/extra_xor.ipynb
11:18:14.086 [info] Kernel acknowledged execution of cell 11 @ 1701681494086
11:18:14.089 [info] End cell 11 execution @ 1701681494088, started @ 1701681494086, elapsed time = 0.002s
11:18:16.702 [info] Handle Execution of Cells 13 for ~/Documents/calculus_add/extra_xor.ipynb
11:18:16.718 [info] Kernel acknowledged execution of cell 13 @ 1701681496717
11:18:16.720 [info] End cell 13 execution @ 1701681496720, started @ 1701681496717, elapsed time = 0.003s
11:18:19.168 [info] Handle Execution of Cells 15 for ~/Documents/calculus_add/extra_xor.ipynb
11:18:19.190 [info] Kernel acknowledged execution of cell 15 @ 1701681499190
11:18:19.192 [info] End cell 15 execution @ 1701681499192, started @ 1701681499190, elapsed time = 0.002s
11:18:47.206 [info] Handle Execution of Cells 13 for ~/Documents/calculus_add/extra_xor.ipynb
11:18:47.217 [info] Kernel acknowledged execution of cell 13 @ 1701681527216
11:18:47.221 [info] End cell 13 execution @ 1701681527220, started @ 1701681527216, elapsed time = 0.004s
11:18:49.984 [info] Handle Execution of Cells 15 for ~/Documents/calculus_add/extra_xor.ipynb
11:18:49.993 [info] Kernel acknowledged execution of cell 15 @ 1701681529992
11:18:50.006 [info] End cell 15 execution @ 1701681530006, started @ 1701681529992, elapsed time = 0.014s
11:18:59.707 [info] Handle Execution of Cells 13 for ~/Documents/calculus_add/extra_xor.ipynb
11:18:59.721 [info] Kernel acknowledged execution of cell 13 @ 1701681539721
11:18:59.724 [info] End cell 13 execution @ 1701681539724, started @ 1701681539721, elapsed time = 0.003s
11:19:06.165 [info] Handle Execution of Cells 15 for ~/Documents/calculus_add/extra_xor.ipynb
11:19:06.176 [info] Kernel acknowledged execution of cell 15 @ 1701681546176
11:19:06.186 [info] End cell 15 execution @ 1701681546186, started @ 1701681546176, elapsed time = 0.01s
11:19:09.876 [info] Handle Execution of Cells 15 for ~/Documents/calculus_add/extra_xor.ipynb
11:19:09.886 [info] Kernel acknowledged execution of cell 15 @ 1701681549885
11:19:09.896 [info] End cell 15 execution @ 1701681549895, started @ 1701681549885, elapsed time = 0.01s
11:19:18.859 [info] Handle Execution of Cells 13 for ~/Documents/calculus_add/extra_xor.ipynb
11:19:18.873 [info] Kernel acknowledged execution of cell 13 @ 1701681558872
11:19:18.876 [info] End cell 13 execution @ 1701681558875, started @ 1701681558872, elapsed time = 0.003s
11:19:21.182 [info] Handle Execution of Cells 15 for ~/Documents/calculus_add/extra_xor.ipynb
11:19:21.192 [info] Kernel acknowledged execution of cell 15 @ 1701681561192
11:19:21.203 [info] End cell 15 execution @ 1701681561203, started @ 1701681561192, elapsed time = 0.011s
11:19:39.858 [info] Handle Execution of Cells 13 for ~/Documents/calculus_add/extra_xor.ipynb
11:19:39.870 [info] Kernel acknowledged execution of cell 13 @ 1701681579869
11:19:39.873 [info] End cell 13 execution @ 1701681579872, started @ 1701681579869, elapsed time = 0.003s
11:19:42.243 [info] Handle Execution of Cells 15 for ~/Documents/calculus_add/extra_xor.ipynb
11:19:42.263 [info] Kernel acknowledged execution of cell 15 @ 1701681582263
11:19:42.268 [info] End cell 15 execution @ 1701681582268, started @ 1701681582263, elapsed time = 0.005s
11:20:01.160 [info] Handle Execution of Cells 17 for ~/Documents/calculus_add/extra_xor.ipynb
11:20:01.167 [info] Kernel acknowledged execution of cell 17 @ 1701681601167
11:20:02.050 [info] End cell 17 execution @ 1701681602050, started @ 1701681601167, elapsed time = 0.883s
11:20:55.188 [info] Handle Execution of Cells 17 for ~/Documents/calculus_add/extra_xor.ipynb
11:20:55.197 [info] Kernel acknowledged execution of cell 17 @ 1701681655197
11:20:55.425 [info] End cell 17 execution @ 1701681655425, started @ 1701681655197, elapsed time = 0.228s
11:22:48.167 [info] Handle Execution of Cells 11 for ~/Documents/calculus_add/extra_xor.ipynb
11:22:48.174 [info] Kernel acknowledged execution of cell 11 @ 1701681768174
11:22:48.177 [info] End cell 11 execution @ 1701681768177, started @ 1701681768174, elapsed time = 0.003s
11:22:50.972 [info] Handle Execution of Cells 13 for ~/Documents/calculus_add/extra_xor.ipynb
11:22:50.984 [info] Kernel acknowledged execution of cell 13 @ 1701681770984
11:22:50.987 [info] End cell 13 execution @ 1701681770986, started @ 1701681770984, elapsed time = 0.002s
11:22:55.304 [info] Handle Execution of Cells 15 for ~/Documents/calculus_add/extra_xor.ipynb
11:22:55.322 [info] Kernel acknowledged execution of cell 15 @ 1701681775322
11:22:55.329 [info] End cell 15 execution @ 1701681775328, started @ 1701681775322, elapsed time = 0.006s
11:24:17.266 [info] Handle Execution of Cells 15 for ~/Documents/calculus_add/extra_xor.ipynb
11:24:17.274 [info] Kernel acknowledged execution of cell 15 @ 1701681857274
11:24:17.282 [info] End cell 15 execution @ 1701681857281, started @ 1701681857274, elapsed time = 0.007s
11:24:23.984 [info] Handle Execution of Cells 15 for ~/Documents/calculus_add/extra_xor.ipynb
11:24:23.998 [info] Kernel acknowledged execution of cell 15 @ 1701681863997
11:24:24.054 [info] End cell 15 execution @ 1701681864053, started @ 1701681863997, elapsed time = 0.056s
11:24:30.701 [info] Handle Execution of Cells 15 for ~/Documents/calculus_add/extra_xor.ipynb
11:24:30.710 [info] Kernel acknowledged execution of cell 15 @ 1701681870710
11:24:30.722 [info] End cell 15 execution @ 1701681870722, started @ 1701681870710, elapsed time = 0.012s
11:24:38.392 [info] Handle Execution of Cells 13 for ~/Documents/calculus_add/extra_xor.ipynb
11:24:38.402 [info] Kernel acknowledged execution of cell 13 @ 1701681878402
11:24:38.406 [info] End cell 13 execution @ 1701681878405, started @ 1701681878402, elapsed time = 0.003s
11:24:41.148 [info] Handle Execution of Cells 15 for ~/Documents/calculus_add/extra_xor.ipynb
11:24:41.157 [info] Kernel acknowledged execution of cell 15 @ 1701681881156
11:24:41.168 [info] End cell 15 execution @ 1701681881168, started @ 1701681881156, elapsed time = 0.012s
11:24:47.919 [info] Handle Execution of Cells 13 for ~/Documents/calculus_add/extra_xor.ipynb
11:24:47.931 [info] Kernel acknowledged execution of cell 13 @ 1701681887930
11:24:47.933 [info] End cell 13 execution @ 1701681887933, started @ 1701681887930, elapsed time = 0.003s
11:24:51.568 [info] Handle Execution of Cells 15 for ~/Documents/calculus_add/extra_xor.ipynb
11:24:51.581 [info] Kernel acknowledged execution of cell 15 @ 1701681891581
11:24:51.591 [info] End cell 15 execution @ 1701681891591, started @ 1701681891581, elapsed time = 0.01s
11:27:56.927 [info] Handle Execution of Cells 15 for ~/Documents/calculus_add/extra_xor.ipynb
11:27:56.932 [info] Kernel acknowledged execution of cell 15 @ 1701682076932
11:27:56.973 [info] End cell 15 execution @ 1701682076971, started @ 1701682076932, elapsed time = 0.039s
11:27:56.973 [warn] Cancel all remaining cells due to cancellation or failure in execution
11:28:01.493 [info] Handle Execution of Cells 13 for ~/Documents/calculus_add/extra_xor.ipynb
11:28:01.510 [info] Kernel acknowledged execution of cell 13 @ 1701682081509
11:28:01.511 [info] End cell 13 execution @ 1701682081511, started @ 1701682081509, elapsed time = 0.002s
11:28:04.257 [info] Handle Execution of Cells 15 for ~/Documents/calculus_add/extra_xor.ipynb
11:28:04.266 [info] Kernel acknowledged execution of cell 15 @ 1701682084266
11:28:04.276 [info] End cell 15 execution @ 1701682084276, started @ 1701682084266, elapsed time = 0.01s
11:29:46.294 [info] Handle Execution of Cells 14 for ~/Documents/calculus_add/extra_xor.ipynb
11:29:46.306 [info] Kernel acknowledged execution of cell 14 @ 1701682186305
11:29:46.308 [info] End cell 14 execution @ 1701682186308, started @ 1701682186305, elapsed time = 0.003s
11:29:49.145 [info] Handle Execution of Cells 16 for ~/Documents/calculus_add/extra_xor.ipynb
11:29:49.154 [info] Kernel acknowledged execution of cell 16 @ 1701682189153
11:29:49.166 [info] End cell 16 execution @ 1701682189165, started @ 1701682189153, elapsed time = 0.012s
11:30:01.420 [info] Handle Execution of Cells 14 for ~/Documents/calculus_add/extra_xor.ipynb
11:30:01.431 [info] Kernel acknowledged execution of cell 14 @ 1701682201431
11:30:01.438 [info] End cell 14 execution @ 1701682201438, started @ 1701682201431, elapsed time = 0.007s
11:30:03.904 [info] Handle Execution of Cells 16 for ~/Documents/calculus_add/extra_xor.ipynb
11:30:03.913 [info] Kernel acknowledged execution of cell 16 @ 1701682203912
11:30:03.924 [info] End cell 16 execution @ 1701682203924, started @ 1701682203912, elapsed time = 0.012s
11:30:11.381 [info] Handle Execution of Cells 16 for ~/Documents/calculus_add/extra_xor.ipynb
11:30:11.393 [info] Kernel acknowledged execution of cell 16 @ 1701682211393
11:30:11.404 [info] End cell 16 execution @ 1701682211404, started @ 1701682211393, elapsed time = 0.011s
11:30:49.810 [info] Handle Execution of Cells 14 for ~/Documents/calculus_add/extra_xor.ipynb
11:30:49.823 [info] Kernel acknowledged execution of cell 14 @ 1701682249823
11:30:49.829 [info] End cell 14 execution @ 1701682249828, started @ 1701682249823, elapsed time = 0.005s
11:30:52.900 [info] Handle Execution of Cells 16 for ~/Documents/calculus_add/extra_xor.ipynb
11:30:52.915 [info] Kernel acknowledged execution of cell 16 @ 1701682252915
11:30:52.922 [info] End cell 16 execution @ 1701682252922, started @ 1701682252915, elapsed time = 0.007s
11:32:11.951 [info] Handle Execution of Cells 11 for ~/Documents/calculus_add/extra_xor.ipynb
11:32:11.958 [info] Kernel acknowledged execution of cell 11 @ 1701682331958
11:32:11.961 [info] End cell 11 execution @ 1701682331961, started @ 1701682331958, elapsed time = 0.003s
11:32:16.090 [info] Handle Execution of Cells 13 for ~/Documents/calculus_add/extra_xor.ipynb
11:32:16.103 [info] Kernel acknowledged execution of cell 13 @ 1701682336103
11:32:16.105 [info] End cell 13 execution @ 1701682336105, started @ 1701682336103, elapsed time = 0.002s
11:32:19.020 [info] Handle Execution of Cells 14 for ~/Documents/calculus_add/extra_xor.ipynb
11:32:19.032 [info] Kernel acknowledged execution of cell 14 @ 1701682339031
11:32:19.033 [info] End cell 14 execution @ 1701682339033, started @ 1701682339031, elapsed time = 0.002s
11:32:22.792 [info] Handle Execution of Cells 16 for ~/Documents/calculus_add/extra_xor.ipynb
11:32:22.801 [info] Kernel acknowledged execution of cell 16 @ 1701682342801
11:32:22.812 [info] End cell 16 execution @ 1701682342812, started @ 1701682342801, elapsed time = 0.011s
11:32:29.704 [info] Handle Execution of Cells 16 for ~/Documents/calculus_add/extra_xor.ipynb
11:32:29.716 [info] Kernel acknowledged execution of cell 16 @ 1701682349715
11:32:29.726 [info] End cell 16 execution @ 1701682349726, started @ 1701682349715, elapsed time = 0.011s
11:32:30.626 [info] Handle Execution of Cells 16 for ~/Documents/calculus_add/extra_xor.ipynb
11:32:30.631 [info] Kernel acknowledged execution of cell 16 @ 1701682350631
11:32:30.646 [info] End cell 16 execution @ 1701682350646, started @ 1701682350631, elapsed time = 0.015s
11:32:30.918 [info] Handle Execution of Cells 16 for ~/Documents/calculus_add/extra_xor.ipynb
11:32:30.933 [info] Kernel acknowledged execution of cell 16 @ 1701682350933
11:32:30.941 [info] End cell 16 execution @ 1701682350941, started @ 1701682350933, elapsed time = 0.008s
11:33:38.630 [info] Handle Execution of Cells 16 for ~/Documents/calculus_add/extra_xor.ipynb
11:33:38.646 [info] Kernel acknowledged execution of cell 16 @ 1701682418646
11:33:38.656 [info] End cell 16 execution @ 1701682418656, started @ 1701682418646, elapsed time = 0.01s
11:35:15.078 [info] Handle Execution of Cells 11 for ~/Documents/calculus_add/extra_xor.ipynb
11:35:15.088 [info] Kernel acknowledged execution of cell 11 @ 1701682515087
11:35:15.090 [info] End cell 11 execution @ 1701682515090, started @ 1701682515087, elapsed time = 0.003s
11:35:24.650 [info] Handle Execution of Cells 11 for ~/Documents/calculus_add/extra_xor.ipynb
11:35:24.658 [info] Kernel acknowledged execution of cell 11 @ 1701682524658
11:35:24.660 [info] End cell 11 execution @ 1701682524660, started @ 1701682524658, elapsed time = 0.002s
11:35:48.347 [info] Handle Execution of Cells 15 for ~/Documents/calculus_add/extra_xor.ipynb
11:35:48.357 [info] Kernel acknowledged execution of cell 15 @ 1701682548356
11:35:48.370 [info] End cell 15 execution @ 1701682548370, started @ 1701682548356, elapsed time = 0.014s
11:35:51.976 [info] Handle Execution of Cells 13 for ~/Documents/calculus_add/extra_xor.ipynb
11:35:51.986 [info] Kernel acknowledged execution of cell 13 @ 1701682551986
11:35:51.991 [info] End cell 13 execution @ 1701682551991, started @ 1701682551986, elapsed time = 0.005s
11:35:54.205 [info] Handle Execution of Cells 15 for ~/Documents/calculus_add/extra_xor.ipynb
11:35:54.220 [info] Kernel acknowledged execution of cell 15 @ 1701682554219
11:35:54.227 [info] End cell 15 execution @ 1701682554226, started @ 1701682554219, elapsed time = 0.007s
11:36:10.802 [info] Handle Execution of Cells 11 for ~/Documents/calculus_add/extra_xor.ipynb
11:36:10.810 [info] Kernel acknowledged execution of cell 11 @ 1701682570809
11:36:10.813 [info] End cell 11 execution @ 1701682570813, started @ 1701682570809, elapsed time = 0.004s
11:36:13.691 [info] Handle Execution of Cells 15 for ~/Documents/calculus_add/extra_xor.ipynb
11:36:13.703 [info] Kernel acknowledged execution of cell 15 @ 1701682573703
11:36:13.714 [info] End cell 15 execution @ 1701682573713, started @ 1701682573703, elapsed time = 0.01s
11:36:21.334 [info] Handle Execution of Cells 15 for ~/Documents/calculus_add/extra_xor.ipynb
11:36:21.348 [info] Kernel acknowledged execution of cell 15 @ 1701682581348
11:36:21.863 [info] End cell 15 execution @ 1701682581862, started @ 1701682581348, elapsed time = 0.514s
11:37:07.790 [info] Handle Execution of Cells 13 for ~/Documents/calculus_add/extra_xor.ipynb
11:37:07.801 [info] Kernel acknowledged execution of cell 13 @ 1701682627801
11:37:07.803 [info] End cell 13 execution @ 1701682627803, started @ 1701682627801, elapsed time = 0.002s
11:37:10.690 [info] Handle Execution of Cells 15 for ~/Documents/calculus_add/extra_xor.ipynb
11:37:10.706 [info] Kernel acknowledged execution of cell 15 @ 1701682630705
11:37:11.140 [info] End cell 15 execution @ 1701682631138, started @ 1701682630705, elapsed time = 0.433s
11:37:17.796 [info] Handle Execution of Cells 17 for ~/Documents/calculus_add/extra_xor.ipynb
11:37:17.824 [info] Kernel acknowledged execution of cell 17 @ 1701682637824
11:37:18.011 [info] End cell 17 execution @ 1701682638011, started @ 1701682637824, elapsed time = 0.187s
11:38:17.085 [info] Handle Execution of Cells 15 for ~/Documents/calculus_add/extra_xor.ipynb
11:38:17.094 [info] Kernel acknowledged execution of cell 15 @ 1701682697094
11:38:17.145 [info] End cell 15 execution @ 1701682697145, started @ 1701682697094, elapsed time = 0.051s
11:38:23.763 [info] Handle Execution of Cells 15 for ~/Documents/calculus_add/extra_xor.ipynb
11:38:23.768 [info] Kernel acknowledged execution of cell 15 @ 1701682703767
11:38:28.212 [info] End cell 15 execution @ 1701682708202, started @ 1701682703767, elapsed time = 4.435s
11:38:37.692 [info] Handle Execution of Cells 15 for ~/Documents/calculus_add/extra_xor.ipynb
11:38:37.701 [info] Kernel acknowledged execution of cell 15 @ 1701682717701
11:38:38.145 [info] End cell 15 execution @ 1701682718144, started @ 1701682717701, elapsed time = 0.443s
11:42:47.482 [info] Handle Execution of Cells 11 for ~/Documents/calculus_add/extra_xor.ipynb
11:42:47.487 [info] Kernel acknowledged execution of cell 11 @ 1701682967486
11:42:47.495 [info] End cell 11 execution @ 1701682967494, started @ 1701682967486, elapsed time = 0.008s
11:42:50.072 [info] Handle Execution of Cells 13 for ~/Documents/calculus_add/extra_xor.ipynb
11:42:50.084 [info] Kernel acknowledged execution of cell 13 @ 1701682970084
11:42:50.087 [info] End cell 13 execution @ 1701682970086, started @ 1701682970084, elapsed time = 0.002s
11:42:53.743 [info] Handle Execution of Cells 15 for ~/Documents/calculus_add/extra_xor.ipynb
11:42:53.748 [info] Kernel acknowledged execution of cell 15 @ 1701682973748
11:42:54.192 [info] End cell 15 execution @ 1701682974191, started @ 1701682973748, elapsed time = 0.443s
11:43:04.404 [info] Handle Execution of Cells 13 for ~/Documents/calculus_add/extra_xor.ipynb
11:43:04.416 [info] Kernel acknowledged execution of cell 13 @ 1701682984416
11:43:04.418 [info] End cell 13 execution @ 1701682984418, started @ 1701682984416, elapsed time = 0.002s
11:43:07.788 [info] Handle Execution of Cells 15 for ~/Documents/calculus_add/extra_xor.ipynb
11:43:07.800 [info] Kernel acknowledged execution of cell 15 @ 1701682987800
11:43:08.251 [info] End cell 15 execution @ 1701682988249, started @ 1701682987800, elapsed time = 0.449s
11:43:11.811 [info] Handle Execution of Cells 17 for ~/Documents/calculus_add/extra_xor.ipynb
11:43:11.839 [info] Kernel acknowledged execution of cell 17 @ 1701682991839
11:43:12.030 [info] End cell 17 execution @ 1701682992029, started @ 1701682991839, elapsed time = 0.19s
11:51:42.970 [info] Dispose Kernel '~/Documents/calculus_add/extra_xor.ipynb' associated with '~/Documents/calculus_add/extra_xor.ipynb'
11:51:42.973 [info] Dispose Kernel process 79238.
11:51:49.199 [info] Disposing HostJupyterExecution
11:51:49.199 [info] Shutting down notebooks for a209d336-3acb-4a08-9903-176fab2167af
11:51:49.199 [info] Dispose Kernel '~/Documents/calculus_add/extra_xor.ipynb' associated with '~/Documents/calculus_add/extra_xor.ipynb'
11:51:49.200 [info] Disposing HostJupyterExecution
