2023-12-02 16:10:25.467 [info] Telemetry level is off
2023-12-02 16:10:25.467 [info] Experiments are disabled, only manually opted experiments are active.
2023-12-02 16:10:25.467 [info] Default formatter is set to charliermarsh.ruff for workspace /home/like/Documents/pb_labs/LAB12
2023-12-02 16:10:25.475 [info] Test server listening.
2023-12-02 16:10:25.485 [info] Python interpreter path: /bin/python
2023-12-02 16:10:25.996 [info] > conda info --json
2023-12-02 16:10:26.258 [info] Found: /bin/python --> /bin/python3.11
2023-12-02 16:10:26.333 [info] Found: /bin/python3 --> /bin/python3.11
2023-12-02 16:10:26.374 [info] Found: /bin/python3.11 --> /bin/python3.11
2023-12-02 16:10:26.467 [info] Found: /sbin/python --> /sbin/python3.11
2023-12-02 16:10:26.474 [info] Found: /sbin/python3 --> /sbin/python3.11
2023-12-02 16:10:26.534 [info] Found: /sbin/python3.11 --> /sbin/python3.11
2023-12-02 16:10:26.550 [info] Found: /usr/bin/python --> /usr/bin/python3.11
2023-12-02 16:10:26.551 [info] Found: /usr/bin/python3 --> /usr/bin/python3.11
2023-12-02 16:10:26.551 [info] Found: /usr/bin/python3.11 --> /usr/bin/python3.11
2023-12-02 16:10:26.583 [info] Found: /usr/sbin/python --> /usr/sbin/python3.11
2023-12-02 16:10:26.583 [info] Found: /usr/sbin/python3 --> /usr/sbin/python3.11
2023-12-02 16:10:26.583 [info] Found: /usr/sbin/python3.11 --> /usr/sbin/python3.11
2023-12-02 16:10:26.618 [info] > /bin/python -I ~/.vscode-oss/extensions/ms-python.python-2023.20.0-universal/pythonFiles/get_output_via_markers.py ~/.vscode-oss/extensions/ms-python.python-2023.20.0-universal/pythonFiles/interpreterInfo.py
2023-12-02 16:10:26.668 [info] > /sbin/python -I ~/.vscode-oss/extensions/ms-python.python-2023.20.0-universal/pythonFiles/get_output_via_markers.py ~/.vscode-oss/extensions/ms-python.python-2023.20.0-universal/pythonFiles/interpreterInfo.py
2023-12-02 16:10:26.705 [info] > /usr/bin/python -I ~/.vscode-oss/extensions/ms-python.python-2023.20.0-universal/pythonFiles/get_output_via_markers.py ~/.vscode-oss/extensions/ms-python.python-2023.20.0-universal/pythonFiles/interpreterInfo.py
2023-12-02 16:10:26.751 [info] > /usr/sbin/python -I ~/.vscode-oss/extensions/ms-python.python-2023.20.0-universal/pythonFiles/get_output_via_markers.py ~/.vscode-oss/extensions/ms-python.python-2023.20.0-universal/pythonFiles/interpreterInfo.py
2023-12-02 16:10:27.071 [info] Starting Jedi language server for LAB12.
2023-12-02 16:14:33.689 [info] Discover tests for workspace name: LAB12 - uri: /home/like/Documents/pb_labs/LAB12/counties_process.py
2023-12-02 16:14:38.015 [info] Discover tests for workspace name: LAB12 - uri: /home/like/Documents/pb_labs/LAB12/counties_process.py
2023-12-02 16:14:47.220 [info] Discover tests for workspace name: LAB12 - uri: /home/like/Documents/pb_labs/LAB12/counties_process.py
2023-12-02 16:14:59.197 [info] Discover tests for workspace name: LAB12 - uri: /home/like/Documents/pb_labs/LAB12/counties_process.py
2023-12-02 16:50:44.164 [info] Discover tests for workspace name: LAB12 - uri: /home/like/Documents/pb_labs/LAB12/counties_process.py
2023-12-02 16:50:54.097 [info] Discover tests for workspace name: LAB12 - uri: /home/like/Documents/pb_labs/LAB12/counties_process.py
2023-12-02 16:51:02.895 [info] Discover tests for workspace name: LAB12 - uri: /home/like/Documents/pb_labs/LAB12/counties_process.py
2023-12-02 16:51:07.437 [info] Discover tests for workspace name: LAB12 - uri: /home/like/Documents/pb_labs/LAB12/counties_process.py
2023-12-02 16:51:48.165 [info] Discover tests for workspace name: LAB12 - uri: /home/like/Documents/pb_labs/LAB12/counties_process.py
2023-12-02 16:52:38.441 [info] Discover tests for workspace name: LAB12 - uri: /home/like/Documents/pb_labs/LAB12/counties_process.py
2023-12-02 16:52:41.741 [info] Discover tests for workspace name: LAB12 - uri: /home/like/Documents/pb_labs/LAB12/counties_process.py
2023-12-02 16:53:15.340 [info] Discover tests for workspace name: LAB12 - uri: /home/like/Documents/pb_labs/LAB12/counties_process.py
2023-12-02 16:54:23.032 [info] Discover tests for workspace name: LAB12 - uri: /home/like/Documents/pb_labs/LAB12/counties_process.py
2023-12-02 16:54:28.322 [info] Discover tests for workspace name: LAB12 - uri: /home/like/Documents/pb_labs/LAB12/counties_process.py
2023-12-02 16:54:53.498 [info] Discover tests for workspace name: LAB12 - uri: /home/like/Documents/pb_labs/LAB12/counties_process.py
2023-12-02 17:25:03.801 [info] Discover tests for workspace name: LAB12 - uri: /home/like/Documents/pb_labs/LAB12/counties_process.py
2023-12-02 17:25:09.163 [info] Discover tests for workspace name: LAB12 - uri: /home/like/Documents/pb_labs/LAB12/counties_process.py
2023-12-02 17:25:16.638 [info] Discover tests for workspace name: LAB12 - uri: /home/like/Documents/pb_labs/LAB12/counties_process.py
2023-12-02 17:25:24.377 [info] Discover tests for workspace name: LAB12 - uri: /home/like/Documents/pb_labs/LAB12/counties_process.py
2023-12-02 17:25:36.761 [info] Discover tests for workspace name: LAB12 - uri: /home/like/Documents/pb_labs/LAB12/counties_process.py
2023-12-02 17:25:44.444 [info] Discover tests for workspace name: LAB12 - uri: /home/like/Documents/pb_labs/LAB12/counties_process.py
