2023-12-03 16:48:08.359 [info] Name: Ruff
2023-12-03 16:48:08.359 [info] Module: ruff
2023-12-03 16:48:08.359 [info] Python extension loading
2023-12-03 16:48:08.359 [info] Waiting for interpreter from python extension.
2023-12-03 16:48:08.359 [info] Python extension loaded
2023-12-03 16:48:08.359 [info] Server run command: /bin/python /home/like/.vscode-oss/extensions/charliermarsh.ruff-2023.50.0-linux-x64/bundled/tool/server.py
2023-12-03 16:48:08.359 [info] Server: Start requested.
2023-12-03 16:48:08.909 [info] 2023-12-03 16:48:08,909 INFO Starting IO server

2023-12-03 16:48:08.979 [info] Workspace settings: [
    {
        "cwd": "/home/like/Documents/AOC",
        "workspace": "file:///home/like/Documents/AOC",
        "path": [],
        "interpreter": [
            "/bin/python"
        ],
        "importStrategy": "fromEnvironment",
        "codeAction": {
            "fixViolation": {
                "enable": true
            },
            "disableRuleComment": {
                "enable": true
            }
        },
        "lint": {
            "run": "onType",
            "args": []
        },
        "format": {
            "args": []
        },
        "enable": true,
        "organizeImports": true,
        "fixAll": true,
        "showNotifications": "off"
    }
]
2023-12-03 16:48:08.979 [info] Global settings: {
    "cwd": "/home/like",
    "workspace": "/home/like",
    "path": [],
    "interpreter": [],
    "importStrategy": "fromEnvironment",
    "codeAction": {
        "fixViolation": {
            "enable": true
        },
        "disableRuleComment": {
            "enable": true
        }
    },
    "lint": {
        "run": "onType",
        "args": []
    },
    "format": {
        "args": []
    },
    "enable": true,
    "organizeImports": true,
    "fixAll": true,
    "showNotifications": "off"
}
2023-12-03 16:48:09.018 [info] [Trace - 4:48:08 PM] Received notification 'window/logMessage'.
2023-12-03 16:48:09.018 [info] Interpreter executable (/usr/bin/ruff) not found
2023-12-03 16:48:09.019 [info] [Trace - 4:48:09 PM] Received notification 'window/logMessage'.
2023-12-03 16:48:09.019 [info] Falling back to bundled executable: /home/like/.vscode-oss/extensions/charliermarsh.ruff-2023.50.0-linux-x64/bundled/libs/bin/ruff
2023-12-03 16:48:09.046 [info] Inferred version 0.1.5 for: /home/like/.vscode-oss/extensions/charliermarsh.ruff-2023.50.0-linux-x64/bundled/libs/bin/ruff
2023-12-03 16:48:09.049 [info] Found ruff 0.1.5 at /home/like/.vscode-oss/extensions/charliermarsh.ruff-2023.50.0-linux-x64/bundled/libs/bin/ruff
2023-12-03 16:48:09.052 [info] Running Ruff with: /home/like/.vscode-oss/extensions/charliermarsh.ruff-2023.50.0-linux-x64/bundled/libs/bin/ruff ['--force-exclude', '--no-cache', '--no-fix', '--quiet', '--output-format', 'json', '-', '--stdin-filename', '/home/like/Documents/AOC/third.py']
2023-12-03 16:48:52.664 [info] Interpreter executable (/usr/bin/ruff) not found
2023-12-03 16:48:52.664 [info] Falling back to bundled executable: /home/like/.vscode-oss/extensions/charliermarsh.ruff-2023.50.0-linux-x64/bundled/libs/bin/ruff
2023-12-03 16:48:52.664 [info] Found ruff 0.1.5 at /home/like/.vscode-oss/extensions/charliermarsh.ruff-2023.50.0-linux-x64/bundled/libs/bin/ruff
2023-12-03 16:48:52.664 [info] Running Ruff with: /home/like/.vscode-oss/extensions/charliermarsh.ruff-2023.50.0-linux-x64/bundled/libs/bin/ruff ['--force-exclude', '--no-cache', '--no-fix', '--quiet', '--output-format', 'json', '-', '--stdin-filename', '/home/like/Documents/AOC/third.py']
2023-12-03 16:48:52.836 [info] 2023-12-03 16:48:52,835 INFO Shutting down the server
2023-12-03 16:48:52,836 INFO Closing the event loop.

2023-12-03 16:48:55.481 [info] Name: Ruff
2023-12-03 16:48:55.481 [info] Module: ruff
2023-12-03 16:48:55.481 [info] Python extension loading
2023-12-03 16:48:55.481 [info] Waiting for interpreter from python extension.
2023-12-03 16:48:55.481 [info] Python extension loaded
2023-12-03 16:48:55.481 [info] Server run command: /bin/python /home/like/.vscode-oss/extensions/charliermarsh.ruff-2023.50.0-linux-x64/bundled/tool/server.py
2023-12-03 16:48:55.481 [info] Server: Start requested.
2023-12-03 16:48:56.192 [info] 2023-12-03 16:48:56,191 INFO Starting IO server

2023-12-03 16:48:56.251 [info] Workspace settings: [
    {
        "cwd": "/home/like/Documents/pb_labs/miniprojects/third_miniproject",
        "workspace": "file:///home/like/Documents/pb_labs/miniprojects/third_miniproject",
        "path": [],
        "interpreter": [
            "/bin/python"
        ],
        "importStrategy": "fromEnvironment",
        "codeAction": {
            "fixViolation": {
                "enable": true
            },
            "disableRuleComment": {
                "enable": true
            }
        },
        "lint": {
            "run": "onType",
            "args": []
        },
        "format": {
            "args": []
        },
        "enable": true,
        "organizeImports": true,
        "fixAll": true,
        "showNotifications": "off"
    }
]
2023-12-03 16:48:56.251 [info] Global settings: {
    "cwd": "/home/like",
    "workspace": "/home/like",
    "path": [],
    "interpreter": [],
    "importStrategy": "fromEnvironment",
    "codeAction": {
        "fixViolation": {
            "enable": true
        },
        "disableRuleComment": {
            "enable": true
        }
    },
    "lint": {
        "run": "onType",
        "args": []
    },
    "format": {
        "args": []
    },
    "enable": true,
    "organizeImports": true,
    "fixAll": true,
    "showNotifications": "off"
}
2023-12-03 16:49:17.672 [info] [Trace - 4:49:17 PM] Sending notification 'textDocument/didOpen'.
2023-12-03 16:49:17.679 [info] [Trace - 4:49:17 PM] Received notification 'window/logMessage'.
2023-12-03 16:49:17.679 [info] Interpreter executable (/usr/bin/ruff) not found
2023-12-03 16:49:17.679 [info] [Trace - 4:49:17 PM] Received notification 'window/logMessage'.
2023-12-03 16:49:17.679 [info] Falling back to bundled executable: /home/like/.vscode-oss/extensions/charliermarsh.ruff-2023.50.0-linux-x64/bundled/libs/bin/ruff
2023-12-03 16:49:17.685 [info] [Trace - 4:49:17 PM] Received notification 'window/logMessage'.
2023-12-03 16:49:17.685 [info] Inferred version 0.1.5 for: /home/like/.vscode-oss/extensions/charliermarsh.ruff-2023.50.0-linux-x64/bundled/libs/bin/ruff
2023-12-03 16:49:17.685 [info] [Trace - 4:49:17 PM] Received notification 'window/logMessage'.
2023-12-03 16:49:17.685 [info] Found ruff 0.1.5 at /home/like/.vscode-oss/extensions/charliermarsh.ruff-2023.50.0-linux-x64/bundled/libs/bin/ruff
2023-12-03 16:49:17.686 [info] [Trace - 4:49:17 PM] Received notification 'window/logMessage'.
2023-12-03 16:49:17.686 [info] Running Ruff with: /home/like/.vscode-oss/extensions/charliermarsh.ruff-2023.50.0-linux-x64/bundled/libs/bin/ruff ['--force-exclude', '--no-cache', '--no-fix', '--quiet', '--output-format', 'json', '-', '--stdin-filename', '/home/like/Documents/pb_labs/miniprojects/third_miniproject/player2.py']
2023-12-03 16:49:17.697 [info] [Trace - 4:49:17 PM] Received notification 'textDocument/publishDiagnostics'.
2023-12-03 16:49:18.541 [info] [Trace - 4:49:18 PM] Sending request 'textDocument/codeAction - (1)'.
2023-12-03 16:49:18.551 [info] [Trace - 4:49:18 PM] Sending notification '$/cancelRequest'.
2023-12-03 16:49:18.553 [info] [Trace - 4:49:18 PM] Sending request 'textDocument/codeAction - (2)'.
2023-12-03 16:49:18.610 [info] 2023-12-03 16:49:18,580 WARNING Cancel notification for unknown message id "1"

2023-12-03 16:49:18.619 [info] [Trace - 4:49:18 PM] Received response 'textDocument/codeAction - (1)' in 78ms.
2023-12-03 16:49:18.622 [info] [Trace - 4:49:18 PM] Received response 'textDocument/codeAction - (2)' in 69ms.
2023-12-03 16:49:19.168 [info] [Trace - 4:49:19 PM] Sending request 'textDocument/codeAction - (3)'.
2023-12-03 16:49:19.170 [info] [Trace - 4:49:19 PM] Received response 'textDocument/codeAction - (3)' in 2ms.
2023-12-03 16:49:31.117 [info] [Trace - 4:49:31 PM] Sending request 'shutdown - (4)'.
2023-12-03 16:49:31.130 [info] [Trace - 4:49:31 PM] Received response 'shutdown - (4)' in 28ms.
2023-12-03 16:49:31.130 [info] [Trace - 4:49:31 PM] Sending notification 'exit'.
