VSCodium (1.84.2, undefined, desktop)
Jupyter Extension Version: 2023.9.100.
Python Extension Version: 2023.20.0.
Platform: linux (x64).
Workspace folder ~/Documents/pb_labs/LAB12, Home = /home/like
16:10:25.642 [info] Telemetry level is off
16:10:25.642 [info] Experiments are disabled, only manually opted experiments are active.
16:10:25.933 [info] Start refreshing Kernel Picker (1701526225933)
16:10:25.936 [info] Using Pylance
16:10:26.007 [info] Start refreshing Interpreter Kernel Picker
16:10:26.264 [info] Starting Kernel startUsingPythonInterpreter, .jvsc74a57bd0e7370f93d1d0cde622a1f8e1c04877d8463912d04d973331ad4851f04de6915a./bin/python./bin/python.-m#ipykernel_launcher  (Python Path: /bin/python, Unknown, 3.11.6) for '~/Documents/pb_labs/LAB12/pandas_countries.ipynb' (disableUI=true)
16:10:26.387 [warn] Failed to get activated env vars for /bin/python in 418ms
16:10:26.423 [info] Process Execution: /bin/python -c "import site;print("USER_BASE_VALUE");print(site.USER_BASE);print("USER_BASE_VALUE");"
16:10:26.455 [info] Process Execution: /bin/python -m pip list
16:10:26.476 [warn] Failed to get activated env vars for /bin/python in 181ms
16:10:26.499 [info] Process Execution: /bin/python -c "import ipykernel; print(ipykernel.__version__); print("5dc3a68c-e34e-4080-9c3e-2a532b2ccb4d"); print(ipykernel.__file__)"
16:10:26.520 [info] Process Execution: /bin/python -m ipykernel_launcher --ip=127.0.0.1 --stdin=9003 --control=9001 --hb=9000 --Session.signature_scheme="hmac-sha256" --Session.key=b"f794be8b-b8a7-4f6e-b213-a2ecd76ece1a" --shell=9002 --transport="tcp" --iopub=9004 --f=~/.local/share/jupyter/runtime/kernel-v2-155744zmKm88a4uO1F.json
    > cwd: ~/Documents/pb_labs/LAB12
16:10:26.839 [info] ipykernel version & path 6.27.1, /usr/lib/python3.11/site-packages/ipykernel/__init__.py for /bin/python
16:10:27.064 [warn] StdErr from Kernel Process [IPKernelApp] WARNING | debugpy_stream undefined, debugging will not be enabled
16:10:27.167 [info] Started Kernel Python 3.11.6 (pid: 155912)
16:10:27.167 [info] Started new session 1b0b053c-25ba-4f5b-affa-5d4307be0925
16:10:27.204 [info] Process Execution: /bin/python ~/.vscode-oss/extensions/ms-toolsai.jupyter-2023.9.100-universal/pythonFiles/printJupyterDataDir.py
16:10:27.816 [info] End refreshing Kernel Picker (1701526225933)
16:10:45.616 [info] Handle Execution of Cells 3 for ~/Documents/pb_labs/LAB12/pandas_countries.ipynb
16:10:45.624 [info] Kernel acknowledged execution of cell 3 @ 1701526245624
16:10:45.730 [info] End cell 3 execution @ 1701526245730, started @ 1701526245624, elapsed time = 0.106s
16:10:45.730 [warn] Cancel all remaining cells due to cancellation or failure in execution
16:10:50.820 [info] Handle Execution of Cells 0 for ~/Documents/pb_labs/LAB12/pandas_countries.ipynb
16:10:50.826 [info] Kernel acknowledged execution of cell 0 @ 1701526250826
16:10:51.054 [info] End cell 0 execution @ 1701526251053, started @ 1701526250826, elapsed time = 0.227s
16:10:52.002 [info] Handle Execution of Cells 1 for ~/Documents/pb_labs/LAB12/pandas_countries.ipynb
16:10:52.007 [info] Kernel acknowledged execution of cell 1 @ 1701526252006
16:10:52.059 [info] End cell 1 execution @ 1701526252059, started @ 1701526252006, elapsed time = 0.053s
16:10:54.822 [info] Handle Execution of Cells 3 for ~/Documents/pb_labs/LAB12/pandas_countries.ipynb
16:10:54.828 [info] Kernel acknowledged execution of cell 3 @ 1701526254828
16:10:54.829 [info] End cell 3 execution @ 1701526254829, started @ 1701526254828, elapsed time = 0.001s
16:11:00.001 [info] Handle Execution of Cells 3 for ~/Documents/pb_labs/LAB12/pandas_countries.ipynb
16:11:00.013 [info] Kernel acknowledged execution of cell 3 @ 1701526260013
16:11:00.015 [info] End cell 3 execution @ 1701526260014, started @ 1701526260013, elapsed time = 0.001s
16:11:18.400 [info] Handle Execution of Cells 3 for ~/Documents/pb_labs/LAB12/pandas_countries.ipynb
16:11:18.410 [info] Kernel acknowledged execution of cell 3 @ 1701526278410
16:11:18.454 [info] End cell 3 execution @ 1701526278453, started @ 1701526278410, elapsed time = 0.043s
16:11:18.454 [warn] Cancel all remaining cells due to cancellation or failure in execution
16:11:23.901 [info] Handle Execution of Cells 3 for ~/Documents/pb_labs/LAB12/pandas_countries.ipynb
16:11:23.909 [info] Kernel acknowledged execution of cell 3 @ 1701526283909
16:11:23.911 [info] End cell 3 execution @ 1701526283911, started @ 1701526283909, elapsed time = 0.002s
16:11:40.380 [info] Handle Execution of Cells 3 for ~/Documents/pb_labs/LAB12/pandas_countries.ipynb
16:11:40.387 [info] Kernel acknowledged execution of cell 3 @ 1701526300387
16:11:40.390 [info] End cell 3 execution @ 1701526300390, started @ 1701526300387, elapsed time = 0.003s
16:11:40.868 [info] Handle Execution of Cells 3 for ~/Documents/pb_labs/LAB12/pandas_countries.ipynb
16:11:40.876 [info] Kernel acknowledged execution of cell 3 @ 1701526300876
16:11:40.878 [info] End cell 3 execution @ 1701526300878, started @ 1701526300876, elapsed time = 0.002s
16:12:21.095 [info] Handle Execution of Cells 3 for ~/Documents/pb_labs/LAB12/pandas_countries.ipynb
16:12:21.103 [info] Kernel acknowledged execution of cell 3 @ 1701526341103
16:12:21.108 [info] End cell 3 execution @ 1701526341107, started @ 1701526341103, elapsed time = 0.004s
16:12:27.005 [info] Handle Execution of Cells 3 for ~/Documents/pb_labs/LAB12/pandas_countries.ipynb
16:12:27.015 [info] Kernel acknowledged execution of cell 3 @ 1701526347015
16:12:27.017 [info] End cell 3 execution @ 1701526347017, started @ 1701526347015, elapsed time = 0.002s
16:12:36.154 [info] Handle Execution of Cells 3 for ~/Documents/pb_labs/LAB12/pandas_countries.ipynb
16:12:36.163 [info] Kernel acknowledged execution of cell 3 @ 1701526356163
16:12:36.165 [info] End cell 3 execution @ 1701526356165, started @ 1701526356163, elapsed time = 0.002s
16:12:55.168 [info] Starting Kernel startUsingPythonInterpreter, .jvsc74a57bd0e7370f93d1d0cde622a1f8e1c04877d8463912d04d973331ad4851f04de6915a./bin/python./bin/python.-m#ipykernel_launcher  (Python Path: /bin/python, Unknown, 3.11.6) for '~/Documents/pb_labs/LAB12/pandas_olympics.ipynb' (disableUI=true)
16:12:55.254 [warn] Failed to get activated env vars for /bin/python in 83ms
16:12:55.266 [info] Process Execution: /bin/python -c "import ipykernel; print(ipykernel.__version__); print("5dc3a68c-e34e-4080-9c3e-2a532b2ccb4d"); print(ipykernel.__file__)"
16:12:55.279 [info] Process Execution: /bin/python -m ipykernel_launcher --ip=127.0.0.1 --stdin=9008 --control=9006 --hb=9005 --Session.signature_scheme="hmac-sha256" --Session.key=b"c0757807-897d-45d1-8e1e-027e1ce5eeb5" --shell=9007 --transport="tcp" --iopub=9009 --f=~/.local/share/jupyter/runtime/kernel-v2-155744mGo22Qsn158h.json
    > cwd: ~/Documents/pb_labs/LAB12
16:12:55.457 [info] ipykernel version & path 6.27.1, /usr/lib/python3.11/site-packages/ipykernel/__init__.py for /bin/python
16:12:55.661 [warn] StdErr from Kernel Process [IPKernelApp] WARNING | debugpy_stream undefined, debugging will not be enabled
16:12:55.688 [info] Started Kernel Python 3.11.6 (pid: 158038)
16:12:55.688 [info] Started new session 70367634-6c8a-4cd5-9d22-b884c3700514
16:13:49.151 [info] Handle Execution of Cells 3 for ~/Documents/pb_labs/LAB12/pandas_countries.ipynb
16:13:49.158 [info] Kernel acknowledged execution of cell 3 @ 1701526429158
16:13:49.161 [info] End cell 3 execution @ 1701526429161, started @ 1701526429158, elapsed time = 0.003s
16:13:49.162 [warn] Cancel all remaining cells due to cancellation or failure in execution
16:13:56.198 [info] Handle Execution of Cells 3 for ~/Documents/pb_labs/LAB12/pandas_countries.ipynb
16:13:56.206 [info] Kernel acknowledged execution of cell 3 @ 1701526436206
16:13:56.213 [info] End cell 3 execution @ 1701526436213, started @ 1701526436206, elapsed time = 0.007s
16:14:14.851 [info] Handle Execution of Cells 3 for ~/Documents/pb_labs/LAB12/pandas_countries.ipynb
16:14:14.859 [info] Kernel acknowledged execution of cell 3 @ 1701526454858
16:14:14.861 [info] End cell 3 execution @ 1701526454861, started @ 1701526454858, elapsed time = 0.003s
16:20:45.649 [info] Handle Execution of Cells 4 for ~/Documents/pb_labs/LAB12/pandas_countries.ipynb
16:20:45.662 [info] Kernel acknowledged execution of cell 4 @ 1701526845662
16:20:46.051 [info] End cell 4 execution @ 1701526846050, started @ 1701526845662, elapsed time = 0.388s
16:20:46.051 [warn] Cancel all remaining cells due to cancellation or failure in execution
16:31:31.906 [info] Handle Execution of Cells 4 for ~/Documents/pb_labs/LAB12/pandas_countries.ipynb
16:31:31.917 [info] Kernel acknowledged execution of cell 4 @ 1701527491916
16:31:31.925 [info] End cell 4 execution @ 1701527491925, started @ 1701527491916, elapsed time = 0.009s
16:31:31.925 [warn] Cancel all remaining cells due to cancellation or failure in execution
16:31:49.294 [info] Handle Execution of Cells 4 for ~/Documents/pb_labs/LAB12/pandas_countries.ipynb
16:31:49.313 [info] Kernel acknowledged execution of cell 4 @ 1701527509313
16:31:49.314 [info] End cell 4 execution @ 1701527509314, started @ 1701527509313, elapsed time = 0.001s
16:33:18.219 [info] Handle Execution of Cells 4 for ~/Documents/pb_labs/LAB12/pandas_countries.ipynb
16:33:18.224 [info] Kernel acknowledged execution of cell 4 @ 1701527598224
16:33:18.237 [info] End cell 4 execution @ 1701527598237, started @ 1701527598224, elapsed time = 0.013s
16:33:18.237 [warn] Cancel all remaining cells due to cancellation or failure in execution
16:34:31.155 [info] Handle Execution of Cells 4 for ~/Documents/pb_labs/LAB12/pandas_countries.ipynb
16:34:31.161 [info] Kernel acknowledged execution of cell 4 @ 1701527671161
16:34:31.169 [info] End cell 4 execution @ 1701527671169, started @ 1701527671161, elapsed time = 0.008s
16:35:07.416 [info] Handle Execution of Cells 4 for ~/Documents/pb_labs/LAB12/pandas_countries.ipynb
16:35:07.424 [info] Kernel acknowledged execution of cell 4 @ 1701527707424
16:35:07.491 [info] End cell 4 execution @ 1701527707491, started @ 1701527707424, elapsed time = 0.067s
16:35:17.704 [info] Handle Execution of Cells 4 for ~/Documents/pb_labs/LAB12/pandas_countries.ipynb
16:35:17.710 [info] Kernel acknowledged execution of cell 4 @ 1701527717710
16:35:17.716 [info] End cell 4 execution @ 1701527717716, started @ 1701527717710, elapsed time = 0.006s
16:35:40.082 [info] Handle Execution of Cells 4 for ~/Documents/pb_labs/LAB12/pandas_countries.ipynb
16:35:40.087 [info] Kernel acknowledged execution of cell 4 @ 1701527740087
16:35:40.097 [info] End cell 4 execution @ 1701527740097, started @ 1701527740087, elapsed time = 0.01s
16:45:06.894 [info] Handle Execution of Cells 4 for ~/Documents/pb_labs/LAB12/pandas_countries.ipynb
16:45:06.899 [info] Kernel acknowledged execution of cell 4 @ 1701528306899
16:45:06.932 [info] End cell 4 execution @ 1701528306932, started @ 1701528306899, elapsed time = 0.033s
16:45:06.932 [warn] Cancel all remaining cells due to cancellation or failure in execution
16:46:22.378 [info] Handle Execution of Cells 4 for ~/Documents/pb_labs/LAB12/pandas_countries.ipynb
16:46:22.397 [info] Kernel acknowledged execution of cell 4 @ 1701528382397
16:46:22.399 [info] End cell 4 execution @ 1701528382399, started @ 1701528382397, elapsed time = 0.002s
16:46:45.585 [info] Handle Execution of Cells 4 for ~/Documents/pb_labs/LAB12/pandas_countries.ipynb
16:46:45.590 [info] Kernel acknowledged execution of cell 4 @ 1701528405590
16:46:45.599 [info] End cell 4 execution @ 1701528405599, started @ 1701528405590, elapsed time = 0.009s
16:46:56.510 [info] Handle Execution of Cells 4 for ~/Documents/pb_labs/LAB12/pandas_countries.ipynb
16:46:56.527 [info] Kernel acknowledged execution of cell 4 @ 1701528416527
16:46:56.529 [info] End cell 4 execution @ 1701528416529, started @ 1701528416527, elapsed time = 0.002s
16:47:09.807 [info] Handle Execution of Cells 4 for ~/Documents/pb_labs/LAB12/pandas_countries.ipynb
16:47:09.822 [info] Kernel acknowledged execution of cell 4 @ 1701528429822
16:47:09.824 [info] End cell 4 execution @ 1701528429824, started @ 1701528429822, elapsed time = 0.002s
16:48:47.190 [info] Handle Execution of Cells 4 for ~/Documents/pb_labs/LAB12/pandas_countries.ipynb
16:48:47.200 [info] Kernel acknowledged execution of cell 4 @ 1701528527200
16:48:47.212 [info] End cell 4 execution @ 1701528527212, started @ 1701528527200, elapsed time = 0.012s
16:49:19.092 [info] Handle Execution of Cells 4 for ~/Documents/pb_labs/LAB12/pandas_countries.ipynb
16:49:19.098 [info] Kernel acknowledged execution of cell 4 @ 1701528559097
16:49:19.106 [info] End cell 4 execution @ 1701528559106, started @ 1701528559097, elapsed time = 0.009s
16:51:21.945 [info] Handle Execution of Cells 4 for ~/Documents/pb_labs/LAB12/pandas_countries.ipynb
16:51:21.952 [info] Kernel acknowledged execution of cell 4 @ 1701528681952
16:51:21.970 [info] End cell 4 execution @ 1701528681969, started @ 1701528681952, elapsed time = 0.017s
16:51:21.970 [warn] Cancel all remaining cells due to cancellation or failure in execution
16:51:27.915 [info] Handle Execution of Cells 4 for ~/Documents/pb_labs/LAB12/pandas_countries.ipynb
16:51:27.927 [info] Kernel acknowledged execution of cell 4 @ 1701528687927
16:51:27.931 [info] End cell 4 execution @ 1701528687931, started @ 1701528687927, elapsed time = 0.004s
16:51:27.932 [warn] Cancel all remaining cells due to cancellation or failure in execution
16:52:55.986 [info] Handle Execution of Cells 4 for ~/Documents/pb_labs/LAB12/pandas_countries.ipynb
16:52:55.993 [info] Kernel acknowledged execution of cell 4 @ 1701528775992
16:52:56.000 [info] End cell 4 execution @ 1701528776000, started @ 1701528775992, elapsed time = 0.008s
16:52:58.858 [info] Handle Execution of Cells 3 for ~/Documents/pb_labs/LAB12/pandas_countries.ipynb
16:52:58.864 [info] Kernel acknowledged execution of cell 3 @ 1701528778864
16:52:58.869 [info] End cell 3 execution @ 1701528778868, started @ 1701528778864, elapsed time = 0.004s
16:53:02.149 [info] Handle Execution of Cells 3 for ~/Documents/pb_labs/LAB12/pandas_countries.ipynb
16:53:02.155 [info] Kernel acknowledged execution of cell 3 @ 1701528782155
16:53:02.160 [info] End cell 3 execution @ 1701528782160, started @ 1701528782155, elapsed time = 0.005s
16:53:04.157 [info] Handle Execution of Cells 2 for ~/Documents/pb_labs/LAB12/pandas_countries.ipynb
16:53:04.163 [info] Kernel acknowledged execution of cell 2 @ 1701528784162
16:53:04.166 [info] End cell 2 execution @ 1701528784166, started @ 1701528784162, elapsed time = 0.004s
16:53:06.633 [info] Handle Execution of Cells 1 for ~/Documents/pb_labs/LAB12/pandas_countries.ipynb
16:53:06.638 [info] Kernel acknowledged execution of cell 1 @ 1701528786637
16:53:06.688 [info] End cell 1 execution @ 1701528786688, started @ 1701528786637, elapsed time = 0.051s
16:55:00.144 [info] Handle Execution of Cells 3 for ~/Documents/pb_labs/LAB12/pandas_countries.ipynb
16:55:00.147 [info] Kernel acknowledged execution of cell 3 @ 1701528900147
16:55:00.156 [info] End cell 3 execution @ 1701528900155, started @ 1701528900147, elapsed time = 0.008s
16:55:03.404 [info] Handle Execution of Cells 3 for ~/Documents/pb_labs/LAB12/pandas_countries.ipynb
16:55:03.413 [info] Kernel acknowledged execution of cell 3 @ 1701528903412
16:55:03.421 [info] End cell 3 execution @ 1701528903420, started @ 1701528903412, elapsed time = 0.008s
16:55:08.086 [info] Handle Execution of Cells 3 for ~/Documents/pb_labs/LAB12/pandas_countries.ipynb
16:55:08.092 [info] Kernel acknowledged execution of cell 3 @ 1701528908092
16:55:08.097 [info] End cell 3 execution @ 1701528908097, started @ 1701528908092, elapsed time = 0.005s
16:55:22.647 [info] Handle Execution of Cells 3 for ~/Documents/pb_labs/LAB12/pandas_countries.ipynb
16:55:22.655 [info] Kernel acknowledged execution of cell 3 @ 1701528922655
16:55:22.659 [info] End cell 3 execution @ 1701528922659, started @ 1701528922655, elapsed time = 0.004s
16:55:23.395 [info] Handle Execution of Cells 3 for ~/Documents/pb_labs/LAB12/pandas_countries.ipynb
16:55:23.403 [info] Kernel acknowledged execution of cell 3 @ 1701528923402
16:55:23.405 [info] End cell 3 execution @ 1701528923405, started @ 1701528923402, elapsed time = 0.003s
16:55:24.178 [info] Handle Execution of Cells 3 for ~/Documents/pb_labs/LAB12/pandas_countries.ipynb
16:55:24.184 [info] Kernel acknowledged execution of cell 3 @ 1701528924184
16:55:24.188 [info] End cell 3 execution @ 1701528924188, started @ 1701528924184, elapsed time = 0.004s
16:55:24.583 [info] Handle Execution of Cells 3 for ~/Documents/pb_labs/LAB12/pandas_countries.ipynb
16:55:24.590 [info] Kernel acknowledged execution of cell 3 @ 1701528924590
16:55:24.591 [info] End cell 3 execution @ 1701528924591, started @ 1701528924590, elapsed time = 0.001s
17:19:10.840 [info] Handle Execution of Cells 3 for ~/Documents/pb_labs/LAB12/pandas_countries.ipynb
17:19:10.848 [info] Kernel acknowledged execution of cell 3 @ 1701530350848
17:19:11.201 [info] End cell 3 execution @ 1701530351200, started @ 1701530350848, elapsed time = 0.352s
17:19:11.201 [warn] Cancel all remaining cells due to cancellation or failure in execution
17:19:30.871 [info] Handle Execution of Cells 3 for ~/Documents/pb_labs/LAB12/pandas_countries.ipynb
17:19:30.878 [info] Kernel acknowledged execution of cell 3 @ 1701530370878
17:19:30.882 [info] End cell 3 execution @ 1701530370881, started @ 1701530370878, elapsed time = 0.003s
17:19:42.538 [info] Handle Execution of Cells 3 for ~/Documents/pb_labs/LAB12/pandas_countries.ipynb
17:19:42.544 [info] Kernel acknowledged execution of cell 3 @ 1701530382544
17:19:42.549 [info] End cell 3 execution @ 1701530382549, started @ 1701530382544, elapsed time = 0.005s
17:20:12.202 [info] Handle Execution of Cells 3 for ~/Documents/pb_labs/LAB12/pandas_countries.ipynb
17:20:12.208 [info] Kernel acknowledged execution of cell 3 @ 1701530412208
17:20:12.212 [info] End cell 3 execution @ 1701530412212, started @ 1701530412208, elapsed time = 0.004s
17:20:21.139 [info] Handle Execution of Cells 3 for ~/Documents/pb_labs/LAB12/pandas_countries.ipynb
17:20:21.149 [info] Kernel acknowledged execution of cell 3 @ 1701530421149
17:20:21.151 [info] End cell 3 execution @ 1701530421150, started @ 1701530421149, elapsed time = 0.001s
17:20:29.713 [info] Handle Execution of Cells 3 for ~/Documents/pb_labs/LAB12/pandas_countries.ipynb
17:20:29.721 [info] Kernel acknowledged execution of cell 3 @ 1701530429721
17:20:29.726 [info] End cell 3 execution @ 1701530429726, started @ 1701530429721, elapsed time = 0.005s
17:24:01.183 [info] Handle Execution of Cells 3 for ~/Documents/pb_labs/LAB12/pandas_countries.ipynb
17:24:01.190 [info] Kernel acknowledged execution of cell 3 @ 1701530641189
17:24:01.206 [info] End cell 3 execution @ 1701530641205, started @ 1701530641189, elapsed time = 0.016s
17:24:38.711 [info] Handle Execution of Cells 3 for ~/Documents/pb_labs/LAB12/pandas_countries.ipynb
17:24:38.720 [info] Kernel acknowledged execution of cell 3 @ 1701530678720
17:24:38.726 [info] End cell 3 execution @ 1701530678726, started @ 1701530678720, elapsed time = 0.006s
18:03:19.677 [info] Disposing HostJupyterExecution
18:03:19.677 [info] Shutting down notebooks for ea4c9228-e33d-48bc-8a39-75428560c04c
18:03:19.677 [info] Dispose Kernel '~/Documents/pb_labs/LAB12/pandas_countries.ipynb' associated with '~/Documents/pb_labs/LAB12/pandas_countries.ipynb'
18:03:19.678 [info] Dispose Kernel process 155912.
18:03:19.688 [info] Dispose Kernel '~/Documents/pb_labs/LAB12/pandas_olympics.ipynb' associated with '~/Documents/pb_labs/LAB12/pandas_olympics.ipynb'
18:03:19.688 [info] Dispose Kernel process 158038.
18:03:19.697 [info] Disposing HostJupyterExecution
18:03:19.714 [warn] Failed to delete connection file file://~/.local/share/jupyter/runtime/kernel-v2-155744mGo22Qsn158h.json for pid 158038 [Canceled (FileSystemError): Canceled
	at S._handleError (/opt/vscodium-bin/resources/app/out/vs/workbench/api/node/extensionHostProcess.js:127:34220)
	at Object.stat (/opt/vscodium-bin/resources/app/out/vs/workbench/api/node/extensionHostProcess.js:127:30375)
	at async fp.delete (~/.vscode-oss/extensions/ms-toolsai.jupyter-2023.9.100-universal/out/extension.node.js:17:19371)
	at async ~/.vscode-oss/extensions/ms-toolsai.jupyter-2023.9.100-universal/out/extension.node.js:24:88616] {
  code: 'Unknown'
}
18:03:19.715 [warn] Failed to delete connection file file://~/.local/share/jupyter/runtime/kernel-v2-155744zmKm88a4uO1F.json for pid 155912 [Canceled (FileSystemError): Canceled
	at S._handleError (/opt/vscodium-bin/resources/app/out/vs/workbench/api/node/extensionHostProcess.js:127:34220)
	at Object.stat (/opt/vscodium-bin/resources/app/out/vs/workbench/api/node/extensionHostProcess.js:127:30375)
	at async fp.delete (~/.vscode-oss/extensions/ms-toolsai.jupyter-2023.9.100-universal/out/extension.node.js:17:19371)
	at async ~/.vscode-oss/extensions/ms-toolsai.jupyter-2023.9.100-universal/out/extension.node.js:24:88616] {
  code: 'Unknown'
}
