2023-12-03 11:13:51.792 [warning] Via 'product.json#extensionEnabledApiProposals' extension 'ms-dotnettools.dotnet-interactive-vscode' wants API proposal 'languageConfigurationAutoClosingPairs' but that proposal DOES NOT EXIST. Likely, the proposal has been finalized (check 'vscode.d.ts') or was abandoned.
2023-12-03 11:13:52.164 [info] Placing extension(s) asvetliakov.vscode-neovim on a separate extension host.
2023-12-03 11:13:57.399 [info] [perf] Render performance baseline is 21ms
2023-12-03 11:14:13.300 [warning] [backup tracker] suspended, ignoring dirty change event file:///home/like/Documents/pb_labs/LAB12/pandas_countries.ipynb notebook/jupyter-notebook
2023-12-03 11:14:13.608 [warning] Via 'product.json#extensionEnabledApiProposals' extension 'ms-dotnettools.dotnet-interactive-vscode' wants API proposal 'languageConfigurationAutoClosingPairs' but that proposal DOES NOT EXIST. Likely, the proposal has been finalized (check 'vscode.d.ts') or was abandoned.
2023-12-03 11:14:13.890 [info] Placing extension(s) asvetliakov.vscode-neovim on a separate extension host.
2023-12-03 11:14:16.400 [info] [perf] Render performance baseline is 22ms
2023-12-03 11:15:17.248 [error] Invalid debug adapter: Error: Invalid debug adapter
    at C.getDebugAdapter (vscode-file://vscode-app/opt/vscodium-bin/resources/app/out/vs/workbench/workbench.desktop.main.js:1558:136)
    at C.$acceptDAError (vscode-file://vscode-app/opt/vscodium-bin/resources/app/out/vs/workbench/workbench.desktop.main.js:1557:9417)
    at m._doInvokeHandler (vscode-file://vscode-app/opt/vscodium-bin/resources/app/out/vs/workbench/workbench.desktop.main.js:1566:24827)
    at m._invokeHandler (vscode-file://vscode-app/opt/vscodium-bin/resources/app/out/vs/workbench/workbench.desktop.main.js:1566:24509)
    at m._receiveRequest (vscode-file://vscode-app/opt/vscodium-bin/resources/app/out/vs/workbench/workbench.desktop.main.js:1566:23279)
    at m._receiveOneMessage (vscode-file://vscode-app/opt/vscodium-bin/resources/app/out/vs/workbench/workbench.desktop.main.js:1566:21981)
    at u.value (vscode-file://vscode-app/opt/vscodium-bin/resources/app/out/vs/workbench/workbench.desktop.main.js:1566:20044)
    at g._deliver (vscode-file://vscode-app/opt/vscodium-bin/resources/app/out/vs/workbench/workbench.desktop.main.js:87:2465)
    at g.fire (vscode-file://vscode-app/opt/vscodium-bin/resources/app/out/vs/workbench/workbench.desktop.main.js:87:2784)
    at s.fire (vscode-file://vscode-app/opt/vscodium-bin/resources/app/out/vs/workbench/workbench.desktop.main.js:616:17174)
    at X.onmessage (vscode-file://vscode-app/opt/vscodium-bin/resources/app/out/vs/workbench/workbench.desktop.main.js:1661:1725)
2023-12-03 11:15:17.253 [error] Invalid debug adapter: Error: Invalid debug adapter
    at C.getDebugAdapter (vscode-file://vscode-app/opt/vscodium-bin/resources/app/out/vs/workbench/workbench.desktop.main.js:1558:136)
    at C.$acceptDAExit (vscode-file://vscode-app/opt/vscodium-bin/resources/app/out/vs/workbench/workbench.desktop.main.js:1558:35)
    at m._doInvokeHandler (vscode-file://vscode-app/opt/vscodium-bin/resources/app/out/vs/workbench/workbench.desktop.main.js:1566:24827)
    at m._invokeHandler (vscode-file://vscode-app/opt/vscodium-bin/resources/app/out/vs/workbench/workbench.desktop.main.js:1566:24509)
    at m._receiveRequest (vscode-file://vscode-app/opt/vscodium-bin/resources/app/out/vs/workbench/workbench.desktop.main.js:1566:23279)
    at m._receiveOneMessage (vscode-file://vscode-app/opt/vscodium-bin/resources/app/out/vs/workbench/workbench.desktop.main.js:1566:22180)
    at u.value (vscode-file://vscode-app/opt/vscodium-bin/resources/app/out/vs/workbench/workbench.desktop.main.js:1566:20044)
    at g._deliver (vscode-file://vscode-app/opt/vscodium-bin/resources/app/out/vs/workbench/workbench.desktop.main.js:87:2465)
    at g.fire (vscode-file://vscode-app/opt/vscodium-bin/resources/app/out/vs/workbench/workbench.desktop.main.js:87:2784)
    at s.fire (vscode-file://vscode-app/opt/vscodium-bin/resources/app/out/vs/workbench/workbench.desktop.main.js:616:17174)
    at X.onmessage (vscode-file://vscode-app/opt/vscodium-bin/resources/app/out/vs/workbench/workbench.desktop.main.js:1661:1725)
2023-12-03 11:16:09.975 [error] Invalid debug adapter: Error: Invalid debug adapter
    at C.getDebugAdapter (vscode-file://vscode-app/opt/vscodium-bin/resources/app/out/vs/workbench/workbench.desktop.main.js:1558:136)
    at C.$acceptDAExit (vscode-file://vscode-app/opt/vscodium-bin/resources/app/out/vs/workbench/workbench.desktop.main.js:1558:35)
    at m._doInvokeHandler (vscode-file://vscode-app/opt/vscodium-bin/resources/app/out/vs/workbench/workbench.desktop.main.js:1566:24827)
    at m._invokeHandler (vscode-file://vscode-app/opt/vscodium-bin/resources/app/out/vs/workbench/workbench.desktop.main.js:1566:24509)
    at m._receiveRequest (vscode-file://vscode-app/opt/vscodium-bin/resources/app/out/vs/workbench/workbench.desktop.main.js:1566:23279)
    at m._receiveOneMessage (vscode-file://vscode-app/opt/vscodium-bin/resources/app/out/vs/workbench/workbench.desktop.main.js:1566:22180)
    at u.value (vscode-file://vscode-app/opt/vscodium-bin/resources/app/out/vs/workbench/workbench.desktop.main.js:1566:20044)
    at g._deliver (vscode-file://vscode-app/opt/vscodium-bin/resources/app/out/vs/workbench/workbench.desktop.main.js:87:2465)
    at g.fire (vscode-file://vscode-app/opt/vscodium-bin/resources/app/out/vs/workbench/workbench.desktop.main.js:87:2784)
    at s.fire (vscode-file://vscode-app/opt/vscodium-bin/resources/app/out/vs/workbench/workbench.desktop.main.js:616:17174)
    at X.onmessage (vscode-file://vscode-app/opt/vscodium-bin/resources/app/out/vs/workbench/workbench.desktop.main.js:1661:1725)
2023-12-03 11:16:09.975 [error] Invalid debug adapter: Error: Invalid debug adapter
    at C.getDebugAdapter (vscode-file://vscode-app/opt/vscodium-bin/resources/app/out/vs/workbench/workbench.desktop.main.js:1558:136)
    at C.$acceptDAError (vscode-file://vscode-app/opt/vscodium-bin/resources/app/out/vs/workbench/workbench.desktop.main.js:1557:9417)
    at m._doInvokeHandler (vscode-file://vscode-app/opt/vscodium-bin/resources/app/out/vs/workbench/workbench.desktop.main.js:1566:24827)
    at m._invokeHandler (vscode-file://vscode-app/opt/vscodium-bin/resources/app/out/vs/workbench/workbench.desktop.main.js:1566:24509)
    at m._receiveRequest (vscode-file://vscode-app/opt/vscodium-bin/resources/app/out/vs/workbench/workbench.desktop.main.js:1566:23279)
    at m._receiveOneMessage (vscode-file://vscode-app/opt/vscodium-bin/resources/app/out/vs/workbench/workbench.desktop.main.js:1566:21981)
    at u.value (vscode-file://vscode-app/opt/vscodium-bin/resources/app/out/vs/workbench/workbench.desktop.main.js:1566:20044)
    at g._deliver (vscode-file://vscode-app/opt/vscodium-bin/resources/app/out/vs/workbench/workbench.desktop.main.js:87:2465)
    at g.fire (vscode-file://vscode-app/opt/vscodium-bin/resources/app/out/vs/workbench/workbench.desktop.main.js:87:2784)
    at s.fire (vscode-file://vscode-app/opt/vscodium-bin/resources/app/out/vs/workbench/workbench.desktop.main.js:616:17174)
    at X.onmessage (vscode-file://vscode-app/opt/vscodium-bin/resources/app/out/vs/workbench/workbench.desktop.main.js:1661:1725)
2023-12-03 11:18:19.010 [error] Invalid debug adapter: Error: Invalid debug adapter
    at C.getDebugAdapter (vscode-file://vscode-app/opt/vscodium-bin/resources/app/out/vs/workbench/workbench.desktop.main.js:1558:136)
    at C.$acceptDAError (vscode-file://vscode-app/opt/vscodium-bin/resources/app/out/vs/workbench/workbench.desktop.main.js:1557:9417)
    at m._doInvokeHandler (vscode-file://vscode-app/opt/vscodium-bin/resources/app/out/vs/workbench/workbench.desktop.main.js:1566:24827)
    at m._invokeHandler (vscode-file://vscode-app/opt/vscodium-bin/resources/app/out/vs/workbench/workbench.desktop.main.js:1566:24509)
    at m._receiveRequest (vscode-file://vscode-app/opt/vscodium-bin/resources/app/out/vs/workbench/workbench.desktop.main.js:1566:23279)
    at m._receiveOneMessage (vscode-file://vscode-app/opt/vscodium-bin/resources/app/out/vs/workbench/workbench.desktop.main.js:1566:21981)
    at u.value (vscode-file://vscode-app/opt/vscodium-bin/resources/app/out/vs/workbench/workbench.desktop.main.js:1566:20044)
    at g._deliver (vscode-file://vscode-app/opt/vscodium-bin/resources/app/out/vs/workbench/workbench.desktop.main.js:87:2465)
    at g.fire (vscode-file://vscode-app/opt/vscodium-bin/resources/app/out/vs/workbench/workbench.desktop.main.js:87:2784)
    at s.fire (vscode-file://vscode-app/opt/vscodium-bin/resources/app/out/vs/workbench/workbench.desktop.main.js:616:17174)
    at X.onmessage (vscode-file://vscode-app/opt/vscodium-bin/resources/app/out/vs/workbench/workbench.desktop.main.js:1661:1725)
2023-12-03 11:18:19.011 [error] Invalid debug adapter: Error: Invalid debug adapter
    at C.getDebugAdapter (vscode-file://vscode-app/opt/vscodium-bin/resources/app/out/vs/workbench/workbench.desktop.main.js:1558:136)
    at C.$acceptDAExit (vscode-file://vscode-app/opt/vscodium-bin/resources/app/out/vs/workbench/workbench.desktop.main.js:1558:35)
    at m._doInvokeHandler (vscode-file://vscode-app/opt/vscodium-bin/resources/app/out/vs/workbench/workbench.desktop.main.js:1566:24827)
    at m._invokeHandler (vscode-file://vscode-app/opt/vscodium-bin/resources/app/out/vs/workbench/workbench.desktop.main.js:1566:24509)
    at m._receiveRequest (vscode-file://vscode-app/opt/vscodium-bin/resources/app/out/vs/workbench/workbench.desktop.main.js:1566:23279)
    at m._receiveOneMessage (vscode-file://vscode-app/opt/vscodium-bin/resources/app/out/vs/workbench/workbench.desktop.main.js:1566:22180)
    at u.value (vscode-file://vscode-app/opt/vscodium-bin/resources/app/out/vs/workbench/workbench.desktop.main.js:1566:20044)
    at g._deliver (vscode-file://vscode-app/opt/vscodium-bin/resources/app/out/vs/workbench/workbench.desktop.main.js:87:2465)
    at g.fire (vscode-file://vscode-app/opt/vscodium-bin/resources/app/out/vs/workbench/workbench.desktop.main.js:87:2784)
    at s.fire (vscode-file://vscode-app/opt/vscodium-bin/resources/app/out/vs/workbench/workbench.desktop.main.js:616:17174)
    at X.onmessage (vscode-file://vscode-app/opt/vscodium-bin/resources/app/out/vs/workbench/workbench.desktop.main.js:1661:1725)
2023-12-03 11:20:08.883 [error] Invalid debug adapter: Error: Invalid debug adapter
    at C.getDebugAdapter (vscode-file://vscode-app/opt/vscodium-bin/resources/app/out/vs/workbench/workbench.desktop.main.js:1558:136)
    at C.$acceptDAExit (vscode-file://vscode-app/opt/vscodium-bin/resources/app/out/vs/workbench/workbench.desktop.main.js:1558:35)
    at m._doInvokeHandler (vscode-file://vscode-app/opt/vscodium-bin/resources/app/out/vs/workbench/workbench.desktop.main.js:1566:24827)
    at m._invokeHandler (vscode-file://vscode-app/opt/vscodium-bin/resources/app/out/vs/workbench/workbench.desktop.main.js:1566:24509)
    at m._receiveRequest (vscode-file://vscode-app/opt/vscodium-bin/resources/app/out/vs/workbench/workbench.desktop.main.js:1566:23279)
    at m._receiveOneMessage (vscode-file://vscode-app/opt/vscodium-bin/resources/app/out/vs/workbench/workbench.desktop.main.js:1566:22180)
    at u.value (vscode-file://vscode-app/opt/vscodium-bin/resources/app/out/vs/workbench/workbench.desktop.main.js:1566:20044)
    at g._deliver (vscode-file://vscode-app/opt/vscodium-bin/resources/app/out/vs/workbench/workbench.desktop.main.js:87:2465)
    at g.fire (vscode-file://vscode-app/opt/vscodium-bin/resources/app/out/vs/workbench/workbench.desktop.main.js:87:2784)
    at s.fire (vscode-file://vscode-app/opt/vscodium-bin/resources/app/out/vs/workbench/workbench.desktop.main.js:616:17174)
    at X.onmessage (vscode-file://vscode-app/opt/vscodium-bin/resources/app/out/vs/workbench/workbench.desktop.main.js:1661:1725)
2023-12-03 11:20:08.888 [error] Invalid debug adapter: Error: Invalid debug adapter
    at C.getDebugAdapter (vscode-file://vscode-app/opt/vscodium-bin/resources/app/out/vs/workbench/workbench.desktop.main.js:1558:136)
    at C.$acceptDAError (vscode-file://vscode-app/opt/vscodium-bin/resources/app/out/vs/workbench/workbench.desktop.main.js:1557:9417)
    at m._doInvokeHandler (vscode-file://vscode-app/opt/vscodium-bin/resources/app/out/vs/workbench/workbench.desktop.main.js:1566:24827)
    at m._invokeHandler (vscode-file://vscode-app/opt/vscodium-bin/resources/app/out/vs/workbench/workbench.desktop.main.js:1566:24509)
    at m._receiveRequest (vscode-file://vscode-app/opt/vscodium-bin/resources/app/out/vs/workbench/workbench.desktop.main.js:1566:23279)
    at m._receiveOneMessage (vscode-file://vscode-app/opt/vscodium-bin/resources/app/out/vs/workbench/workbench.desktop.main.js:1566:21981)
    at u.value (vscode-file://vscode-app/opt/vscodium-bin/resources/app/out/vs/workbench/workbench.desktop.main.js:1566:20044)
    at g._deliver (vscode-file://vscode-app/opt/vscodium-bin/resources/app/out/vs/workbench/workbench.desktop.main.js:87:2465)
    at g.fire (vscode-file://vscode-app/opt/vscodium-bin/resources/app/out/vs/workbench/workbench.desktop.main.js:87:2784)
    at s.fire (vscode-file://vscode-app/opt/vscodium-bin/resources/app/out/vs/workbench/workbench.desktop.main.js:616:17174)
    at X.onmessage (vscode-file://vscode-app/opt/vscodium-bin/resources/app/out/vs/workbench/workbench.desktop.main.js:1661:1725)
2023-12-03 11:22:26.183 [error] No expression to evaluate
2023-12-03 11:22:31.455 [error] Invalid debug adapter: Error: Invalid debug adapter
    at C.getDebugAdapter (vscode-file://vscode-app/opt/vscodium-bin/resources/app/out/vs/workbench/workbench.desktop.main.js:1558:136)
    at C.$acceptDAExit (vscode-file://vscode-app/opt/vscodium-bin/resources/app/out/vs/workbench/workbench.desktop.main.js:1558:35)
    at m._doInvokeHandler (vscode-file://vscode-app/opt/vscodium-bin/resources/app/out/vs/workbench/workbench.desktop.main.js:1566:24827)
    at m._invokeHandler (vscode-file://vscode-app/opt/vscodium-bin/resources/app/out/vs/workbench/workbench.desktop.main.js:1566:24509)
    at m._receiveRequest (vscode-file://vscode-app/opt/vscodium-bin/resources/app/out/vs/workbench/workbench.desktop.main.js:1566:23279)
    at m._receiveOneMessage (vscode-file://vscode-app/opt/vscodium-bin/resources/app/out/vs/workbench/workbench.desktop.main.js:1566:22180)
    at u.value (vscode-file://vscode-app/opt/vscodium-bin/resources/app/out/vs/workbench/workbench.desktop.main.js:1566:20044)
    at g._deliver (vscode-file://vscode-app/opt/vscodium-bin/resources/app/out/vs/workbench/workbench.desktop.main.js:87:2465)
    at g.fire (vscode-file://vscode-app/opt/vscodium-bin/resources/app/out/vs/workbench/workbench.desktop.main.js:87:2784)
    at s.fire (vscode-file://vscode-app/opt/vscodium-bin/resources/app/out/vs/workbench/workbench.desktop.main.js:616:17174)
    at X.onmessage (vscode-file://vscode-app/opt/vscodium-bin/resources/app/out/vs/workbench/workbench.desktop.main.js:1661:1725)
2023-12-03 11:22:31.459 [error] Invalid debug adapter: Error: Invalid debug adapter
    at C.getDebugAdapter (vscode-file://vscode-app/opt/vscodium-bin/resources/app/out/vs/workbench/workbench.desktop.main.js:1558:136)
    at C.$acceptDAError (vscode-file://vscode-app/opt/vscodium-bin/resources/app/out/vs/workbench/workbench.desktop.main.js:1557:9417)
    at m._doInvokeHandler (vscode-file://vscode-app/opt/vscodium-bin/resources/app/out/vs/workbench/workbench.desktop.main.js:1566:24827)
    at m._invokeHandler (vscode-file://vscode-app/opt/vscodium-bin/resources/app/out/vs/workbench/workbench.desktop.main.js:1566:24509)
    at m._receiveRequest (vscode-file://vscode-app/opt/vscodium-bin/resources/app/out/vs/workbench/workbench.desktop.main.js:1566:23279)
    at m._receiveOneMessage (vscode-file://vscode-app/opt/vscodium-bin/resources/app/out/vs/workbench/workbench.desktop.main.js:1566:21981)
    at u.value (vscode-file://vscode-app/opt/vscodium-bin/resources/app/out/vs/workbench/workbench.desktop.main.js:1566:20044)
    at g._deliver (vscode-file://vscode-app/opt/vscodium-bin/resources/app/out/vs/workbench/workbench.desktop.main.js:87:2465)
    at g.fire (vscode-file://vscode-app/opt/vscodium-bin/resources/app/out/vs/workbench/workbench.desktop.main.js:87:2784)
    at s.fire (vscode-file://vscode-app/opt/vscodium-bin/resources/app/out/vs/workbench/workbench.desktop.main.js:616:17174)
    at X.onmessage (vscode-file://vscode-app/opt/vscodium-bin/resources/app/out/vs/workbench/workbench.desktop.main.js:1661:1725)
2023-12-03 11:22:34.800 [error] UnboundLocalError: cannot access local variable 'start_index' where it is not associated with a value: Error: UnboundLocalError: cannot access local variable 'start_index' where it is not associated with a value
	at /home/like/.vscode-oss/extensions/ms-python.python-2023.20.0-universal/out/client/extension.js:2:2354913
	at re (/home/like/.vscode-oss/extensions/ms-python.python-2023.20.0-universal/out/client/extension.js:2:2355207)
	at /home/like/.vscode-oss/extensions/ms-python.python-2023.20.0-universal/out/client/extension.js:2:2349991
	at Immediate.<anonymous> (/home/like/.vscode-oss/extensions/ms-python.python-2023.20.0-universal/out/client/extension.js:2:2350011)
	at process.processImmediate (node:internal/timers:476:21)
2023-12-03 11:23:34.385 [error] UnboundLocalError: cannot access local variable 'end_index' where it is not associated with a value: Error: UnboundLocalError: cannot access local variable 'end_index' where it is not associated with a value
	at /home/like/.vscode-oss/extensions/ms-python.python-2023.20.0-universal/out/client/extension.js:2:2354913
	at re (/home/like/.vscode-oss/extensions/ms-python.python-2023.20.0-universal/out/client/extension.js:2:2355207)
	at /home/like/.vscode-oss/extensions/ms-python.python-2023.20.0-universal/out/client/extension.js:2:2349991
	at Immediate.<anonymous> (/home/like/.vscode-oss/extensions/ms-python.python-2023.20.0-universal/out/client/extension.js:2:2350011)
	at process.processImmediate (node:internal/timers:476:21)
