2023-12-03 11:13:51.989 [info] Added views:workbench.panel.markers.view in workbench.panel.markers
2023-12-03 11:13:51.989 [info] Added views:workbench.panel.output in workbench.panel.output
2023-12-03 11:13:51.989 [info] Added views:terminal in terminal
2023-12-03 11:13:51.989 [info] Added views:outline in workbench.view.explorer
2023-12-03 11:13:51.989 [info] Added views:workbench.scm in workbench.view.scm
2023-12-03 11:13:51.989 [info] Added views:workbench.view.search in workbench.view.search
2023-12-03 11:13:51.989 [info] Added views:timeline in workbench.view.explorer
2023-12-03 11:13:51.989 [info] Added views:workbench.explorer.fileView in workbench.view.explorer
2023-12-03 11:13:52.424 [info] Added views:workbench.debug.welcome in workbench.view.debug
2023-12-03 11:13:52.644 [info] Added views:workbench.panel.repl.view in workbench.panel.repl
2023-12-03 11:13:53.159 [info] Added views:workbench.view.testing in workbench.view.extension.test
2023-12-03 11:13:53.216 [info] Added views:jupyterViewVariables in workbench.view.extension.jupyter-variables
2023-12-03 11:13:53.370 [info] Added views:~remote.forwardedPorts in ~remote.forwardedPortsContainer
2023-12-03 11:14:13.375 [info] Removed views:workbench.view.testing from workbench.view.extension.test
2023-12-03 11:14:13.701 [info] Added views:workbench.panel.markers.view in workbench.panel.markers
2023-12-03 11:14:13.701 [info] Added views:workbench.panel.output in workbench.panel.output
2023-12-03 11:14:13.701 [info] Added views:terminal in terminal
2023-12-03 11:14:13.701 [info] Added views:outline in workbench.view.explorer
2023-12-03 11:14:13.701 [info] Added views:workbench.scm in workbench.view.scm
2023-12-03 11:14:13.701 [info] Added views:workbench.view.search in workbench.view.search
2023-12-03 11:14:13.701 [info] Added views:timeline in workbench.view.explorer
2023-12-03 11:14:13.701 [info] Added views:workbench.explorer.fileView in workbench.view.explorer
2023-12-03 11:14:14.080 [info] Added views:workbench.debug.variablesView,workbench.debug.watchExpressionsView,workbench.debug.callStackView,workbench.debug.breakPointsView in workbench.view.debug
2023-12-03 11:14:14.164 [info] Added views:workbench.panel.repl.view in workbench.panel.repl
2023-12-03 11:14:14.165 [info] Removed views:workbench.debug.breakPointsView,workbench.debug.callStackView,workbench.debug.watchExpressionsView,workbench.debug.variablesView from workbench.view.debug
2023-12-03 11:14:14.166 [info] Added views:workbench.debug.welcome in workbench.view.debug
2023-12-03 11:14:14.199 [info] Added views:~remote.forwardedPorts in ~remote.forwardedPortsContainer
2023-12-03 11:14:14.471 [info] Added views:workbench.view.testing in workbench.view.extension.test
2023-12-03 11:14:27.928 [info] Added views:workbench.debug.breakPointsView in workbench.view.debug
2023-12-03 11:14:33.740 [info] Removed views:workbench.debug.welcome from workbench.view.debug
2023-12-03 11:14:33.753 [info] Added views:workbench.debug.variablesView,workbench.debug.watchExpressionsView,workbench.debug.callStackView in workbench.view.debug
2023-12-03 11:15:17.208 [info] Removed views:workbench.debug.callStackView,workbench.debug.watchExpressionsView,workbench.debug.variablesView from workbench.view.debug
2023-12-03 11:15:17.227 [info] Added views:workbench.debug.welcome in workbench.view.debug
2023-12-03 11:16:07.769 [info] Removed views:workbench.debug.welcome from workbench.view.debug
2023-12-03 11:16:07.782 [info] Added views:workbench.debug.variablesView,workbench.debug.watchExpressionsView,workbench.debug.callStackView in workbench.view.debug
2023-12-03 11:16:09.937 [info] Removed views:workbench.debug.callStackView,workbench.debug.watchExpressionsView,workbench.debug.variablesView from workbench.view.debug
2023-12-03 11:16:09.956 [info] Added views:workbench.debug.welcome in workbench.view.debug
2023-12-03 11:16:26.124 [info] Removed views:workbench.debug.welcome from workbench.view.debug
2023-12-03 11:16:26.137 [info] Added views:workbench.debug.variablesView,workbench.debug.watchExpressionsView,workbench.debug.callStackView in workbench.view.debug
2023-12-03 11:18:18.973 [info] Removed views:workbench.debug.callStackView,workbench.debug.watchExpressionsView,workbench.debug.variablesView from workbench.view.debug
2023-12-03 11:18:18.991 [info] Added views:workbench.debug.welcome in workbench.view.debug
2023-12-03 11:18:53.444 [info] Removed views:workbench.debug.welcome from workbench.view.debug
2023-12-03 11:18:53.453 [info] Added views:workbench.debug.variablesView,workbench.debug.watchExpressionsView,workbench.debug.callStackView in workbench.view.debug
2023-12-03 11:20:08.844 [info] Removed views:workbench.debug.callStackView,workbench.debug.watchExpressionsView,workbench.debug.variablesView from workbench.view.debug
2023-12-03 11:20:08.862 [info] Added views:workbench.debug.welcome in workbench.view.debug
2023-12-03 11:21:17.195 [info] Removed views:workbench.debug.welcome from workbench.view.debug
2023-12-03 11:21:17.206 [info] Added views:workbench.debug.variablesView,workbench.debug.watchExpressionsView,workbench.debug.callStackView in workbench.view.debug
2023-12-03 11:22:31.421 [info] Removed views:workbench.debug.callStackView,workbench.debug.watchExpressionsView,workbench.debug.variablesView from workbench.view.debug
2023-12-03 11:22:31.440 [info] Added views:workbench.debug.welcome in workbench.view.debug
2023-12-03 11:23:51.837 [info] Removed views:workbench.view.testing from workbench.view.extension.test
