2023-12-02 16:10:25.415 [info] Log level: Info
2023-12-02 16:10:25.415 [info] Validating found git in: "git"
2023-12-02 16:10:25.415 [info] Using git "2.43.0" from "git"
2023-12-02 16:10:25.415 [info] > git rev-parse --show-toplevel [78ms]
2023-12-02 16:10:25.415 [info] > git rev-parse --git-dir --git-common-dir [4ms]
2023-12-02 16:10:25.415 [info] Open repository: /home/like/Documents/pb_labs
2023-12-02 16:10:25.415 [info] > git config --get commit.template [6ms]
2023-12-02 16:10:25.427 [info] > git for-each-ref --format=%(refname)%00%(upstream:short)%00%(objectname)%00%(upstream:track)%00%(upstream:remotename)%00%(upstream:remoteref) refs/heads/main refs/remotes/main [3ms]
2023-12-02 16:10:25.468 [info] > git status -z -uall [31ms]
2023-12-02 16:10:25.605 [info] > git config --get commit.template [121ms]
2023-12-02 16:10:26.117 [info] > git for-each-ref --format=%(refname)%00%(upstream:short)%00%(objectname)%00%(upstream:track)%00%(upstream:remotename)%00%(upstream:remoteref) refs/heads/main refs/remotes/main [55ms]
2023-12-02 16:10:26.195 [info] > git status -z -uall [61ms]
2023-12-02 16:10:26.195 [info] > git check-ignore -v -z --stdin [43ms]
2023-12-02 16:10:44.991 [info] > git config --get commit.template [11ms]
2023-12-02 16:10:44.991 [info] > git for-each-ref --format=%(refname)%00%(upstream:short)%00%(objectname)%00%(upstream:track)%00%(upstream:remotename)%00%(upstream:remoteref) refs/heads/main refs/remotes/main [1ms]
2023-12-02 16:10:45.001 [info] > git status -z -uall [2ms]
2023-12-02 16:10:59.065 [info] > git config --get commit.template [7ms]
2023-12-02 16:10:59.066 [info] > git for-each-ref --format=%(refname)%00%(upstream:short)%00%(objectname)%00%(upstream:track)%00%(upstream:remotename)%00%(upstream:remoteref) refs/heads/main refs/remotes/main [2ms]
2023-12-02 16:10:59.073 [info] > git status -z -uall [1ms]
2023-12-02 16:11:18.083 [info] > git config --get commit.template [9ms]
2023-12-02 16:11:18.083 [info] > git for-each-ref --format=%(refname)%00%(upstream:short)%00%(objectname)%00%(upstream:track)%00%(upstream:remotename)%00%(upstream:remoteref) refs/heads/main refs/remotes/main [2ms]
2023-12-02 16:11:18.090 [info] > git status -z -uall [1ms]
2023-12-02 16:11:23.254 [info] > git config --get commit.template [7ms]
2023-12-02 16:11:23.254 [info] > git for-each-ref --format=%(refname)%00%(upstream:short)%00%(objectname)%00%(upstream:track)%00%(upstream:remotename)%00%(upstream:remoteref) refs/heads/main refs/remotes/main [1ms]
2023-12-02 16:11:23.264 [info] > git status -z -uall [1ms]
2023-12-02 16:11:39.251 [info] > git config --get commit.template [9ms]
2023-12-02 16:11:39.251 [info] > git for-each-ref --format=%(refname)%00%(upstream:short)%00%(objectname)%00%(upstream:track)%00%(upstream:remotename)%00%(upstream:remoteref) refs/heads/main refs/remotes/main [1ms]
2023-12-02 16:11:39.260 [info] > git status -z -uall [2ms]
2023-12-02 16:12:10.311 [info] > git config --get commit.template [6ms]
2023-12-02 16:12:10.311 [info] > git for-each-ref --format=%(refname)%00%(upstream:short)%00%(objectname)%00%(upstream:track)%00%(upstream:remotename)%00%(upstream:remoteref) refs/heads/main refs/remotes/main [1ms]
2023-12-02 16:12:10.319 [info] > git status -z -uall [2ms]
2023-12-02 16:12:19.400 [info] > git config --get commit.template [9ms]
2023-12-02 16:12:19.400 [info] > git for-each-ref --format=%(refname)%00%(upstream:short)%00%(objectname)%00%(upstream:track)%00%(upstream:remotename)%00%(upstream:remoteref) refs/heads/main refs/remotes/main [1ms]
2023-12-02 16:12:19.408 [info] > git status -z -uall [1ms]
2023-12-02 16:12:26.210 [info] > git config --get commit.template [8ms]
2023-12-02 16:12:26.210 [info] > git for-each-ref --format=%(refname)%00%(upstream:short)%00%(objectname)%00%(upstream:track)%00%(upstream:remotename)%00%(upstream:remoteref) refs/heads/main refs/remotes/main [1ms]
2023-12-02 16:12:26.219 [info] > git status -z -uall [1ms]
2023-12-02 16:12:35.549 [info] > git config --get commit.template [7ms]
2023-12-02 16:12:35.549 [info] > git for-each-ref --format=%(refname)%00%(upstream:short)%00%(objectname)%00%(upstream:track)%00%(upstream:remotename)%00%(upstream:remoteref) refs/heads/main refs/remotes/main [1ms]
2023-12-02 16:12:35.557 [info] > git status -z -uall [2ms]
2023-12-02 16:13:01.888 [info] > git show --textconv :LAB12/counties_process.py [11ms]
2023-12-02 16:13:01.889 [info] > git ls-files --stage -- /home/like/Documents/pb_labs/LAB12/counties_process.py [1ms]
2023-12-02 16:13:33.534 [info] > git config --get commit.template [9ms]
2023-12-02 16:13:33.534 [info] > git for-each-ref --format=%(refname)%00%(upstream:short)%00%(objectname)%00%(upstream:track)%00%(upstream:remotename)%00%(upstream:remoteref) refs/heads/main refs/remotes/main [1ms]
2023-12-02 16:13:33.545 [info] > git status -z -uall [2ms]
2023-12-02 16:13:38.562 [info] > git config --get commit.template [6ms]
2023-12-02 16:13:38.563 [info] > git for-each-ref --format=%(refname)%00%(upstream:short)%00%(objectname)%00%(upstream:track)%00%(upstream:remotename)%00%(upstream:remoteref) refs/heads/main refs/remotes/main [1ms]
2023-12-02 16:13:38.570 [info] > git status -z -uall [1ms]
2023-12-02 16:13:55.481 [info] > git config --get commit.template [7ms]
2023-12-02 16:13:55.482 [info] > git for-each-ref --format=%(refname)%00%(upstream:short)%00%(objectname)%00%(upstream:track)%00%(upstream:remotename)%00%(upstream:remoteref) refs/heads/main refs/remotes/main [1ms]
2023-12-02 16:13:55.491 [info] > git status -z -uall [2ms]
2023-12-02 16:14:14.054 [info] > git config --get commit.template [7ms]
2023-12-02 16:14:14.055 [info] > git for-each-ref --format=%(refname)%00%(upstream:short)%00%(objectname)%00%(upstream:track)%00%(upstream:remotename)%00%(upstream:remoteref) refs/heads/main refs/remotes/main [1ms]
2023-12-02 16:14:14.064 [info] > git status -z -uall [2ms]
2023-12-02 16:14:26.066 [info] > git config --get commit.template [10ms]
2023-12-02 16:14:26.067 [info] > git for-each-ref --format=%(refname)%00%(upstream:short)%00%(objectname)%00%(upstream:track)%00%(upstream:remotename)%00%(upstream:remoteref) refs/heads/main refs/remotes/main [2ms]
2023-12-02 16:14:26.078 [info] > git status -z -uall [2ms]
2023-12-02 16:14:27.041 [info] > git show --textconv :LAB12/counties_process.py [8ms]
2023-12-02 16:14:27.042 [info] > git ls-files --stage -- /home/like/Documents/pb_labs/LAB12/counties_process.py [2ms]
2023-12-02 16:14:34.511 [info] > git config --get commit.template [7ms]
2023-12-02 16:14:34.511 [info] > git for-each-ref --format=%(refname)%00%(upstream:short)%00%(objectname)%00%(upstream:track)%00%(upstream:remotename)%00%(upstream:remoteref) refs/heads/main refs/remotes/main [1ms]
2023-12-02 16:14:34.520 [info] > git status -z -uall [2ms]
2023-12-02 16:14:39.541 [info] > git config --get commit.template [8ms]
2023-12-02 16:14:39.541 [info] > git for-each-ref --format=%(refname)%00%(upstream:short)%00%(objectname)%00%(upstream:track)%00%(upstream:remotename)%00%(upstream:remoteref) refs/heads/main refs/remotes/main [1ms]
2023-12-02 16:14:39.550 [info] > git status -z -uall [1ms]
2023-12-02 16:14:48.057 [info] > git config --get commit.template [9ms]
2023-12-02 16:14:48.057 [info] > git for-each-ref --format=%(refname)%00%(upstream:short)%00%(objectname)%00%(upstream:track)%00%(upstream:remotename)%00%(upstream:remoteref) refs/heads/main refs/remotes/main [1ms]
2023-12-02 16:14:48.066 [info] > git status -z -uall [2ms]
2023-12-02 16:15:00.035 [info] > git config --get commit.template [7ms]
2023-12-02 16:15:00.035 [info] > git for-each-ref --format=%(refname)%00%(upstream:short)%00%(objectname)%00%(upstream:track)%00%(upstream:remotename)%00%(upstream:remoteref) refs/heads/main refs/remotes/main [1ms]
2023-12-02 16:15:00.043 [info] > git status -z -uall [1ms]
2023-12-02 16:18:00.310 [info] > git show --textconv :LAB12/counties_process.py [11ms]
2023-12-02 16:18:00.311 [info] > git ls-files --stage -- /home/like/Documents/pb_labs/LAB12/counties_process.py [2ms]
2023-12-02 16:20:45.000 [info] > git config --get commit.template [11ms]
2023-12-02 16:20:45.001 [info] > git for-each-ref --format=%(refname)%00%(upstream:short)%00%(objectname)%00%(upstream:track)%00%(upstream:remotename)%00%(upstream:remoteref) refs/heads/main refs/remotes/main [2ms]
2023-12-02 16:20:45.010 [info] > git status -z -uall [2ms]
2023-12-02 16:20:55.071 [info] > git config --get commit.template [7ms]
2023-12-02 16:20:55.072 [info] > git for-each-ref --format=%(refname)%00%(upstream:short)%00%(objectname)%00%(upstream:track)%00%(upstream:remotename)%00%(upstream:remoteref) refs/heads/main refs/remotes/main [1ms]
2023-12-02 16:20:55.079 [info] > git status -z -uall [2ms]
2023-12-02 16:31:19.780 [info] > git config --get commit.template [1ms]
2023-12-02 16:31:19.788 [info] > git for-each-ref --format=%(refname)%00%(upstream:short)%00%(objectname)%00%(upstream:track)%00%(upstream:remotename)%00%(upstream:remoteref) refs/heads/main refs/remotes/main [1ms]
2023-12-02 16:31:19.798 [info] > git status -z -uall [2ms]
2023-12-02 16:31:31.215 [info] > git config --get commit.template [9ms]
2023-12-02 16:31:31.215 [info] > git for-each-ref --format=%(refname)%00%(upstream:short)%00%(objectname)%00%(upstream:track)%00%(upstream:remotename)%00%(upstream:remoteref) refs/heads/main refs/remotes/main [1ms]
2023-12-02 16:31:31.224 [info] > git status -z -uall [2ms]
2023-12-02 16:31:46.872 [info] > git config --get commit.template [7ms]
2023-12-02 16:31:46.872 [info] > git for-each-ref --format=%(refname)%00%(upstream:short)%00%(objectname)%00%(upstream:track)%00%(upstream:remotename)%00%(upstream:remoteref) refs/heads/main refs/remotes/main [1ms]
2023-12-02 16:31:46.880 [info] > git status -z -uall [2ms]
2023-12-02 16:33:17.569 [info] > git config --get commit.template [8ms]
2023-12-02 16:33:17.570 [info] > git for-each-ref --format=%(refname)%00%(upstream:short)%00%(objectname)%00%(upstream:track)%00%(upstream:remotename)%00%(upstream:remoteref) refs/heads/main refs/remotes/main [1ms]
2023-12-02 16:33:17.581 [info] > git status -z -uall [2ms]
2023-12-02 16:34:06.568 [info] > git config --get commit.template [9ms]
2023-12-02 16:34:06.569 [info] > git for-each-ref --format=%(refname)%00%(upstream:short)%00%(objectname)%00%(upstream:track)%00%(upstream:remotename)%00%(upstream:remoteref) refs/heads/main refs/remotes/main [1ms]
2023-12-02 16:34:06.579 [info] > git status -z -uall [3ms]
2023-12-02 16:34:29.193 [info] > git config --get commit.template [10ms]
2023-12-02 16:34:29.193 [info] > git for-each-ref --format=%(refname)%00%(upstream:short)%00%(objectname)%00%(upstream:track)%00%(upstream:remotename)%00%(upstream:remoteref) refs/heads/main refs/remotes/main [1ms]
2023-12-02 16:34:29.205 [info] > git status -z -uall [3ms]
2023-12-02 16:35:05.971 [info] > git config --get commit.template [12ms]
2023-12-02 16:35:05.972 [info] > git for-each-ref --format=%(refname)%00%(upstream:short)%00%(objectname)%00%(upstream:track)%00%(upstream:remotename)%00%(upstream:remoteref) refs/heads/main refs/remotes/main [1ms]
2023-12-02 16:35:05.985 [info] > git status -z -uall [2ms]
2023-12-02 16:35:39.680 [info] > git config --get commit.template [11ms]
2023-12-02 16:35:39.681 [info] > git for-each-ref --format=%(refname)%00%(upstream:short)%00%(objectname)%00%(upstream:track)%00%(upstream:remotename)%00%(upstream:remoteref) refs/heads/main refs/remotes/main [2ms]
2023-12-02 16:35:39.691 [info] > git status -z -uall [2ms]
2023-12-02 16:45:03.688 [info] > git config --get commit.template [9ms]
2023-12-02 16:45:03.688 [info] > git for-each-ref --format=%(refname)%00%(upstream:short)%00%(objectname)%00%(upstream:track)%00%(upstream:remotename)%00%(upstream:remoteref) refs/heads/main refs/remotes/main [1ms]
2023-12-02 16:45:03.696 [info] > git status -z -uall [1ms]
2023-12-02 16:45:08.717 [info] > git config --get commit.template [8ms]
2023-12-02 16:45:08.718 [info] > git for-each-ref --format=%(refname)%00%(upstream:short)%00%(objectname)%00%(upstream:track)%00%(upstream:remotename)%00%(upstream:remoteref) refs/heads/main refs/remotes/main [1ms]
2023-12-02 16:45:08.726 [info] > git status -z -uall [2ms]
2023-12-02 16:46:22.019 [info] > git config --get commit.template [9ms]
2023-12-02 16:46:22.019 [info] > git for-each-ref --format=%(refname)%00%(upstream:short)%00%(objectname)%00%(upstream:track)%00%(upstream:remotename)%00%(upstream:remoteref) refs/heads/main refs/remotes/main [1ms]
2023-12-02 16:46:22.027 [info] > git status -z -uall [1ms]
2023-12-02 16:46:45.032 [info] > git config --get commit.template [7ms]
2023-12-02 16:46:45.032 [info] > git for-each-ref --format=%(refname)%00%(upstream:short)%00%(objectname)%00%(upstream:track)%00%(upstream:remotename)%00%(upstream:remoteref) refs/heads/main refs/remotes/main [1ms]
2023-12-02 16:46:45.042 [info] > git status -z -uall [1ms]
2023-12-02 16:46:55.480 [info] > git config --get commit.template [7ms]
2023-12-02 16:46:55.481 [info] > git for-each-ref --format=%(refname)%00%(upstream:short)%00%(objectname)%00%(upstream:track)%00%(upstream:remotename)%00%(upstream:remoteref) refs/heads/main refs/remotes/main [1ms]
2023-12-02 16:46:55.489 [info] > git status -z -uall [2ms]
2023-12-02 16:47:09.408 [info] > git config --get commit.template [7ms]
2023-12-02 16:47:09.409 [info] > git for-each-ref --format=%(refname)%00%(upstream:short)%00%(objectname)%00%(upstream:track)%00%(upstream:remotename)%00%(upstream:remoteref) refs/heads/main refs/remotes/main [1ms]
2023-12-02 16:47:09.420 [info] > git status -z -uall [2ms]
2023-12-02 16:48:07.308 [info] > git config --get commit.template [9ms]
2023-12-02 16:48:07.309 [info] > git for-each-ref --format=%(refname)%00%(upstream:short)%00%(objectname)%00%(upstream:track)%00%(upstream:remotename)%00%(upstream:remoteref) refs/heads/main refs/remotes/main [1ms]
2023-12-02 16:48:07.317 [info] > git status -z -uall [2ms]
2023-12-02 16:49:18.592 [info] > git config --get commit.template [8ms]
2023-12-02 16:49:18.592 [info] > git for-each-ref --format=%(refname)%00%(upstream:short)%00%(objectname)%00%(upstream:track)%00%(upstream:remotename)%00%(upstream:remoteref) refs/heads/main refs/remotes/main [2ms]
2023-12-02 16:49:18.600 [info] > git status -z -uall [2ms]
2023-12-02 16:50:38.024 [info] > git config --get commit.template [11ms]
2023-12-02 16:50:38.025 [info] > git for-each-ref --format=%(refname)%00%(upstream:short)%00%(objectname)%00%(upstream:track)%00%(upstream:remotename)%00%(upstream:remoteref) refs/heads/main refs/remotes/main [2ms]
2023-12-02 16:50:38.035 [info] > git status -z -uall [1ms]
2023-12-02 16:50:39.196 [info] > git show --textconv :LAB12/counties_process.py [11ms]
2023-12-02 16:50:39.197 [info] > git ls-files --stage -- /home/like/Documents/pb_labs/LAB12/counties_process.py [2ms]
2023-12-02 16:50:44.991 [info] > git config --get commit.template [11ms]
2023-12-02 16:50:44.992 [info] > git for-each-ref --format=%(refname)%00%(upstream:short)%00%(objectname)%00%(upstream:track)%00%(upstream:remotename)%00%(upstream:remoteref) refs/heads/main refs/remotes/main [2ms]
2023-12-02 16:50:45.005 [info] > git status -z -uall [2ms]
2023-12-02 16:50:54.940 [info] > git config --get commit.template [13ms]
2023-12-02 16:50:54.941 [info] > git for-each-ref --format=%(refname)%00%(upstream:short)%00%(objectname)%00%(upstream:track)%00%(upstream:remotename)%00%(upstream:remoteref) refs/heads/main refs/remotes/main [2ms]
2023-12-02 16:50:54.952 [info] > git status -z -uall [2ms]
2023-12-02 16:51:03.734 [info] > git config --get commit.template [11ms]
2023-12-02 16:51:03.734 [info] > git for-each-ref --format=%(refname)%00%(upstream:short)%00%(objectname)%00%(upstream:track)%00%(upstream:remotename)%00%(upstream:remoteref) refs/heads/main refs/remotes/main [1ms]
2023-12-02 16:51:03.744 [info] > git status -z -uall [2ms]
2023-12-02 16:51:08.759 [info] > git config --get commit.template [3ms]
2023-12-02 16:51:08.770 [info] > git for-each-ref --format=%(refname)%00%(upstream:short)%00%(objectname)%00%(upstream:track)%00%(upstream:remotename)%00%(upstream:remoteref) refs/heads/main refs/remotes/main [1ms]
2023-12-02 16:51:08.785 [info] > git status -z -uall [3ms]
2023-12-02 16:51:20.523 [info] > git config --get commit.template [8ms]
2023-12-02 16:51:20.524 [info] > git for-each-ref --format=%(refname)%00%(upstream:short)%00%(objectname)%00%(upstream:track)%00%(upstream:remotename)%00%(upstream:remoteref) refs/heads/main refs/remotes/main [1ms]
2023-12-02 16:51:20.533 [info] > git status -z -uall [2ms]
2023-12-02 16:51:27.254 [info] > git config --get commit.template [8ms]
2023-12-02 16:51:27.255 [info] > git for-each-ref --format=%(refname)%00%(upstream:short)%00%(objectname)%00%(upstream:track)%00%(upstream:remotename)%00%(upstream:remoteref) refs/heads/main refs/remotes/main [1ms]
2023-12-02 16:51:27.268 [info] > git status -z -uall [2ms]
2023-12-02 16:51:38.542 [info] > git config --get commit.template [9ms]
2023-12-02 16:51:38.543 [info] > git for-each-ref --format=%(refname)%00%(upstream:short)%00%(objectname)%00%(upstream:track)%00%(upstream:remotename)%00%(upstream:remoteref) refs/heads/main refs/remotes/main [1ms]
2023-12-02 16:51:38.552 [info] > git status -z -uall [2ms]
2023-12-02 16:51:39.127 [info] > git show --textconv :LAB12/counties_process.py [8ms]
2023-12-02 16:51:39.128 [info] > git ls-files --stage -- /home/like/Documents/pb_labs/LAB12/counties_process.py [2ms]
2023-12-02 16:51:49.007 [info] > git config --get commit.template [11ms]
2023-12-02 16:51:49.007 [info] > git for-each-ref --format=%(refname)%00%(upstream:short)%00%(objectname)%00%(upstream:track)%00%(upstream:remotename)%00%(upstream:remoteref) refs/heads/main refs/remotes/main [1ms]
2023-12-02 16:51:49.017 [info] > git status -z -uall [2ms]
2023-12-02 16:52:39.270 [info] > git config --get commit.template [1ms]
2023-12-02 16:52:39.278 [info] > git for-each-ref --format=%(refname)%00%(upstream:short)%00%(objectname)%00%(upstream:track)%00%(upstream:remotename)%00%(upstream:remoteref) refs/heads/main refs/remotes/main [1ms]
2023-12-02 16:52:39.289 [info] > git status -z -uall [2ms]
2023-12-02 16:52:44.313 [info] > git config --get commit.template [12ms]
2023-12-02 16:52:44.313 [info] > git for-each-ref --format=%(refname)%00%(upstream:short)%00%(objectname)%00%(upstream:track)%00%(upstream:remotename)%00%(upstream:remoteref) refs/heads/main refs/remotes/main [2ms]
2023-12-02 16:52:44.325 [info] > git status -z -uall [2ms]
2023-12-02 16:53:08.352 [info] > git show --textconv :LAB12/counties_process.py [8ms]
2023-12-02 16:53:08.353 [info] > git ls-files --stage -- /home/like/Documents/pb_labs/LAB12/counties_process.py [1ms]
2023-12-02 16:53:14.273 [info] > git config --get commit.template [10ms]
2023-12-02 16:53:14.274 [info] > git for-each-ref --format=%(refname)%00%(upstream:short)%00%(objectname)%00%(upstream:track)%00%(upstream:remotename)%00%(upstream:remoteref) refs/heads/main refs/remotes/main [2ms]
2023-12-02 16:53:14.286 [info] > git status -z -uall [3ms]
2023-12-02 16:53:14.621 [info] > git show --textconv :LAB12/counties_process.py [12ms]
2023-12-02 16:53:14.622 [info] > git ls-files --stage -- /home/like/Documents/pb_labs/LAB12/counties_process.py [2ms]
2023-12-02 16:53:33.346 [info] > git config --get commit.template [10ms]
2023-12-02 16:53:33.347 [info] > git for-each-ref --format=%(refname)%00%(upstream:short)%00%(objectname)%00%(upstream:track)%00%(upstream:remotename)%00%(upstream:remoteref) refs/heads/main refs/remotes/main [2ms]
2023-12-02 16:53:33.356 [info] > git status -z -uall [2ms]
2023-12-02 16:54:23.872 [info] > git config --get commit.template [9ms]
2023-12-02 16:54:23.873 [info] > git for-each-ref --format=%(refname)%00%(upstream:short)%00%(objectname)%00%(upstream:track)%00%(upstream:remotename)%00%(upstream:remoteref) refs/heads/main refs/remotes/main [2ms]
2023-12-02 16:54:23.887 [info] > git status -z -uall [2ms]
2023-12-02 16:54:29.158 [info] > git config --get commit.template [8ms]
2023-12-02 16:54:29.159 [info] > git for-each-ref --format=%(refname)%00%(upstream:short)%00%(objectname)%00%(upstream:track)%00%(upstream:remotename)%00%(upstream:remoteref) refs/heads/main refs/remotes/main [1ms]
2023-12-02 16:54:29.168 [info] > git status -z -uall [2ms]
2023-12-02 16:54:54.337 [info] > git config --get commit.template [9ms]
2023-12-02 16:54:54.338 [info] > git for-each-ref --format=%(refname)%00%(upstream:short)%00%(objectname)%00%(upstream:track)%00%(upstream:remotename)%00%(upstream:remoteref) refs/heads/main refs/remotes/main [1ms]
2023-12-02 16:54:54.352 [info] > git status -z -uall [2ms]
2023-12-02 17:18:51.863 [info] > git config --get commit.template [7ms]
2023-12-02 17:18:51.863 [info] > git for-each-ref --format=%(refname)%00%(upstream:short)%00%(objectname)%00%(upstream:track)%00%(upstream:remotename)%00%(upstream:remoteref) refs/heads/main refs/remotes/main [1ms]
2023-12-02 17:18:51.872 [info] > git status -z -uall [2ms]
2023-12-02 17:19:05.818 [info] > git config --get commit.template [8ms]
2023-12-02 17:19:05.819 [info] > git for-each-ref --format=%(refname)%00%(upstream:short)%00%(objectname)%00%(upstream:track)%00%(upstream:remotename)%00%(upstream:remoteref) refs/heads/main refs/remotes/main [2ms]
2023-12-02 17:19:05.827 [info] > git status -z -uall [2ms]
2023-12-02 17:19:20.711 [info] > git config --get commit.template [7ms]
2023-12-02 17:19:20.711 [info] > git for-each-ref --format=%(refname)%00%(upstream:short)%00%(objectname)%00%(upstream:track)%00%(upstream:remotename)%00%(upstream:remoteref) refs/heads/main refs/remotes/main [1ms]
2023-12-02 17:19:20.719 [info] > git status -z -uall [1ms]
2023-12-02 17:19:25.741 [info] > git config --get commit.template [10ms]
2023-12-02 17:19:25.741 [info] > git for-each-ref --format=%(refname)%00%(upstream:short)%00%(objectname)%00%(upstream:track)%00%(upstream:remotename)%00%(upstream:remoteref) refs/heads/main refs/remotes/main [1ms]
2023-12-02 17:19:25.752 [info] > git status -z -uall [2ms]
2023-12-02 17:19:30.768 [info] > git config --get commit.template [6ms]
2023-12-02 17:19:30.769 [info] > git for-each-ref --format=%(refname)%00%(upstream:short)%00%(objectname)%00%(upstream:track)%00%(upstream:remotename)%00%(upstream:remoteref) refs/heads/main refs/remotes/main [1ms]
2023-12-02 17:19:30.776 [info] > git status -z -uall [2ms]
2023-12-02 17:19:42.217 [info] > git config --get commit.template [8ms]
2023-12-02 17:19:42.217 [info] > git for-each-ref --format=%(refname)%00%(upstream:short)%00%(objectname)%00%(upstream:track)%00%(upstream:remotename)%00%(upstream:remoteref) refs/heads/main refs/remotes/main [1ms]
2023-12-02 17:19:42.225 [info] > git status -z -uall [1ms]
2023-12-02 17:20:07.348 [info] > git config --get commit.template [10ms]
2023-12-02 17:20:07.349 [info] > git for-each-ref --format=%(refname)%00%(upstream:short)%00%(objectname)%00%(upstream:track)%00%(upstream:remotename)%00%(upstream:remoteref) refs/heads/main refs/remotes/main [2ms]
2023-12-02 17:20:07.361 [info] > git status -z -uall [2ms]
2023-12-02 17:20:20.219 [info] > git config --get commit.template [1ms]
2023-12-02 17:20:20.227 [info] > git for-each-ref --format=%(refname)%00%(upstream:short)%00%(objectname)%00%(upstream:track)%00%(upstream:remotename)%00%(upstream:remoteref) refs/heads/main refs/remotes/main [1ms]
2023-12-02 17:20:20.235 [info] > git status -z -uall [2ms]
2023-12-02 17:20:29.045 [info] > git config --get commit.template [9ms]
2023-12-02 17:20:29.045 [info] > git for-each-ref --format=%(refname)%00%(upstream:short)%00%(objectname)%00%(upstream:track)%00%(upstream:remotename)%00%(upstream:remoteref) refs/heads/main refs/remotes/main [1ms]
2023-12-02 17:20:29.055 [info] > git status -z -uall [2ms]
2023-12-02 17:22:01.949 [info] > git show --textconv :LAB12/counties_process.py [7ms]
2023-12-02 17:22:01.950 [info] > git ls-files --stage -- /home/like/Documents/pb_labs/LAB12/counties_process.py [1ms]
2023-12-02 17:23:22.462 [info] > git show --textconv :LAB12/counties_process.py [6ms]
2023-12-02 17:23:22.463 [info] > git ls-files --stage -- /home/like/Documents/pb_labs/LAB12/counties_process.py [1ms]
2023-12-02 17:23:48.525 [info] > git config --get commit.template [10ms]
2023-12-02 17:23:48.525 [info] > git for-each-ref --format=%(refname)%00%(upstream:short)%00%(objectname)%00%(upstream:track)%00%(upstream:remotename)%00%(upstream:remoteref) refs/heads/main refs/remotes/main [1ms]
2023-12-02 17:23:48.535 [info] > git status -z -uall [2ms]
2023-12-02 17:24:00.135 [info] > git config --get commit.template [7ms]
2023-12-02 17:24:00.136 [info] > git for-each-ref --format=%(refname)%00%(upstream:short)%00%(objectname)%00%(upstream:track)%00%(upstream:remotename)%00%(upstream:remoteref) refs/heads/main refs/remotes/main [1ms]
2023-12-02 17:24:00.146 [info] > git status -z -uall [1ms]
2023-12-02 17:24:14.647 [info] > git config --get commit.template [6ms]
2023-12-02 17:24:14.648 [info] > git for-each-ref --format=%(refname)%00%(upstream:short)%00%(objectname)%00%(upstream:track)%00%(upstream:remotename)%00%(upstream:remoteref) refs/heads/main refs/remotes/main [1ms]
2023-12-02 17:24:14.657 [info] > git status -z -uall [2ms]
2023-12-02 17:24:19.684 [info] > git config --get commit.template [13ms]
2023-12-02 17:24:19.685 [info] > git for-each-ref --format=%(refname)%00%(upstream:short)%00%(objectname)%00%(upstream:track)%00%(upstream:remotename)%00%(upstream:remoteref) refs/heads/main refs/remotes/main [1ms]
2023-12-02 17:24:19.696 [info] > git status -z -uall [2ms]
2023-12-02 17:24:24.718 [info] > git config --get commit.template [10ms]
2023-12-02 17:24:24.719 [info] > git for-each-ref --format=%(refname)%00%(upstream:short)%00%(objectname)%00%(upstream:track)%00%(upstream:remotename)%00%(upstream:remoteref) refs/heads/main refs/remotes/main [1ms]
2023-12-02 17:24:24.728 [info] > git status -z -uall [1ms]
2023-12-02 17:24:35.217 [info] > git config --get commit.template [13ms]
2023-12-02 17:24:35.218 [info] > git for-each-ref --format=%(refname)%00%(upstream:short)%00%(objectname)%00%(upstream:track)%00%(upstream:remotename)%00%(upstream:remoteref) refs/heads/main refs/remotes/main [3ms]
2023-12-02 17:24:35.233 [info] > git status -z -uall [3ms]
2023-12-02 17:24:40.254 [info] > git config --get commit.template [10ms]
2023-12-02 17:24:40.254 [info] > git for-each-ref --format=%(refname)%00%(upstream:short)%00%(objectname)%00%(upstream:track)%00%(upstream:remotename)%00%(upstream:remoteref) refs/heads/main refs/remotes/main [1ms]
2023-12-02 17:24:40.265 [info] > git status -z -uall [2ms]
2023-12-02 17:24:46.659 [info] > git show --textconv :LAB12/counties_process.py [11ms]
2023-12-02 17:24:46.660 [info] > git ls-files --stage -- /home/like/Documents/pb_labs/LAB12/counties_process.py [1ms]
2023-12-02 17:24:59.409 [info] > git show --textconv :LAB12/counties_process.py [8ms]
2023-12-02 17:24:59.410 [info] > git ls-files --stage -- /home/like/Documents/pb_labs/LAB12/counties_process.py [2ms]
2023-12-02 17:25:04.639 [info] > git config --get commit.template [9ms]
2023-12-02 17:25:04.640 [info] > git for-each-ref --format=%(refname)%00%(upstream:short)%00%(objectname)%00%(upstream:track)%00%(upstream:remotename)%00%(upstream:remoteref) refs/heads/main refs/remotes/main [1ms]
2023-12-02 17:25:04.654 [info] > git status -z -uall [3ms]
2023-12-02 17:25:10.001 [info] > git config --get commit.template [7ms]
2023-12-02 17:25:10.001 [info] > git for-each-ref --format=%(refname)%00%(upstream:short)%00%(objectname)%00%(upstream:track)%00%(upstream:remotename)%00%(upstream:remoteref) refs/heads/main refs/remotes/main [1ms]
2023-12-02 17:25:10.009 [info] > git status -z -uall [2ms]
2023-12-02 17:25:17.487 [info] > git config --get commit.template [13ms]
2023-12-02 17:25:17.487 [info] > git for-each-ref --format=%(refname)%00%(upstream:short)%00%(objectname)%00%(upstream:track)%00%(upstream:remotename)%00%(upstream:remoteref) refs/heads/main refs/remotes/main [1ms]
2023-12-02 17:25:17.501 [info] > git status -z -uall [2ms]
2023-12-02 17:25:25.214 [info] > git config --get commit.template [7ms]
2023-12-02 17:25:25.215 [info] > git for-each-ref --format=%(refname)%00%(upstream:short)%00%(objectname)%00%(upstream:track)%00%(upstream:remotename)%00%(upstream:remoteref) refs/heads/main refs/remotes/main [2ms]
2023-12-02 17:25:25.224 [info] > git status -z -uall [2ms]
2023-12-02 17:25:37.598 [info] > git config --get commit.template [11ms]
2023-12-02 17:25:37.598 [info] > git for-each-ref --format=%(refname)%00%(upstream:short)%00%(objectname)%00%(upstream:track)%00%(upstream:remotename)%00%(upstream:remoteref) refs/heads/main refs/remotes/main [1ms]
2023-12-02 17:25:37.610 [info] > git status -z -uall [1ms]
2023-12-02 17:25:45.289 [info] > git config --get commit.template [11ms]
2023-12-02 17:25:45.289 [info] > git for-each-ref --format=%(refname)%00%(upstream:short)%00%(objectname)%00%(upstream:track)%00%(upstream:remotename)%00%(upstream:remoteref) refs/heads/main refs/remotes/main [1ms]
2023-12-02 17:25:45.301 [info] > git status -z -uall [2ms]
