2023-12-04 10:07:01.942 [info] Log level: Info
2023-12-04 10:07:01.942 [info] Validating found git in: "git"
2023-12-04 10:07:01.942 [info] Using git "2.43.0" from "git"
2023-12-04 10:07:01.942 [info] > git rev-parse --show-toplevel [4ms]
2023-12-04 10:07:01.944 [info] > git rev-parse --git-dir --git-common-dir [2ms]
2023-12-04 10:07:01.952 [info] Open repository: /home/like/Documents/pb_labs
2023-12-04 10:07:01.978 [info] > git config --get commit.template [12ms]
2023-12-04 10:07:01.980 [info] > git rev-parse --show-toplevel [5ms]
2023-12-04 10:07:02.000 [info] > git for-each-ref --format=%(refname)%00%(upstream:short)%00%(objectname)%00%(upstream:track)%00%(upstream:remotename)%00%(upstream:remoteref) refs/heads/main refs/remotes/main [11ms]
2023-12-04 10:07:02.011 [info] > git rev-parse --show-toplevel [12ms]
2023-12-04 10:07:02.012 [info] > git status -z -uall [3ms]
2023-12-04 10:07:02.040 [info] > git config --get commit.template [10ms]
2023-12-04 10:07:02.041 [info] > git for-each-ref --format=%(refname)%00%(upstream:short)%00%(objectname)%00%(upstream:track)%00%(upstream:remotename)%00%(upstream:remoteref) refs/heads/main refs/remotes/main [2ms]
2023-12-04 10:07:02.077 [info] > git status -z -uall [27ms]
2023-12-04 10:07:02.694 [info] > git check-ignore -v -z --stdin [3ms]
2023-12-04 10:07:03.179 [info] > git show --textconv :miniprojects/third_miniproject/vlogs.txt [15ms]
2023-12-04 10:07:03.182 [info] > git ls-files --stage -- /home/like/Documents/pb_labs/miniprojects/third_miniproject/vlogs.txt [3ms]
2023-12-04 10:07:34.902 [info] > git config --get commit.template [14ms]
2023-12-04 10:07:34.903 [info] > git for-each-ref --format=%(refname)%00%(upstream:short)%00%(objectname)%00%(upstream:track)%00%(upstream:remotename)%00%(upstream:remoteref) refs/heads/main refs/remotes/main [4ms]
2023-12-04 10:07:34.920 [info] > git status -z -uall [4ms]
2023-12-04 10:07:58.108 [info] > git show --textconv :miniprojects/third_miniproject/player2.py [23ms]
2023-12-04 10:07:58.108 [info] > git ls-files --stage -- /home/like/Documents/pb_labs/miniprojects/third_miniproject/player2.py [8ms]
2023-12-04 10:08:25.802 [info] > git config --get commit.template [11ms]
2023-12-04 10:08:25.802 [info] > git for-each-ref --format=%(refname)%00%(upstream:short)%00%(objectname)%00%(upstream:track)%00%(upstream:remotename)%00%(upstream:remoteref) refs/heads/main refs/remotes/main [2ms]
2023-12-04 10:08:25.815 [info] > git status -z -uall [3ms]
2023-12-04 10:08:30.943 [info] > git config --get commit.template [17ms]
2023-12-04 10:08:30.944 [info] > git for-each-ref --format=%(refname)%00%(upstream:short)%00%(objectname)%00%(upstream:track)%00%(upstream:remotename)%00%(upstream:remoteref) refs/heads/main refs/remotes/main [3ms]
2023-12-04 10:08:30.961 [info] > git status -z -uall [3ms]
2023-12-04 10:08:44.606 [info] > git config --get commit.template [11ms]
2023-12-04 10:08:44.606 [info] > git for-each-ref --format=%(refname)%00%(upstream:short)%00%(objectname)%00%(upstream:track)%00%(upstream:remotename)%00%(upstream:remoteref) refs/heads/main refs/remotes/main [2ms]
2023-12-04 10:08:44.622 [info] > git status -z -uall [4ms]
2023-12-04 10:08:49.650 [info] > git config --get commit.template [11ms]
2023-12-04 10:08:49.651 [info] > git for-each-ref --format=%(refname)%00%(upstream:short)%00%(objectname)%00%(upstream:track)%00%(upstream:remotename)%00%(upstream:remoteref) refs/heads/main refs/remotes/main [2ms]
2023-12-04 10:08:49.663 [info] > git status -z -uall [3ms]
2023-12-04 10:08:55.527 [info] > git show --textconv :miniprojects/third_miniproject/vlogs.txt [11ms]
2023-12-04 10:08:55.529 [info] > git ls-files --stage -- /home/like/Documents/pb_labs/miniprojects/third_miniproject/vlogs.txt [3ms]
2023-12-04 10:09:01.968 [info] > git show --textconv :miniprojects/third_miniproject/player2.py [13ms]
2023-12-04 10:09:01.970 [info] > git ls-files --stage -- /home/like/Documents/pb_labs/miniprojects/third_miniproject/player2.py [3ms]
2023-12-04 10:09:05.784 [info] > git config --get commit.template [10ms]
2023-12-04 10:09:05.785 [info] > git for-each-ref --format=%(refname)%00%(upstream:short)%00%(objectname)%00%(upstream:track)%00%(upstream:remotename)%00%(upstream:remoteref) refs/heads/main refs/remotes/main [2ms]
2023-12-04 10:09:05.797 [info] > git status -z -uall [3ms]
2023-12-04 10:09:10.825 [info] > git config --get commit.template [11ms]
2023-12-04 10:09:10.826 [info] > git for-each-ref --format=%(refname)%00%(upstream:short)%00%(objectname)%00%(upstream:track)%00%(upstream:remotename)%00%(upstream:remoteref) refs/heads/main refs/remotes/main [2ms]
2023-12-04 10:09:10.839 [info] > git status -z -uall [3ms]
2023-12-04 10:09:28.320 [info] > git check-ignore -v -z --stdin [2ms]
2023-12-04 10:09:53.962 [info] > git config --get commit.template [12ms]
2023-12-04 10:09:53.963 [info] > git for-each-ref --format=%(refname)%00%(upstream:short)%00%(objectname)%00%(upstream:track)%00%(upstream:remotename)%00%(upstream:remoteref) refs/heads/main refs/remotes/main [2ms]
2023-12-04 10:09:53.976 [info] > git status -z -uall [4ms]
2023-12-04 10:09:59.008 [info] > git for-each-ref --format=%(refname)%00%(upstream:short)%00%(objectname)%00%(upstream:track)%00%(upstream:remotename)%00%(upstream:remoteref) refs/heads/main refs/remotes/main [3ms]
2023-12-04 10:09:59.009 [info] > git config --get commit.template [13ms]
2023-12-04 10:09:59.024 [info] > git status -z -uall [5ms]
2023-12-04 10:09:59.356 [info] > git show --textconv :miniprojects/third_miniproject/vlogs.txt [11ms]
2023-12-04 10:09:59.357 [info] > git ls-files --stage -- /home/like/Documents/pb_labs/miniprojects/third_miniproject/vlogs.txt [2ms]
2023-12-04 10:10:15.149 [info] > git config --get commit.template [10ms]
2023-12-04 10:10:15.150 [info] > git for-each-ref --format=%(refname)%00%(upstream:short)%00%(objectname)%00%(upstream:track)%00%(upstream:remotename)%00%(upstream:remoteref) refs/heads/main refs/remotes/main [2ms]
2023-12-04 10:10:15.163 [info] > git status -z -uall [4ms]
2023-12-04 10:10:20.190 [info] > git config --get commit.template [11ms]
2023-12-04 10:10:20.191 [info] > git for-each-ref --format=%(refname)%00%(upstream:short)%00%(objectname)%00%(upstream:track)%00%(upstream:remotename)%00%(upstream:remoteref) refs/heads/main refs/remotes/main [2ms]
2023-12-04 10:10:20.203 [info] > git status -z -uall [3ms]
2023-12-04 10:10:42.871 [info] > git config --get commit.template [11ms]
2023-12-04 10:10:42.872 [info] > git for-each-ref --format=%(refname)%00%(upstream:short)%00%(objectname)%00%(upstream:track)%00%(upstream:remotename)%00%(upstream:remoteref) refs/heads/main refs/remotes/main [2ms]
2023-12-04 10:10:42.886 [info] > git status -z -uall [3ms]
2023-12-04 10:10:51.115 [info] > git config --get commit.template [11ms]
2023-12-04 10:10:51.116 [info] > git for-each-ref --format=%(refname)%00%(upstream:short)%00%(objectname)%00%(upstream:track)%00%(upstream:remotename)%00%(upstream:remoteref) refs/heads/main refs/remotes/main [2ms]
2023-12-04 10:10:51.128 [info] > git status -z -uall [3ms]
2023-12-04 10:10:56.157 [info] > git config --get commit.template [11ms]
2023-12-04 10:10:56.158 [info] > git for-each-ref --format=%(refname)%00%(upstream:short)%00%(objectname)%00%(upstream:track)%00%(upstream:remotename)%00%(upstream:remoteref) refs/heads/main refs/remotes/main [2ms]
2023-12-04 10:10:56.170 [info] > git status -z -uall [3ms]
2023-12-04 10:11:01.201 [info] > git config --get commit.template [10ms]
2023-12-04 10:11:01.201 [info] > git for-each-ref --format=%(refname)%00%(upstream:short)%00%(objectname)%00%(upstream:track)%00%(upstream:remotename)%00%(upstream:remoteref) refs/heads/main refs/remotes/main [1ms]
2023-12-04 10:11:01.214 [info] > git status -z -uall [2ms]
2023-12-04 10:11:06.242 [info] > git config --get commit.template [10ms]
2023-12-04 10:11:06.242 [info] > git for-each-ref --format=%(refname)%00%(upstream:short)%00%(objectname)%00%(upstream:track)%00%(upstream:remotename)%00%(upstream:remoteref) refs/heads/main refs/remotes/main [1ms]
2023-12-04 10:11:06.255 [info] > git status -z -uall [3ms]
2023-12-04 10:11:11.285 [info] > git config --get commit.template [11ms]
2023-12-04 10:11:11.286 [info] > git for-each-ref --format=%(refname)%00%(upstream:short)%00%(objectname)%00%(upstream:track)%00%(upstream:remotename)%00%(upstream:remoteref) refs/heads/main refs/remotes/main [2ms]
2023-12-04 10:11:11.298 [info] > git status -z -uall [3ms]
2023-12-04 10:11:38.425 [info] > git config --get commit.template [11ms]
2023-12-04 10:11:38.426 [info] > git for-each-ref --format=%(refname)%00%(upstream:short)%00%(objectname)%00%(upstream:track)%00%(upstream:remotename)%00%(upstream:remoteref) refs/heads/main refs/remotes/main [2ms]
2023-12-04 10:11:38.438 [info] > git status -z -uall [3ms]
2023-12-04 10:11:38.463 [info] > git check-ignore -v -z --stdin [2ms]
2023-12-04 10:11:40.985 [info] > git show --textconv :miniprojects/third_miniproject/destroyer_vitalya.py [13ms]
2023-12-04 10:11:40.987 [info] > git ls-files --stage -- /home/like/Documents/pb_labs/miniprojects/third_miniproject/destroyer_vitalya.py [3ms]
2023-12-04 10:11:56.935 [info] > git config --get commit.template [12ms]
2023-12-04 10:11:56.936 [info] > git check-ignore -v -z --stdin [2ms]
2023-12-04 10:11:56.949 [info] > git for-each-ref --format=%(refname)%00%(upstream:short)%00%(objectname)%00%(upstream:track)%00%(upstream:remotename)%00%(upstream:remoteref) refs/heads/main refs/remotes/main [2ms]
2023-12-04 10:11:56.963 [info] > git status -z -uall [3ms]
2023-12-04 10:11:59.147 [info] > git show --textconv :miniprojects/third_miniproject/start [14ms]
2023-12-04 10:11:59.149 [info] > git ls-files --stage -- /home/like/Documents/pb_labs/miniprojects/third_miniproject/start [2ms]
2023-12-04 10:12:09.818 [info] > git config --get commit.template [11ms]
2023-12-04 10:12:09.818 [info] > git for-each-ref --format=%(refname)%00%(upstream:short)%00%(objectname)%00%(upstream:track)%00%(upstream:remotename)%00%(upstream:remoteref) refs/heads/main refs/remotes/main [2ms]
2023-12-04 10:12:09.831 [info] > git status -z -uall [3ms]
2023-12-04 10:12:25.498 [info] > git show --textconv :miniprojects/third_miniproject/destroyer_vitalya.py [13ms]
2023-12-04 10:12:25.500 [info] > git ls-files --stage -- /home/like/Documents/pb_labs/miniprojects/third_miniproject/destroyer_vitalya.py [4ms]
2023-12-04 10:12:27.628 [info] > git show --textconv :miniprojects/third_miniproject/start [11ms]
2023-12-04 10:12:27.629 [info] > git ls-files --stage -- /home/like/Documents/pb_labs/miniprojects/third_miniproject/start [2ms]
2023-12-04 10:12:32.496 [info] > git show --textconv :miniprojects/third_miniproject/destroyer_vitalya.py [15ms]
2023-12-04 10:12:32.497 [info] > git ls-files --stage -- /home/like/Documents/pb_labs/miniprojects/third_miniproject/destroyer_vitalya.py [2ms]
2023-12-04 10:12:38.712 [info] > git show --textconv :miniprojects/third_miniproject/start [10ms]
2023-12-04 10:12:38.713 [info] > git ls-files --stage -- /home/like/Documents/pb_labs/miniprojects/third_miniproject/start [2ms]
2023-12-04 10:12:49.122 [info] > git config --get commit.template [11ms]
2023-12-04 10:12:49.123 [info] > git for-each-ref --format=%(refname)%00%(upstream:short)%00%(objectname)%00%(upstream:track)%00%(upstream:remotename)%00%(upstream:remoteref) refs/heads/main refs/remotes/main [2ms]
2023-12-04 10:12:49.136 [info] > git status -z -uall [4ms]
2023-12-04 10:12:57.464 [info] > git config --get commit.template [11ms]
2023-12-04 10:12:57.465 [info] > git for-each-ref --format=%(refname)%00%(upstream:short)%00%(objectname)%00%(upstream:track)%00%(upstream:remotename)%00%(upstream:remoteref) refs/heads/main refs/remotes/main [2ms]
2023-12-04 10:12:57.477 [info] > git status -z -uall [3ms]
2023-12-04 10:13:04.665 [info] > git config --get commit.template [12ms]
2023-12-04 10:13:04.666 [info] > git for-each-ref --format=%(refname)%00%(upstream:short)%00%(objectname)%00%(upstream:track)%00%(upstream:remotename)%00%(upstream:remoteref) refs/heads/main refs/remotes/main [2ms]
2023-12-04 10:13:04.679 [info] > git status -z -uall [3ms]
2023-12-04 10:13:17.594 [info] > git show --textconv :miniprojects/third_miniproject/destroyer_vitalya.py [12ms]
2023-12-04 10:13:17.595 [info] > git ls-files --stage -- /home/like/Documents/pb_labs/miniprojects/third_miniproject/destroyer_vitalya.py [2ms]
