2023-12-04 10:42:57.265 [warning] Via 'product.json#extensionEnabledApiProposals' extension 'ms-dotnettools.dotnet-interactive-vscode' wants API proposal 'languageConfigurationAutoClosingPairs' but that proposal DOES NOT EXIST. Likely, the proposal has been finalized (check 'vscode.d.ts') or was abandoned.
2023-12-04 10:42:57.983 [info] Placing extension(s) asvetliakov.vscode-neovim on a separate extension host.
2023-12-04 10:43:01.292 [info] [perf] Render performance baseline is 44ms
2023-12-04 10:43:10.571 [warning] Via 'product.json#extensionEnabledApiProposals' extension 'ms-dotnettools.dotnet-interactive-vscode' wants API proposal 'languageConfigurationAutoClosingPairs' but that proposal DOES NOT EXIST. Likely, the proposal has been finalized (check 'vscode.d.ts') or was abandoned.
2023-12-04 10:43:11.057 [info] Placing extension(s) asvetliakov.vscode-neovim on a separate extension host.
2023-12-04 10:43:15.293 [info] [perf] Render performance baseline is 42ms
2023-12-04 10:44:48.777 [error] TextModelPart is disposed!: Error: TextModelPart is disposed!
    at h.assertNotDisposed (vscode-file://vscode-app/opt/vscodium-bin/resources/app/out/vs/workbench/workbench.desktop.main.js:121:25151)
    at h.getWordAtPosition (vscode-file://vscode-app/opt/vscodium-bin/resources/app/out/vs/workbench/workbench.desktop.main.js:631:128672)
    at U.getWordAtPosition (vscode-file://vscode-app/opt/vscodium-bin/resources/app/out/vs/workbench/workbench.desktop.main.js:736:11585)
    at vscode-file://vscode-app/opt/vscodium-bin/resources/app/out/vs/workbench/workbench.desktop.main.js:1575:22701
2023-12-04 10:51:47.811 [error] Model is disposed!: Error: Model is disposed!
    at U._assertNotDisposed (vscode-file://vscode-app/opt/vscodium-bin/resources/app/out/vs/workbench/workbench.desktop.main.js:728:449)
    at U.findMatches (vscode-file://vscode-app/opt/vscodium-bin/resources/app/out/vs/workbench/workbench.desktop.main.js:731:4062)
    at vscode-file://vscode-app/opt/vscodium-bin/resources/app/out/vs/workbench/workbench.desktop.main.js:1575:22811
2023-12-04 10:58:12.756 [error] Model is disposed!: Error: Model is disposed!
    at U._assertNotDisposed (vscode-file://vscode-app/opt/vscodium-bin/resources/app/out/vs/workbench/workbench.desktop.main.js:728:449)
    at U.findMatches (vscode-file://vscode-app/opt/vscodium-bin/resources/app/out/vs/workbench/workbench.desktop.main.js:731:4062)
    at vscode-file://vscode-app/opt/vscodium-bin/resources/app/out/vs/workbench/workbench.desktop.main.js:1575:22811
2023-12-04 10:58:49.033 [error] Model is disposed!: Error: Model is disposed!
    at U._assertNotDisposed (vscode-file://vscode-app/opt/vscodium-bin/resources/app/out/vs/workbench/workbench.desktop.main.js:728:449)
    at U.findMatches (vscode-file://vscode-app/opt/vscodium-bin/resources/app/out/vs/workbench/workbench.desktop.main.js:731:4062)
    at vscode-file://vscode-app/opt/vscodium-bin/resources/app/out/vs/workbench/workbench.desktop.main.js:1575:22811
2023-12-04 11:00:53.137 [error] Model is disposed!: Error: Model is disposed!
    at U._assertNotDisposed (vscode-file://vscode-app/opt/vscodium-bin/resources/app/out/vs/workbench/workbench.desktop.main.js:728:449)
    at U.findMatches (vscode-file://vscode-app/opt/vscodium-bin/resources/app/out/vs/workbench/workbench.desktop.main.js:731:4062)
    at vscode-file://vscode-app/opt/vscodium-bin/resources/app/out/vs/workbench/workbench.desktop.main.js:1575:22811
2023-12-04 11:02:39.680 [error] Model is disposed!: Error: Model is disposed!
    at U._assertNotDisposed (vscode-file://vscode-app/opt/vscodium-bin/resources/app/out/vs/workbench/workbench.desktop.main.js:728:449)
    at U.findMatches (vscode-file://vscode-app/opt/vscodium-bin/resources/app/out/vs/workbench/workbench.desktop.main.js:731:4062)
    at vscode-file://vscode-app/opt/vscodium-bin/resources/app/out/vs/workbench/workbench.desktop.main.js:1575:22811
2023-12-04 11:02:57.507 [error] Model is disposed!: Error: Model is disposed!
    at U._assertNotDisposed (vscode-file://vscode-app/opt/vscodium-bin/resources/app/out/vs/workbench/workbench.desktop.main.js:728:449)
    at U.findMatches (vscode-file://vscode-app/opt/vscodium-bin/resources/app/out/vs/workbench/workbench.desktop.main.js:731:4062)
    at vscode-file://vscode-app/opt/vscodium-bin/resources/app/out/vs/workbench/workbench.desktop.main.js:1575:22811
2023-12-04 11:03:22.355 [error] Model is disposed!: Error: Model is disposed!
    at U._assertNotDisposed (vscode-file://vscode-app/opt/vscodium-bin/resources/app/out/vs/workbench/workbench.desktop.main.js:728:449)
    at U.findMatches (vscode-file://vscode-app/opt/vscodium-bin/resources/app/out/vs/workbench/workbench.desktop.main.js:731:4062)
    at vscode-file://vscode-app/opt/vscodium-bin/resources/app/out/vs/workbench/workbench.desktop.main.js:1575:22811
2023-12-04 11:06:53.772 [error] Model is disposed!: Error: Model is disposed!
    at U._assertNotDisposed (vscode-file://vscode-app/opt/vscodium-bin/resources/app/out/vs/workbench/workbench.desktop.main.js:728:449)
    at U.findMatches (vscode-file://vscode-app/opt/vscodium-bin/resources/app/out/vs/workbench/workbench.desktop.main.js:731:4062)
    at vscode-file://vscode-app/opt/vscodium-bin/resources/app/out/vs/workbench/workbench.desktop.main.js:1575:22811
2023-12-04 11:07:08.281 [error] Model is disposed!: Error: Model is disposed!
    at U._assertNotDisposed (vscode-file://vscode-app/opt/vscodium-bin/resources/app/out/vs/workbench/workbench.desktop.main.js:728:449)
    at U.findMatches (vscode-file://vscode-app/opt/vscodium-bin/resources/app/out/vs/workbench/workbench.desktop.main.js:731:4062)
    at vscode-file://vscode-app/opt/vscodium-bin/resources/app/out/vs/workbench/workbench.desktop.main.js:1575:22811
2023-12-04 11:07:49.282 [error] Model is disposed!: Error: Model is disposed!
    at U._assertNotDisposed (vscode-file://vscode-app/opt/vscodium-bin/resources/app/out/vs/workbench/workbench.desktop.main.js:728:449)
    at U.findMatches (vscode-file://vscode-app/opt/vscodium-bin/resources/app/out/vs/workbench/workbench.desktop.main.js:731:4062)
    at vscode-file://vscode-app/opt/vscodium-bin/resources/app/out/vs/workbench/workbench.desktop.main.js:1575:22811
2023-12-04 11:07:54.592 [error] Model is disposed!: Error: Model is disposed!
    at U._assertNotDisposed (vscode-file://vscode-app/opt/vscodium-bin/resources/app/out/vs/workbench/workbench.desktop.main.js:728:449)
    at U.findMatches (vscode-file://vscode-app/opt/vscodium-bin/resources/app/out/vs/workbench/workbench.desktop.main.js:731:4062)
    at vscode-file://vscode-app/opt/vscodium-bin/resources/app/out/vs/workbench/workbench.desktop.main.js:1575:22811
2023-12-04 11:08:56.790 [error] Model is disposed!: Error: Model is disposed!
    at U._assertNotDisposed (vscode-file://vscode-app/opt/vscodium-bin/resources/app/out/vs/workbench/workbench.desktop.main.js:728:449)
    at U.findMatches (vscode-file://vscode-app/opt/vscodium-bin/resources/app/out/vs/workbench/workbench.desktop.main.js:731:4062)
    at vscode-file://vscode-app/opt/vscodium-bin/resources/app/out/vs/workbench/workbench.desktop.main.js:1575:22811
2023-12-04 11:13:13.040 [error] Model is disposed!: Error: Model is disposed!
    at U._assertNotDisposed (vscode-file://vscode-app/opt/vscodium-bin/resources/app/out/vs/workbench/workbench.desktop.main.js:728:449)
    at U.findMatches (vscode-file://vscode-app/opt/vscodium-bin/resources/app/out/vs/workbench/workbench.desktop.main.js:731:4062)
    at vscode-file://vscode-app/opt/vscodium-bin/resources/app/out/vs/workbench/workbench.desktop.main.js:1575:22811
2023-12-04 11:13:15.496 [error] Model is disposed!: Error: Model is disposed!
    at U._assertNotDisposed (vscode-file://vscode-app/opt/vscodium-bin/resources/app/out/vs/workbench/workbench.desktop.main.js:728:449)
    at U.findMatches (vscode-file://vscode-app/opt/vscodium-bin/resources/app/out/vs/workbench/workbench.desktop.main.js:731:4062)
    at vscode-file://vscode-app/opt/vscodium-bin/resources/app/out/vs/workbench/workbench.desktop.main.js:1575:22811
2023-12-04 11:14:18.844 [error] Model is disposed!: Error: Model is disposed!
    at U._assertNotDisposed (vscode-file://vscode-app/opt/vscodium-bin/resources/app/out/vs/workbench/workbench.desktop.main.js:728:449)
    at U.findMatches (vscode-file://vscode-app/opt/vscodium-bin/resources/app/out/vs/workbench/workbench.desktop.main.js:731:4062)
    at vscode-file://vscode-app/opt/vscodium-bin/resources/app/out/vs/workbench/workbench.desktop.main.js:1575:22811
2023-12-04 11:14:33.560 [error] Model is disposed!: Error: Model is disposed!
    at U._assertNotDisposed (vscode-file://vscode-app/opt/vscodium-bin/resources/app/out/vs/workbench/workbench.desktop.main.js:728:449)
    at U.findMatches (vscode-file://vscode-app/opt/vscodium-bin/resources/app/out/vs/workbench/workbench.desktop.main.js:731:4062)
    at vscode-file://vscode-app/opt/vscodium-bin/resources/app/out/vs/workbench/workbench.desktop.main.js:1575:22811
2023-12-04 11:17:51.024 [error] TextModelPart is disposed!: Error: TextModelPart is disposed!
    at h.assertNotDisposed (vscode-file://vscode-app/opt/vscodium-bin/resources/app/out/vs/workbench/workbench.desktop.main.js:121:25151)
    at h.getWordAtPosition (vscode-file://vscode-app/opt/vscodium-bin/resources/app/out/vs/workbench/workbench.desktop.main.js:631:128672)
    at U.getWordAtPosition (vscode-file://vscode-app/opt/vscodium-bin/resources/app/out/vs/workbench/workbench.desktop.main.js:736:11585)
    at vscode-file://vscode-app/opt/vscodium-bin/resources/app/out/vs/workbench/workbench.desktop.main.js:1575:22701
2023-12-04 11:17:52.475 [error] Model is disposed!: Error: Model is disposed!
    at U._assertNotDisposed (vscode-file://vscode-app/opt/vscodium-bin/resources/app/out/vs/workbench/workbench.desktop.main.js:728:449)
    at U.findMatches (vscode-file://vscode-app/opt/vscodium-bin/resources/app/out/vs/workbench/workbench.desktop.main.js:731:4062)
    at vscode-file://vscode-app/opt/vscodium-bin/resources/app/out/vs/workbench/workbench.desktop.main.js:1575:22811
2023-12-04 11:17:54.031 [error] Model is disposed!: Error: Model is disposed!
    at U._assertNotDisposed (vscode-file://vscode-app/opt/vscodium-bin/resources/app/out/vs/workbench/workbench.desktop.main.js:728:449)
    at U.findMatches (vscode-file://vscode-app/opt/vscodium-bin/resources/app/out/vs/workbench/workbench.desktop.main.js:731:4062)
    at vscode-file://vscode-app/opt/vscodium-bin/resources/app/out/vs/workbench/workbench.desktop.main.js:1575:22811
2023-12-04 11:17:56.848 [error] Model is disposed!: Error: Model is disposed!
    at U._assertNotDisposed (vscode-file://vscode-app/opt/vscodium-bin/resources/app/out/vs/workbench/workbench.desktop.main.js:728:449)
    at U.findMatches (vscode-file://vscode-app/opt/vscodium-bin/resources/app/out/vs/workbench/workbench.desktop.main.js:731:4062)
    at vscode-file://vscode-app/opt/vscodium-bin/resources/app/out/vs/workbench/workbench.desktop.main.js:1575:22811
2023-12-04 11:19:11.186 [error] Model is disposed!: Error: Model is disposed!
    at U._assertNotDisposed (vscode-file://vscode-app/opt/vscodium-bin/resources/app/out/vs/workbench/workbench.desktop.main.js:728:449)
    at U.findMatches (vscode-file://vscode-app/opt/vscodium-bin/resources/app/out/vs/workbench/workbench.desktop.main.js:731:4062)
    at vscode-file://vscode-app/opt/vscodium-bin/resources/app/out/vs/workbench/workbench.desktop.main.js:1575:22811
2023-12-04 11:19:19.516 [error] Model is disposed!: Error: Model is disposed!
    at U._assertNotDisposed (vscode-file://vscode-app/opt/vscodium-bin/resources/app/out/vs/workbench/workbench.desktop.main.js:728:449)
    at U.findMatches (vscode-file://vscode-app/opt/vscodium-bin/resources/app/out/vs/workbench/workbench.desktop.main.js:731:4062)
    at vscode-file://vscode-app/opt/vscodium-bin/resources/app/out/vs/workbench/workbench.desktop.main.js:1575:22811
2023-12-04 11:19:40.810 [error] Model is disposed!: Error: Model is disposed!
    at U._assertNotDisposed (vscode-file://vscode-app/opt/vscodium-bin/resources/app/out/vs/workbench/workbench.desktop.main.js:728:449)
    at U.findMatches (vscode-file://vscode-app/opt/vscodium-bin/resources/app/out/vs/workbench/workbench.desktop.main.js:731:4062)
    at vscode-file://vscode-app/opt/vscodium-bin/resources/app/out/vs/workbench/workbench.desktop.main.js:1575:22811
2023-12-04 11:20:17.296 [error] Model is disposed!: Error: Model is disposed!
    at U._assertNotDisposed (vscode-file://vscode-app/opt/vscodium-bin/resources/app/out/vs/workbench/workbench.desktop.main.js:728:449)
    at U.findMatches (vscode-file://vscode-app/opt/vscodium-bin/resources/app/out/vs/workbench/workbench.desktop.main.js:731:4062)
    at vscode-file://vscode-app/opt/vscodium-bin/resources/app/out/vs/workbench/workbench.desktop.main.js:1575:22811
2023-12-04 11:20:23.326 [error] Model is disposed!: Error: Model is disposed!
    at U._assertNotDisposed (vscode-file://vscode-app/opt/vscodium-bin/resources/app/out/vs/workbench/workbench.desktop.main.js:728:449)
    at U.findMatches (vscode-file://vscode-app/opt/vscodium-bin/resources/app/out/vs/workbench/workbench.desktop.main.js:731:4062)
    at vscode-file://vscode-app/opt/vscodium-bin/resources/app/out/vs/workbench/workbench.desktop.main.js:1575:22811
2023-12-04 11:20:25.746 [error] Model is disposed!: Error: Model is disposed!
    at U._assertNotDisposed (vscode-file://vscode-app/opt/vscodium-bin/resources/app/out/vs/workbench/workbench.desktop.main.js:728:449)
    at U.findMatches (vscode-file://vscode-app/opt/vscodium-bin/resources/app/out/vs/workbench/workbench.desktop.main.js:731:4062)
    at vscode-file://vscode-app/opt/vscodium-bin/resources/app/out/vs/workbench/workbench.desktop.main.js:1575:22811
2023-12-04 11:20:27.841 [error] Model is disposed!: Error: Model is disposed!
    at U._assertNotDisposed (vscode-file://vscode-app/opt/vscodium-bin/resources/app/out/vs/workbench/workbench.desktop.main.js:728:449)
    at U.findMatches (vscode-file://vscode-app/opt/vscodium-bin/resources/app/out/vs/workbench/workbench.desktop.main.js:731:4062)
    at vscode-file://vscode-app/opt/vscodium-bin/resources/app/out/vs/workbench/workbench.desktop.main.js:1575:22811
2023-12-04 11:21:46.247 [error] Model is disposed!: Error: Model is disposed!
    at U._assertNotDisposed (vscode-file://vscode-app/opt/vscodium-bin/resources/app/out/vs/workbench/workbench.desktop.main.js:728:449)
    at U.findMatches (vscode-file://vscode-app/opt/vscodium-bin/resources/app/out/vs/workbench/workbench.desktop.main.js:731:4062)
    at vscode-file://vscode-app/opt/vscodium-bin/resources/app/out/vs/workbench/workbench.desktop.main.js:1575:22811
2023-12-04 11:22:53.460 [error] Model is disposed!: Error: Model is disposed!
    at U._assertNotDisposed (vscode-file://vscode-app/opt/vscodium-bin/resources/app/out/vs/workbench/workbench.desktop.main.js:728:449)
    at U.findMatches (vscode-file://vscode-app/opt/vscodium-bin/resources/app/out/vs/workbench/workbench.desktop.main.js:731:4062)
    at vscode-file://vscode-app/opt/vscodium-bin/resources/app/out/vs/workbench/workbench.desktop.main.js:1575:22811
2023-12-04 11:24:54.437 [error] Model is disposed!: Error: Model is disposed!
    at U._assertNotDisposed (vscode-file://vscode-app/opt/vscodium-bin/resources/app/out/vs/workbench/workbench.desktop.main.js:728:449)
    at U.findMatches (vscode-file://vscode-app/opt/vscodium-bin/resources/app/out/vs/workbench/workbench.desktop.main.js:731:4062)
    at vscode-file://vscode-app/opt/vscodium-bin/resources/app/out/vs/workbench/workbench.desktop.main.js:1575:22811
2023-12-04 11:27:44.401 [error] Model is disposed!: Error: Model is disposed!
    at U._assertNotDisposed (vscode-file://vscode-app/opt/vscodium-bin/resources/app/out/vs/workbench/workbench.desktop.main.js:728:449)
    at U.findMatches (vscode-file://vscode-app/opt/vscodium-bin/resources/app/out/vs/workbench/workbench.desktop.main.js:731:4062)
    at vscode-file://vscode-app/opt/vscodium-bin/resources/app/out/vs/workbench/workbench.desktop.main.js:1575:22811
2023-12-04 11:27:58.847 [error] Model is disposed!: Error: Model is disposed!
    at U._assertNotDisposed (vscode-file://vscode-app/opt/vscodium-bin/resources/app/out/vs/workbench/workbench.desktop.main.js:728:449)
    at U.findMatches (vscode-file://vscode-app/opt/vscodium-bin/resources/app/out/vs/workbench/workbench.desktop.main.js:731:4062)
    at vscode-file://vscode-app/opt/vscodium-bin/resources/app/out/vs/workbench/workbench.desktop.main.js:1575:22811
2023-12-04 11:28:02.490 [error] Model is disposed!: Error: Model is disposed!
    at U._assertNotDisposed (vscode-file://vscode-app/opt/vscodium-bin/resources/app/out/vs/workbench/workbench.desktop.main.js:728:449)
    at U.findMatches (vscode-file://vscode-app/opt/vscodium-bin/resources/app/out/vs/workbench/workbench.desktop.main.js:731:4062)
    at vscode-file://vscode-app/opt/vscodium-bin/resources/app/out/vs/workbench/workbench.desktop.main.js:1575:22811
2023-12-04 11:29:43.114 [error] Model is disposed!: Error: Model is disposed!
    at U._assertNotDisposed (vscode-file://vscode-app/opt/vscodium-bin/resources/app/out/vs/workbench/workbench.desktop.main.js:728:449)
    at U.findMatches (vscode-file://vscode-app/opt/vscodium-bin/resources/app/out/vs/workbench/workbench.desktop.main.js:731:4062)
    at vscode-file://vscode-app/opt/vscodium-bin/resources/app/out/vs/workbench/workbench.desktop.main.js:1575:22811
2023-12-04 11:29:53.612 [error] Model is disposed!: Error: Model is disposed!
    at U._assertNotDisposed (vscode-file://vscode-app/opt/vscodium-bin/resources/app/out/vs/workbench/workbench.desktop.main.js:728:449)
    at U.findMatches (vscode-file://vscode-app/opt/vscodium-bin/resources/app/out/vs/workbench/workbench.desktop.main.js:731:4062)
    at vscode-file://vscode-app/opt/vscodium-bin/resources/app/out/vs/workbench/workbench.desktop.main.js:1575:22811
2023-12-04 11:30:02.479 [error] Model is disposed!: Error: Model is disposed!
    at U._assertNotDisposed (vscode-file://vscode-app/opt/vscodium-bin/resources/app/out/vs/workbench/workbench.desktop.main.js:728:449)
    at U.findMatches (vscode-file://vscode-app/opt/vscodium-bin/resources/app/out/vs/workbench/workbench.desktop.main.js:731:4062)
    at vscode-file://vscode-app/opt/vscodium-bin/resources/app/out/vs/workbench/workbench.desktop.main.js:1575:22811
2023-12-04 11:30:09.191 [error] Model is disposed!: Error: Model is disposed!
    at U._assertNotDisposed (vscode-file://vscode-app/opt/vscodium-bin/resources/app/out/vs/workbench/workbench.desktop.main.js:728:449)
    at U.findMatches (vscode-file://vscode-app/opt/vscodium-bin/resources/app/out/vs/workbench/workbench.desktop.main.js:731:4062)
    at vscode-file://vscode-app/opt/vscodium-bin/resources/app/out/vs/workbench/workbench.desktop.main.js:1575:22811
2023-12-04 11:30:38.957 [error] Model is disposed!: Error: Model is disposed!
    at U._assertNotDisposed (vscode-file://vscode-app/opt/vscodium-bin/resources/app/out/vs/workbench/workbench.desktop.main.js:728:449)
    at U.findMatches (vscode-file://vscode-app/opt/vscodium-bin/resources/app/out/vs/workbench/workbench.desktop.main.js:731:4062)
    at vscode-file://vscode-app/opt/vscodium-bin/resources/app/out/vs/workbench/workbench.desktop.main.js:1575:22811
2023-12-04 11:30:51.037 [error] Model is disposed!: Error: Model is disposed!
    at U._assertNotDisposed (vscode-file://vscode-app/opt/vscodium-bin/resources/app/out/vs/workbench/workbench.desktop.main.js:728:449)
    at U.findMatches (vscode-file://vscode-app/opt/vscodium-bin/resources/app/out/vs/workbench/workbench.desktop.main.js:731:4062)
    at vscode-file://vscode-app/opt/vscodium-bin/resources/app/out/vs/workbench/workbench.desktop.main.js:1575:22811
2023-12-04 11:32:04.985 [error] Model is disposed!: Error: Model is disposed!
    at U._assertNotDisposed (vscode-file://vscode-app/opt/vscodium-bin/resources/app/out/vs/workbench/workbench.desktop.main.js:728:449)
    at U.findMatches (vscode-file://vscode-app/opt/vscodium-bin/resources/app/out/vs/workbench/workbench.desktop.main.js:731:4062)
    at vscode-file://vscode-app/opt/vscodium-bin/resources/app/out/vs/workbench/workbench.desktop.main.js:1575:22811
2023-12-04 11:33:39.705 [error] TextModelPart is disposed!: Error: TextModelPart is disposed!
    at h.assertNotDisposed (vscode-file://vscode-app/opt/vscodium-bin/resources/app/out/vs/workbench/workbench.desktop.main.js:121:25151)
    at h.getWordAtPosition (vscode-file://vscode-app/opt/vscodium-bin/resources/app/out/vs/workbench/workbench.desktop.main.js:631:128672)
    at U.getWordAtPosition (vscode-file://vscode-app/opt/vscodium-bin/resources/app/out/vs/workbench/workbench.desktop.main.js:736:11585)
    at vscode-file://vscode-app/opt/vscodium-bin/resources/app/out/vs/workbench/workbench.desktop.main.js:1575:22701
2023-12-04 11:33:41.988 [error] TextModelPart is disposed!: Error: TextModelPart is disposed!
    at h.assertNotDisposed (vscode-file://vscode-app/opt/vscodium-bin/resources/app/out/vs/workbench/workbench.desktop.main.js:121:25151)
    at h.getWordAtPosition (vscode-file://vscode-app/opt/vscodium-bin/resources/app/out/vs/workbench/workbench.desktop.main.js:631:128672)
    at U.getWordAtPosition (vscode-file://vscode-app/opt/vscodium-bin/resources/app/out/vs/workbench/workbench.desktop.main.js:736:11585)
    at vscode-file://vscode-app/opt/vscodium-bin/resources/app/out/vs/workbench/workbench.desktop.main.js:1575:22701
2023-12-04 11:33:46.781 [error] Model is disposed!: Error: Model is disposed!
    at U._assertNotDisposed (vscode-file://vscode-app/opt/vscodium-bin/resources/app/out/vs/workbench/workbench.desktop.main.js:728:449)
    at U.findMatches (vscode-file://vscode-app/opt/vscodium-bin/resources/app/out/vs/workbench/workbench.desktop.main.js:731:4062)
    at vscode-file://vscode-app/opt/vscodium-bin/resources/app/out/vs/workbench/workbench.desktop.main.js:1575:22811
2023-12-04 11:35:50.195 [error] Model is disposed!: Error: Model is disposed!
    at U._assertNotDisposed (vscode-file://vscode-app/opt/vscodium-bin/resources/app/out/vs/workbench/workbench.desktop.main.js:728:449)
    at U.findMatches (vscode-file://vscode-app/opt/vscodium-bin/resources/app/out/vs/workbench/workbench.desktop.main.js:731:4062)
    at vscode-file://vscode-app/opt/vscodium-bin/resources/app/out/vs/workbench/workbench.desktop.main.js:1575:22811
2023-12-04 11:35:52.553 [error] Model is disposed!: Error: Model is disposed!
    at U._assertNotDisposed (vscode-file://vscode-app/opt/vscodium-bin/resources/app/out/vs/workbench/workbench.desktop.main.js:728:449)
    at U.findMatches (vscode-file://vscode-app/opt/vscodium-bin/resources/app/out/vs/workbench/workbench.desktop.main.js:731:4062)
    at vscode-file://vscode-app/opt/vscodium-bin/resources/app/out/vs/workbench/workbench.desktop.main.js:1575:22811
2023-12-04 11:35:57.576 [error] Model is disposed!: Error: Model is disposed!
    at U._assertNotDisposed (vscode-file://vscode-app/opt/vscodium-bin/resources/app/out/vs/workbench/workbench.desktop.main.js:728:449)
    at U.findMatches (vscode-file://vscode-app/opt/vscodium-bin/resources/app/out/vs/workbench/workbench.desktop.main.js:731:4062)
    at vscode-file://vscode-app/opt/vscodium-bin/resources/app/out/vs/workbench/workbench.desktop.main.js:1575:22811
2023-12-04 11:36:11.816 [error] Model is disposed!: Error: Model is disposed!
    at U._assertNotDisposed (vscode-file://vscode-app/opt/vscodium-bin/resources/app/out/vs/workbench/workbench.desktop.main.js:728:449)
    at U.findMatches (vscode-file://vscode-app/opt/vscodium-bin/resources/app/out/vs/workbench/workbench.desktop.main.js:731:4062)
    at vscode-file://vscode-app/opt/vscodium-bin/resources/app/out/vs/workbench/workbench.desktop.main.js:1575:22811
2023-12-04 11:36:24.462 [error] Model is disposed!: Error: Model is disposed!
    at U._assertNotDisposed (vscode-file://vscode-app/opt/vscodium-bin/resources/app/out/vs/workbench/workbench.desktop.main.js:728:449)
    at U.findMatches (vscode-file://vscode-app/opt/vscodium-bin/resources/app/out/vs/workbench/workbench.desktop.main.js:731:4062)
    at vscode-file://vscode-app/opt/vscodium-bin/resources/app/out/vs/workbench/workbench.desktop.main.js:1575:22811
2023-12-04 11:37:09.020 [error] Model is disposed!: Error: Model is disposed!
    at U._assertNotDisposed (vscode-file://vscode-app/opt/vscodium-bin/resources/app/out/vs/workbench/workbench.desktop.main.js:728:449)
    at U.findMatches (vscode-file://vscode-app/opt/vscodium-bin/resources/app/out/vs/workbench/workbench.desktop.main.js:731:4062)
    at vscode-file://vscode-app/opt/vscodium-bin/resources/app/out/vs/workbench/workbench.desktop.main.js:1575:22811
2023-12-04 11:37:59.097 [error] TextModelPart is disposed!: Error: TextModelPart is disposed!
    at h.assertNotDisposed (vscode-file://vscode-app/opt/vscodium-bin/resources/app/out/vs/workbench/workbench.desktop.main.js:121:25151)
    at h.getWordAtPosition (vscode-file://vscode-app/opt/vscodium-bin/resources/app/out/vs/workbench/workbench.desktop.main.js:631:128672)
    at U.getWordAtPosition (vscode-file://vscode-app/opt/vscodium-bin/resources/app/out/vs/workbench/workbench.desktop.main.js:736:11585)
    at vscode-file://vscode-app/opt/vscodium-bin/resources/app/out/vs/workbench/workbench.desktop.main.js:1575:22701
2023-12-04 11:41:00.861 [error] Model is disposed!: Error: Model is disposed!
    at U._assertNotDisposed (vscode-file://vscode-app/opt/vscodium-bin/resources/app/out/vs/workbench/workbench.desktop.main.js:728:449)
    at U.findMatches (vscode-file://vscode-app/opt/vscodium-bin/resources/app/out/vs/workbench/workbench.desktop.main.js:731:4062)
    at vscode-file://vscode-app/opt/vscodium-bin/resources/app/out/vs/workbench/workbench.desktop.main.js:1575:22811
2023-12-04 11:42:39.485 [error] Model is disposed!: Error: Model is disposed!
    at U._assertNotDisposed (vscode-file://vscode-app/opt/vscodium-bin/resources/app/out/vs/workbench/workbench.desktop.main.js:728:449)
    at U.findMatches (vscode-file://vscode-app/opt/vscodium-bin/resources/app/out/vs/workbench/workbench.desktop.main.js:731:4062)
    at vscode-file://vscode-app/opt/vscodium-bin/resources/app/out/vs/workbench/workbench.desktop.main.js:1575:22811
2023-12-04 11:42:50.986 [error] Model is disposed!: Error: Model is disposed!
    at U._assertNotDisposed (vscode-file://vscode-app/opt/vscodium-bin/resources/app/out/vs/workbench/workbench.desktop.main.js:728:449)
    at U.findMatches (vscode-file://vscode-app/opt/vscodium-bin/resources/app/out/vs/workbench/workbench.desktop.main.js:731:4062)
    at vscode-file://vscode-app/opt/vscodium-bin/resources/app/out/vs/workbench/workbench.desktop.main.js:1575:22811
2023-12-04 11:44:26.406 [error] Model is disposed!: Error: Model is disposed!
    at U._assertNotDisposed (vscode-file://vscode-app/opt/vscodium-bin/resources/app/out/vs/workbench/workbench.desktop.main.js:728:449)
    at U.findMatches (vscode-file://vscode-app/opt/vscodium-bin/resources/app/out/vs/workbench/workbench.desktop.main.js:731:4062)
    at vscode-file://vscode-app/opt/vscodium-bin/resources/app/out/vs/workbench/workbench.desktop.main.js:1575:22811
2023-12-04 11:44:26.805 [error] TextModelPart is disposed!: Error: TextModelPart is disposed!
    at h.assertNotDisposed (vscode-file://vscode-app/opt/vscodium-bin/resources/app/out/vs/workbench/workbench.desktop.main.js:121:25151)
    at h.getWordAtPosition (vscode-file://vscode-app/opt/vscodium-bin/resources/app/out/vs/workbench/workbench.desktop.main.js:631:128672)
    at U.getWordAtPosition (vscode-file://vscode-app/opt/vscodium-bin/resources/app/out/vs/workbench/workbench.desktop.main.js:736:11585)
    at vscode-file://vscode-app/opt/vscodium-bin/resources/app/out/vs/workbench/workbench.desktop.main.js:1575:22701
2023-12-04 11:44:27.718 [error] Model is disposed!: Error: Model is disposed!
    at U._assertNotDisposed (vscode-file://vscode-app/opt/vscodium-bin/resources/app/out/vs/workbench/workbench.desktop.main.js:728:449)
    at U.findMatches (vscode-file://vscode-app/opt/vscodium-bin/resources/app/out/vs/workbench/workbench.desktop.main.js:731:4062)
    at vscode-file://vscode-app/opt/vscodium-bin/resources/app/out/vs/workbench/workbench.desktop.main.js:1575:22811
2023-12-04 11:44:33.753 [error] Model is disposed!: Error: Model is disposed!
    at U._assertNotDisposed (vscode-file://vscode-app/opt/vscodium-bin/resources/app/out/vs/workbench/workbench.desktop.main.js:728:449)
    at U.findMatches (vscode-file://vscode-app/opt/vscodium-bin/resources/app/out/vs/workbench/workbench.desktop.main.js:731:4062)
    at vscode-file://vscode-app/opt/vscodium-bin/resources/app/out/vs/workbench/workbench.desktop.main.js:1575:22811
