2023-12-04 10:42:57.624 [info] Added views:workbench.panel.markers.view in workbench.panel.markers
2023-12-04 10:42:57.624 [info] Added views:workbench.panel.output in workbench.panel.output
2023-12-04 10:42:57.624 [info] Added views:terminal in terminal
2023-12-04 10:42:57.624 [info] Added views:outline in workbench.view.explorer
2023-12-04 10:42:57.624 [info] Added views:workbench.scm in workbench.view.scm
2023-12-04 10:42:57.624 [info] Added views:workbench.view.search in workbench.view.search
2023-12-04 10:42:57.624 [info] Added views:timeline in workbench.view.explorer
2023-12-04 10:42:57.624 [info] Added views:workbench.explorer.fileView in workbench.view.explorer
2023-12-04 10:42:58.349 [info] Added views:workbench.debug.variablesView,workbench.debug.watchExpressionsView,workbench.debug.callStackView,workbench.debug.breakPointsView in workbench.view.debug
2023-12-04 10:42:58.405 [info] Added views:workbench.panel.repl.view in workbench.panel.repl
2023-12-04 10:42:58.407 [info] Removed views:workbench.debug.breakPointsView,workbench.debug.callStackView,workbench.debug.watchExpressionsView,workbench.debug.variablesView from workbench.view.debug
2023-12-04 10:42:58.408 [info] Added views:workbench.debug.welcome in workbench.view.debug
2023-12-04 10:42:58.950 [info] Added views:workbench.view.testing in workbench.view.extension.test
2023-12-04 10:42:59.085 [info] Added views:~remote.forwardedPorts in ~remote.forwardedPortsContainer
2023-12-04 10:43:10.177 [info] Removed views:workbench.view.testing from workbench.view.extension.test
2023-12-04 10:43:10.803 [info] Added views:workbench.panel.markers.view in workbench.panel.markers
2023-12-04 10:43:10.803 [info] Added views:workbench.panel.output in workbench.panel.output
2023-12-04 10:43:10.803 [info] Added views:terminal in terminal
2023-12-04 10:43:10.803 [info] Added views:outline in workbench.view.explorer
2023-12-04 10:43:10.803 [info] Added views:workbench.scm in workbench.view.scm
2023-12-04 10:43:10.803 [info] Added views:workbench.view.search in workbench.view.search
2023-12-04 10:43:10.803 [info] Added views:timeline in workbench.view.explorer
2023-12-04 10:43:10.803 [info] Added views:workbench.debug.welcome in workbench.view.debug
2023-12-04 10:43:10.803 [info] Added views:workbench.explorer.fileView in workbench.view.explorer
2023-12-04 10:43:11.467 [info] Added views:workbench.panel.repl.view in workbench.panel.repl
2023-12-04 10:43:11.925 [info] Added views:workbench.view.testing in workbench.view.extension.test
2023-12-04 10:43:12.640 [info] Added views:jupyterViewVariables in workbench.view.extension.jupyter-variables
2023-12-04 10:43:12.654 [info] Added views:cell-tag in workbench.view.extension.jupyter-variables
2023-12-04 10:43:14.610 [info] Added views:~remote.forwardedPorts in ~remote.forwardedPortsContainer
2023-12-04 11:32:56.746 [info] Added views:workbench.views.extensions.installed,workbench.views.extensions.popular,extensions.recommendedList in workbench.view.extensions
2023-12-04 11:32:56.753 [info] Removed views:workbench.views.extensions.popular from workbench.view.extensions
2023-12-04 11:51:42.994 [info] Removed views:cell-tag,jupyterViewVariables from workbench.view.extension.jupyter-variables
2023-12-04 11:51:49.184 [info] Removed views:workbench.view.testing from workbench.view.extension.test
