2023-12-03 16:48:05.991 [info] Added views:workbench.panel.markers.view in workbench.panel.markers
2023-12-03 16:48:05.991 [info] Added views:workbench.panel.output in workbench.panel.output
2023-12-03 16:48:05.991 [info] Added views:terminal in terminal
2023-12-03 16:48:05.991 [info] Added views:outline in workbench.view.explorer
2023-12-03 16:48:05.991 [info] Added views:workbench.scm in workbench.view.scm
2023-12-03 16:48:05.991 [info] Added views:workbench.view.search in workbench.view.search
2023-12-03 16:48:05.991 [info] Added views:timeline in workbench.view.explorer
2023-12-03 16:48:05.991 [info] Added views:workbench.explorer.fileView in workbench.view.explorer
2023-12-03 16:48:06.724 [info] Added views:workbench.debug.welcome in workbench.view.debug
2023-12-03 16:48:06.725 [info] Added views:workbench.debug.breakPointsView in workbench.view.debug
2023-12-03 16:48:07.099 [info] Added views:workbench.panel.repl.view in workbench.panel.repl
2023-12-03 16:48:07.948 [info] Added views:workbench.view.testing in workbench.view.extension.test
2023-12-03 16:48:08.849 [info] Added views:~remote.forwardedPorts in ~remote.forwardedPortsContainer
2023-12-03 16:48:52.808 [info] Removed views:workbench.view.testing from workbench.view.extension.test
2023-12-03 16:48:53.802 [info] Added views:workbench.panel.markers.view in workbench.panel.markers
2023-12-03 16:48:53.802 [info] Added views:workbench.panel.output in workbench.panel.output
2023-12-03 16:48:53.802 [info] Added views:terminal in terminal
2023-12-03 16:48:53.802 [info] Added views:outline in workbench.view.explorer
2023-12-03 16:48:53.802 [info] Added views:workbench.scm in workbench.view.scm
2023-12-03 16:48:53.802 [info] Added views:workbench.view.search in workbench.view.search
2023-12-03 16:48:53.802 [info] Added views:timeline in workbench.view.explorer
2023-12-03 16:48:53.802 [info] Added views:workbench.explorer.fileView in workbench.view.explorer
2023-12-03 16:48:54.477 [info] Added views:workbench.debug.variablesView,workbench.debug.watchExpressionsView,workbench.debug.callStackView,workbench.debug.breakPointsView in workbench.view.debug
2023-12-03 16:48:54.568 [info] Added views:~remote.forwardedPorts in ~remote.forwardedPortsContainer
2023-12-03 16:48:54.619 [info] Added views:workbench.panel.repl.view in workbench.panel.repl
2023-12-03 16:48:54.621 [info] Removed views:workbench.debug.breakPointsView,workbench.debug.callStackView,workbench.debug.watchExpressionsView,workbench.debug.variablesView from workbench.view.debug
2023-12-03 16:48:54.622 [info] Added views:workbench.debug.welcome in workbench.view.debug
2023-12-03 16:48:55.181 [info] Added views:workbench.view.testing in workbench.view.extension.test
2023-12-03 16:49:21.503 [info] Added views:workbench.views.extensions.installed,workbench.views.extensions.popular,extensions.recommendedList in workbench.view.extensions
2023-12-03 16:49:21.507 [info] Removed views:workbench.views.extensions.popular from workbench.view.extensions
2023-12-03 16:49:31.098 [info] Removed views:workbench.view.testing from workbench.view.extension.test
