2023-12-03 17:48:04.271 [info] Telemetry level is off
2023-12-03 17:48:04.271 [info] Experiments are disabled, only manually opted experiments are active.
2023-12-03 17:48:04.271 [info] Default formatter is set to charliermarsh.ruff for workspace /home/like/Documents/pb_labs/miniprojects/third_miniproject
2023-12-03 17:48:04.271 [info] Test server listening.
2023-12-03 17:48:04.271 [info] > conda info --json
2023-12-03 17:48:04.271 [info] Python interpreter path: /bin/python
2023-12-03 17:48:04.955 [info] Starting Jedi language server for third_miniproject.
2023-12-03 17:48:42.247 [info] Telemetry level is off
2023-12-03 17:48:42.247 [info] Experiments are disabled, only manually opted experiments are active.
2023-12-03 17:48:42.261 [info] Default formatter is set to charliermarsh.ruff for workspace /home/like/Documents/calculus_add
2023-12-03 17:48:42.269 [info] Test server listening.
2023-12-03 17:48:42.314 [info] Python interpreter path: /bin/python
2023-12-03 17:48:42.387 [warning] Retry failed, storage update failed for key PYTHON_GLOBAL_STORAGE_KEYS
2023-12-03 17:48:42.403 [warning] Retry failed, storage update failed for key PYTHON_WORKSPACE_STORAGE_KEYS
2023-12-03 17:48:42.403 [warning] Retry failed, storage update failed for key PYTHON_WORKSPACE_STORAGE_KEYS
2023-12-03 17:48:42.403 [warning] Retry failed, storage update failed for key PYTHON_WORKSPACE_STORAGE_KEYS
2023-12-03 17:48:42.403 [warning] Retry failed, storage update failed for key PYTHON_WORKSPACE_STORAGE_KEYS
2023-12-03 17:48:42.819 [info] Starting Jedi language server for calculus_add.
2023-12-03 17:48:46.324 [info] > conda info --json
2023-12-03 18:05:21.436 [info] Found: /bin/python --> /bin/python3.11
2023-12-03 18:05:21.436 [info] Found: /bin/python3 --> /bin/python3.11
2023-12-03 18:05:21.436 [info] Found: /bin/python3.11 --> /bin/python3.11
2023-12-03 18:05:21.458 [info] Found: /sbin/python --> /sbin/python3.11
2023-12-03 18:05:21.458 [info] Found: /sbin/python3 --> /sbin/python3.11
2023-12-03 18:05:21.458 [info] Found: /sbin/python3.11 --> /sbin/python3.11
2023-12-03 18:05:21.461 [info] Found: /usr/bin/python --> /usr/bin/python3.11
2023-12-03 18:05:21.462 [info] Found: /usr/bin/python3 --> /usr/bin/python3.11
2023-12-03 18:05:21.462 [info] Found: /usr/bin/python3.11 --> /usr/bin/python3.11
2023-12-03 18:05:21.476 [info] Found: /usr/sbin/python --> /usr/sbin/python3.11
2023-12-03 18:05:21.476 [info] Found: /usr/sbin/python3 --> /usr/sbin/python3.11
2023-12-03 18:05:21.476 [info] Found: /usr/sbin/python3.11 --> /usr/sbin/python3.11
2023-12-03 18:05:21.488 [info] > /bin/python -I ~/.vscode-oss/extensions/ms-python.python-2023.20.0-universal/pythonFiles/get_output_via_markers.py ~/.vscode-oss/extensions/ms-python.python-2023.20.0-universal/pythonFiles/interpreterInfo.py
2023-12-03 18:05:21.497 [info] > /sbin/python -I ~/.vscode-oss/extensions/ms-python.python-2023.20.0-universal/pythonFiles/get_output_via_markers.py ~/.vscode-oss/extensions/ms-python.python-2023.20.0-universal/pythonFiles/interpreterInfo.py
2023-12-03 18:05:21.518 [info] > /usr/bin/python -I ~/.vscode-oss/extensions/ms-python.python-2023.20.0-universal/pythonFiles/get_output_via_markers.py ~/.vscode-oss/extensions/ms-python.python-2023.20.0-universal/pythonFiles/interpreterInfo.py
2023-12-03 18:05:21.526 [info] > /usr/sbin/python -I ~/.vscode-oss/extensions/ms-python.python-2023.20.0-universal/pythonFiles/get_output_via_markers.py ~/.vscode-oss/extensions/ms-python.python-2023.20.0-universal/pythonFiles/interpreterInfo.py
