2023-12-02 15:57:14.338 [info] Name: Pylint
2023-12-02 15:57:14.338 [info] Module: pylint
2023-12-02 15:57:14.338 [info] Python extension loading
2023-12-02 15:57:14.338 [info] Waiting for interpreter from Python extension.
2023-12-02 15:57:14.338 [info] No interpreter found from setting pylint.interpreter
2023-12-02 15:57:14.338 [info] Getting interpreter from ms-python.python extension for workspace /home/like/Documents/pb_labs/LAB12
2023-12-02 15:57:14.338 [info] Python extension loaded
2023-12-02 15:57:14.338 [info] Interpreter from ms-python.python extension for /home/like/Documents/pb_labs/LAB12: /bin/python
2023-12-02 15:57:14.338 [info] No interpreter found from setting pylint.interpreter
2023-12-02 15:57:14.338 [info] Getting interpreter from ms-python.python extension for workspace /home/like/Documents/pb_labs/LAB12
2023-12-02 15:57:14.338 [info] Interpreter from ms-python.python extension for /home/like/Documents/pb_labs/LAB12: /bin/python
2023-12-02 15:57:14.338 [info] Server run command: /bin/python /home/like/.vscode-oss/extensions/ms-python.pylint-2023.10.1-universal/bundled/tool/lsp_server.py
2023-12-02 15:57:14.338 [info] Server: Start requested.
2023-12-02 15:57:14.721 [info] CWD Server: /home/like/Documents/pb_labs/LAB12
2023-12-02 15:57:14.722 [info] Settings used to run Server:
[
    {
        "cwd": "/home/like/Documents/pb_labs/LAB12",
        "workspace": "file:///home/like/Documents/pb_labs/LAB12",
        "args": [],
        "severity": {
            "convention": "Information",
            "error": "Error",
            "fatal": "Error",
            "refactor": "Hint",
            "warning": "Warning",
            "info": "Information"
        },
        "path": [],
        "ignorePatterns": [],
        "interpreter": [
            "/bin/python"
        ],
        "importStrategy": "useBundled",
        "showNotifications": "off",
        "extraPaths": []
    }
]

2023-12-02 15:57:14.722 [info] Global settings:
{
    "cwd": "${workspaceFolder}",
    "workspace": "/home/like",
    "args": [],
    "severity": {
        "convention": "Information",
        "error": "Error",
        "fatal": "Error",
        "refactor": "Hint",
        "warning": "Warning",
        "info": "Information"
    },
    "path": [],
    "ignorePatterns": [],
    "interpreter": [],
    "importStrategy": "useBundled",
    "showNotifications": "off",
    "extraPaths": []
}

2023-12-02 15:57:14.722 [info] sys.path used to run Server:
   /home/like/Documents/pb_labs/LAB12
   /home/like/.vscode-oss/extensions/ms-python.pylint-2023.10.1-universal/bundled/libs
   /home/like/.vscode-oss/extensions/ms-python.pylint-2023.10.1-universal/bundled/tool
   /usr/lib/python311.zip
   /usr/lib/python3.11
   /usr/lib/python3.11/lib-dynload
   /usr/lib/python3.11/site-packages
2023-12-02 15:57:14.724 [info] /bin/python -m pylint --version
2023-12-02 15:57:14.725 [info] CWD Linter: /home/like/Documents/pb_labs/LAB12
2023-12-02 15:57:14.841 [info] 
pylint 3.0.2
astroid 3.0.1
Python 3.11.6 (main, Nov 14 2023, 09:36:21) [GCC 13.2.1 20230801]


2023-12-02 15:57:14.841 [info] Version info for linter running for /home/like/Documents/pb_labs/LAB12:
pylint 3.0.2
astroid 3.0.1
Python 3.11.6 (main, Nov 14 2023, 09:36:21) [GCC 13.2.1 20230801]

2023-12-02 15:57:14.842 [info] SUPPORTED pylint>=2.12.2
FOUND pylint==3.0.2

2023-12-02 15:57:14.852 [info] [Trace - 3:57:14 PM] Received notification 'window/logMessage'.
2023-12-02 15:57:14.852 [info] [Warn  - 3:57:14 PM] Skipping notebook cells [Not Supported]: vscode-notebook-cell:/home/like/Documents/pb_labs/LAB12/pandas_olympics.ipynb#W1sZmlsZQ%3D%3D
2023-12-02 15:57:14.852 [info] [Trace - 3:57:14 PM] Sending request 'textDocument/codeAction - (1)'.
2023-12-02 15:57:14.854 [info] [Trace - 3:57:14 PM] Received notification 'textDocument/publishDiagnostics'.
2023-12-02 15:57:14.855 [info] [Trace - 3:57:14 PM] Received notification 'window/logMessage'.
2023-12-02 15:57:14.855 [info] [Warn  - 3:57:14 PM] Skipping notebook cells [Not Supported]: vscode-notebook-cell:/home/like/Documents/pb_labs/LAB12/pandas_olympics.ipynb#W3sZmlsZQ%3D%3D
2023-12-02 15:57:14.855 [info] [Trace - 3:57:14 PM] Received notification 'textDocument/publishDiagnostics'.
2023-12-02 15:57:14.856 [info] [Trace - 3:57:14 PM] Received notification 'window/logMessage'.
2023-12-02 15:57:14.856 [info] [Warn  - 3:57:14 PM] Skipping notebook cells [Not Supported]: vscode-notebook-cell:/home/like/Documents/pb_labs/LAB12/pandas_olympics.ipynb#W6sZmlsZQ%3D%3D
2023-12-02 15:57:14.856 [info] [Trace - 3:57:14 PM] Received notification 'textDocument/publishDiagnostics'.
2023-12-02 15:57:14.856 [info] [Trace - 3:57:14 PM] Received notification 'window/logMessage'.
2023-12-02 15:57:14.856 [info] [Warn  - 3:57:14 PM] Skipping notebook cells [Not Supported]: vscode-notebook-cell:/home/like/Documents/pb_labs/LAB12/pandas_olympics.ipynb#X11sZmlsZQ%3D%3D
2023-12-02 15:57:14.857 [info] [Trace - 3:57:14 PM] Received notification 'textDocument/publishDiagnostics'.
2023-12-02 15:57:14.857 [info] [Trace - 3:57:14 PM] Received notification 'window/logMessage'.
2023-12-02 15:57:14.857 [info] [Warn  - 3:57:14 PM] Skipping notebook cells [Not Supported]: vscode-notebook-cell:/home/like/Documents/pb_labs/LAB12/pandas_olympics.ipynb#X13sZmlsZQ%3D%3D
2023-12-02 15:57:14.857 [info] [Trace - 3:57:14 PM] Received notification 'textDocument/publishDiagnostics'.
2023-12-02 15:57:14.858 [info] [Trace - 3:57:14 PM] Received notification 'window/logMessage'.
2023-12-02 15:57:14.858 [info] [Warn  - 3:57:14 PM] Skipping notebook cells [Not Supported]: vscode-notebook-cell:/home/like/Documents/pb_labs/LAB12/pandas_olympics.ipynb#X15sZmlsZQ%3D%3D
2023-12-02 15:57:14.858 [info] [Trace - 3:57:14 PM] Received notification 'textDocument/publishDiagnostics'.
2023-12-02 15:57:14.859 [info] [Trace - 3:57:14 PM] Received notification 'window/logMessage'.
2023-12-02 15:57:14.859 [info] /bin/python -m pylint --reports=n --output-format=json --clear-cache-post-run=y --from-stdin /home/like/Documents/pb_labs/LAB12/counties_process.py
2023-12-02 15:57:14.859 [info] [Trace - 3:57:14 PM] Received notification 'window/logMessage'.
2023-12-02 15:57:14.859 [info] CWD Linter: /home/like/Documents/pb_labs/LAB12
2023-12-02 15:57:15.808 [info] file:///home/like/Documents/pb_labs/LAB12/counties_process.py :
[
    {
        "type": "convention",
        "module": "counties_process",
        "obj": "",
        "line": 23,
        "column": 36,
        "endLine": null,
        "endColumn": null,
        "path": "counties_process.py",
        "symbol": "trailing-whitespace",
        "message": "Trailing whitespace",
        "message-id": "C0303"
    },
    {
        "type": "convention",
        "module": "counties_process",
        "obj": "",
        "line": 1,
        "column": 0,
        "endLine": null,
        "endColumn": null,
        "path": "counties_process.py",
        "symbol": "missing-module-docstring",
        "message": "Missing module docstring",
        "message-id": "C0114"
    },
    {
        "type": "convention",
        "module": "counties_process",
        "obj": "conditional_counties",
        "line": 26,
        "column": 0,
        "endLine": 26,
        "endColumn": 24,
        "path": "counties_process.py",
        "symbol": "missing-function-docstring",
        "message": "Missing function or method docstring",
        "message-id": "C0116"
    },
    {
        "type": "warning",
        "module": "counties_process",
        "obj": "conditional_counties",
        "line": 26,
        "column": 25,
        "endLine": 26,
        "endColumn": 31,
        "path": "counties_process.py",
        "symbol": "unused-argument",
        "message": "Unused argument 'data_f'",
        "message-id": "W0613"
    }
]

2023-12-02 15:57:24.763 [info] [Warn  - 3:57:24 PM] Skipping notebook cells [Not Supported]: vscode-notebook-cell:/home/like/Documents/pb_labs/LAB12/pandas_countries.ipynb#W0sZmlsZQ%3D%3D
2023-12-02 15:57:24.766 [info] [Warn  - 3:57:24 PM] Skipping notebook cells [Not Supported]: vscode-notebook-cell:/home/like/Documents/pb_labs/LAB12/pandas_countries.ipynb#W1sZmlsZQ%3D%3D
2023-12-02 15:57:24.766 [info] [Warn  - 3:57:24 PM] Skipping notebook cells [Not Supported]: vscode-notebook-cell:/home/like/Documents/pb_labs/LAB12/pandas_countries.ipynb#W2sZmlsZQ%3D%3D
2023-12-02 15:57:24.767 [info] [Warn  - 3:57:24 PM] Skipping notebook cells [Not Supported]: vscode-notebook-cell:/home/like/Documents/pb_labs/LAB12/pandas_countries.ipynb#W3sZmlsZQ%3D%3D
2023-12-02 16:01:13.922 [info] [Warn  - 4:01:13 PM] Skipping notebook cells [Not Supported]: vscode-notebook-cell:/home/like/Documents/pb_labs/LAB12/pandas_olympics.ipynb#W1sZmlsZQ%3D%3D
2023-12-02 16:01:13.923 [info] [Warn  - 4:01:13 PM] Skipping notebook cells [Not Supported]: vscode-notebook-cell:/home/like/Documents/pb_labs/LAB12/pandas_olympics.ipynb#W3sZmlsZQ%3D%3D
2023-12-02 16:01:13.923 [info] [Warn  - 4:01:13 PM] Skipping notebook cells [Not Supported]: vscode-notebook-cell:/home/like/Documents/pb_labs/LAB12/pandas_olympics.ipynb#W6sZmlsZQ%3D%3D
2023-12-02 16:01:13.924 [info] [Warn  - 4:01:13 PM] Skipping notebook cells [Not Supported]: vscode-notebook-cell:/home/like/Documents/pb_labs/LAB12/pandas_olympics.ipynb#X11sZmlsZQ%3D%3D
2023-12-02 16:01:13.924 [info] [Warn  - 4:01:13 PM] Skipping notebook cells [Not Supported]: vscode-notebook-cell:/home/like/Documents/pb_labs/LAB12/pandas_olympics.ipynb#X13sZmlsZQ%3D%3D
2023-12-02 16:01:13.927 [info] [Warn  - 4:01:13 PM] Skipping notebook cells [Not Supported]: vscode-notebook-cell:/home/like/Documents/pb_labs/LAB12/pandas_olympics.ipynb#X15sZmlsZQ%3D%3D
