2023-12-03 17:48:04.440 [info] Name: Pylint
2023-12-03 17:48:04.440 [info] Module: pylint
2023-12-03 17:48:04.440 [info] Python extension loading
2023-12-03 17:48:04.440 [info] Waiting for interpreter from Python extension.
2023-12-03 17:48:04.440 [info] No interpreter found from setting pylint.interpreter
2023-12-03 17:48:04.440 [info] Getting interpreter from ms-python.python extension for workspace /home/like/Documents/pb_labs/miniprojects/third_miniproject
2023-12-03 17:48:04.440 [info] Python extension loaded
2023-12-03 17:48:04.440 [info] Interpreter from ms-python.python extension for /home/like/Documents/pb_labs/miniprojects/third_miniproject: /bin/python
2023-12-03 17:48:04.440 [info] No interpreter found from setting pylint.interpreter
2023-12-03 17:48:04.440 [info] Getting interpreter from ms-python.python extension for workspace /home/like/Documents/pb_labs/miniprojects/third_miniproject
2023-12-03 17:48:04.440 [info] Interpreter from ms-python.python extension for /home/like/Documents/pb_labs/miniprojects/third_miniproject: /bin/python
2023-12-03 17:48:04.440 [info] Server run command: /bin/python /home/like/.vscode-oss/extensions/ms-python.pylint-2023.10.1-universal/bundled/tool/lsp_server.py
2023-12-03 17:48:04.440 [info] Server: Start requested.
2023-12-03 17:48:04.818 [info] CWD Server: /home/like/Documents/pb_labs/miniprojects/third_miniproject
2023-12-03 17:48:04.818 [info] Settings used to run Server:
[
    {
        "cwd": "/home/like/Documents/pb_labs/miniprojects/third_miniproject",
        "workspace": "file:///home/like/Documents/pb_labs/miniprojects/third_miniproject",
        "args": [],
        "severity": {
            "convention": "Information",
            "error": "Error",
            "fatal": "Error",
            "refactor": "Hint",
            "warning": "Warning",
            "info": "Information"
        },
        "path": [],
        "ignorePatterns": [],
        "interpreter": [
            "/bin/python"
        ],
        "importStrategy": "useBundled",
        "showNotifications": "off",
        "extraPaths": []
    }
]

2023-12-03 17:48:04.818 [info] Global settings:
{
    "cwd": "${workspaceFolder}",
    "workspace": "/home/like",
    "args": [],
    "severity": {
        "convention": "Information",
        "error": "Error",
        "fatal": "Error",
        "refactor": "Hint",
        "warning": "Warning",
        "info": "Information"
    },
    "path": [],
    "ignorePatterns": [],
    "interpreter": [],
    "importStrategy": "useBundled",
    "showNotifications": "off",
    "extraPaths": []
}

2023-12-03 17:48:04.818 [info] sys.path used to run Server:
   /home/like/Documents/pb_labs/miniprojects/third_miniproject
   /home/like/.vscode-oss/extensions/ms-python.pylint-2023.10.1-universal/bundled/libs
   /home/like/.vscode-oss/extensions/ms-python.pylint-2023.10.1-universal/bundled/tool
   /usr/lib/python311.zip
   /usr/lib/python3.11
   /usr/lib/python3.11/lib-dynload
   /usr/lib/python3.11/site-packages
2023-12-03 17:48:04.818 [info] /bin/python -m pylint --version
2023-12-03 17:48:04.818 [info] CWD Linter: /home/like/Documents/pb_labs/miniprojects/third_miniproject
2023-12-03 17:48:04.882 [info] 
pylint 3.0.2
astroid 3.0.1
Python 3.11.6 (main, Nov 14 2023, 09:36:21) [GCC 13.2.1 20230801]


2023-12-03 17:48:04.882 [info] Version info for linter running for /home/like/Documents/pb_labs/miniprojects/third_miniproject:
pylint 3.0.2
astroid 3.0.1
Python 3.11.6 (main, Nov 14 2023, 09:36:21) [GCC 13.2.1 20230801]

2023-12-03 17:48:04.882 [info] SUPPORTED pylint>=2.12.2
FOUND pylint==3.0.2

2023-12-03 17:48:04.887 [info] [Trace - 5:48:04 PM] Sending request 'textDocument/codeAction - (1)'.
2023-12-03 17:48:04.888 [info] [Trace - 5:48:04 PM] Received notification 'window/logMessage'.
2023-12-03 17:48:04.888 [info] /bin/python -m pylint --reports=n --output-format=json --clear-cache-post-run=y --from-stdin /home/like/Documents/pb_labs/miniprojects/third_miniproject/player2.py
2023-12-03 17:48:04.888 [info] [Trace - 5:48:04 PM] Received notification 'window/logMessage'.
2023-12-03 17:48:04.888 [info] CWD Linter: /home/like/Documents/pb_labs/miniprojects/third_miniproject
2023-12-03 17:48:04.958 [info] [Trace - 5:48:04 PM] Sending notification '$/cancelRequest'.
2023-12-03 17:48:04.961 [info] [Trace - 5:48:04 PM] Sending request 'textDocument/codeAction - (2)'.
2023-12-03 17:48:05.382 [info] [Trace - 5:48:05 PM] Received notification 'window/logMessage'.
2023-12-03 17:48:05.382 [info] file:///home/like/Documents/pb_labs/miniprojects/third_miniproject/player2.py :
[
    {
        "type": "convention",
        "module": "player2",
        "obj": "main",
        "line": 156,
        "column": 0,
        "endLine": 156,
        "endColumn": 8,
        "path": "player2.py",
        "symbol": "missing-function-docstring",
        "message": "Missing function or method docstring",
        "message-id": "C0116"
    }
]

2023-12-03 17:48:05.383 [info] [Trace - 5:48:05 PM] Received notification 'textDocument/publishDiagnostics'.
2023-12-03 17:48:05.386 [info] [Trace - 5:48:05 PM] Received response 'textDocument/codeAction - (1)' in 499ms.
2023-12-03 17:48:05.387 [info] [Trace - 5:48:05 PM] Received response 'textDocument/codeAction - (2)' in 426ms.
2023-12-03 17:48:05.637 [info] [Trace - 5:48:05 PM] Sending request 'textDocument/codeAction - (3)'.
2023-12-03 17:48:05.639 [info] [Trace - 5:48:05 PM] Received response 'textDocument/codeAction - (3)' in 2ms.
2023-12-03 17:48:05.913 [info] [Trace - 5:48:05 PM] Sending request 'textDocument/codeAction - (4)'.
2023-12-03 17:48:05.914 [info] [Trace - 5:48:05 PM] Received response 'textDocument/codeAction - (4)' in 1ms.
2023-12-03 17:48:40.780 [info] [Trace - 5:48:40 PM] Sending request 'shutdown - (5)'.
2023-12-03 17:48:40.785 [info] [Trace - 5:48:40 PM] Received response 'shutdown - (5)' in 14ms.
2023-12-03 17:48:40.785 [info] [Trace - 5:48:40 PM] Sending notification 'exit'.
2023-12-03 17:49:02.123 [info] Name: Pylint
2023-12-03 17:49:02.123 [info] Module: pylint
2023-12-03 17:49:02.123 [info] Python extension loading
2023-12-03 17:49:02.123 [info] Waiting for interpreter from Python extension.
2023-12-03 17:49:02.123 [info] No interpreter found from setting pylint.interpreter
2023-12-03 17:49:02.123 [info] Getting interpreter from ms-python.python extension for workspace /home/like/Documents/calculus_add
2023-12-03 17:49:02.123 [info] Python extension loaded
2023-12-03 17:49:02.123 [info] Interpreter from ms-python.python extension for /home/like/Documents/calculus_add: /bin/python
2023-12-03 17:49:02.123 [info] No interpreter found from setting pylint.interpreter
2023-12-03 17:49:02.123 [info] Getting interpreter from ms-python.python extension for workspace /home/like/Documents/calculus_add
2023-12-03 17:49:02.123 [info] Interpreter from ms-python.python extension for /home/like/Documents/calculus_add: /bin/python
2023-12-03 17:49:02.123 [info] Server run command: /bin/python /home/like/.vscode-oss/extensions/ms-python.pylint-2023.10.1-universal/bundled/tool/lsp_server.py
2023-12-03 17:49:02.123 [info] Server: Start requested.
2023-12-03 17:49:02.488 [info] CWD Server: /home/like/Documents/calculus_add
2023-12-03 17:49:02.489 [info] Settings used to run Server:
[
    {
        "cwd": "/home/like/Documents/calculus_add",
        "workspace": "file:///home/like/Documents/calculus_add",
        "args": [],
        "severity": {
            "convention": "Information",
            "error": "Error",
            "fatal": "Error",
            "refactor": "Hint",
            "warning": "Warning",
            "info": "Information"
        },
        "path": [],
        "ignorePatterns": [],
        "interpreter": [
            "/bin/python"
        ],
        "importStrategy": "useBundled",
        "showNotifications": "off",
        "extraPaths": []
    }
]

2023-12-03 17:49:02.489 [info] Global settings:
{
    "cwd": "${workspaceFolder}",
    "workspace": "/home/like",
    "args": [],
    "severity": {
        "convention": "Information",
        "error": "Error",
        "fatal": "Error",
        "refactor": "Hint",
        "warning": "Warning",
        "info": "Information"
    },
    "path": [],
    "ignorePatterns": [],
    "interpreter": [],
    "importStrategy": "useBundled",
    "showNotifications": "off",
    "extraPaths": []
}

2023-12-03 17:49:02.489 [info] sys.path used to run Server:
   /home/like/Documents/calculus_add
   /home/like/.vscode-oss/extensions/ms-python.pylint-2023.10.1-universal/bundled/libs
   /home/like/.vscode-oss/extensions/ms-python.pylint-2023.10.1-universal/bundled/tool
   /usr/lib/python311.zip
   /usr/lib/python3.11
   /usr/lib/python3.11/lib-dynload
   /usr/lib/python3.11/site-packages
2023-12-03 17:49:02.491 [info] /bin/python -m pylint --version
2023-12-03 17:49:02.491 [info] CWD Linter: /home/like/Documents/calculus_add
2023-12-03 17:49:02.558 [info] 
pylint 3.0.2
astroid 3.0.1
Python 3.11.6 (main, Nov 14 2023, 09:36:21) [GCC 13.2.1 20230801]


2023-12-03 17:49:02.558 [info] Version info for linter running for /home/like/Documents/calculus_add:
pylint 3.0.2
astroid 3.0.1
Python 3.11.6 (main, Nov 14 2023, 09:36:21) [GCC 13.2.1 20230801]

2023-12-03 17:49:02.558 [info] SUPPORTED pylint>=2.12.2
FOUND pylint==3.0.2

2023-12-03 17:49:02.566 [info] [Trace - 5:49:02 PM] Received notification 'window/logMessage'.
2023-12-03 17:49:02.566 [info] [Warn  - 5:49:02 PM] Skipping notebook cells [Not Supported]: vscode-notebook-cell:/home/like/Documents/calculus_add/extra_xor.ipynb#W3sZmlsZQ%3D%3D
2023-12-03 17:49:02.567 [info] [Trace - 5:49:02 PM] Received notification 'textDocument/publishDiagnostics'.
2023-12-03 17:49:02.568 [info] [Trace - 5:49:02 PM] Received notification 'window/logMessage'.
2023-12-03 17:49:02.568 [info] [Warn  - 5:49:02 PM] Skipping notebook cells [Not Supported]: vscode-notebook-cell:/home/like/Documents/calculus_add/extra_xor.ipynb#W5sZmlsZQ%3D%3D
2023-12-03 17:49:02.568 [info] [Trace - 5:49:02 PM] Received notification 'textDocument/publishDiagnostics'.
2023-12-03 17:49:02.569 [info] [Trace - 5:49:02 PM] Received notification 'window/logMessage'.
2023-12-03 17:49:02.569 [info] [Warn  - 5:49:02 PM] Skipping notebook cells [Not Supported]: vscode-notebook-cell:/home/like/Documents/calculus_add/extra_xor.ipynb#X14sZmlsZQ%3D%3D
2023-12-03 17:49:02.569 [info] [Trace - 5:49:02 PM] Received notification 'textDocument/publishDiagnostics'.
2023-12-03 17:49:02.570 [info] [Trace - 5:49:02 PM] Received notification 'window/logMessage'.
2023-12-03 17:49:02.570 [info] [Warn  - 5:49:02 PM] Skipping notebook cells [Not Supported]: vscode-notebook-cell:/home/like/Documents/calculus_add/extra_xor.ipynb#X16sZmlsZQ%3D%3D
2023-12-03 17:49:02.570 [info] [Trace - 5:49:02 PM] Received notification 'textDocument/publishDiagnostics'.
2023-12-03 17:49:02.570 [info] [Trace - 5:49:02 PM] Received notification 'window/logMessage'.
2023-12-03 17:49:02.570 [info] [Warn  - 5:49:02 PM] Skipping notebook cells [Not Supported]: vscode-notebook-cell:/home/like/Documents/calculus_add/extra_xor.ipynb#X21sZmlsZQ%3D%3D
2023-12-03 17:49:02.570 [info] [Trace - 5:49:02 PM] Received notification 'textDocument/publishDiagnostics'.
2023-12-03 17:49:02.571 [info] [Trace - 5:49:02 PM] Received notification 'window/logMessage'.
2023-12-03 17:49:02.571 [info] [Warn  - 5:49:02 PM] Skipping notebook cells [Not Supported]: vscode-notebook-cell:/home/like/Documents/calculus_add/extra_xor.ipynb#X23sZmlsZQ%3D%3D
2023-12-03 17:49:02.571 [info] [Trace - 5:49:02 PM] Received notification 'textDocument/publishDiagnostics'.
2023-12-03 17:49:02.918 [info] [Trace - 5:49:02 PM] Sending request 'textDocument/codeAction - (1)'.
2023-12-03 17:49:02.923 [info] [Trace - 5:49:02 PM] Received response 'textDocument/codeAction - (1)' in 5ms.
2023-12-03 17:49:02.962 [info] [Trace - 5:49:02 PM] Sending request 'textDocument/codeAction - (2)'.
2023-12-03 17:49:02.968 [info] [Trace - 5:49:02 PM] Received response 'textDocument/codeAction - (2)' in 6ms.
2023-12-03 17:49:03.343 [info] [Trace - 5:49:03 PM] Sending request 'textDocument/codeAction - (3)'.
2023-12-03 17:49:03.347 [info] [Trace - 5:49:03 PM] Received response 'textDocument/codeAction - (3)' in 3ms.
2023-12-03 17:49:03.604 [info] [Trace - 5:49:03 PM] Sending request 'textDocument/codeAction - (4)'.
2023-12-03 17:49:03.606 [info] [Trace - 5:49:03 PM] Received response 'textDocument/codeAction - (4)' in 2ms.
2023-12-03 17:49:06.684 [info] [Trace - 5:49:06 PM] Sending request 'textDocument/codeAction - (5)'.
2023-12-03 17:49:06.685 [info] [Trace - 5:49:06 PM] Received response 'textDocument/codeAction - (5)' in 1ms.
2023-12-03 17:49:07.415 [info] [Trace - 5:49:07 PM] Sending request 'textDocument/codeAction - (6)'.
2023-12-03 17:49:07.416 [info] [Trace - 5:49:07 PM] Received response 'textDocument/codeAction - (6)' in 1ms.
2023-12-03 17:49:08.218 [info] [Trace - 5:49:08 PM] Sending request 'textDocument/codeAction - (7)'.
2023-12-03 17:49:08.220 [info] [Trace - 5:49:08 PM] Received response 'textDocument/codeAction - (7)' in 2ms.
2023-12-03 17:49:08.237 [info] [Trace - 5:49:08 PM] Sending request 'textDocument/codeAction - (8)'.
2023-12-03 17:49:08.238 [info] [Trace - 5:49:08 PM] Received response 'textDocument/codeAction - (8)' in 1ms.
2023-12-03 18:00:00.150 [info] [Trace - 6:00:00 PM] Sending request 'textDocument/codeAction - (9)'.
2023-12-03 18:00:00.151 [info] [Trace - 6:00:00 PM] Received response 'textDocument/codeAction - (9)' in 1ms.
2023-12-03 18:00:00.268 [info] [Trace - 6:00:00 PM] Sending request 'textDocument/codeAction - (10)'.
2023-12-03 18:00:00.269 [info] [Trace - 6:00:00 PM] Received response 'textDocument/codeAction - (10)' in 1ms.
2023-12-03 18:00:01.079 [info] [Trace - 6:00:01 PM] Sending request 'textDocument/codeAction - (11)'.
2023-12-03 18:00:01.081 [info] [Trace - 6:00:01 PM] Received response 'textDocument/codeAction - (11)' in 2ms.
2023-12-03 18:00:11.509 [info] [Trace - 6:00:11 PM] Sending request 'textDocument/codeAction - (12)'.
2023-12-03 18:00:11.511 [info] [Trace - 6:00:11 PM] Received response 'textDocument/codeAction - (12)' in 2ms.
2023-12-03 18:00:11.573 [info] [Trace - 6:00:11 PM] Sending request 'textDocument/codeAction - (13)'.
2023-12-03 18:00:11.575 [info] [Trace - 6:00:11 PM] Received response 'textDocument/codeAction - (13)' in 2ms.
2023-12-03 18:00:45.308 [info] [Trace - 6:00:45 PM] Sending request 'textDocument/codeAction - (14)'.
2023-12-03 18:00:45.309 [info] [Trace - 6:00:45 PM] Received response 'textDocument/codeAction - (14)' in 2ms.
2023-12-03 18:00:45.328 [info] [Trace - 6:00:45 PM] Sending request 'textDocument/codeAction - (15)'.
2023-12-03 18:00:45.330 [info] [Trace - 6:00:45 PM] Received response 'textDocument/codeAction - (15)' in 2ms.
2023-12-03 18:00:46.399 [info] [Trace - 6:00:46 PM] Sending request 'textDocument/codeAction - (16)'.
2023-12-03 18:00:46.401 [info] [Trace - 6:00:46 PM] Received response 'textDocument/codeAction - (16)' in 2ms.
2023-12-03 18:00:46.618 [info] [Trace - 6:00:46 PM] Sending request 'textDocument/codeAction - (17)'.
2023-12-03 18:00:46.619 [info] [Trace - 6:00:46 PM] Received response 'textDocument/codeAction - (17)' in 1ms.
2023-12-03 18:00:48.671 [info] [Trace - 6:00:48 PM] Sending request 'textDocument/codeAction - (18)'.
2023-12-03 18:00:48.672 [info] [Trace - 6:00:48 PM] Received response 'textDocument/codeAction - (18)' in 1ms.
2023-12-03 18:00:49.052 [info] [Trace - 6:00:49 PM] Sending request 'textDocument/codeAction - (19)'.
2023-12-03 18:00:49.053 [info] [Trace - 6:00:49 PM] Received response 'textDocument/codeAction - (19)' in 1ms.
2023-12-03 18:00:49.691 [info] [Trace - 6:00:49 PM] Sending request 'textDocument/codeAction - (20)'.
2023-12-03 18:00:49.693 [info] [Trace - 6:00:49 PM] Received response 'textDocument/codeAction - (20)' in 2ms.
2023-12-03 18:00:50.074 [info] [Trace - 6:00:50 PM] Sending request 'textDocument/codeAction - (21)'.
2023-12-03 18:00:50.076 [info] [Trace - 6:00:50 PM] Received response 'textDocument/codeAction - (21)' in 2ms.
2023-12-03 18:05:11.624 [info] [Trace - 6:05:11 PM] Sending request 'textDocument/codeAction - (22)'.
2023-12-03 18:05:11.626 [info] [Trace - 6:05:11 PM] Received response 'textDocument/codeAction - (22)' in 2ms.
2023-12-03 18:05:24.258 [info] [Trace - 6:05:24 PM] Sending request 'textDocument/codeAction - (23)'.
2023-12-03 18:05:24.259 [info] [Trace - 6:05:24 PM] Received response 'textDocument/codeAction - (23)' in 1ms.
2023-12-03 18:05:43.169 [info] [Trace - 6:05:43 PM] Sending request 'textDocument/codeAction - (24)'.
2023-12-03 18:05:43.171 [info] [Trace - 6:05:43 PM] Received response 'textDocument/codeAction - (24)' in 2ms.
2023-12-03 18:07:54.487 [info] [Trace - 6:07:54 PM] Sending request 'textDocument/codeAction - (25)'.
2023-12-03 18:07:54.488 [info] [Trace - 6:07:54 PM] Received response 'textDocument/codeAction - (25)' in 1ms.
2023-12-03 18:07:54.939 [info] [Trace - 6:07:54 PM] Sending request 'textDocument/codeAction - (26)'.
2023-12-03 18:07:54.940 [info] [Trace - 6:07:54 PM] Received response 'textDocument/codeAction - (26)' in 1ms.
2023-12-03 18:07:55.724 [info] [Trace - 6:07:55 PM] Sending request 'textDocument/codeAction - (27)'.
2023-12-03 18:07:55.726 [info] [Trace - 6:07:55 PM] Received response 'textDocument/codeAction - (27)' in 2ms.
2023-12-03 18:07:57.559 [info] [Trace - 6:07:57 PM] Sending request 'textDocument/codeAction - (28)'.
2023-12-03 18:07:57.560 [info] [Trace - 6:07:57 PM] Received response 'textDocument/codeAction - (28)' in 1ms.
2023-12-03 18:08:08.342 [info] [Trace - 6:08:08 PM] Sending request 'textDocument/codeAction - (29)'.
2023-12-03 18:08:08.345 [info] [Trace - 6:08:08 PM] Received response 'textDocument/codeAction - (29)' in 3ms.
2023-12-03 18:08:08.779 [info] [Trace - 6:08:08 PM] Sending request 'textDocument/codeAction - (30)'.
2023-12-03 18:08:08.780 [info] [Trace - 6:08:08 PM] Received response 'textDocument/codeAction - (30)' in 1ms.
2023-12-03 18:08:22.335 [info] [Trace - 6:08:22 PM] Sending request 'textDocument/codeAction - (31)'.
2023-12-03 18:08:22.337 [info] [Trace - 6:08:22 PM] Received response 'textDocument/codeAction - (31)' in 2ms.
2023-12-03 18:08:25.554 [info] [Trace - 6:08:25 PM] Sending request 'textDocument/codeAction - (32)'.
2023-12-03 18:08:25.555 [info] [Trace - 6:08:25 PM] Received response 'textDocument/codeAction - (32)' in 1ms.
2023-12-03 18:08:25.603 [info] [Trace - 6:08:25 PM] Sending request 'textDocument/codeAction - (33)'.
2023-12-03 18:08:25.604 [info] [Trace - 6:08:25 PM] Received response 'textDocument/codeAction - (33)' in 1ms.
2023-12-03 18:08:27.426 [info] [Trace - 6:08:27 PM] Sending request 'textDocument/codeAction - (34)'.
2023-12-03 18:08:27.427 [info] [Trace - 6:08:27 PM] Received response 'textDocument/codeAction - (34)' in 1ms.
2023-12-03 18:08:27.478 [info] [Trace - 6:08:27 PM] Sending request 'textDocument/codeAction - (35)'.
2023-12-03 18:08:27.479 [info] [Trace - 6:08:27 PM] Received response 'textDocument/codeAction - (35)' in 1ms.
2023-12-03 18:34:36.816 [info] [Trace - 6:34:36 PM] Sending request 'textDocument/codeAction - (36)'.
2023-12-03 18:34:36.817 [info] [Trace - 6:34:36 PM] Received response 'textDocument/codeAction - (36)' in 1ms.
2023-12-03 18:34:37.535 [info] [Trace - 6:34:37 PM] Sending request 'textDocument/codeAction - (37)'.
2023-12-03 18:34:37.541 [info] [Trace - 6:34:37 PM] Received response 'textDocument/codeAction - (37)' in 6ms.
2023-12-03 18:34:40.175 [info] [Trace - 6:34:40 PM] Sending request 'textDocument/codeAction - (38)'.
2023-12-03 18:34:40.176 [info] [Trace - 6:34:40 PM] Received response 'textDocument/codeAction - (38)' in 1ms.
2023-12-03 18:34:53.094 [info] [Trace - 6:34:53 PM] Sending request 'textDocument/codeAction - (39)'.
2023-12-03 18:34:53.095 [info] [Trace - 6:34:53 PM] Received response 'textDocument/codeAction - (39)' in 1ms.
2023-12-03 18:35:04.360 [info] [Trace - 6:35:04 PM] Sending request 'textDocument/codeAction - (40)'.
2023-12-03 18:35:04.361 [info] [Trace - 6:35:04 PM] Received response 'textDocument/codeAction - (40)' in 1ms.
2023-12-03 18:35:05.175 [info] [Trace - 6:35:05 PM] Sending request 'textDocument/codeAction - (41)'.
2023-12-03 18:35:05.176 [info] [Trace - 6:35:05 PM] Received response 'textDocument/codeAction - (41)' in 1ms.
2023-12-03 18:35:07.455 [info] [Trace - 6:35:07 PM] Sending request 'textDocument/codeAction - (42)'.
2023-12-03 18:35:07.456 [info] [Trace - 6:35:07 PM] Received response 'textDocument/codeAction - (42)' in 1ms.
2023-12-03 18:35:07.924 [info] [Trace - 6:35:07 PM] Sending request 'textDocument/codeAction - (43)'.
2023-12-03 18:35:07.926 [info] [Trace - 6:35:07 PM] Received response 'textDocument/codeAction - (43)' in 2ms.
2023-12-03 18:39:03.571 [info] [Trace - 6:39:03 PM] Sending request 'textDocument/codeAction - (44)'.
2023-12-03 18:39:03.573 [info] [Trace - 6:39:03 PM] Received response 'textDocument/codeAction - (44)' in 2ms.
2023-12-03 18:39:10.217 [info] [Trace - 6:39:10 PM] Sending request 'textDocument/codeAction - (45)'.
2023-12-03 18:39:10.218 [info] [Trace - 6:39:10 PM] Received response 'textDocument/codeAction - (45)' in 1ms.
2023-12-03 18:39:10.292 [info] [Trace - 6:39:10 PM] Sending request 'textDocument/codeAction - (46)'.
2023-12-03 18:39:10.293 [info] [Trace - 6:39:10 PM] Received response 'textDocument/codeAction - (46)' in 1ms.
2023-12-03 18:39:16.577 [info] [Trace - 6:39:16 PM] Sending request 'textDocument/codeAction - (47)'.
2023-12-03 18:39:16.579 [info] [Trace - 6:39:16 PM] Received response 'textDocument/codeAction - (47)' in 2ms.
2023-12-03 18:39:19.337 [info] [Trace - 6:39:19 PM] Sending request 'textDocument/codeAction - (48)'.
2023-12-03 18:39:19.339 [info] [Trace - 6:39:19 PM] Received response 'textDocument/codeAction - (48)' in 2ms.
2023-12-03 18:39:19.403 [info] [Trace - 6:39:19 PM] Sending request 'textDocument/codeAction - (49)'.
2023-12-03 18:39:19.404 [info] [Trace - 6:39:19 PM] Received response 'textDocument/codeAction - (49)' in 1ms.
2023-12-03 18:39:21.167 [info] [Trace - 6:39:21 PM] Sending request 'textDocument/codeAction - (50)'.
2023-12-03 18:39:21.168 [info] [Trace - 6:39:21 PM] Received response 'textDocument/codeAction - (50)' in 1ms.
2023-12-03 18:39:21.251 [info] [Trace - 6:39:21 PM] Sending request 'textDocument/codeAction - (51)'.
2023-12-03 18:39:21.252 [info] [Trace - 6:39:21 PM] Received response 'textDocument/codeAction - (51)' in 1ms.
2023-12-03 18:39:22.006 [info] [Trace - 6:39:22 PM] Sending request 'textDocument/codeAction - (52)'.
2023-12-03 18:39:22.008 [info] [Trace - 6:39:22 PM] Received response 'textDocument/codeAction - (52)' in 2ms.
2023-12-03 19:28:41.566 [info] [Trace - 7:28:41 PM] Sending request 'textDocument/codeAction - (53)'.
2023-12-03 19:28:41.568 [info] [Trace - 7:28:41 PM] Received response 'textDocument/codeAction - (53)' in 2ms.
2023-12-03 19:28:57.944 [info] [Trace - 7:28:57 PM] Sending request 'textDocument/codeAction - (54)'.
2023-12-03 19:28:57.945 [info] [Trace - 7:28:57 PM] Received response 'textDocument/codeAction - (54)' in 1ms.
2023-12-03 19:29:05.175 [info] [Trace - 7:29:05 PM] Sending request 'textDocument/codeAction - (55)'.
2023-12-03 19:29:05.177 [info] [Trace - 7:29:05 PM] Received response 'textDocument/codeAction - (55)' in 1ms.
2023-12-03 19:34:52.483 [info] [Trace - 7:34:52 PM] Sending request 'textDocument/codeAction - (56)'.
2023-12-03 19:34:52.485 [info] [Trace - 7:34:52 PM] Received response 'textDocument/codeAction - (56)' in 2ms.
2023-12-03 22:55:19.969 [info] [Trace - 10:55:19 PM] Sending request 'shutdown - (57)'.
2023-12-03 22:55:19.977 [info] [Trace - 10:55:19 PM] Received response 'shutdown - (57)' in 23ms.
2023-12-03 22:55:19.977 [info] [Trace - 10:55:19 PM] Sending notification 'exit'.
