2023-12-04 10:05:25.860 [info] Added views:workbench.panel.markers.view in workbench.panel.markers
2023-12-04 10:05:25.860 [info] Added views:workbench.panel.output in workbench.panel.output
2023-12-04 10:05:25.860 [info] Added views:terminal in terminal
2023-12-04 10:05:25.860 [info] Added views:outline in workbench.view.explorer
2023-12-04 10:05:25.860 [info] Added views:workbench.scm in workbench.view.scm
2023-12-04 10:05:25.860 [info] Added views:workbench.view.search in workbench.view.search
2023-12-04 10:05:25.860 [info] Added views:timeline in workbench.view.explorer
2023-12-04 10:05:25.860 [info] Added views:workbench.debug.welcome in workbench.view.debug
2023-12-04 10:05:25.860 [info] Added views:workbench.explorer.fileView in workbench.view.explorer
2023-12-04 10:05:26.611 [info] Added views:workbench.panel.repl.view in workbench.panel.repl
2023-12-04 10:05:27.144 [info] Added views:workbench.view.testing in workbench.view.extension.test
2023-12-04 10:05:27.850 [info] Added views:jupyterViewVariables in workbench.view.extension.jupyter-variables
2023-12-04 10:05:27.856 [info] Added views:cell-tag in workbench.view.extension.jupyter-variables
2023-12-04 10:05:28.949 [info] Added views:~remote.forwardedPorts in ~remote.forwardedPortsContainer
2023-12-04 10:05:49.513 [info] Removed views:workbench.view.testing from workbench.view.extension.test
2023-12-04 10:05:50.144 [info] Added views:workbench.panel.markers.view in workbench.panel.markers
2023-12-04 10:05:50.144 [info] Added views:workbench.panel.output in workbench.panel.output
2023-12-04 10:05:50.144 [info] Added views:terminal in terminal
2023-12-04 10:05:50.144 [info] Added views:outline in workbench.view.explorer
2023-12-04 10:05:50.144 [info] Added views:workbench.scm in workbench.view.scm
2023-12-04 10:05:50.144 [info] Added views:workbench.view.search in workbench.view.search
2023-12-04 10:05:50.144 [info] Added views:timeline in workbench.view.explorer
2023-12-04 10:05:50.144 [info] Added views:workbench.explorer.fileView in workbench.view.explorer
2023-12-04 10:05:50.495 [info] Added views:workbench.debug.welcome in workbench.view.debug
2023-12-04 10:05:51.030 [info] Added views:workbench.panel.repl.view in workbench.panel.repl
2023-12-04 10:05:51.610 [info] Added views:~remote.forwardedPorts in ~remote.forwardedPortsContainer
2023-12-04 10:05:51.902 [info] Added views:workbench.view.testing in workbench.view.extension.test
2023-12-04 10:06:56.824 [info] Removed views:workbench.view.testing from workbench.view.extension.test
