2023-12-04 10:05:26.772 [info] Log level: Info
2023-12-04 10:05:26.772 [info] Validating found git in: "git"
2023-12-04 10:05:26.772 [info] Using git "2.43.0" from "git"
2023-12-04 10:05:26.772 [info] > git rev-parse --show-toplevel [5ms]
2023-12-04 10:05:26.772 [info] fatal: not a git repository (or any of the parent directories): .git
2023-12-04 10:05:28.448 [info] > git rev-parse --show-toplevel [3ms]
2023-12-04 10:05:28.448 [info] fatal: not a git repository (or any of the parent directories): .git
2023-12-04 10:05:29.148 [info] > git rev-parse --show-toplevel [1ms]
2023-12-04 10:05:29.148 [info] fatal: not a git repository (or any of the parent directories): .git
2023-12-04 10:05:52.273 [info] Log level: Info
2023-12-04 10:05:52.273 [info] Validating found git in: "git"
2023-12-04 10:05:52.273 [info] Using git "2.43.0" from "git"
2023-12-04 10:05:52.273 [info] > git rev-parse --show-toplevel [6ms]
2023-12-04 10:05:52.310 [info] > git rev-parse --git-dir --git-common-dir [39ms]
2023-12-04 10:05:52.317 [info] Open repository: /home/like/Documents/pb_labs
2023-12-04 10:05:52.384 [info] > git rev-parse --show-toplevel [7ms]
2023-12-04 10:05:52.385 [info] > git config --get commit.template [21ms]
2023-12-04 10:05:52.420 [info] > git rev-parse --show-toplevel [16ms]
2023-12-04 10:05:52.424 [info] > git for-each-ref --format=%(refname)%00%(upstream:short)%00%(objectname)%00%(upstream:track)%00%(upstream:remotename)%00%(upstream:remoteref) refs/heads/main refs/remotes/main [5ms]
2023-12-04 10:05:52.440 [info] > git status -z -uall [3ms]
2023-12-04 10:05:52.474 [info] > git config --get commit.template [2ms]
2023-12-04 10:05:52.498 [info] > git for-each-ref --format=%(refname)%00%(upstream:short)%00%(objectname)%00%(upstream:track)%00%(upstream:remotename)%00%(upstream:remoteref) refs/heads/main refs/remotes/main [4ms]
2023-12-04 10:05:52.522 [info] > git status -z -uall [4ms]
2023-12-04 10:05:52.837 [info] > git check-ignore -v -z --stdin [2ms]
2023-12-04 10:05:52.887 [info] > git show --textconv :miniprojects/third_miniproject/player2.py [16ms]
2023-12-04 10:05:52.889 [info] > git ls-files --stage -- /home/like/Documents/pb_labs/miniprojects/third_miniproject/player2.py [3ms]
2023-12-04 10:05:55.157 [info] > git show --textconv :miniprojects/third_miniproject/vlogs.txt [17ms]
2023-12-04 10:05:55.160 [info] > git ls-files --stage -- /home/like/Documents/pb_labs/miniprojects/third_miniproject/vlogs.txt [3ms]
