2023-12-02 16:10:26.374 [info] Name: Pylint
2023-12-02 16:10:26.374 [info] Module: pylint
2023-12-02 16:10:26.374 [info] Python extension loading
2023-12-02 16:10:26.374 [info] Waiting for interpreter from Python extension.
2023-12-02 16:10:26.374 [info] No interpreter found from setting pylint.interpreter
2023-12-02 16:10:26.374 [info] Getting interpreter from ms-python.python extension for workspace /home/like/Documents/pb_labs/LAB12
2023-12-02 16:10:26.374 [info] Python extension loaded
2023-12-02 16:10:26.374 [info] Interpreter from ms-python.python extension for /home/like/Documents/pb_labs/LAB12: /bin/python
2023-12-02 16:10:26.374 [info] No interpreter found from setting pylint.interpreter
2023-12-02 16:10:26.374 [info] Getting interpreter from ms-python.python extension for workspace /home/like/Documents/pb_labs/LAB12
2023-12-02 16:10:26.374 [info] Interpreter from ms-python.python extension for /home/like/Documents/pb_labs/LAB12: /bin/python
2023-12-02 16:10:26.374 [info] Server run command: /bin/python /home/like/.vscode-oss/extensions/ms-python.pylint-2023.10.1-universal/bundled/tool/lsp_server.py
2023-12-02 16:10:26.374 [info] Server: Start requested.
2023-12-02 16:10:26.909 [info] CWD Server: /home/like/Documents/pb_labs/LAB12
2023-12-02 16:10:26.909 [info] Settings used to run Server:
[
    {
        "cwd": "/home/like/Documents/pb_labs/LAB12",
        "workspace": "file:///home/like/Documents/pb_labs/LAB12",
        "args": [],
        "severity": {
            "convention": "Information",
            "error": "Error",
            "fatal": "Error",
            "refactor": "Hint",
            "warning": "Warning",
            "info": "Information"
        },
        "path": [],
        "ignorePatterns": [],
        "interpreter": [
            "/bin/python"
        ],
        "importStrategy": "useBundled",
        "showNotifications": "off",
        "extraPaths": []
    }
]

2023-12-02 16:10:26.909 [info] Global settings:
{
    "cwd": "${workspaceFolder}",
    "workspace": "/home/like",
    "args": [],
    "severity": {
        "convention": "Information",
        "error": "Error",
        "fatal": "Error",
        "refactor": "Hint",
        "warning": "Warning",
        "info": "Information"
    },
    "path": [],
    "ignorePatterns": [],
    "interpreter": [],
    "importStrategy": "useBundled",
    "showNotifications": "off",
    "extraPaths": []
}

2023-12-02 16:10:26.909 [info] sys.path used to run Server:
   /home/like/Documents/pb_labs/LAB12
   /home/like/.vscode-oss/extensions/ms-python.pylint-2023.10.1-universal/bundled/libs
   /home/like/.vscode-oss/extensions/ms-python.pylint-2023.10.1-universal/bundled/tool
   /usr/lib/python311.zip
   /usr/lib/python3.11
   /usr/lib/python3.11/lib-dynload
   /usr/lib/python3.11/site-packages
2023-12-02 16:10:26.911 [info] /bin/python -m pylint --version
2023-12-02 16:10:26.911 [info] CWD Linter: /home/like/Documents/pb_labs/LAB12
2023-12-02 16:10:26.997 [info] 
pylint 3.0.2
astroid 3.0.1
Python 3.11.6 (main, Nov 14 2023, 09:36:21) [GCC 13.2.1 20230801]


2023-12-02 16:10:26.997 [info] Version info for linter running for /home/like/Documents/pb_labs/LAB12:
pylint 3.0.2
astroid 3.0.1
Python 3.11.6 (main, Nov 14 2023, 09:36:21) [GCC 13.2.1 20230801]

2023-12-02 16:10:26.997 [info] SUPPORTED pylint>=2.12.2
FOUND pylint==3.0.2

2023-12-02 16:10:27.005 [info] [Trace - 4:10:27 PM] Received notification 'window/logMessage'.
2023-12-02 16:10:27.005 [info] [Warn  - 4:10:27 PM] Skipping notebook cells [Not Supported]: vscode-notebook-cell:/home/like/Documents/pb_labs/LAB12/pandas_countries.ipynb#W0sZmlsZQ%3D%3D
2023-12-02 16:10:27.006 [info] [Trace - 4:10:27 PM] Sending request 'textDocument/codeAction - (1)'.
2023-12-02 16:10:27.007 [info] [Trace - 4:10:27 PM] Sending request 'textDocument/codeAction - (2)'.
2023-12-02 16:10:27.008 [info] [Trace - 4:10:27 PM] Received notification 'textDocument/publishDiagnostics'.
2023-12-02 16:10:27.009 [info] [Trace - 4:10:27 PM] Received notification 'window/logMessage'.
2023-12-02 16:10:27.009 [info] [Warn  - 4:10:27 PM] Skipping notebook cells [Not Supported]: vscode-notebook-cell:/home/like/Documents/pb_labs/LAB12/pandas_countries.ipynb#W1sZmlsZQ%3D%3D
2023-12-02 16:10:27.009 [info] [Trace - 4:10:27 PM] Received notification 'textDocument/publishDiagnostics'.
2023-12-02 16:10:27.009 [info] [Trace - 4:10:27 PM] Received notification 'window/logMessage'.
2023-12-02 16:10:27.010 [info] [Warn  - 4:10:27 PM] Skipping notebook cells [Not Supported]: vscode-notebook-cell:/home/like/Documents/pb_labs/LAB12/pandas_countries.ipynb#W2sZmlsZQ%3D%3D
2023-12-02 16:10:27.010 [info] [Trace - 4:10:27 PM] Received notification 'textDocument/publishDiagnostics'.
2023-12-02 16:10:27.010 [info] [Trace - 4:10:27 PM] Received notification 'window/logMessage'.
2023-12-02 16:10:27.010 [info] [Warn  - 4:10:27 PM] Skipping notebook cells [Not Supported]: vscode-notebook-cell:/home/like/Documents/pb_labs/LAB12/pandas_countries.ipynb#W3sZmlsZQ%3D%3D
2023-12-02 16:10:27.011 [info] [Trace - 4:10:27 PM] Received notification 'textDocument/publishDiagnostics'.
2023-12-02 16:10:27.011 [info] [Trace - 4:10:27 PM] Received notification 'window/logMessage'.
2023-12-02 16:10:27.011 [info] /bin/python -m pylint --reports=n --output-format=json --clear-cache-post-run=y --from-stdin /home/like/Documents/pb_labs/LAB12/counties_process.py
2023-12-02 16:10:27.011 [info] [Trace - 4:10:27 PM] Received notification 'window/logMessage'.
2023-12-02 16:10:27.011 [info] CWD Linter: /home/like/Documents/pb_labs/LAB12
2023-12-02 16:10:27.076 [info] [Trace - 4:10:27 PM] Sending notification '$/cancelRequest'.
2023-12-02 16:10:27.078 [info] [Trace - 4:10:27 PM] Sending request 'textDocument/codeAction - (3)'.
2023-12-02 16:10:27.079 [info] [Trace - 4:10:27 PM] Sending notification '$/cancelRequest'.
2023-12-02 16:10:27.080 [info] [Trace - 4:10:27 PM] Sending request 'textDocument/codeAction - (4)'.
2023-12-02 16:10:27.901 [info] file:///home/like/Documents/pb_labs/LAB12/counties_process.py :
[
    {
        "type": "convention",
        "module": "counties_process",
        "obj": "",
        "line": 23,
        "column": 36,
        "endLine": null,
        "endColumn": null,
        "path": "counties_process.py",
        "symbol": "trailing-whitespace",
        "message": "Trailing whitespace",
        "message-id": "C0303"
    },
    {
        "type": "convention",
        "module": "counties_process",
        "obj": "",
        "line": 1,
        "column": 0,
        "endLine": null,
        "endColumn": null,
        "path": "counties_process.py",
        "symbol": "missing-module-docstring",
        "message": "Missing module docstring",
        "message-id": "C0114"
    },
    {
        "type": "convention",
        "module": "counties_process",
        "obj": "conditional_counties",
        "line": 26,
        "column": 0,
        "endLine": 26,
        "endColumn": 24,
        "path": "counties_process.py",
        "symbol": "missing-function-docstring",
        "message": "Missing function or method docstring",
        "message-id": "C0116"
    },
    {
        "type": "warning",
        "module": "counties_process",
        "obj": "conditional_counties",
        "line": 26,
        "column": 25,
        "endLine": 26,
        "endColumn": 31,
        "path": "counties_process.py",
        "symbol": "unused-argument",
        "message": "Unused argument 'data_f'",
        "message-id": "W0613"
    }
]

2023-12-02 16:12:55.169 [info] [Warn  - 4:12:55 PM] Skipping notebook cells [Not Supported]: vscode-notebook-cell:/home/like/Documents/pb_labs/LAB12/pandas_olympics.ipynb#W1sZmlsZQ%3D%3D
2023-12-02 16:12:55.174 [info] [Warn  - 4:12:55 PM] Skipping notebook cells [Not Supported]: vscode-notebook-cell:/home/like/Documents/pb_labs/LAB12/pandas_olympics.ipynb#W3sZmlsZQ%3D%3D
2023-12-02 16:12:55.175 [info] [Warn  - 4:12:55 PM] Skipping notebook cells [Not Supported]: vscode-notebook-cell:/home/like/Documents/pb_labs/LAB12/pandas_olympics.ipynb#W6sZmlsZQ%3D%3D
2023-12-02 16:12:55.176 [info] [Warn  - 4:12:55 PM] Skipping notebook cells [Not Supported]: vscode-notebook-cell:/home/like/Documents/pb_labs/LAB12/pandas_olympics.ipynb#X11sZmlsZQ%3D%3D
2023-12-02 16:12:55.177 [info] [Warn  - 4:12:55 PM] Skipping notebook cells [Not Supported]: vscode-notebook-cell:/home/like/Documents/pb_labs/LAB12/pandas_olympics.ipynb#X13sZmlsZQ%3D%3D
2023-12-02 16:12:55.177 [info] [Warn  - 4:12:55 PM] Skipping notebook cells [Not Supported]: vscode-notebook-cell:/home/like/Documents/pb_labs/LAB12/pandas_olympics.ipynb#X15sZmlsZQ%3D%3D
2023-12-02 16:14:33.441 [info] /bin/python -m pylint --reports=n --output-format=json --clear-cache-post-run=y --from-stdin /home/like/Documents/pb_labs/LAB12/counties_process.py
2023-12-02 16:14:33.441 [info] CWD Linter: /home/like/Documents/pb_labs/LAB12
2023-12-02 16:14:37.914 [info] file:///home/like/Documents/pb_labs/LAB12/counties_process.py :
[
    {
        "type": "convention",
        "module": "counties_process",
        "obj": "",
        "line": 1,
        "column": 0,
        "endLine": null,
        "endColumn": null,
        "path": "counties_process.py",
        "symbol": "missing-module-docstring",
        "message": "Missing module docstring",
        "message-id": "C0114"
    },
    {
        "type": "warning",
        "module": "counties_process",
        "obj": "max_difference",
        "line": 25,
        "column": 4,
        "endLine": 35,
        "endColumn": 25,
        "path": "counties_process.py",
        "symbol": "unreachable",
        "message": "Unreachable code",
        "message-id": "W0101"
    },
    {
        "type": "error",
        "module": "counties_process",
        "obj": "max_difference",
        "line": 25,
        "column": 17,
        "endLine": 25,
        "endColumn": 19,
        "path": "counties_process.py",
        "symbol": "undefined-variable",
        "message": "Undefined variable 'df'",
        "message-id": "E0602"
    },
    {
        "type": "error",
        "module": "counties_process",
        "obj": "max_difference",
        "line": 37,
        "column": 17,
        "endLine": 37,
        "endColumn": 19,
        "path": "counties_process.py",
        "symbol": "undefined-variable",
        "message": "Undefined variable 'df'",
        "message-id": "E0602"
    },
    {
        "type": "warning",
        "module": "counties_process",
        "obj": "max_difference",
        "line": 49,
        "column": 4,
        "endLine": 49,
        "endColumn": 68,
        "path": "counties_process.py",
        "symbol": "expression-not-assigned",
        "message": "Expression \"df.iloc[pd.Series.abs(max_people - min_people).idxmax()].CTYNAME\" is assigned to nothing",
        "message-id": "W0106"
    },
    {
        "type": "error",
        "module": "counties_process",
        "obj": "max_difference",
        "line": 49,
        "column": 4,
        "endLine": 49,
        "endColumn": 6,
        "path": "counties_process.py",
        "symbol": "undefined-variable",
        "message": "Undefined variable 'df'",
        "message-id": "E0602"
    },
    {
        "type": "convention",
        "module": "counties_process",
        "obj": "conditional_counties",
        "line": 52,
        "column": 0,
        "endLine": 52,
        "endColumn": 24,
        "path": "counties_process.py",
        "symbol": "missing-function-docstring",
        "message": "Missing function or method docstring",
        "message-id": "C0116"
    },
    {
        "type": "warning",
        "module": "counties_process",
        "obj": "conditional_counties",
        "line": 52,
        "column": 25,
        "endLine": 52,
        "endColumn": 31,
        "path": "counties_process.py",
        "symbol": "unused-argument",
        "message": "Unused argument 'data_f'",
        "message-id": "W0613"
    }
]

2023-12-02 16:14:37.915 [info] /bin/python -m pylint --reports=n --output-format=json --clear-cache-post-run=y --from-stdin /home/like/Documents/pb_labs/LAB12/counties_process.py
2023-12-02 16:14:37.915 [info] CWD Linter: /home/like/Documents/pb_labs/LAB12
2023-12-02 16:14:42.469 [info] file:///home/like/Documents/pb_labs/LAB12/counties_process.py :
[
    {
        "type": "convention",
        "module": "counties_process",
        "obj": "",
        "line": 1,
        "column": 0,
        "endLine": null,
        "endColumn": null,
        "path": "counties_process.py",
        "symbol": "missing-module-docstring",
        "message": "Missing module docstring",
        "message-id": "C0114"
    },
    {
        "type": "error",
        "module": "counties_process",
        "obj": "max_difference",
        "line": 24,
        "column": 17,
        "endLine": 24,
        "endColumn": 19,
        "path": "counties_process.py",
        "symbol": "undefined-variable",
        "message": "Undefined variable 'df'",
        "message-id": "E0602"
    },
    {
        "type": "error",
        "module": "counties_process",
        "obj": "max_difference",
        "line": 36,
        "column": 17,
        "endLine": 36,
        "endColumn": 19,
        "path": "counties_process.py",
        "symbol": "undefined-variable",
        "message": "Undefined variable 'df'",
        "message-id": "E0602"
    },
    {
        "type": "warning",
        "module": "counties_process",
        "obj": "max_difference",
        "line": 48,
        "column": 4,
        "endLine": 48,
        "endColumn": 68,
        "path": "counties_process.py",
        "symbol": "expression-not-assigned",
        "message": "Expression \"df.iloc[pd.Series.abs(max_people - min_people).idxmax()].CTYNAME\" is assigned to nothing",
        "message-id": "W0106"
    },
    {
        "type": "error",
        "module": "counties_process",
        "obj": "max_difference",
        "line": 48,
        "column": 4,
        "endLine": 48,
        "endColumn": 6,
        "path": "counties_process.py",
        "symbol": "undefined-variable",
        "message": "Undefined variable 'df'",
        "message-id": "E0602"
    },
    {
        "type": "warning",
        "module": "counties_process",
        "obj": "max_difference",
        "line": 19,
        "column": 19,
        "endLine": 19,
        "endColumn": 39,
        "path": "counties_process.py",
        "symbol": "unused-argument",
        "message": "Unused argument 'data_f'",
        "message-id": "W0613"
    },
    {
        "type": "convention",
        "module": "counties_process",
        "obj": "conditional_counties",
        "line": 51,
        "column": 0,
        "endLine": 51,
        "endColumn": 24,
        "path": "counties_process.py",
        "symbol": "missing-function-docstring",
        "message": "Missing function or method docstring",
        "message-id": "C0116"
    },
    {
        "type": "warning",
        "module": "counties_process",
        "obj": "conditional_counties",
        "line": 51,
        "column": 25,
        "endLine": 51,
        "endColumn": 31,
        "path": "counties_process.py",
        "symbol": "unused-argument",
        "message": "Unused argument 'data_f'",
        "message-id": "W0613"
    }
]

2023-12-02 16:14:46.971 [info] /bin/python -m pylint --reports=n --output-format=json --clear-cache-post-run=y --from-stdin /home/like/Documents/pb_labs/LAB12/counties_process.py
2023-12-02 16:14:46.971 [info] CWD Linter: /home/like/Documents/pb_labs/LAB12
2023-12-02 16:14:51.939 [info] file:///home/like/Documents/pb_labs/LAB12/counties_process.py :
[
    {
        "type": "convention",
        "module": "counties_process",
        "obj": "",
        "line": 1,
        "column": 0,
        "endLine": null,
        "endColumn": null,
        "path": "counties_process.py",
        "symbol": "missing-module-docstring",
        "message": "Missing module docstring",
        "message-id": "C0114"
    },
    {
        "type": "warning",
        "module": "counties_process",
        "obj": "max_difference",
        "line": 48,
        "column": 4,
        "endLine": 48,
        "endColumn": 72,
        "path": "counties_process.py",
        "symbol": "expression-not-assigned",
        "message": "Expression \"data_f.iloc[pd.Series.abs(max_people - min_people).idxmax()].CTYNAME\" is assigned to nothing",
        "message-id": "W0106"
    },
    {
        "type": "convention",
        "module": "counties_process",
        "obj": "conditional_counties",
        "line": 51,
        "column": 0,
        "endLine": 51,
        "endColumn": 24,
        "path": "counties_process.py",
        "symbol": "missing-function-docstring",
        "message": "Missing function or method docstring",
        "message-id": "C0116"
    },
    {
        "type": "warning",
        "module": "counties_process",
        "obj": "conditional_counties",
        "line": 51,
        "column": 25,
        "endLine": 51,
        "endColumn": 31,
        "path": "counties_process.py",
        "symbol": "unused-argument",
        "message": "Unused argument 'data_f'",
        "message-id": "W0613"
    }
]

2023-12-02 16:14:58.948 [info] /bin/python -m pylint --reports=n --output-format=json --clear-cache-post-run=y --from-stdin /home/like/Documents/pb_labs/LAB12/counties_process.py
2023-12-02 16:14:58.948 [info] CWD Linter: /home/like/Documents/pb_labs/LAB12
2023-12-02 16:15:04.346 [info] file:///home/like/Documents/pb_labs/LAB12/counties_process.py :
[
    {
        "type": "convention",
        "module": "counties_process",
        "obj": "",
        "line": 1,
        "column": 0,
        "endLine": null,
        "endColumn": null,
        "path": "counties_process.py",
        "symbol": "missing-module-docstring",
        "message": "Missing module docstring",
        "message-id": "C0114"
    },
    {
        "type": "convention",
        "module": "counties_process",
        "obj": "conditional_counties",
        "line": 51,
        "column": 0,
        "endLine": 51,
        "endColumn": 24,
        "path": "counties_process.py",
        "symbol": "missing-function-docstring",
        "message": "Missing function or method docstring",
        "message-id": "C0116"
    },
    {
        "type": "warning",
        "module": "counties_process",
        "obj": "conditional_counties",
        "line": 51,
        "column": 25,
        "endLine": 51,
        "endColumn": 31,
        "path": "counties_process.py",
        "symbol": "unused-argument",
        "message": "Unused argument 'data_f'",
        "message-id": "W0613"
    }
]

2023-12-02 16:15:07.611 [info] [Warn  - 4:15:07 PM] Skipping notebook cells [Not Supported]: vscode-notebook-cell:/home/like/Documents/pb_labs/LAB12/pandas_countries.ipynb#W4sZmlsZQ%3D%3D
2023-12-02 16:21:04.443 [info] [Warn  - 4:21:04 PM] Skipping notebook cells [Not Supported]: vscode-notebook-cell:/home/like/Documents/pb_labs/LAB12/pandas_countries.ipynb#W5sZmlsZQ%3D%3D
2023-12-02 16:50:43.916 [info] /bin/python -m pylint --reports=n --output-format=json --clear-cache-post-run=y --from-stdin /home/like/Documents/pb_labs/LAB12/counties_process.py
2023-12-02 16:50:43.916 [info] CWD Linter: /home/like/Documents/pb_labs/LAB12
2023-12-02 16:50:49.166 [info] file:///home/like/Documents/pb_labs/LAB12/counties_process.py :
[
    {
        "type": "convention",
        "module": "counties_process",
        "obj": "",
        "line": 1,
        "column": 0,
        "endLine": null,
        "endColumn": null,
        "path": "counties_process.py",
        "symbol": "missing-module-docstring",
        "message": "Missing module docstring",
        "message-id": "C0114"
    },
    {
        "type": "convention",
        "module": "counties_process",
        "obj": "conditional_counties",
        "line": 51,
        "column": 0,
        "endLine": 51,
        "endColumn": 24,
        "path": "counties_process.py",
        "symbol": "missing-function-docstring",
        "message": "Missing function or method docstring",
        "message-id": "C0116"
    },
    {
        "type": "error",
        "module": "counties_process",
        "obj": "conditional_counties",
        "line": 52,
        "column": 12,
        "endLine": 52,
        "endColumn": 14,
        "path": "counties_process.py",
        "symbol": "undefined-variable",
        "message": "Undefined variable 'df'",
        "message-id": "E0602"
    },
    {
        "type": "error",
        "module": "counties_process",
        "obj": "conditional_counties",
        "line": 52,
        "column": 15,
        "endLine": 52,
        "endColumn": 17,
        "path": "counties_process.py",
        "symbol": "undefined-variable",
        "message": "Undefined variable 'df'",
        "message-id": "E0602"
    },
    {
        "type": "warning",
        "module": "counties_process",
        "obj": "conditional_counties",
        "line": 57,
        "column": 4,
        "endLine": 57,
        "endColumn": 39,
        "path": "counties_process.py",
        "symbol": "pointless-statement",
        "message": "Statement seems to have no effect",
        "message-id": "W0104"
    },
    {
        "type": "warning",
        "module": "counties_process",
        "obj": "conditional_counties",
        "line": 59,
        "column": 4,
        "endLine": 59,
        "endColumn": 8,
        "path": "counties_process.py",
        "symbol": "unnecessary-pass",
        "message": "Unnecessary pass statement",
        "message-id": "W0107"
    },
    {
        "type": "warning",
        "module": "counties_process",
        "obj": "conditional_counties",
        "line": 51,
        "column": 25,
        "endLine": 51,
        "endColumn": 31,
        "path": "counties_process.py",
        "symbol": "unused-argument",
        "message": "Unused argument 'data_f'",
        "message-id": "W0613"
    }
]

2023-12-02 16:50:53.845 [info] /bin/python -m pylint --reports=n --output-format=json --clear-cache-post-run=y --from-stdin /home/like/Documents/pb_labs/LAB12/counties_process.py
2023-12-02 16:50:53.845 [info] CWD Linter: /home/like/Documents/pb_labs/LAB12
2023-12-02 16:50:59.591 [info] file:///home/like/Documents/pb_labs/LAB12/counties_process.py :
[
    {
        "type": "convention",
        "module": "counties_process",
        "obj": "",
        "line": 1,
        "column": 0,
        "endLine": null,
        "endColumn": null,
        "path": "counties_process.py",
        "symbol": "missing-module-docstring",
        "message": "Missing module docstring",
        "message-id": "C0114"
    },
    {
        "type": "convention",
        "module": "counties_process",
        "obj": "conditional_counties",
        "line": 51,
        "column": 0,
        "endLine": 51,
        "endColumn": 24,
        "path": "counties_process.py",
        "symbol": "missing-function-docstring",
        "message": "Missing function or method docstring",
        "message-id": "C0116"
    },
    {
        "type": "warning",
        "module": "counties_process",
        "obj": "conditional_counties",
        "line": 57,
        "column": 4,
        "endLine": 57,
        "endColumn": 39,
        "path": "counties_process.py",
        "symbol": "pointless-statement",
        "message": "Statement seems to have no effect",
        "message-id": "W0104"
    },
    {
        "type": "warning",
        "module": "counties_process",
        "obj": "conditional_counties",
        "line": 59,
        "column": 4,
        "endLine": 59,
        "endColumn": 8,
        "path": "counties_process.py",
        "symbol": "unnecessary-pass",
        "message": "Unnecessary pass statement",
        "message-id": "W0107"
    }
]

2023-12-02 16:51:02.645 [info] /bin/python -m pylint --reports=n --output-format=json --clear-cache-post-run=y --from-stdin /home/like/Documents/pb_labs/LAB12/counties_process.py
2023-12-02 16:51:02.645 [info] CWD Linter: /home/like/Documents/pb_labs/LAB12
2023-12-02 16:51:08.496 [info] file:///home/like/Documents/pb_labs/LAB12/counties_process.py :
[
    {
        "type": "convention",
        "module": "counties_process",
        "obj": "",
        "line": 1,
        "column": 0,
        "endLine": null,
        "endColumn": null,
        "path": "counties_process.py",
        "symbol": "missing-module-docstring",
        "message": "Missing module docstring",
        "message-id": "C0114"
    },
    {
        "type": "convention",
        "module": "counties_process",
        "obj": "conditional_counties",
        "line": 51,
        "column": 0,
        "endLine": 51,
        "endColumn": 24,
        "path": "counties_process.py",
        "symbol": "missing-function-docstring",
        "message": "Missing function or method docstring",
        "message-id": "C0116"
    },
    {
        "type": "warning",
        "module": "counties_process",
        "obj": "conditional_counties",
        "line": 57,
        "column": 4,
        "endLine": 57,
        "endColumn": 39,
        "path": "counties_process.py",
        "symbol": "pointless-statement",
        "message": "Statement seems to have no effect",
        "message-id": "W0104"
    },
    {
        "type": "warning",
        "module": "counties_process",
        "obj": "conditional_counties",
        "line": 59,
        "column": 4,
        "endLine": 59,
        "endColumn": 8,
        "path": "counties_process.py",
        "symbol": "unnecessary-pass",
        "message": "Unnecessary pass statement",
        "message-id": "W0107"
    }
]

2023-12-02 16:51:08.507 [info] /bin/python -m pylint --reports=n --output-format=json --clear-cache-post-run=y --from-stdin /home/like/Documents/pb_labs/LAB12/counties_process.py
2023-12-02 16:51:08.507 [info] CWD Linter: /home/like/Documents/pb_labs/LAB12
2023-12-02 16:51:14.724 [info] file:///home/like/Documents/pb_labs/LAB12/counties_process.py :
[
    {
        "type": "convention",
        "module": "counties_process",
        "obj": "",
        "line": 1,
        "column": 0,
        "endLine": null,
        "endColumn": null,
        "path": "counties_process.py",
        "symbol": "missing-module-docstring",
        "message": "Missing module docstring",
        "message-id": "C0114"
    },
    {
        "type": "convention",
        "module": "counties_process",
        "obj": "conditional_counties",
        "line": 51,
        "column": 0,
        "endLine": 51,
        "endColumn": 24,
        "path": "counties_process.py",
        "symbol": "missing-function-docstring",
        "message": "Missing function or method docstring",
        "message-id": "C0116"
    },
    {
        "type": "warning",
        "module": "counties_process",
        "obj": "conditional_counties",
        "line": 57,
        "column": 4,
        "endLine": 57,
        "endColumn": 39,
        "path": "counties_process.py",
        "symbol": "pointless-statement",
        "message": "Statement seems to have no effect",
        "message-id": "W0104"
    },
    {
        "type": "warning",
        "module": "counties_process",
        "obj": "conditional_counties",
        "line": 59,
        "column": 4,
        "endLine": 59,
        "endColumn": 8,
        "path": "counties_process.py",
        "symbol": "unnecessary-pass",
        "message": "Unnecessary pass statement",
        "message-id": "W0107"
    }
]

2023-12-02 16:51:47.916 [info] /bin/python -m pylint --reports=n --output-format=json --clear-cache-post-run=y --from-stdin /home/like/Documents/pb_labs/LAB12/counties_process.py
2023-12-02 16:51:47.916 [info] CWD Linter: /home/like/Documents/pb_labs/LAB12
2023-12-02 16:51:53.877 [info] file:///home/like/Documents/pb_labs/LAB12/counties_process.py :
[
    {
        "type": "convention",
        "module": "counties_process",
        "obj": "",
        "line": 1,
        "column": 0,
        "endLine": null,
        "endColumn": null,
        "path": "counties_process.py",
        "symbol": "missing-module-docstring",
        "message": "Missing module docstring",
        "message-id": "C0114"
    },
    {
        "type": "convention",
        "module": "counties_process",
        "obj": "conditional_counties",
        "line": 51,
        "column": 0,
        "endLine": 51,
        "endColumn": 24,
        "path": "counties_process.py",
        "symbol": "missing-function-docstring",
        "message": "Missing function or method docstring",
        "message-id": "C0116"
    }
]

2023-12-02 16:52:38.192 [info] /bin/python -m pylint --reports=n --output-format=json --clear-cache-post-run=y --from-stdin /home/like/Documents/pb_labs/LAB12/counties_process.py
2023-12-02 16:52:38.192 [info] CWD Linter: /home/like/Documents/pb_labs/LAB12
2023-12-02 16:52:38.743 [info] file:///home/like/Documents/pb_labs/LAB12/counties_process.py :
[
    {
        "type": "error",
        "module": "counties_process",
        "obj": "",
        "line": 52,
        "column": 5,
        "endLine": null,
        "endColumn": null,
        "path": "counties_process.py",
        "symbol": "syntax-error",
        "message": "Parsing failed: 'unterminated triple-quoted string literal (detected at line 65) (<unknown>, line 52)'",
        "message-id": "E0001"
    }
]

2023-12-02 16:52:41.491 [info] /bin/python -m pylint --reports=n --output-format=json --clear-cache-post-run=y --from-stdin /home/like/Documents/pb_labs/LAB12/counties_process.py
2023-12-02 16:52:41.492 [info] CWD Linter: /home/like/Documents/pb_labs/LAB12
2023-12-02 16:52:47.293 [info] file:///home/like/Documents/pb_labs/LAB12/counties_process.py :
[
    {
        "type": "convention",
        "module": "counties_process",
        "obj": "",
        "line": 1,
        "column": 0,
        "endLine": null,
        "endColumn": null,
        "path": "counties_process.py",
        "symbol": "missing-module-docstring",
        "message": "Missing module docstring",
        "message-id": "C0114"
    }
]

2023-12-02 16:53:15.091 [info] /bin/python -m pylint --reports=n --output-format=json --clear-cache-post-run=y --from-stdin /home/like/Documents/pb_labs/LAB12/counties_process.py
2023-12-02 16:53:15.091 [info] CWD Linter: /home/like/Documents/pb_labs/LAB12
2023-12-02 16:53:21.157 [info] file:///home/like/Documents/pb_labs/LAB12/counties_process.py :
[
    {
        "type": "convention",
        "module": "counties_process",
        "obj": "",
        "line": 1,
        "column": 0,
        "endLine": null,
        "endColumn": null,
        "path": "counties_process.py",
        "symbol": "missing-module-docstring",
        "message": "Missing module docstring",
        "message-id": "C0114"
    }
]

2023-12-02 16:54:22.783 [info] /bin/python -m pylint --reports=n --output-format=json --clear-cache-post-run=y --from-stdin /home/like/Documents/pb_labs/LAB12/counties_process.py
2023-12-02 16:54:22.783 [info] CWD Linter: /home/like/Documents/pb_labs/LAB12
2023-12-02 16:54:28.350 [info] file:///home/like/Documents/pb_labs/LAB12/counties_process.py :
[]

2023-12-02 16:54:28.351 [info] /bin/python -m pylint --reports=n --output-format=json --clear-cache-post-run=y --from-stdin /home/like/Documents/pb_labs/LAB12/counties_process.py
2023-12-02 16:54:28.351 [info] CWD Linter: /home/like/Documents/pb_labs/LAB12
2023-12-02 16:54:33.821 [info] file:///home/like/Documents/pb_labs/LAB12/counties_process.py :
[]

2023-12-02 16:54:53.248 [info] /bin/python -m pylint --reports=n --output-format=json --clear-cache-post-run=y --from-stdin /home/like/Documents/pb_labs/LAB12/counties_process.py
2023-12-02 16:54:53.249 [info] CWD Linter: /home/like/Documents/pb_labs/LAB12
2023-12-02 16:54:59.436 [info] file:///home/like/Documents/pb_labs/LAB12/counties_process.py :
[]

2023-12-02 17:25:03.552 [info] /bin/python -m pylint --reports=n --output-format=json --clear-cache-post-run=y --from-stdin /home/like/Documents/pb_labs/LAB12/counties_process.py
2023-12-02 17:25:03.552 [info] CWD Linter: /home/like/Documents/pb_labs/LAB12
2023-12-02 17:25:09.029 [info] file:///home/like/Documents/pb_labs/LAB12/counties_process.py :
[
    {
        "type": "error",
        "module": "counties_process",
        "obj": "max_difference",
        "line": 27,
        "column": 12,
        "endLine": 27,
        "endColumn": 14,
        "path": "counties_process.py",
        "symbol": "undefined-variable",
        "message": "Undefined variable 'df'",
        "message-id": "E0602"
    },
    {
        "type": "error",
        "module": "counties_process",
        "obj": "max_difference",
        "line": 27,
        "column": 19,
        "endLine": 27,
        "endColumn": 21,
        "path": "counties_process.py",
        "symbol": "undefined-variable",
        "message": "Undefined variable 'df'",
        "message-id": "E0602"
    },
    {
        "type": "warning",
        "module": "counties_process",
        "obj": "max_difference",
        "line": 27,
        "column": 4,
        "endLine": 27,
        "endColumn": 9,
        "path": "counties_process.py",
        "symbol": "unused-variable",
        "message": "Unused variable 'tmp_f'",
        "message-id": "W0612"
    }
]

2023-12-02 17:25:09.033 [info] /bin/python -m pylint --reports=n --output-format=json --clear-cache-post-run=y --from-stdin /home/like/Documents/pb_labs/LAB12/counties_process.py
2023-12-02 17:25:09.033 [info] CWD Linter: /home/like/Documents/pb_labs/LAB12
2023-12-02 17:25:15.158 [info] file:///home/like/Documents/pb_labs/LAB12/counties_process.py :
[
    {
        "type": "error",
        "module": "counties_process",
        "obj": "max_difference",
        "line": 27,
        "column": 12,
        "endLine": 27,
        "endColumn": 14,
        "path": "counties_process.py",
        "symbol": "undefined-variable",
        "message": "Undefined variable 'df'",
        "message-id": "E0602"
    },
    {
        "type": "error",
        "module": "counties_process",
        "obj": "max_difference",
        "line": 27,
        "column": 19,
        "endLine": 27,
        "endColumn": 21,
        "path": "counties_process.py",
        "symbol": "undefined-variable",
        "message": "Undefined variable 'df'",
        "message-id": "E0602"
    }
]

2023-12-02 17:25:16.389 [info] /bin/python -m pylint --reports=n --output-format=json --clear-cache-post-run=y --from-stdin /home/like/Documents/pb_labs/LAB12/counties_process.py
2023-12-02 17:25:16.389 [info] CWD Linter: /home/like/Documents/pb_labs/LAB12
2023-12-02 17:25:22.204 [info] file:///home/like/Documents/pb_labs/LAB12/counties_process.py :
[
    {
        "type": "error",
        "module": "counties_process",
        "obj": "max_difference",
        "line": 27,
        "column": 12,
        "endLine": 27,
        "endColumn": 14,
        "path": "counties_process.py",
        "symbol": "undefined-variable",
        "message": "Undefined variable 'df'",
        "message-id": "E0602"
    },
    {
        "type": "error",
        "module": "counties_process",
        "obj": "max_difference",
        "line": 27,
        "column": 19,
        "endLine": 27,
        "endColumn": 21,
        "path": "counties_process.py",
        "symbol": "undefined-variable",
        "message": "Undefined variable 'df'",
        "message-id": "E0602"
    }
]

2023-12-02 17:25:24.127 [info] /bin/python -m pylint --reports=n --output-format=json --clear-cache-post-run=y --from-stdin /home/like/Documents/pb_labs/LAB12/counties_process.py
2023-12-02 17:25:24.127 [info] CWD Linter: /home/like/Documents/pb_labs/LAB12
2023-12-02 17:25:29.950 [info] file:///home/like/Documents/pb_labs/LAB12/counties_process.py :
[
    {
        "type": "error",
        "module": "counties_process",
        "obj": "max_difference",
        "line": 27,
        "column": 12,
        "endLine": 27,
        "endColumn": 14,
        "path": "counties_process.py",
        "symbol": "undefined-variable",
        "message": "Undefined variable 'df'",
        "message-id": "E0602"
    },
    {
        "type": "error",
        "module": "counties_process",
        "obj": "max_difference",
        "line": 27,
        "column": 19,
        "endLine": 27,
        "endColumn": 21,
        "path": "counties_process.py",
        "symbol": "undefined-variable",
        "message": "Undefined variable 'df'",
        "message-id": "E0602"
    },
    {
        "type": "warning",
        "module": "counties_process",
        "obj": "max_difference",
        "line": 22,
        "column": 19,
        "endLine": 22,
        "endColumn": 39,
        "path": "counties_process.py",
        "symbol": "unused-argument",
        "message": "Unused argument 'data_f'",
        "message-id": "W0613"
    }
]

2023-12-02 17:25:36.512 [info] /bin/python -m pylint --reports=n --output-format=json --clear-cache-post-run=y --from-stdin /home/like/Documents/pb_labs/LAB12/counties_process.py
2023-12-02 17:25:36.512 [info] CWD Linter: /home/like/Documents/pb_labs/LAB12
2023-12-02 17:25:42.033 [info] file:///home/like/Documents/pb_labs/LAB12/counties_process.py :
[
    {
        "type": "error",
        "module": "counties_process",
        "obj": "max_difference",
        "line": 27,
        "column": 12,
        "endLine": 27,
        "endColumn": 14,
        "path": "counties_process.py",
        "symbol": "undefined-variable",
        "message": "Undefined variable 'df'",
        "message-id": "E0602"
    },
    {
        "type": "error",
        "module": "counties_process",
        "obj": "max_difference",
        "line": 27,
        "column": 19,
        "endLine": 27,
        "endColumn": 21,
        "path": "counties_process.py",
        "symbol": "undefined-variable",
        "message": "Undefined variable 'df'",
        "message-id": "E0602"
    },
    {
        "type": "warning",
        "module": "counties_process",
        "obj": "max_difference",
        "line": 22,
        "column": 19,
        "endLine": 22,
        "endColumn": 39,
        "path": "counties_process.py",
        "symbol": "unused-argument",
        "message": "Unused argument 'data_f'",
        "message-id": "W0613"
    }
]

2023-12-02 17:25:44.194 [info] /bin/python -m pylint --reports=n --output-format=json --clear-cache-post-run=y --from-stdin /home/like/Documents/pb_labs/LAB12/counties_process.py
2023-12-02 17:25:44.194 [info] CWD Linter: /home/like/Documents/pb_labs/LAB12
2023-12-02 17:25:49.922 [info] file:///home/like/Documents/pb_labs/LAB12/counties_process.py :
[]

