2023-12-03 17:48:04.422 [info] Name: Ruff
2023-12-03 17:48:04.422 [info] Module: ruff
2023-12-03 17:48:04.422 [info] Python extension loading
2023-12-03 17:48:04.422 [info] Waiting for interpreter from python extension.
2023-12-03 17:48:04.422 [info] Python extension loaded
2023-12-03 17:48:04.422 [info] Server run command: /bin/python /home/like/.vscode-oss/extensions/charliermarsh.ruff-2023.50.0-linux-x64/bundled/tool/server.py
2023-12-03 17:48:04.422 [info] Server: Start requested.
2023-12-03 17:48:04.777 [info] 2023-12-03 17:48:04,777 INFO Starting IO server

2023-12-03 17:48:04.811 [info] Workspace settings: [
    {
        "cwd": "/home/like/Documents/pb_labs/miniprojects/third_miniproject",
        "workspace": "file:///home/like/Documents/pb_labs/miniprojects/third_miniproject",
        "path": [],
        "interpreter": [
            "/bin/python"
        ],
        "importStrategy": "fromEnvironment",
        "codeAction": {
            "fixViolation": {
                "enable": true
            },
            "disableRuleComment": {
                "enable": true
            }
        },
        "lint": {
            "run": "onType",
            "args": []
        },
        "format": {
            "args": []
        },
        "enable": true,
        "organizeImports": true,
        "fixAll": true,
        "showNotifications": "off"
    }
]
2023-12-03 17:48:04.811 [info] Global settings: {
    "cwd": "/home/like",
    "workspace": "/home/like",
    "path": [],
    "interpreter": [],
    "importStrategy": "fromEnvironment",
    "codeAction": {
        "fixViolation": {
            "enable": true
        },
        "disableRuleComment": {
            "enable": true
        }
    },
    "lint": {
        "run": "onType",
        "args": []
    },
    "format": {
        "args": []
    },
    "enable": true,
    "organizeImports": true,
    "fixAll": true,
    "showNotifications": "off"
}
2023-12-03 17:48:04.816 [info] [Trace - 5:48:04 PM] Sending request 'textDocument/codeAction - (1)'.
2023-12-03 17:48:04.818 [info] [Trace - 5:48:04 PM] Received notification 'window/logMessage'.
2023-12-03 17:48:04.818 [info] Interpreter executable (/usr/bin/ruff) not found
2023-12-03 17:48:04.818 [info] [Trace - 5:48:04 PM] Received notification 'window/logMessage'.
2023-12-03 17:48:04.818 [info] Falling back to bundled executable: /home/like/.vscode-oss/extensions/charliermarsh.ruff-2023.50.0-linux-x64/bundled/libs/bin/ruff
2023-12-03 17:48:04.819 [info] [Trace - 5:48:04 PM] Received notification 'window/logMessage'.
2023-12-03 17:48:04.819 [info] Inferred version 0.1.5 for: /home/like/.vscode-oss/extensions/charliermarsh.ruff-2023.50.0-linux-x64/bundled/libs/bin/ruff
2023-12-03 17:48:04.819 [info] [Trace - 5:48:04 PM] Received notification 'window/logMessage'.
2023-12-03 17:48:04.819 [info] Found ruff 0.1.5 at /home/like/.vscode-oss/extensions/charliermarsh.ruff-2023.50.0-linux-x64/bundled/libs/bin/ruff
2023-12-03 17:48:04.819 [info] [Trace - 5:48:04 PM] Received notification 'window/logMessage'.
2023-12-03 17:48:04.819 [info] Running Ruff with: /home/like/.vscode-oss/extensions/charliermarsh.ruff-2023.50.0-linux-x64/bundled/libs/bin/ruff ['--force-exclude', '--no-cache', '--no-fix', '--quiet', '--output-format', 'json', '-', '--stdin-filename', '/home/like/Documents/pb_labs/miniprojects/third_miniproject/player2.py']
2023-12-03 17:48:04.824 [info] [Trace - 5:48:04 PM] Received response 'textDocument/codeAction - (1)' in 8ms.
2023-12-03 17:48:04.826 [info] [Trace - 5:48:04 PM] Received notification 'textDocument/publishDiagnostics'.
2023-12-03 17:48:04.887 [info] [Trace - 5:48:04 PM] Sending request 'textDocument/codeAction - (2)'.
2023-12-03 17:48:04.889 [info] [Trace - 5:48:04 PM] Received response 'textDocument/codeAction - (2)' in 2ms.
2023-12-03 17:48:04.961 [info] [Trace - 5:48:04 PM] Sending request 'textDocument/codeAction - (3)'.
2023-12-03 17:48:04.963 [info] [Trace - 5:48:04 PM] Received response 'textDocument/codeAction - (3)' in 1ms.
2023-12-03 17:48:05.637 [info] [Trace - 5:48:05 PM] Sending request 'textDocument/codeAction - (4)'.
2023-12-03 17:48:05.639 [info] [Trace - 5:48:05 PM] Received response 'textDocument/codeAction - (4)' in 2ms.
2023-12-03 17:48:05.913 [info] [Trace - 5:48:05 PM] Sending request 'textDocument/codeAction - (5)'.
2023-12-03 17:48:05.915 [info] [Trace - 5:48:05 PM] Received response 'textDocument/codeAction - (5)' in 2ms.
2023-12-03 17:48:31.178 [info] [Trace - 5:48:31 PM] Sending request 'textDocument/hover - (6)'.
2023-12-03 17:48:31.180 [info] [Trace - 5:48:31 PM] Received response 'textDocument/hover - (6)' in 2ms.
2023-12-03 17:48:40.780 [info] [Trace - 5:48:40 PM] Sending request 'shutdown - (7)'.
2023-12-03 17:48:40.786 [info] [Trace - 5:48:40 PM] Received response 'shutdown - (7)' in 15ms.
2023-12-03 17:48:40.786 [info] [Trace - 5:48:40 PM] Sending notification 'exit'.
2023-12-03 17:48:42.387 [info] Name: Ruff
2023-12-03 17:48:42.387 [info] Module: ruff
2023-12-03 17:48:42.387 [info] Python extension loading
2023-12-03 17:48:42.387 [info] Waiting for interpreter from python extension.
2023-12-03 17:48:42.387 [info] Python extension loaded
2023-12-03 17:48:42.387 [info] Server run command: /bin/python /home/like/.vscode-oss/extensions/charliermarsh.ruff-2023.50.0-linux-x64/bundled/tool/server.py
2023-12-03 17:48:42.387 [info] Server: Start requested.
2023-12-03 17:48:42.715 [info] 2023-12-03 17:48:42,714 INFO Starting IO server

2023-12-03 17:48:42.745 [info] Workspace settings: [
    {
        "cwd": "/home/like/Documents/calculus_add",
        "workspace": "file:///home/like/Documents/calculus_add",
        "path": [],
        "interpreter": [
            "/bin/python"
        ],
        "importStrategy": "fromEnvironment",
        "codeAction": {
            "fixViolation": {
                "enable": true
            },
            "disableRuleComment": {
                "enable": true
            }
        },
        "lint": {
            "run": "onType",
            "args": []
        },
        "format": {
            "args": []
        },
        "enable": true,
        "organizeImports": true,
        "fixAll": true,
        "showNotifications": "off"
    }
]
2023-12-03 17:48:42.745 [info] Global settings: {
    "cwd": "/home/like",
    "workspace": "/home/like",
    "path": [],
    "interpreter": [],
    "importStrategy": "fromEnvironment",
    "codeAction": {
        "fixViolation": {
            "enable": true
        },
        "disableRuleComment": {
            "enable": true
        }
    },
    "lint": {
        "run": "onType",
        "args": []
    },
    "format": {
        "args": []
    },
    "enable": true,
    "organizeImports": true,
    "fixAll": true,
    "showNotifications": "off"
}
2023-12-03 17:48:45.978 [info] [Trace - 5:48:45 PM] Sending notification 'notebookDocument/didOpen'.
2023-12-03 17:48:45.983 [info] [Trace - 5:48:45 PM] Received notification 'window/logMessage'.
2023-12-03 17:48:45.983 [info] Interpreter executable (/usr/bin/ruff) not found
2023-12-03 17:48:45.983 [info] [Trace - 5:48:45 PM] Received notification 'window/logMessage'.
2023-12-03 17:48:45.983 [info] Falling back to bundled executable: /home/like/.vscode-oss/extensions/charliermarsh.ruff-2023.50.0-linux-x64/bundled/libs/bin/ruff
2023-12-03 17:48:45.985 [info] [Trace - 5:48:45 PM] Received notification 'window/logMessage'.
2023-12-03 17:48:45.985 [info] Inferred version 0.1.5 for: /home/like/.vscode-oss/extensions/charliermarsh.ruff-2023.50.0-linux-x64/bundled/libs/bin/ruff
2023-12-03 17:48:45.986 [info] [Trace - 5:48:45 PM] Received notification 'window/logMessage'.
2023-12-03 17:48:45.986 [info] Found ruff 0.1.5 at /home/like/.vscode-oss/extensions/charliermarsh.ruff-2023.50.0-linux-x64/bundled/libs/bin/ruff
2023-12-03 17:48:45.986 [info] [Trace - 5:48:45 PM] Received notification 'window/logMessage'.
2023-12-03 17:48:45.986 [info] Running Ruff with: /home/like/.vscode-oss/extensions/charliermarsh.ruff-2023.50.0-linux-x64/bundled/libs/bin/ruff ['--force-exclude', '--no-cache', '--no-fix', '--quiet', '--output-format', 'json', '-', '--stdin-filename', '/home/like/Documents/calculus_add/extra_xor.ipynb']
2023-12-03 17:48:45.996 [info] [Trace - 5:48:45 PM] Received notification 'textDocument/publishDiagnostics'.
2023-12-03 17:49:02.174 [info] [Trace - 5:49:02 PM] Sending request 'textDocument/codeAction - (1)'.
2023-12-03 17:49:02.178 [info] [Trace - 5:49:02 PM] Received response 'textDocument/codeAction - (1)' in 5ms.
2023-12-03 17:49:02.185 [info] [Trace - 5:49:02 PM] Sending request 'textDocument/codeAction - (2)'.
2023-12-03 17:49:02.186 [info] [Trace - 5:49:02 PM] Received response 'textDocument/codeAction - (2)' in 1ms.
2023-12-03 17:49:02.920 [info] [Trace - 5:49:02 PM] Sending request 'textDocument/codeAction - (3)'.
2023-12-03 17:49:02.921 [info] [Trace - 5:49:02 PM] Received response 'textDocument/codeAction - (3)' in 1ms.
2023-12-03 17:49:02.963 [info] [Trace - 5:49:02 PM] Sending request 'textDocument/codeAction - (4)'.
2023-12-03 17:49:02.969 [info] [Trace - 5:49:02 PM] Received response 'textDocument/codeAction - (4)' in 6ms.
2023-12-03 17:49:03.344 [info] [Trace - 5:49:03 PM] Sending request 'textDocument/codeAction - (5)'.
2023-12-03 17:49:03.347 [info] [Trace - 5:49:03 PM] Received response 'textDocument/codeAction - (5)' in 3ms.
2023-12-03 17:49:03.605 [info] [Trace - 5:49:03 PM] Sending request 'textDocument/codeAction - (6)'.
2023-12-03 17:49:03.608 [info] [Trace - 5:49:03 PM] Received response 'textDocument/codeAction - (6)' in 3ms.
2023-12-03 17:49:06.684 [info] [Trace - 5:49:06 PM] Sending request 'textDocument/codeAction - (7)'.
2023-12-03 17:49:06.686 [info] [Trace - 5:49:06 PM] Received response 'textDocument/codeAction - (7)' in 2ms.
2023-12-03 17:49:07.416 [info] [Trace - 5:49:07 PM] Sending request 'textDocument/codeAction - (8)'.
2023-12-03 17:49:07.417 [info] [Trace - 5:49:07 PM] Received response 'textDocument/codeAction - (8)' in 1ms.
2023-12-03 17:49:08.219 [info] [Trace - 5:49:08 PM] Sending request 'textDocument/codeAction - (9)'.
2023-12-03 17:49:08.220 [info] [Trace - 5:49:08 PM] Received response 'textDocument/codeAction - (9)' in 1ms.
2023-12-03 17:49:08.237 [info] [Trace - 5:49:08 PM] Sending request 'textDocument/codeAction - (10)'.
2023-12-03 17:49:08.238 [info] [Trace - 5:49:08 PM] Received response 'textDocument/codeAction - (10)' in 1ms.
2023-12-03 18:00:00.151 [info] [Trace - 6:00:00 PM] Sending request 'textDocument/codeAction - (11)'.
2023-12-03 18:00:00.152 [info] [Trace - 6:00:00 PM] Received response 'textDocument/codeAction - (11)' in 1ms.
2023-12-03 18:00:00.268 [info] [Trace - 6:00:00 PM] Sending request 'textDocument/codeAction - (12)'.
2023-12-03 18:00:00.269 [info] [Trace - 6:00:00 PM] Received response 'textDocument/codeAction - (12)' in 1ms.
2023-12-03 18:00:01.080 [info] [Trace - 6:00:01 PM] Sending request 'textDocument/codeAction - (13)'.
2023-12-03 18:00:01.081 [info] [Trace - 6:00:01 PM] Received response 'textDocument/codeAction - (13)' in 1ms.
2023-12-03 18:00:11.510 [info] [Trace - 6:00:11 PM] Sending request 'textDocument/codeAction - (14)'.
2023-12-03 18:00:11.511 [info] [Trace - 6:00:11 PM] Received response 'textDocument/codeAction - (14)' in 1ms.
2023-12-03 18:00:11.574 [info] [Trace - 6:00:11 PM] Sending request 'textDocument/codeAction - (15)'.
2023-12-03 18:00:11.575 [info] [Trace - 6:00:11 PM] Received response 'textDocument/codeAction - (15)' in 1ms.
2023-12-03 18:00:45.308 [info] [Trace - 6:00:45 PM] Sending request 'textDocument/codeAction - (16)'.
2023-12-03 18:00:45.309 [info] [Trace - 6:00:45 PM] Received response 'textDocument/codeAction - (16)' in 1ms.
2023-12-03 18:00:45.329 [info] [Trace - 6:00:45 PM] Sending request 'textDocument/codeAction - (17)'.
2023-12-03 18:00:45.330 [info] [Trace - 6:00:45 PM] Received response 'textDocument/codeAction - (17)' in 1ms.
2023-12-03 18:00:46.400 [info] [Trace - 6:00:46 PM] Sending request 'textDocument/codeAction - (18)'.
2023-12-03 18:00:46.401 [info] [Trace - 6:00:46 PM] Received response 'textDocument/codeAction - (18)' in 1ms.
2023-12-03 18:00:46.618 [info] [Trace - 6:00:46 PM] Sending request 'textDocument/codeAction - (19)'.
2023-12-03 18:00:46.621 [info] [Trace - 6:00:46 PM] Received response 'textDocument/codeAction - (19)' in 3ms.
2023-12-03 18:00:48.672 [info] [Trace - 6:00:48 PM] Sending request 'textDocument/codeAction - (20)'.
2023-12-03 18:00:48.673 [info] [Trace - 6:00:48 PM] Received response 'textDocument/codeAction - (20)' in 1ms.
2023-12-03 18:00:49.052 [info] [Trace - 6:00:49 PM] Sending request 'textDocument/codeAction - (21)'.
2023-12-03 18:00:49.053 [info] [Trace - 6:00:49 PM] Received response 'textDocument/codeAction - (21)' in 1ms.
2023-12-03 18:00:49.692 [info] [Trace - 6:00:49 PM] Sending request 'textDocument/codeAction - (22)'.
2023-12-03 18:00:49.693 [info] [Trace - 6:00:49 PM] Received response 'textDocument/codeAction - (22)' in 1ms.
2023-12-03 18:00:50.075 [info] [Trace - 6:00:50 PM] Sending request 'textDocument/codeAction - (23)'.
2023-12-03 18:00:50.076 [info] [Trace - 6:00:50 PM] Received response 'textDocument/codeAction - (23)' in 1ms.
2023-12-03 18:05:11.625 [info] [Trace - 6:05:11 PM] Sending request 'textDocument/codeAction - (24)'.
2023-12-03 18:05:11.626 [info] [Trace - 6:05:11 PM] Received response 'textDocument/codeAction - (24)' in 1ms.
2023-12-03 18:05:19.871 [info] [Trace - 6:05:19 PM] Sending notification 'notebookDocument/didChange'.
2023-12-03 18:05:19.875 [info] [Trace - 6:05:19 PM] Received notification 'window/logMessage'.
2023-12-03 18:05:19.875 [info] Interpreter executable (/usr/bin/ruff) not found
2023-12-03 18:05:19.875 [info] [Trace - 6:05:19 PM] Received notification 'window/logMessage'.
2023-12-03 18:05:19.875 [info] Falling back to bundled executable: /home/like/.vscode-oss/extensions/charliermarsh.ruff-2023.50.0-linux-x64/bundled/libs/bin/ruff
2023-12-03 18:05:19.875 [info] [Trace - 6:05:19 PM] Received notification 'window/logMessage'.
2023-12-03 18:05:19.875 [info] Found ruff 0.1.5 at /home/like/.vscode-oss/extensions/charliermarsh.ruff-2023.50.0-linux-x64/bundled/libs/bin/ruff
2023-12-03 18:05:19.875 [info] [Trace - 6:05:19 PM] Received notification 'window/logMessage'.
2023-12-03 18:05:19.875 [info] Running Ruff with: /home/like/.vscode-oss/extensions/charliermarsh.ruff-2023.50.0-linux-x64/bundled/libs/bin/ruff ['--force-exclude', '--no-cache', '--no-fix', '--quiet', '--output-format', 'json', '-', '--stdin-filename', '/home/like/Documents/calculus_add/extra_xor.ipynb']
2023-12-03 18:05:19.881 [info] [Trace - 6:05:19 PM] Received notification 'textDocument/publishDiagnostics'.
2023-12-03 18:05:19.881 [info] [Trace - 6:05:19 PM] Received notification 'textDocument/publishDiagnostics'.
2023-12-03 18:05:19.881 [info] [Trace - 6:05:19 PM] Received notification 'textDocument/publishDiagnostics'.
2023-12-03 18:05:19.881 [info] [Trace - 6:05:19 PM] Received notification 'textDocument/publishDiagnostics'.
2023-12-03 18:05:19.881 [info] [Trace - 6:05:19 PM] Received notification 'textDocument/publishDiagnostics'.
2023-12-03 18:05:19.881 [info] [Trace - 6:05:19 PM] Received notification 'textDocument/publishDiagnostics'.
2023-12-03 18:05:22.676 [info] [Trace - 6:05:22 PM] Sending notification 'notebookDocument/didChange'.
2023-12-03 18:05:22.683 [info] [Trace - 6:05:22 PM] Received notification 'window/logMessage'.
2023-12-03 18:05:22.683 [info] Interpreter executable (/usr/bin/ruff) not found
2023-12-03 18:05:22.683 [info] [Trace - 6:05:22 PM] Received notification 'window/logMessage'.
2023-12-03 18:05:22.683 [info] Falling back to bundled executable: /home/like/.vscode-oss/extensions/charliermarsh.ruff-2023.50.0-linux-x64/bundled/libs/bin/ruff
2023-12-03 18:05:22.683 [info] [Trace - 6:05:22 PM] Received notification 'window/logMessage'.
2023-12-03 18:05:22.683 [info] Found ruff 0.1.5 at /home/like/.vscode-oss/extensions/charliermarsh.ruff-2023.50.0-linux-x64/bundled/libs/bin/ruff
2023-12-03 18:05:22.683 [info] [Trace - 6:05:22 PM] Received notification 'window/logMessage'.
2023-12-03 18:05:22.683 [info] Running Ruff with: /home/like/.vscode-oss/extensions/charliermarsh.ruff-2023.50.0-linux-x64/bundled/libs/bin/ruff ['--force-exclude', '--no-cache', '--no-fix', '--quiet', '--output-format', 'json', '-', '--stdin-filename', '/home/like/Documents/calculus_add/extra_xor.ipynb']
2023-12-03 18:05:22.684 [info] [Trace - 6:05:22 PM] Received notification 'textDocument/publishDiagnostics'.
2023-12-03 18:05:22.685 [info] [Trace - 6:05:22 PM] Received notification 'textDocument/publishDiagnostics'.
2023-12-03 18:05:22.686 [info] [Trace - 6:05:22 PM] Received notification 'textDocument/publishDiagnostics'.
2023-12-03 18:05:22.686 [info] [Trace - 6:05:22 PM] Received notification 'textDocument/publishDiagnostics'.
2023-12-03 18:05:22.686 [info] [Trace - 6:05:22 PM] Received notification 'textDocument/publishDiagnostics'.
2023-12-03 18:05:22.686 [info] [Trace - 6:05:22 PM] Received notification 'textDocument/publishDiagnostics'.
2023-12-03 18:05:23.184 [info] [Trace - 6:05:23 PM] Sending notification 'notebookDocument/didChange'.
2023-12-03 18:05:23.186 [info] [Trace - 6:05:23 PM] Received notification 'window/logMessage'.
2023-12-03 18:05:23.186 [info] Interpreter executable (/usr/bin/ruff) not found
2023-12-03 18:05:23.186 [info] [Trace - 6:05:23 PM] Received notification 'window/logMessage'.
2023-12-03 18:05:23.186 [info] Falling back to bundled executable: /home/like/.vscode-oss/extensions/charliermarsh.ruff-2023.50.0-linux-x64/bundled/libs/bin/ruff
2023-12-03 18:05:23.186 [info] [Trace - 6:05:23 PM] Received notification 'window/logMessage'.
2023-12-03 18:05:23.186 [info] Found ruff 0.1.5 at /home/like/.vscode-oss/extensions/charliermarsh.ruff-2023.50.0-linux-x64/bundled/libs/bin/ruff
2023-12-03 18:05:23.186 [info] [Trace - 6:05:23 PM] Received notification 'window/logMessage'.
2023-12-03 18:05:23.186 [info] Running Ruff with: /home/like/.vscode-oss/extensions/charliermarsh.ruff-2023.50.0-linux-x64/bundled/libs/bin/ruff ['--force-exclude', '--no-cache', '--no-fix', '--quiet', '--output-format', 'json', '-', '--stdin-filename', '/home/like/Documents/calculus_add/extra_xor.ipynb']
2023-12-03 18:05:23.192 [info] [Trace - 6:05:23 PM] Received notification 'textDocument/publishDiagnostics'.
2023-12-03 18:05:23.193 [info] [Trace - 6:05:23 PM] Received notification 'textDocument/publishDiagnostics'.
2023-12-03 18:05:23.193 [info] [Trace - 6:05:23 PM] Received notification 'textDocument/publishDiagnostics'.
2023-12-03 18:05:23.193 [info] [Trace - 6:05:23 PM] Received notification 'textDocument/publishDiagnostics'.
2023-12-03 18:05:23.193 [info] [Trace - 6:05:23 PM] Received notification 'textDocument/publishDiagnostics'.
2023-12-03 18:05:23.194 [info] [Trace - 6:05:23 PM] Received notification 'textDocument/publishDiagnostics'.
2023-12-03 18:05:23.200 [info] [Trace - 6:05:23 PM] Sending notification 'notebookDocument/didChange'.
2023-12-03 18:05:23.201 [info] [Trace - 6:05:23 PM] Received notification 'window/logMessage'.
2023-12-03 18:05:23.201 [info] Interpreter executable (/usr/bin/ruff) not found
2023-12-03 18:05:23.201 [info] [Trace - 6:05:23 PM] Received notification 'window/logMessage'.
2023-12-03 18:05:23.201 [info] Falling back to bundled executable: /home/like/.vscode-oss/extensions/charliermarsh.ruff-2023.50.0-linux-x64/bundled/libs/bin/ruff
2023-12-03 18:05:23.201 [info] [Trace - 6:05:23 PM] Received notification 'window/logMessage'.
2023-12-03 18:05:23.201 [info] Found ruff 0.1.5 at /home/like/.vscode-oss/extensions/charliermarsh.ruff-2023.50.0-linux-x64/bundled/libs/bin/ruff
2023-12-03 18:05:23.201 [info] [Trace - 6:05:23 PM] Received notification 'window/logMessage'.
2023-12-03 18:05:23.201 [info] Running Ruff with: /home/like/.vscode-oss/extensions/charliermarsh.ruff-2023.50.0-linux-x64/bundled/libs/bin/ruff ['--force-exclude', '--no-cache', '--no-fix', '--quiet', '--output-format', 'json', '-', '--stdin-filename', '/home/like/Documents/calculus_add/extra_xor.ipynb']
2023-12-03 18:05:23.207 [info] [Trace - 6:05:23 PM] Received notification 'textDocument/publishDiagnostics'.
2023-12-03 18:05:23.207 [info] [Trace - 6:05:23 PM] Received notification 'textDocument/publishDiagnostics'.
2023-12-03 18:05:23.208 [info] [Trace - 6:05:23 PM] Received notification 'textDocument/publishDiagnostics'.
2023-12-03 18:05:23.208 [info] [Trace - 6:05:23 PM] Received notification 'textDocument/publishDiagnostics'.
2023-12-03 18:05:23.208 [info] [Trace - 6:05:23 PM] Received notification 'textDocument/publishDiagnostics'.
2023-12-03 18:05:23.208 [info] [Trace - 6:05:23 PM] Received notification 'textDocument/publishDiagnostics'.
2023-12-03 18:05:23.211 [info] [Trace - 6:05:23 PM] Sending notification 'notebookDocument/didChange'.
2023-12-03 18:05:23.212 [info] [Trace - 6:05:23 PM] Received notification 'window/logMessage'.
2023-12-03 18:05:23.212 [info] Interpreter executable (/usr/bin/ruff) not found
2023-12-03 18:05:23.212 [info] [Trace - 6:05:23 PM] Received notification 'window/logMessage'.
2023-12-03 18:05:23.212 [info] Falling back to bundled executable: /home/like/.vscode-oss/extensions/charliermarsh.ruff-2023.50.0-linux-x64/bundled/libs/bin/ruff
2023-12-03 18:05:23.213 [info] [Trace - 6:05:23 PM] Received notification 'window/logMessage'.
2023-12-03 18:05:23.213 [info] Found ruff 0.1.5 at /home/like/.vscode-oss/extensions/charliermarsh.ruff-2023.50.0-linux-x64/bundled/libs/bin/ruff
2023-12-03 18:05:23.213 [info] [Trace - 6:05:23 PM] Received notification 'window/logMessage'.
2023-12-03 18:05:23.213 [info] Running Ruff with: /home/like/.vscode-oss/extensions/charliermarsh.ruff-2023.50.0-linux-x64/bundled/libs/bin/ruff ['--force-exclude', '--no-cache', '--no-fix', '--quiet', '--output-format', 'json', '-', '--stdin-filename', '/home/like/Documents/calculus_add/extra_xor.ipynb']
2023-12-03 18:05:23.219 [info] [Trace - 6:05:23 PM] Received notification 'textDocument/publishDiagnostics'.
2023-12-03 18:05:23.220 [info] [Trace - 6:05:23 PM] Received notification 'textDocument/publishDiagnostics'.
2023-12-03 18:05:23.220 [info] [Trace - 6:05:23 PM] Received notification 'textDocument/publishDiagnostics'.
2023-12-03 18:05:23.220 [info] [Trace - 6:05:23 PM] Received notification 'textDocument/publishDiagnostics'.
2023-12-03 18:05:23.220 [info] [Trace - 6:05:23 PM] Received notification 'textDocument/publishDiagnostics'.
2023-12-03 18:05:23.220 [info] [Trace - 6:05:23 PM] Received notification 'textDocument/publishDiagnostics'.
2023-12-03 18:05:23.238 [info] [Trace - 6:05:23 PM] Sending notification 'notebookDocument/didChange'.
2023-12-03 18:05:23.240 [info] [Trace - 6:05:23 PM] Received notification 'window/logMessage'.
2023-12-03 18:05:23.240 [info] Interpreter executable (/usr/bin/ruff) not found
2023-12-03 18:05:23.240 [info] [Trace - 6:05:23 PM] Received notification 'window/logMessage'.
2023-12-03 18:05:23.240 [info] Falling back to bundled executable: /home/like/.vscode-oss/extensions/charliermarsh.ruff-2023.50.0-linux-x64/bundled/libs/bin/ruff
2023-12-03 18:05:23.240 [info] [Trace - 6:05:23 PM] Received notification 'window/logMessage'.
2023-12-03 18:05:23.240 [info] Found ruff 0.1.5 at /home/like/.vscode-oss/extensions/charliermarsh.ruff-2023.50.0-linux-x64/bundled/libs/bin/ruff
2023-12-03 18:05:23.240 [info] [Trace - 6:05:23 PM] Received notification 'window/logMessage'.
2023-12-03 18:05:23.240 [info] Running Ruff with: /home/like/.vscode-oss/extensions/charliermarsh.ruff-2023.50.0-linux-x64/bundled/libs/bin/ruff ['--force-exclude', '--no-cache', '--no-fix', '--quiet', '--output-format', 'json', '-', '--stdin-filename', '/home/like/Documents/calculus_add/extra_xor.ipynb']
2023-12-03 18:05:23.245 [info] [Trace - 6:05:23 PM] Received notification 'textDocument/publishDiagnostics'.
2023-12-03 18:05:23.246 [info] [Trace - 6:05:23 PM] Received notification 'textDocument/publishDiagnostics'.
2023-12-03 18:05:23.246 [info] [Trace - 6:05:23 PM] Received notification 'textDocument/publishDiagnostics'.
2023-12-03 18:05:23.246 [info] [Trace - 6:05:23 PM] Received notification 'textDocument/publishDiagnostics'.
2023-12-03 18:05:23.246 [info] [Trace - 6:05:23 PM] Received notification 'textDocument/publishDiagnostics'.
2023-12-03 18:05:23.246 [info] [Trace - 6:05:23 PM] Received notification 'textDocument/publishDiagnostics'.
2023-12-03 18:05:23.251 [info] [Trace - 6:05:23 PM] Sending notification 'notebookDocument/didChange'.
2023-12-03 18:05:23.253 [info] [Trace - 6:05:23 PM] Received notification 'window/logMessage'.
2023-12-03 18:05:23.253 [info] Interpreter executable (/usr/bin/ruff) not found
2023-12-03 18:05:23.253 [info] [Trace - 6:05:23 PM] Received notification 'window/logMessage'.
2023-12-03 18:05:23.253 [info] Falling back to bundled executable: /home/like/.vscode-oss/extensions/charliermarsh.ruff-2023.50.0-linux-x64/bundled/libs/bin/ruff
2023-12-03 18:05:23.254 [info] [Trace - 6:05:23 PM] Received notification 'window/logMessage'.
2023-12-03 18:05:23.254 [info] Found ruff 0.1.5 at /home/like/.vscode-oss/extensions/charliermarsh.ruff-2023.50.0-linux-x64/bundled/libs/bin/ruff
2023-12-03 18:05:23.254 [info] [Trace - 6:05:23 PM] Received notification 'window/logMessage'.
2023-12-03 18:05:23.254 [info] Running Ruff with: /home/like/.vscode-oss/extensions/charliermarsh.ruff-2023.50.0-linux-x64/bundled/libs/bin/ruff ['--force-exclude', '--no-cache', '--no-fix', '--quiet', '--output-format', 'json', '-', '--stdin-filename', '/home/like/Documents/calculus_add/extra_xor.ipynb']
2023-12-03 18:05:23.260 [info] [Trace - 6:05:23 PM] Received notification 'textDocument/publishDiagnostics'.
2023-12-03 18:05:23.260 [info] [Trace - 6:05:23 PM] Received notification 'textDocument/publishDiagnostics'.
2023-12-03 18:05:23.260 [info] [Trace - 6:05:23 PM] Received notification 'textDocument/publishDiagnostics'.
2023-12-03 18:05:23.260 [info] [Trace - 6:05:23 PM] Received notification 'textDocument/publishDiagnostics'.
2023-12-03 18:05:23.261 [info] [Trace - 6:05:23 PM] Received notification 'textDocument/publishDiagnostics'.
2023-12-03 18:05:23.262 [info] [Trace - 6:05:23 PM] Received notification 'textDocument/publishDiagnostics'.
2023-12-03 18:05:24.258 [info] [Trace - 6:05:24 PM] Sending request 'textDocument/codeAction - (25)'.
2023-12-03 18:05:24.259 [info] [Trace - 6:05:24 PM] Received response 'textDocument/codeAction - (25)' in 1ms.
2023-12-03 18:05:26.782 [info] [Trace - 6:05:26 PM] Sending notification 'notebookDocument/didChange'.
2023-12-03 18:05:26.784 [info] [Trace - 6:05:26 PM] Received notification 'window/logMessage'.
2023-12-03 18:05:26.784 [info] Interpreter executable (/usr/bin/ruff) not found
2023-12-03 18:05:26.784 [info] [Trace - 6:05:26 PM] Received notification 'window/logMessage'.
2023-12-03 18:05:26.784 [info] Falling back to bundled executable: /home/like/.vscode-oss/extensions/charliermarsh.ruff-2023.50.0-linux-x64/bundled/libs/bin/ruff
2023-12-03 18:05:26.784 [info] [Trace - 6:05:26 PM] Received notification 'window/logMessage'.
2023-12-03 18:05:26.784 [info] Found ruff 0.1.5 at /home/like/.vscode-oss/extensions/charliermarsh.ruff-2023.50.0-linux-x64/bundled/libs/bin/ruff
2023-12-03 18:05:26.784 [info] [Trace - 6:05:26 PM] Received notification 'window/logMessage'.
2023-12-03 18:05:26.784 [info] Running Ruff with: /home/like/.vscode-oss/extensions/charliermarsh.ruff-2023.50.0-linux-x64/bundled/libs/bin/ruff ['--force-exclude', '--no-cache', '--no-fix', '--quiet', '--output-format', 'json', '-', '--stdin-filename', '/home/like/Documents/calculus_add/extra_xor.ipynb']
2023-12-03 18:05:26.792 [info] [Trace - 6:05:26 PM] Received notification 'textDocument/publishDiagnostics'.
2023-12-03 18:05:26.792 [info] [Trace - 6:05:26 PM] Received notification 'textDocument/publishDiagnostics'.
2023-12-03 18:05:26.792 [info] [Trace - 6:05:26 PM] Received notification 'textDocument/publishDiagnostics'.
2023-12-03 18:05:26.792 [info] [Trace - 6:05:26 PM] Received notification 'textDocument/publishDiagnostics'.
2023-12-03 18:05:26.793 [info] [Trace - 6:05:26 PM] Received notification 'textDocument/publishDiagnostics'.
2023-12-03 18:05:26.793 [info] [Trace - 6:05:26 PM] Received notification 'textDocument/publishDiagnostics'.
2023-12-03 18:05:26.812 [info] [Trace - 6:05:26 PM] Sending notification 'notebookDocument/didChange'.
2023-12-03 18:05:26.813 [info] [Trace - 6:05:26 PM] Received notification 'window/logMessage'.
2023-12-03 18:05:26.813 [info] Interpreter executable (/usr/bin/ruff) not found
2023-12-03 18:05:26.813 [info] [Trace - 6:05:26 PM] Received notification 'window/logMessage'.
2023-12-03 18:05:26.813 [info] Falling back to bundled executable: /home/like/.vscode-oss/extensions/charliermarsh.ruff-2023.50.0-linux-x64/bundled/libs/bin/ruff
2023-12-03 18:05:26.813 [info] [Trace - 6:05:26 PM] Received notification 'window/logMessage'.
2023-12-03 18:05:26.813 [info] Found ruff 0.1.5 at /home/like/.vscode-oss/extensions/charliermarsh.ruff-2023.50.0-linux-x64/bundled/libs/bin/ruff
2023-12-03 18:05:26.813 [info] [Trace - 6:05:26 PM] Received notification 'window/logMessage'.
2023-12-03 18:05:26.813 [info] Running Ruff with: /home/like/.vscode-oss/extensions/charliermarsh.ruff-2023.50.0-linux-x64/bundled/libs/bin/ruff ['--force-exclude', '--no-cache', '--no-fix', '--quiet', '--output-format', 'json', '-', '--stdin-filename', '/home/like/Documents/calculus_add/extra_xor.ipynb']
2023-12-03 18:05:26.819 [info] [Trace - 6:05:26 PM] Received notification 'textDocument/publishDiagnostics'.
2023-12-03 18:05:26.819 [info] [Trace - 6:05:26 PM] Received notification 'textDocument/publishDiagnostics'.
2023-12-03 18:05:26.819 [info] [Trace - 6:05:26 PM] Received notification 'textDocument/publishDiagnostics'.
2023-12-03 18:05:26.819 [info] [Trace - 6:05:26 PM] Received notification 'textDocument/publishDiagnostics'.
2023-12-03 18:05:26.820 [info] [Trace - 6:05:26 PM] Received notification 'textDocument/publishDiagnostics'.
2023-12-03 18:05:26.820 [info] [Trace - 6:05:26 PM] Received notification 'textDocument/publishDiagnostics'.
2023-12-03 18:05:26.821 [info] [Trace - 6:05:26 PM] Sending notification 'notebookDocument/didChange'.
2023-12-03 18:05:26.823 [info] [Trace - 6:05:26 PM] Received notification 'window/logMessage'.
2023-12-03 18:05:26.823 [info] Interpreter executable (/usr/bin/ruff) not found
2023-12-03 18:05:26.823 [info] [Trace - 6:05:26 PM] Received notification 'window/logMessage'.
2023-12-03 18:05:26.823 [info] Falling back to bundled executable: /home/like/.vscode-oss/extensions/charliermarsh.ruff-2023.50.0-linux-x64/bundled/libs/bin/ruff
2023-12-03 18:05:26.823 [info] [Trace - 6:05:26 PM] Received notification 'window/logMessage'.
2023-12-03 18:05:26.823 [info] Found ruff 0.1.5 at /home/like/.vscode-oss/extensions/charliermarsh.ruff-2023.50.0-linux-x64/bundled/libs/bin/ruff
2023-12-03 18:05:26.823 [info] [Trace - 6:05:26 PM] Received notification 'window/logMessage'.
2023-12-03 18:05:26.823 [info] Running Ruff with: /home/like/.vscode-oss/extensions/charliermarsh.ruff-2023.50.0-linux-x64/bundled/libs/bin/ruff ['--force-exclude', '--no-cache', '--no-fix', '--quiet', '--output-format', 'json', '-', '--stdin-filename', '/home/like/Documents/calculus_add/extra_xor.ipynb']
2023-12-03 18:05:26.828 [info] [Trace - 6:05:26 PM] Received notification 'textDocument/publishDiagnostics'.
2023-12-03 18:05:26.828 [info] [Trace - 6:05:26 PM] Received notification 'textDocument/publishDiagnostics'.
2023-12-03 18:05:26.828 [info] [Trace - 6:05:26 PM] Received notification 'textDocument/publishDiagnostics'.
2023-12-03 18:05:26.828 [info] [Trace - 6:05:26 PM] Received notification 'textDocument/publishDiagnostics'.
2023-12-03 18:05:26.829 [info] [Trace - 6:05:26 PM] Received notification 'textDocument/publishDiagnostics'.
2023-12-03 18:05:26.829 [info] [Trace - 6:05:26 PM] Received notification 'textDocument/publishDiagnostics'.
2023-12-03 18:05:26.831 [info] [Trace - 6:05:26 PM] Sending notification 'notebookDocument/didChange'.
2023-12-03 18:05:26.832 [info] [Trace - 6:05:26 PM] Received notification 'window/logMessage'.
2023-12-03 18:05:26.832 [info] Interpreter executable (/usr/bin/ruff) not found
2023-12-03 18:05:26.832 [info] [Trace - 6:05:26 PM] Received notification 'window/logMessage'.
2023-12-03 18:05:26.832 [info] Falling back to bundled executable: /home/like/.vscode-oss/extensions/charliermarsh.ruff-2023.50.0-linux-x64/bundled/libs/bin/ruff
2023-12-03 18:05:26.832 [info] [Trace - 6:05:26 PM] Received notification 'window/logMessage'.
2023-12-03 18:05:26.832 [info] Found ruff 0.1.5 at /home/like/.vscode-oss/extensions/charliermarsh.ruff-2023.50.0-linux-x64/bundled/libs/bin/ruff
2023-12-03 18:05:26.832 [info] [Trace - 6:05:26 PM] Received notification 'window/logMessage'.
2023-12-03 18:05:26.832 [info] Running Ruff with: /home/like/.vscode-oss/extensions/charliermarsh.ruff-2023.50.0-linux-x64/bundled/libs/bin/ruff ['--force-exclude', '--no-cache', '--no-fix', '--quiet', '--output-format', 'json', '-', '--stdin-filename', '/home/like/Documents/calculus_add/extra_xor.ipynb']
2023-12-03 18:05:26.837 [info] [Trace - 6:05:26 PM] Received notification 'textDocument/publishDiagnostics'.
2023-12-03 18:05:26.837 [info] [Trace - 6:05:26 PM] Received notification 'textDocument/publishDiagnostics'.
2023-12-03 18:05:26.837 [info] [Trace - 6:05:26 PM] Received notification 'textDocument/publishDiagnostics'.
2023-12-03 18:05:26.838 [info] [Trace - 6:05:26 PM] Received notification 'textDocument/publishDiagnostics'.
2023-12-03 18:05:26.838 [info] [Trace - 6:05:26 PM] Received notification 'textDocument/publishDiagnostics'.
2023-12-03 18:05:26.838 [info] [Trace - 6:05:26 PM] Received notification 'textDocument/publishDiagnostics'.
2023-12-03 18:05:26.839 [info] [Trace - 6:05:26 PM] Sending notification 'notebookDocument/didChange'.
2023-12-03 18:05:26.840 [info] [Trace - 6:05:26 PM] Received notification 'window/logMessage'.
2023-12-03 18:05:26.840 [info] Interpreter executable (/usr/bin/ruff) not found
2023-12-03 18:05:26.840 [info] [Trace - 6:05:26 PM] Received notification 'window/logMessage'.
2023-12-03 18:05:26.840 [info] Falling back to bundled executable: /home/like/.vscode-oss/extensions/charliermarsh.ruff-2023.50.0-linux-x64/bundled/libs/bin/ruff
2023-12-03 18:05:26.841 [info] [Trace - 6:05:26 PM] Received notification 'window/logMessage'.
2023-12-03 18:05:26.841 [info] Found ruff 0.1.5 at /home/like/.vscode-oss/extensions/charliermarsh.ruff-2023.50.0-linux-x64/bundled/libs/bin/ruff
2023-12-03 18:05:26.841 [info] [Trace - 6:05:26 PM] Received notification 'window/logMessage'.
2023-12-03 18:05:26.841 [info] Running Ruff with: /home/like/.vscode-oss/extensions/charliermarsh.ruff-2023.50.0-linux-x64/bundled/libs/bin/ruff ['--force-exclude', '--no-cache', '--no-fix', '--quiet', '--output-format', 'json', '-', '--stdin-filename', '/home/like/Documents/calculus_add/extra_xor.ipynb']
2023-12-03 18:05:26.845 [info] [Trace - 6:05:26 PM] Received notification 'textDocument/publishDiagnostics'.
2023-12-03 18:05:26.846 [info] [Trace - 6:05:26 PM] Received notification 'textDocument/publishDiagnostics'.
2023-12-03 18:05:26.846 [info] [Trace - 6:05:26 PM] Received notification 'textDocument/publishDiagnostics'.
2023-12-03 18:05:26.846 [info] [Trace - 6:05:26 PM] Received notification 'textDocument/publishDiagnostics'.
2023-12-03 18:05:26.846 [info] [Trace - 6:05:26 PM] Sending notification 'notebookDocument/didChange'.
2023-12-03 18:05:26.847 [info] [Trace - 6:05:26 PM] Received notification 'textDocument/publishDiagnostics'.
2023-12-03 18:05:26.847 [info] [Trace - 6:05:26 PM] Received notification 'textDocument/publishDiagnostics'.
2023-12-03 18:05:26.847 [info] [Trace - 6:05:26 PM] Received notification 'window/logMessage'.
2023-12-03 18:05:26.847 [info] Interpreter executable (/usr/bin/ruff) not found
2023-12-03 18:05:26.848 [info] [Trace - 6:05:26 PM] Received notification 'window/logMessage'.
2023-12-03 18:05:26.848 [info] Falling back to bundled executable: /home/like/.vscode-oss/extensions/charliermarsh.ruff-2023.50.0-linux-x64/bundled/libs/bin/ruff
2023-12-03 18:05:26.848 [info] [Trace - 6:05:26 PM] Received notification 'window/logMessage'.
2023-12-03 18:05:26.848 [info] Found ruff 0.1.5 at /home/like/.vscode-oss/extensions/charliermarsh.ruff-2023.50.0-linux-x64/bundled/libs/bin/ruff
2023-12-03 18:05:26.848 [info] [Trace - 6:05:26 PM] Received notification 'window/logMessage'.
2023-12-03 18:05:26.848 [info] Running Ruff with: /home/like/.vscode-oss/extensions/charliermarsh.ruff-2023.50.0-linux-x64/bundled/libs/bin/ruff ['--force-exclude', '--no-cache', '--no-fix', '--quiet', '--output-format', 'json', '-', '--stdin-filename', '/home/like/Documents/calculus_add/extra_xor.ipynb']
2023-12-03 18:05:26.852 [info] [Trace - 6:05:26 PM] Received notification 'textDocument/publishDiagnostics'.
2023-12-03 18:05:26.853 [info] [Trace - 6:05:26 PM] Received notification 'textDocument/publishDiagnostics'.
2023-12-03 18:05:26.853 [info] [Trace - 6:05:26 PM] Received notification 'textDocument/publishDiagnostics'.
2023-12-03 18:05:26.853 [info] [Trace - 6:05:26 PM] Received notification 'textDocument/publishDiagnostics'.
2023-12-03 18:05:26.853 [info] [Trace - 6:05:26 PM] Received notification 'textDocument/publishDiagnostics'.
2023-12-03 18:05:26.853 [info] [Trace - 6:05:26 PM] Received notification 'textDocument/publishDiagnostics'.
2023-12-03 18:05:33.340 [info] [Trace - 6:05:33 PM] Sending notification 'notebookDocument/didChange'.
2023-12-03 18:05:33.342 [info] [Trace - 6:05:33 PM] Received notification 'window/logMessage'.
2023-12-03 18:05:33.342 [info] Interpreter executable (/usr/bin/ruff) not found
2023-12-03 18:05:33.342 [info] [Trace - 6:05:33 PM] Received notification 'window/logMessage'.
2023-12-03 18:05:33.342 [info] Falling back to bundled executable: /home/like/.vscode-oss/extensions/charliermarsh.ruff-2023.50.0-linux-x64/bundled/libs/bin/ruff
2023-12-03 18:05:33.342 [info] [Trace - 6:05:33 PM] Received notification 'window/logMessage'.
2023-12-03 18:05:33.342 [info] Found ruff 0.1.5 at /home/like/.vscode-oss/extensions/charliermarsh.ruff-2023.50.0-linux-x64/bundled/libs/bin/ruff
2023-12-03 18:05:33.342 [info] [Trace - 6:05:33 PM] Received notification 'window/logMessage'.
2023-12-03 18:05:33.342 [info] Running Ruff with: /home/like/.vscode-oss/extensions/charliermarsh.ruff-2023.50.0-linux-x64/bundled/libs/bin/ruff ['--force-exclude', '--no-cache', '--no-fix', '--quiet', '--output-format', 'json', '-', '--stdin-filename', '/home/like/Documents/calculus_add/extra_xor.ipynb']
2023-12-03 18:05:33.347 [info] [Trace - 6:05:33 PM] Received notification 'textDocument/publishDiagnostics'.
2023-12-03 18:05:33.347 [info] [Trace - 6:05:33 PM] Received notification 'textDocument/publishDiagnostics'.
2023-12-03 18:05:33.347 [info] [Trace - 6:05:33 PM] Received notification 'textDocument/publishDiagnostics'.
2023-12-03 18:05:33.347 [info] [Trace - 6:05:33 PM] Received notification 'textDocument/publishDiagnostics'.
2023-12-03 18:05:33.347 [info] [Trace - 6:05:33 PM] Received notification 'textDocument/publishDiagnostics'.
2023-12-03 18:05:33.348 [info] [Trace - 6:05:33 PM] Received notification 'textDocument/publishDiagnostics'.
2023-12-03 18:05:33.368 [info] [Trace - 6:05:33 PM] Sending notification 'notebookDocument/didChange'.
2023-12-03 18:05:33.370 [info] [Trace - 6:05:33 PM] Received notification 'window/logMessage'.
2023-12-03 18:05:33.370 [info] Interpreter executable (/usr/bin/ruff) not found
2023-12-03 18:05:33.370 [info] [Trace - 6:05:33 PM] Received notification 'window/logMessage'.
2023-12-03 18:05:33.370 [info] Falling back to bundled executable: /home/like/.vscode-oss/extensions/charliermarsh.ruff-2023.50.0-linux-x64/bundled/libs/bin/ruff
2023-12-03 18:05:33.370 [info] [Trace - 6:05:33 PM] Received notification 'window/logMessage'.
2023-12-03 18:05:33.370 [info] Found ruff 0.1.5 at /home/like/.vscode-oss/extensions/charliermarsh.ruff-2023.50.0-linux-x64/bundled/libs/bin/ruff
2023-12-03 18:05:33.370 [info] [Trace - 6:05:33 PM] Received notification 'window/logMessage'.
2023-12-03 18:05:33.370 [info] Running Ruff with: /home/like/.vscode-oss/extensions/charliermarsh.ruff-2023.50.0-linux-x64/bundled/libs/bin/ruff ['--force-exclude', '--no-cache', '--no-fix', '--quiet', '--output-format', 'json', '-', '--stdin-filename', '/home/like/Documents/calculus_add/extra_xor.ipynb']
2023-12-03 18:05:33.375 [info] [Trace - 6:05:33 PM] Received notification 'textDocument/publishDiagnostics'.
2023-12-03 18:05:33.375 [info] [Trace - 6:05:33 PM] Received notification 'textDocument/publishDiagnostics'.
2023-12-03 18:05:33.376 [info] [Trace - 6:05:33 PM] Received notification 'textDocument/publishDiagnostics'.
2023-12-03 18:05:33.376 [info] [Trace - 6:05:33 PM] Received notification 'textDocument/publishDiagnostics'.
2023-12-03 18:05:33.376 [info] [Trace - 6:05:33 PM] Received notification 'textDocument/publishDiagnostics'.
2023-12-03 18:05:33.376 [info] [Trace - 6:05:33 PM] Received notification 'textDocument/publishDiagnostics'.
2023-12-03 18:05:33.377 [info] [Trace - 6:05:33 PM] Sending notification 'notebookDocument/didChange'.
2023-12-03 18:05:33.378 [info] [Trace - 6:05:33 PM] Received notification 'window/logMessage'.
2023-12-03 18:05:33.378 [info] Interpreter executable (/usr/bin/ruff) not found
2023-12-03 18:05:33.378 [info] [Trace - 6:05:33 PM] Received notification 'window/logMessage'.
2023-12-03 18:05:33.378 [info] Falling back to bundled executable: /home/like/.vscode-oss/extensions/charliermarsh.ruff-2023.50.0-linux-x64/bundled/libs/bin/ruff
2023-12-03 18:05:33.378 [info] [Trace - 6:05:33 PM] Received notification 'window/logMessage'.
2023-12-03 18:05:33.378 [info] Found ruff 0.1.5 at /home/like/.vscode-oss/extensions/charliermarsh.ruff-2023.50.0-linux-x64/bundled/libs/bin/ruff
2023-12-03 18:05:33.378 [info] [Trace - 6:05:33 PM] Received notification 'window/logMessage'.
2023-12-03 18:05:33.378 [info] Running Ruff with: /home/like/.vscode-oss/extensions/charliermarsh.ruff-2023.50.0-linux-x64/bundled/libs/bin/ruff ['--force-exclude', '--no-cache', '--no-fix', '--quiet', '--output-format', 'json', '-', '--stdin-filename', '/home/like/Documents/calculus_add/extra_xor.ipynb']
2023-12-03 18:05:33.383 [info] [Trace - 6:05:33 PM] Received notification 'textDocument/publishDiagnostics'.
2023-12-03 18:05:33.383 [info] [Trace - 6:05:33 PM] Received notification 'textDocument/publishDiagnostics'.
2023-12-03 18:05:33.383 [info] [Trace - 6:05:33 PM] Received notification 'textDocument/publishDiagnostics'.
2023-12-03 18:05:33.383 [info] [Trace - 6:05:33 PM] Received notification 'textDocument/publishDiagnostics'.
2023-12-03 18:05:33.383 [info] [Trace - 6:05:33 PM] Received notification 'textDocument/publishDiagnostics'.
2023-12-03 18:05:33.384 [info] [Trace - 6:05:33 PM] Received notification 'textDocument/publishDiagnostics'.
2023-12-03 18:05:33.386 [info] [Trace - 6:05:33 PM] Sending notification 'notebookDocument/didChange'.
2023-12-03 18:05:33.387 [info] [Trace - 6:05:33 PM] Received notification 'window/logMessage'.
2023-12-03 18:05:33.387 [info] Interpreter executable (/usr/bin/ruff) not found
2023-12-03 18:05:33.387 [info] [Trace - 6:05:33 PM] Received notification 'window/logMessage'.
2023-12-03 18:05:33.387 [info] Falling back to bundled executable: /home/like/.vscode-oss/extensions/charliermarsh.ruff-2023.50.0-linux-x64/bundled/libs/bin/ruff
2023-12-03 18:05:33.387 [info] [Trace - 6:05:33 PM] Received notification 'window/logMessage'.
2023-12-03 18:05:33.387 [info] Found ruff 0.1.5 at /home/like/.vscode-oss/extensions/charliermarsh.ruff-2023.50.0-linux-x64/bundled/libs/bin/ruff
2023-12-03 18:05:33.387 [info] [Trace - 6:05:33 PM] Received notification 'window/logMessage'.
2023-12-03 18:05:33.387 [info] Running Ruff with: /home/like/.vscode-oss/extensions/charliermarsh.ruff-2023.50.0-linux-x64/bundled/libs/bin/ruff ['--force-exclude', '--no-cache', '--no-fix', '--quiet', '--output-format', 'json', '-', '--stdin-filename', '/home/like/Documents/calculus_add/extra_xor.ipynb']
2023-12-03 18:05:33.391 [info] [Trace - 6:05:33 PM] Received notification 'textDocument/publishDiagnostics'.
2023-12-03 18:05:33.392 [info] [Trace - 6:05:33 PM] Received notification 'textDocument/publishDiagnostics'.
2023-12-03 18:05:33.392 [info] [Trace - 6:05:33 PM] Received notification 'textDocument/publishDiagnostics'.
2023-12-03 18:05:33.392 [info] [Trace - 6:05:33 PM] Received notification 'textDocument/publishDiagnostics'.
2023-12-03 18:05:33.393 [info] [Trace - 6:05:33 PM] Received notification 'textDocument/publishDiagnostics'.
2023-12-03 18:05:33.393 [info] [Trace - 6:05:33 PM] Received notification 'textDocument/publishDiagnostics'.
2023-12-03 18:05:33.394 [info] [Trace - 6:05:33 PM] Sending notification 'notebookDocument/didChange'.
2023-12-03 18:05:33.395 [info] [Trace - 6:05:33 PM] Received notification 'window/logMessage'.
2023-12-03 18:05:33.395 [info] Interpreter executable (/usr/bin/ruff) not found
2023-12-03 18:05:33.395 [info] [Trace - 6:05:33 PM] Received notification 'window/logMessage'.
2023-12-03 18:05:33.395 [info] Falling back to bundled executable: /home/like/.vscode-oss/extensions/charliermarsh.ruff-2023.50.0-linux-x64/bundled/libs/bin/ruff
2023-12-03 18:05:33.395 [info] [Trace - 6:05:33 PM] Received notification 'window/logMessage'.
2023-12-03 18:05:33.395 [info] Found ruff 0.1.5 at /home/like/.vscode-oss/extensions/charliermarsh.ruff-2023.50.0-linux-x64/bundled/libs/bin/ruff
2023-12-03 18:05:33.395 [info] [Trace - 6:05:33 PM] Received notification 'window/logMessage'.
2023-12-03 18:05:33.395 [info] Running Ruff with: /home/like/.vscode-oss/extensions/charliermarsh.ruff-2023.50.0-linux-x64/bundled/libs/bin/ruff ['--force-exclude', '--no-cache', '--no-fix', '--quiet', '--output-format', 'json', '-', '--stdin-filename', '/home/like/Documents/calculus_add/extra_xor.ipynb']
2023-12-03 18:05:33.400 [info] [Trace - 6:05:33 PM] Received notification 'textDocument/publishDiagnostics'.
2023-12-03 18:05:33.400 [info] [Trace - 6:05:33 PM] Received notification 'textDocument/publishDiagnostics'.
2023-12-03 18:05:33.401 [info] [Trace - 6:05:33 PM] Received notification 'textDocument/publishDiagnostics'.
2023-12-03 18:05:33.401 [info] [Trace - 6:05:33 PM] Received notification 'textDocument/publishDiagnostics'.
2023-12-03 18:05:33.401 [info] [Trace - 6:05:33 PM] Received notification 'textDocument/publishDiagnostics'.
2023-12-03 18:05:33.401 [info] [Trace - 6:05:33 PM] Received notification 'textDocument/publishDiagnostics'.
2023-12-03 18:05:33.403 [info] [Trace - 6:05:33 PM] Sending notification 'notebookDocument/didChange'.
2023-12-03 18:05:33.404 [info] [Trace - 6:05:33 PM] Received notification 'window/logMessage'.
2023-12-03 18:05:33.404 [info] Interpreter executable (/usr/bin/ruff) not found
2023-12-03 18:05:33.404 [info] [Trace - 6:05:33 PM] Received notification 'window/logMessage'.
2023-12-03 18:05:33.404 [info] Falling back to bundled executable: /home/like/.vscode-oss/extensions/charliermarsh.ruff-2023.50.0-linux-x64/bundled/libs/bin/ruff
2023-12-03 18:05:33.404 [info] [Trace - 6:05:33 PM] Received notification 'window/logMessage'.
2023-12-03 18:05:33.404 [info] Found ruff 0.1.5 at /home/like/.vscode-oss/extensions/charliermarsh.ruff-2023.50.0-linux-x64/bundled/libs/bin/ruff
2023-12-03 18:05:33.404 [info] [Trace - 6:05:33 PM] Received notification 'window/logMessage'.
2023-12-03 18:05:33.405 [info] Running Ruff with: /home/like/.vscode-oss/extensions/charliermarsh.ruff-2023.50.0-linux-x64/bundled/libs/bin/ruff ['--force-exclude', '--no-cache', '--no-fix', '--quiet', '--output-format', 'json', '-', '--stdin-filename', '/home/like/Documents/calculus_add/extra_xor.ipynb']
2023-12-03 18:05:33.409 [info] [Trace - 6:05:33 PM] Received notification 'textDocument/publishDiagnostics'.
2023-12-03 18:05:33.409 [info] [Trace - 6:05:33 PM] Received notification 'textDocument/publishDiagnostics'.
2023-12-03 18:05:33.409 [info] [Trace - 6:05:33 PM] Received notification 'textDocument/publishDiagnostics'.
2023-12-03 18:05:33.410 [info] [Trace - 6:05:33 PM] Received notification 'textDocument/publishDiagnostics'.
2023-12-03 18:05:33.410 [info] [Trace - 6:05:33 PM] Received notification 'textDocument/publishDiagnostics'.
2023-12-03 18:05:33.410 [info] [Trace - 6:05:33 PM] Received notification 'textDocument/publishDiagnostics'.
2023-12-03 18:05:43.170 [info] [Trace - 6:05:43 PM] Sending request 'textDocument/codeAction - (26)'.
2023-12-03 18:05:43.171 [info] [Trace - 6:05:43 PM] Received response 'textDocument/codeAction - (26)' in 1ms.
2023-12-03 18:07:54.488 [info] [Trace - 6:07:54 PM] Sending request 'textDocument/codeAction - (27)'.
2023-12-03 18:07:54.489 [info] [Trace - 6:07:54 PM] Received response 'textDocument/codeAction - (27)' in 1ms.
2023-12-03 18:07:54.939 [info] [Trace - 6:07:54 PM] Sending request 'textDocument/codeAction - (28)'.
2023-12-03 18:07:54.940 [info] [Trace - 6:07:54 PM] Received response 'textDocument/codeAction - (28)' in 1ms.
2023-12-03 18:07:55.725 [info] [Trace - 6:07:55 PM] Sending request 'textDocument/codeAction - (29)'.
2023-12-03 18:07:55.726 [info] [Trace - 6:07:55 PM] Received response 'textDocument/codeAction - (29)' in 1ms.
2023-12-03 18:07:57.559 [info] [Trace - 6:07:57 PM] Sending request 'textDocument/codeAction - (30)'.
2023-12-03 18:07:57.561 [info] [Trace - 6:07:57 PM] Received response 'textDocument/codeAction - (30)' in 1ms.
2023-12-03 18:08:08.344 [info] [Trace - 6:08:08 PM] Sending request 'textDocument/codeAction - (31)'.
2023-12-03 18:08:08.345 [info] [Trace - 6:08:08 PM] Received response 'textDocument/codeAction - (31)' in 1ms.
2023-12-03 18:08:08.779 [info] [Trace - 6:08:08 PM] Sending request 'textDocument/codeAction - (32)'.
2023-12-03 18:08:08.780 [info] [Trace - 6:08:08 PM] Received response 'textDocument/codeAction - (32)' in 1ms.
2023-12-03 18:08:21.663 [info] [Trace - 6:08:21 PM] Sending request 'textDocument/hover - (33)'.
2023-12-03 18:08:21.666 [info] [Trace - 6:08:21 PM] Received response 'textDocument/hover - (33)' in 3ms.
2023-12-03 18:08:22.336 [info] [Trace - 6:08:22 PM] Sending request 'textDocument/codeAction - (34)'.
2023-12-03 18:08:22.338 [info] [Trace - 6:08:22 PM] Received response 'textDocument/codeAction - (34)' in 2ms.
2023-12-03 18:08:25.554 [info] [Trace - 6:08:25 PM] Sending request 'textDocument/codeAction - (35)'.
2023-12-03 18:08:25.555 [info] [Trace - 6:08:25 PM] Received response 'textDocument/codeAction - (35)' in 1ms.
2023-12-03 18:08:25.604 [info] [Trace - 6:08:25 PM] Sending request 'textDocument/codeAction - (36)'.
2023-12-03 18:08:25.604 [info] [Trace - 6:08:25 PM] Received response 'textDocument/codeAction - (36)' in 0ms.
2023-12-03 18:08:27.427 [info] [Trace - 6:08:27 PM] Sending request 'textDocument/codeAction - (37)'.
2023-12-03 18:08:27.428 [info] [Trace - 6:08:27 PM] Received response 'textDocument/codeAction - (37)' in 1ms.
2023-12-03 18:08:27.478 [info] [Trace - 6:08:27 PM] Sending request 'textDocument/codeAction - (38)'.
2023-12-03 18:08:27.479 [info] [Trace - 6:08:27 PM] Received response 'textDocument/codeAction - (38)' in 1ms.
2023-12-03 18:34:36.816 [info] [Trace - 6:34:36 PM] Sending request 'textDocument/codeAction - (39)'.
2023-12-03 18:34:36.818 [info] [Trace - 6:34:36 PM] Received response 'textDocument/codeAction - (39)' in 2ms.
2023-12-03 18:34:37.535 [info] [Trace - 6:34:37 PM] Sending request 'textDocument/codeAction - (40)'.
2023-12-03 18:34:37.541 [info] [Trace - 6:34:37 PM] Received response 'textDocument/codeAction - (40)' in 6ms.
2023-12-03 18:34:40.175 [info] [Trace - 6:34:40 PM] Sending request 'textDocument/codeAction - (41)'.
2023-12-03 18:34:40.176 [info] [Trace - 6:34:40 PM] Received response 'textDocument/codeAction - (41)' in 1ms.
2023-12-03 18:34:53.094 [info] [Trace - 6:34:53 PM] Sending request 'textDocument/codeAction - (42)'.
2023-12-03 18:34:53.096 [info] [Trace - 6:34:53 PM] Received response 'textDocument/codeAction - (42)' in 2ms.
2023-12-03 18:35:04.360 [info] [Trace - 6:35:04 PM] Sending request 'textDocument/codeAction - (43)'.
2023-12-03 18:35:04.361 [info] [Trace - 6:35:04 PM] Received response 'textDocument/codeAction - (43)' in 1ms.
2023-12-03 18:35:05.176 [info] [Trace - 6:35:05 PM] Sending request 'textDocument/codeAction - (44)'.
2023-12-03 18:35:05.177 [info] [Trace - 6:35:05 PM] Received response 'textDocument/codeAction - (44)' in 1ms.
2023-12-03 18:35:07.455 [info] [Trace - 6:35:07 PM] Sending request 'textDocument/codeAction - (45)'.
2023-12-03 18:35:07.456 [info] [Trace - 6:35:07 PM] Received response 'textDocument/codeAction - (45)' in 1ms.
2023-12-03 18:35:07.925 [info] [Trace - 6:35:07 PM] Sending request 'textDocument/codeAction - (46)'.
2023-12-03 18:35:07.927 [info] [Trace - 6:35:07 PM] Received response 'textDocument/codeAction - (46)' in 2ms.
2023-12-03 18:35:13.081 [info] [Trace - 6:35:13 PM] Sending request 'textDocument/hover - (47)'.
2023-12-03 18:35:13.083 [info] [Trace - 6:35:13 PM] Received response 'textDocument/hover - (47)' in 2ms.
2023-12-03 18:38:53.771 [info] [Trace - 6:38:53 PM] Sending request 'textDocument/hover - (48)'.
2023-12-03 18:38:53.772 [info] [Trace - 6:38:53 PM] Received response 'textDocument/hover - (48)' in 1ms.
2023-12-03 18:39:03.572 [info] [Trace - 6:39:03 PM] Sending request 'textDocument/codeAction - (49)'.
2023-12-03 18:39:03.573 [info] [Trace - 6:39:03 PM] Received response 'textDocument/codeAction - (49)' in 1ms.
2023-12-03 18:39:10.217 [info] [Trace - 6:39:10 PM] Sending request 'textDocument/codeAction - (50)'.
2023-12-03 18:39:10.218 [info] [Trace - 6:39:10 PM] Received response 'textDocument/codeAction - (50)' in 1ms.
2023-12-03 18:39:10.293 [info] [Trace - 6:39:10 PM] Sending request 'textDocument/codeAction - (51)'.
2023-12-03 18:39:10.294 [info] [Trace - 6:39:10 PM] Received response 'textDocument/codeAction - (51)' in 1ms.
2023-12-03 18:39:16.577 [info] [Trace - 6:39:16 PM] Sending request 'textDocument/codeAction - (52)'.
2023-12-03 18:39:16.579 [info] [Trace - 6:39:16 PM] Received response 'textDocument/codeAction - (52)' in 2ms.
2023-12-03 18:39:19.338 [info] [Trace - 6:39:19 PM] Sending request 'textDocument/codeAction - (53)'.
2023-12-03 18:39:19.339 [info] [Trace - 6:39:19 PM] Received response 'textDocument/codeAction - (53)' in 1ms.
2023-12-03 18:39:19.404 [info] [Trace - 6:39:19 PM] Sending request 'textDocument/codeAction - (54)'.
2023-12-03 18:39:19.405 [info] [Trace - 6:39:19 PM] Received response 'textDocument/codeAction - (54)' in 1ms.
2023-12-03 18:39:21.167 [info] [Trace - 6:39:21 PM] Sending request 'textDocument/codeAction - (55)'.
2023-12-03 18:39:21.169 [info] [Trace - 6:39:21 PM] Received response 'textDocument/codeAction - (55)' in 2ms.
2023-12-03 18:39:21.251 [info] [Trace - 6:39:21 PM] Sending request 'textDocument/codeAction - (56)'.
2023-12-03 18:39:21.252 [info] [Trace - 6:39:21 PM] Received response 'textDocument/codeAction - (56)' in 1ms.
2023-12-03 18:39:22.007 [info] [Trace - 6:39:22 PM] Sending request 'textDocument/codeAction - (57)'.
2023-12-03 18:39:22.008 [info] [Trace - 6:39:22 PM] Received response 'textDocument/codeAction - (57)' in 1ms.
2023-12-03 19:28:41.567 [info] [Trace - 7:28:41 PM] Sending request 'textDocument/codeAction - (58)'.
2023-12-03 19:28:41.568 [info] [Trace - 7:28:41 PM] Received response 'textDocument/codeAction - (58)' in 1ms.
2023-12-03 19:28:57.944 [info] [Trace - 7:28:57 PM] Sending request 'textDocument/codeAction - (59)'.
2023-12-03 19:28:57.945 [info] [Trace - 7:28:57 PM] Received response 'textDocument/codeAction - (59)' in 1ms.
2023-12-03 19:29:05.176 [info] [Trace - 7:29:05 PM] Sending request 'textDocument/codeAction - (60)'.
2023-12-03 19:29:05.177 [info] [Trace - 7:29:05 PM] Received response 'textDocument/codeAction - (60)' in 2ms.
2023-12-03 19:34:52.484 [info] [Trace - 7:34:52 PM] Sending request 'textDocument/codeAction - (61)'.
2023-12-03 19:34:52.485 [info] [Trace - 7:34:52 PM] Received response 'textDocument/codeAction - (61)' in 1ms.
2023-12-03 22:55:19.969 [info] [Trace - 10:55:19 PM] Sending request 'shutdown - (62)'.
2023-12-03 22:55:19.977 [info] [Trace - 10:55:19 PM] Received response 'shutdown - (62)' in 24ms.
2023-12-03 22:55:19.977 [info] [Trace - 10:55:19 PM] Sending notification 'exit'.
