2023-12-03 11:13:53.602 [info] Log level: Info
2023-12-03 11:13:53.602 [info] Validating found git in: "git"
2023-12-03 11:13:53.602 [info] Using git "2.43.0" from "git"
2023-12-03 11:13:53.602 [info] > git rev-parse --show-toplevel [4ms]
2023-12-03 11:13:53.602 [info] > git rev-parse --git-dir --git-common-dir [2ms]
2023-12-03 11:13:53.602 [info] Open repository: /home/like/Documents/pb_labs
2023-12-03 11:13:53.602 [info] > git rev-parse --show-toplevel [48ms]
2023-12-03 11:13:53.602 [info] > git config --get commit.template [59ms]
2023-12-03 11:13:53.630 [info] > git for-each-ref --format=%(refname)%00%(upstream:short)%00%(objectname)%00%(upstream:track)%00%(upstream:remotename)%00%(upstream:remoteref) refs/heads/main refs/remotes/main [17ms]
2023-12-03 11:13:53.671 [info] > git status -z -uall [30ms]
2023-12-03 11:13:53.691 [info] > git config --get commit.template [6ms]
2023-12-03 11:13:53.713 [info] > git for-each-ref --format=%(refname)%00%(upstream:short)%00%(objectname)%00%(upstream:track)%00%(upstream:remotename)%00%(upstream:remoteref) refs/heads/main refs/remotes/main [12ms]
2023-12-03 11:13:53.727 [info] > git status -z -uall [3ms]
2023-12-03 11:13:54.008 [info] > git check-ignore -v -z --stdin [3ms]
2023-12-03 11:13:54.071 [info] > git show --textconv :LAB12/counties_process.py [12ms]
2023-12-03 11:13:54.073 [info] > git ls-files --stage -- /home/like/Documents/pb_labs/LAB12/counties_process.py [3ms]
2023-12-03 11:14:14.306 [info] Log level: Info
2023-12-03 11:14:14.306 [info] Validating found git in: "git"
2023-12-03 11:14:14.306 [info] Using git "2.43.0" from "git"
2023-12-03 11:14:14.306 [info] > git rev-parse --show-toplevel [2ms]
2023-12-03 11:14:14.306 [info] fatal: not a git repository (or any of the parent directories): .git
2023-12-03 11:14:14.415 [info] > git rev-parse --show-toplevel [11ms]
2023-12-03 11:14:14.415 [info] fatal: not a git repository (or any of the parent directories): .git
2023-12-03 11:14:14.690 [info] > git rev-parse --show-toplevel [1ms]
2023-12-03 11:14:14.690 [info] fatal: not a git repository (or any of the parent directories): .git
2023-12-03 11:14:15.815 [info] > git rev-parse --show-toplevel [2ms]
2023-12-03 11:14:15.815 [info] fatal: not a git repository (or any of the parent directories): .git
2023-12-03 11:18:44.104 [info] > git rev-parse --show-toplevel [1ms]
2023-12-03 11:18:44.104 [info] fatal: not a git repository (or any of the parent directories): .git
2023-12-03 11:18:49.762 [info] > git rev-parse --show-toplevel [1ms]
2023-12-03 11:18:49.762 [info] fatal: not a git repository (or any of the parent directories): .git
2023-12-03 11:19:56.782 [info] > git rev-parse --show-toplevel [1ms]
2023-12-03 11:19:56.782 [info] fatal: not a git repository (or any of the parent directories): .git
2023-12-03 11:19:59.672 [info] > git rev-parse --show-toplevel [1ms]
2023-12-03 11:19:59.672 [info] fatal: not a git repository (or any of the parent directories): .git
2023-12-03 11:20:21.307 [info] > git rev-parse --show-toplevel [1ms]
2023-12-03 11:20:21.307 [info] fatal: not a git repository (or any of the parent directories): .git
2023-12-03 11:20:22.909 [info] > git rev-parse --show-toplevel [3ms]
2023-12-03 11:20:22.909 [info] fatal: not a git repository (or any of the parent directories): .git
2023-12-03 11:20:24.097 [info] > git rev-parse --show-toplevel [1ms]
2023-12-03 11:20:24.097 [info] fatal: not a git repository (or any of the parent directories): .git
2023-12-03 11:20:27.305 [info] > git rev-parse --show-toplevel [2ms]
2023-12-03 11:20:27.305 [info] fatal: not a git repository (or any of the parent directories): .git
2023-12-03 11:21:06.282 [info] > git rev-parse --show-toplevel [1ms]
2023-12-03 11:21:06.282 [info] fatal: not a git repository (or any of the parent directories): .git
2023-12-03 11:21:13.450 [info] > git rev-parse --show-toplevel [2ms]
2023-12-03 11:21:13.450 [info] fatal: not a git repository (or any of the parent directories): .git
2023-12-03 11:22:37.574 [info] > git rev-parse --show-toplevel [1ms]
2023-12-03 11:22:37.574 [info] fatal: not a git repository (or any of the parent directories): .git
2023-12-03 11:22:56.509 [info] > git rev-parse --show-toplevel [2ms]
2023-12-03 11:22:56.509 [info] fatal: not a git repository (or any of the parent directories): .git
2023-12-03 11:23:10.228 [info] > git rev-parse --show-toplevel [1ms]
2023-12-03 11:23:10.228 [info] fatal: not a git repository (or any of the parent directories): .git
2023-12-03 11:23:29.719 [info] > git rev-parse --show-toplevel [2ms]
2023-12-03 11:23:29.719 [info] fatal: not a git repository (or any of the parent directories): .git
