2023-12-04 12:10:18.868 [info] Added views:workbench.panel.markers.view in workbench.panel.markers
2023-12-04 12:10:18.868 [info] Added views:workbench.panel.output in workbench.panel.output
2023-12-04 12:10:18.868 [info] Added views:terminal in terminal
2023-12-04 12:10:18.868 [info] Added views:outline in workbench.view.explorer
2023-12-04 12:10:18.868 [info] Added views:workbench.scm in workbench.view.scm
2023-12-04 12:10:18.868 [info] Added views:workbench.view.search in workbench.view.search
2023-12-04 12:10:18.868 [info] Added views:timeline in workbench.view.explorer
2023-12-04 12:10:18.868 [info] Added views:workbench.explorer.fileView in workbench.view.explorer
2023-12-04 12:10:19.584 [info] Added views:workbench.debug.variablesView,workbench.debug.watchExpressionsView,workbench.debug.callStackView,workbench.debug.breakPointsView in workbench.view.debug
2023-12-04 12:10:19.685 [info] Added views:workbench.panel.repl.view in workbench.panel.repl
2023-12-04 12:10:19.686 [info] Removed views:workbench.debug.breakPointsView,workbench.debug.callStackView,workbench.debug.watchExpressionsView,workbench.debug.variablesView from workbench.view.debug
2023-12-04 12:10:19.687 [info] Added views:workbench.debug.welcome in workbench.view.debug
2023-12-04 12:10:20.294 [info] Added views:~remote.forwardedPorts in ~remote.forwardedPortsContainer
2023-12-04 12:11:10.709 [info] Added views:workbench.panel.markers.view in workbench.panel.markers
2023-12-04 12:11:10.709 [info] Added views:workbench.panel.output in workbench.panel.output
2023-12-04 12:11:10.709 [info] Added views:terminal in terminal
2023-12-04 12:11:10.709 [info] Added views:outline in workbench.view.explorer
2023-12-04 12:11:10.709 [info] Added views:workbench.scm in workbench.view.scm
2023-12-04 12:11:10.709 [info] Added views:workbench.view.search in workbench.view.search
2023-12-04 12:11:10.709 [info] Added views:timeline in workbench.view.explorer
2023-12-04 12:11:10.709 [info] Added views:workbench.explorer.fileView in workbench.view.explorer
2023-12-04 12:11:11.351 [info] Added views:workbench.debug.variablesView,workbench.debug.watchExpressionsView,workbench.debug.callStackView,workbench.debug.breakPointsView in workbench.view.debug
2023-12-04 12:11:11.496 [info] Added views:~remote.forwardedPorts in ~remote.forwardedPortsContainer
2023-12-04 12:11:11.498 [info] Added views:workbench.panel.repl.view in workbench.panel.repl
2023-12-04 12:11:11.501 [info] Removed views:workbench.debug.breakPointsView,workbench.debug.callStackView,workbench.debug.watchExpressionsView,workbench.debug.variablesView from workbench.view.debug
2023-12-04 12:11:11.501 [info] Added views:workbench.debug.welcome in workbench.view.debug
2023-12-04 12:11:42.295 [info] Added views:jupyterViewVariables in workbench.view.extension.jupyter-variables
2023-12-04 12:11:42.323 [info] Added views:cell-tag in workbench.view.extension.jupyter-variables
2023-12-04 12:11:42.442 [info] Added views:workbench.view.testing in workbench.view.extension.test
2023-12-04 14:13:28.451 [info] Added views:workbench.views.extensions.installed,workbench.views.extensions.popular,extensions.recommendedList in workbench.view.extensions
2023-12-04 14:13:28.456 [info] Removed views:workbench.views.extensions.popular from workbench.view.extensions
2023-12-04 14:13:32.199 [info] Removed views:extensions.recommendedList,workbench.views.extensions.installed from workbench.view.extensions
2023-12-04 14:13:32.206 [info] Added views:workbench.views.extensions.marketplace in workbench.view.extensions
2023-12-04 14:14:30.278 [info] Removed views:workbench.views.extensions.marketplace from workbench.view.extensions
2023-12-04 14:14:30.285 [info] Added views:workbench.views.extensions.installed,extensions.recommendedList in workbench.view.extensions
2023-12-04 14:14:33.608 [info] Removed views:extensions.recommendedList,workbench.views.extensions.installed from workbench.view.extensions
2023-12-04 14:14:33.634 [info] Added views:workbench.views.extensions.marketplace in workbench.view.extensions
2023-12-04 14:40:35.959 [info] Removed views:workbench.views.extensions.marketplace from workbench.view.extensions
2023-12-04 14:40:35.966 [info] Added views:workbench.views.extensions.installed,extensions.recommendedList in workbench.view.extensions
2023-12-04 14:40:54.091 [info] Removed views:workbench.view.testing from workbench.view.extension.test
