2023-12-04 12:11:42.767 [info] Name: Pylint
2023-12-04 12:11:42.767 [info] Module: pylint
2023-12-04 12:11:42.767 [info] Python extension loading
2023-12-04 12:11:42.767 [info] Waiting for interpreter from Python extension.
2023-12-04 12:11:42.767 [info] No interpreter found from setting pylint.interpreter
2023-12-04 12:11:42.767 [info] Getting interpreter from ms-python.python extension for workspace /home/like/Documents/pb_labs/LAB13
2023-12-04 12:11:42.767 [info] Python extension loaded
2023-12-04 12:11:42.767 [info] Interpreter from ms-python.python extension for /home/like/Documents/pb_labs/LAB13: /bin/python
2023-12-04 12:11:42.767 [info] No interpreter found from setting pylint.interpreter
2023-12-04 12:11:42.767 [info] Getting interpreter from ms-python.python extension for workspace /home/like/Documents/pb_labs/LAB13
2023-12-04 12:11:42.767 [info] Interpreter from ms-python.python extension for /home/like/Documents/pb_labs/LAB13: /bin/python
2023-12-04 12:11:42.767 [info] Server run command: /bin/python /home/like/.vscode-oss/extensions/ms-python.pylint-2023.10.1-universal/bundled/tool/lsp_server.py
2023-12-04 12:11:42.767 [info] Server: Start requested.
2023-12-04 12:11:43.453 [info] CWD Server: /home/like/Documents/pb_labs/LAB13
2023-12-04 12:11:43.453 [info] Settings used to run Server:
[
    {
        "cwd": "/home/like/Documents/pb_labs/LAB13",
        "workspace": "file:///home/like/Documents/pb_labs/LAB13",
        "args": [],
        "severity": {
            "convention": "Information",
            "error": "Error",
            "fatal": "Error",
            "refactor": "Hint",
            "warning": "Warning",
            "info": "Information"
        },
        "path": [],
        "ignorePatterns": [],
        "interpreter": [
            "/bin/python"
        ],
        "importStrategy": "useBundled",
        "showNotifications": "off",
        "extraPaths": []
    }
]

2023-12-04 12:11:43.453 [info] Global settings:
{
    "cwd": "${workspaceFolder}",
    "workspace": "/home/like/Documents/pb_labs/miniprojects",
    "args": [],
    "severity": {
        "convention": "Information",
        "error": "Error",
        "fatal": "Error",
        "refactor": "Hint",
        "warning": "Warning",
        "info": "Information"
    },
    "path": [],
    "ignorePatterns": [],
    "interpreter": [],
    "importStrategy": "useBundled",
    "showNotifications": "off",
    "extraPaths": []
}

2023-12-04 12:11:43.453 [info] sys.path used to run Server:
   /home/like/Documents/pb_labs/LAB13
   /home/like/.vscode-oss/extensions/ms-python.pylint-2023.10.1-universal/bundled/libs
   /home/like/.vscode-oss/extensions/ms-python.pylint-2023.10.1-universal/bundled/tool
   /usr/lib/python311.zip
   /usr/lib/python3.11
   /usr/lib/python3.11/lib-dynload
   /usr/lib/python3.11/site-packages
2023-12-04 12:11:43.456 [info] /bin/python -m pylint --version
2023-12-04 12:11:43.457 [info] CWD Linter: /home/like/Documents/pb_labs/LAB13
2023-12-04 12:11:43.579 [info] 
pylint 3.0.2
astroid 3.0.1
Python 3.11.6 (main, Nov 14 2023, 09:36:21) [GCC 13.2.1 20230801]


2023-12-04 12:11:43.579 [info] Version info for linter running for /home/like/Documents/pb_labs/LAB13:
pylint 3.0.2
astroid 3.0.1
Python 3.11.6 (main, Nov 14 2023, 09:36:21) [GCC 13.2.1 20230801]

2023-12-04 12:11:43.579 [info] SUPPORTED pylint>=2.12.2
FOUND pylint==3.0.2

2023-12-04 12:11:43.592 [info] [Trace - 12:11:43 PM] Received notification 'window/logMessage'.
2023-12-04 12:11:43.592 [info] [Warn  - 12:11:43 PM] Skipping notebook cells [Not Supported]: vscode-notebook-cell:/home/like/Documents/pb_labs/LAB13/alcohol.ipynb#W0sZmlsZQ%3D%3D
2023-12-04 12:11:43.594 [info] [Trace - 12:11:43 PM] Received notification 'textDocument/publishDiagnostics'.
2023-12-04 12:11:44.669 [info] [Trace - 12:11:44 PM] Sending notification 'textDocument/didChange'.
2023-12-04 12:11:44.760 [info] [Trace - 12:11:44 PM] Sending notification 'textDocument/didChange'.
2023-12-04 12:11:44.858 [info] [Trace - 12:11:44 PM] Sending notification 'textDocument/didChange'.
2023-12-04 12:11:45.005 [info] [Trace - 12:11:45 PM] Sending notification 'textDocument/didChange'.
2023-12-04 12:11:45.032 [info] [Trace - 12:11:45 PM] Sending notification 'textDocument/didChange'.
2023-12-04 12:11:45.191 [info] [Trace - 12:11:45 PM] Sending notification 'textDocument/didChange'.
2023-12-04 12:11:45.265 [info] [Trace - 12:11:45 PM] Sending notification 'textDocument/didChange'.
2023-12-04 12:11:45.484 [info] [Trace - 12:11:45 PM] Sending notification 'textDocument/didChange'.
2023-12-04 12:11:45.588 [info] [Trace - 12:11:45 PM] Sending notification 'textDocument/didChange'.
2023-12-04 12:11:45.716 [info] [Trace - 12:11:45 PM] Sending notification 'textDocument/didChange'.
2023-12-04 12:11:45.802 [info] [Trace - 12:11:45 PM] Sending notification 'textDocument/didChange'.
2023-12-04 12:11:45.921 [info] [Trace - 12:11:45 PM] Sending notification 'textDocument/didChange'.
2023-12-04 12:11:46.022 [info] [Trace - 12:11:46 PM] Sending notification 'textDocument/didChange'.
2023-12-04 12:11:46.136 [info] [Trace - 12:11:46 PM] Sending notification 'textDocument/didChange'.
2023-12-04 12:11:47.120 [info] [Trace - 12:11:47 PM] Sending notification 'textDocument/didChange'.
2023-12-04 12:11:47.202 [info] [Trace - 12:11:47 PM] Sending notification 'textDocument/didChange'.
2023-12-04 12:11:47.333 [info] [Trace - 12:11:47 PM] Sending notification 'textDocument/didChange'.
2023-12-04 12:11:47.555 [info] [Trace - 12:11:47 PM] Sending notification 'textDocument/didChange'.
2023-12-04 12:11:47.677 [info] [Trace - 12:11:47 PM] Sending notification 'textDocument/didChange'.
2023-12-04 12:11:47.957 [info] [Trace - 12:11:47 PM] Sending request 'textDocument/codeAction - (1)'.
2023-12-04 12:11:47.963 [info] [Trace - 12:11:47 PM] Sending notification 'textDocument/didChange'.
2023-12-04 12:11:47.966 [info] [Trace - 12:11:47 PM] Sending notification '$/cancelRequest'.
2023-12-04 12:11:47.970 [info] [Trace - 12:11:47 PM] Received response 'textDocument/codeAction - (1)' in 13ms.
2023-12-04 12:11:48.047 [info] [Trace - 12:11:48 PM] Sending notification 'textDocument/didChange'.
2023-12-04 12:11:48.447 [info] [Trace - 12:11:48 PM] Sending request 'textDocument/codeAction - (2)'.
2023-12-04 12:11:48.449 [info] [Trace - 12:11:48 PM] Received response 'textDocument/codeAction - (2)' in 2ms.
2023-12-04 12:11:48.843 [info] [Trace - 12:11:48 PM] Sending notification 'textDocument/didChange'.
2023-12-04 12:11:50.176 [info] [Trace - 12:11:50 PM] Sending notification 'textDocument/didChange'.
2023-12-04 12:11:50.266 [info] [Trace - 12:11:50 PM] Sending notification 'textDocument/didChange'.
2023-12-04 12:11:50.403 [info] [Trace - 12:11:50 PM] Sending notification 'textDocument/didChange'.
2023-12-04 12:11:50.982 [info] [Trace - 12:11:50 PM] Sending notification 'textDocument/didChange'.
2023-12-04 12:11:51.255 [info] [Trace - 12:11:51 PM] Sending request 'textDocument/codeAction - (3)'.
2023-12-04 12:11:51.258 [info] [Trace - 12:11:51 PM] Received response 'textDocument/codeAction - (3)' in 3ms.
2023-12-04 12:11:51.394 [info] [Trace - 12:11:51 PM] Sending notification 'textDocument/didChange'.
2023-12-04 12:11:51.556 [info] [Trace - 12:11:51 PM] Sending notification 'textDocument/didChange'.
2023-12-04 12:11:51.693 [info] [Trace - 12:11:51 PM] Sending notification 'textDocument/didChange'.
2023-12-04 12:11:53.852 [info] [Trace - 12:11:53 PM] Sending notification 'textDocument/didChange'.
2023-12-04 12:11:54.008 [info] [Trace - 12:11:54 PM] Sending notification 'textDocument/didChange'.
2023-12-04 12:11:54.168 [info] [Trace - 12:11:54 PM] Sending notification 'textDocument/didChange'.
2023-12-04 12:11:54.442 [info] [Trace - 12:11:54 PM] Sending request 'textDocument/codeAction - (4)'.
2023-12-04 12:11:54.444 [info] [Trace - 12:11:54 PM] Received response 'textDocument/codeAction - (4)' in 3ms.
2023-12-04 12:11:54.496 [info] [Trace - 12:11:54 PM] Sending notification 'textDocument/didChange'.
2023-12-04 12:11:54.624 [info] [Trace - 12:11:54 PM] Sending notification 'textDocument/didChange'.
2023-12-04 12:11:54.689 [info] [Trace - 12:11:54 PM] Sending notification 'textDocument/didChange'.
2023-12-04 12:11:54.824 [info] [Trace - 12:11:54 PM] Sending notification 'textDocument/didChange'.
2023-12-04 12:11:55.099 [info] [Trace - 12:11:55 PM] Sending request 'textDocument/codeAction - (5)'.
2023-12-04 12:11:55.102 [info] [Trace - 12:11:55 PM] Received response 'textDocument/codeAction - (5)' in 3ms.
2023-12-04 12:11:55.580 [info] [Trace - 12:11:55 PM] Sending notification 'textDocument/didChange'.
2023-12-04 12:11:55.694 [info] [Trace - 12:11:55 PM] Sending notification 'textDocument/didChange'.
2023-12-04 12:11:55.847 [info] [Trace - 12:11:55 PM] Sending notification 'textDocument/didChange'.
2023-12-04 12:11:55.950 [info] [Trace - 12:11:55 PM] Sending notification 'textDocument/didChange'.
2023-12-04 12:11:56.016 [info] [Trace - 12:11:56 PM] Sending notification 'textDocument/didChange'.
2023-12-04 12:11:57.255 [info] [Trace - 12:11:57 PM] Sending notification 'textDocument/didChange'.
2023-12-04 12:11:57.361 [info] [Trace - 12:11:57 PM] Sending notification 'textDocument/didChange'.
2023-12-04 12:11:57.461 [info] [Trace - 12:11:57 PM] Sending notification 'textDocument/didChange'.
2023-12-04 12:11:57.741 [info] [Trace - 12:11:57 PM] Sending request 'textDocument/codeAction - (6)'.
2023-12-04 12:11:57.744 [info] [Trace - 12:11:57 PM] Received response 'textDocument/codeAction - (6)' in 3ms.
2023-12-04 12:11:57.957 [info] [Trace - 12:11:57 PM] Sending notification 'textDocument/didChange'.
2023-12-04 12:11:58.133 [info] [Trace - 12:11:58 PM] Sending notification 'textDocument/didChange'.
2023-12-04 12:11:58.144 [info] [Trace - 12:11:58 PM] Sending notification 'textDocument/didChange'.
2023-12-04 12:11:58.218 [info] [Trace - 12:11:58 PM] Sending notification 'textDocument/didChange'.
2023-12-04 12:11:58.493 [info] [Trace - 12:11:58 PM] Sending request 'textDocument/codeAction - (7)'.
2023-12-04 12:11:58.495 [info] [Trace - 12:11:58 PM] Received response 'textDocument/codeAction - (7)' in 3ms.
2023-12-04 12:11:59.008 [info] [Trace - 12:11:59 PM] Sending notification 'textDocument/didChange'.
2023-12-04 12:11:59.281 [info] [Trace - 12:11:59 PM] Sending request 'textDocument/codeAction - (8)'.
2023-12-04 12:11:59.284 [info] [Trace - 12:11:59 PM] Received response 'textDocument/codeAction - (8)' in 3ms.
2023-12-04 12:11:59.290 [info] [Trace - 12:11:59 PM] Sending notification 'textDocument/didChange'.
2023-12-04 12:11:59.421 [info] [Trace - 12:11:59 PM] Sending notification 'textDocument/didChange'.
2023-12-04 12:11:59.677 [info] [Trace - 12:11:59 PM] Sending request 'textDocument/codeAction - (9)'.
2023-12-04 12:11:59.679 [info] [Trace - 12:11:59 PM] Received response 'textDocument/codeAction - (9)' in 2ms.
2023-12-04 12:11:59.766 [info] [Trace - 12:11:59 PM] Sending notification 'textDocument/didChange'.
2023-12-04 12:12:00.023 [info] [Trace - 12:12:00 PM] Sending request 'textDocument/codeAction - (10)'.
2023-12-04 12:12:00.025 [info] [Trace - 12:12:00 PM] Received response 'textDocument/codeAction - (10)' in 2ms.
2023-12-04 12:12:00.081 [info] [Trace - 12:12:00 PM] Sending notification 'textDocument/didChange'.
2023-12-04 12:12:00.337 [info] [Trace - 12:12:00 PM] Sending request 'textDocument/codeAction - (11)'.
2023-12-04 12:12:00.339 [info] [Trace - 12:12:00 PM] Received response 'textDocument/codeAction - (11)' in 2ms.
2023-12-04 12:12:01.493 [info] [Trace - 12:12:01 PM] Sending notification 'textDocument/didChange'.
2023-12-04 12:12:01.749 [info] [Trace - 12:12:01 PM] Sending request 'textDocument/codeAction - (12)'.
2023-12-04 12:12:01.752 [info] [Trace - 12:12:01 PM] Received response 'textDocument/codeAction - (12)' in 3ms.
2023-12-04 12:12:02.568 [info] [Trace - 12:12:02 PM] Sending notification 'textDocument/didChange'.
2023-12-04 12:12:02.638 [info] [Trace - 12:12:02 PM] Sending notification 'textDocument/didChange'.
2023-12-04 12:12:02.791 [info] [Trace - 12:12:02 PM] Sending notification 'textDocument/didChange'.
2023-12-04 12:12:03.004 [info] [Trace - 12:12:03 PM] Sending notification 'textDocument/didChange'.
2023-12-04 12:12:03.259 [info] [Trace - 12:12:03 PM] Sending request 'textDocument/codeAction - (13)'.
2023-12-04 12:12:03.261 [info] [Trace - 12:12:03 PM] Received response 'textDocument/codeAction - (13)' in 3ms.
2023-12-04 12:12:03.455 [info] [Trace - 12:12:03 PM] Sending notification 'textDocument/didChange'.
2023-12-04 12:12:03.712 [info] [Trace - 12:12:03 PM] Sending request 'textDocument/codeAction - (14)'.
2023-12-04 12:12:03.715 [info] [Trace - 12:12:03 PM] Received response 'textDocument/codeAction - (14)' in 3ms.
2023-12-04 12:12:11.726 [info] [Trace - 12:12:11 PM] Sending notification 'textDocument/didChange'.
2023-12-04 12:12:11.981 [info] [Trace - 12:12:11 PM] Sending request 'textDocument/codeAction - (15)'.
2023-12-04 12:12:11.984 [info] [Trace - 12:12:11 PM] Received response 'textDocument/codeAction - (15)' in 3ms.
2023-12-04 12:12:11.998 [info] [Trace - 12:12:11 PM] Sending notification 'textDocument/didChange'.
2023-12-04 12:12:12.254 [info] [Trace - 12:12:12 PM] Sending request 'textDocument/codeAction - (16)'.
2023-12-04 12:12:12.256 [info] [Trace - 12:12:12 PM] Received response 'textDocument/codeAction - (16)' in 2ms.
2023-12-04 12:12:12.600 [info] [Trace - 12:12:12 PM] Sending notification 'textDocument/didChange'.
2023-12-04 12:12:12.639 [info] [Trace - 12:12:12 PM] Sending notification 'textDocument/didChange'.
2023-12-04 12:12:12.681 [info] [Trace - 12:12:12 PM] Sending notification 'textDocument/didChange'.
2023-12-04 12:12:12.722 [info] [Trace - 12:12:12 PM] Sending notification 'textDocument/didChange'.
2023-12-04 12:12:12.764 [info] [Trace - 12:12:12 PM] Sending notification 'textDocument/didChange'.
2023-12-04 12:12:12.805 [info] [Trace - 12:12:12 PM] Sending notification 'textDocument/didChange'.
2023-12-04 12:12:12.846 [info] [Trace - 12:12:12 PM] Sending notification 'textDocument/didChange'.
2023-12-04 12:12:12.886 [info] [Trace - 12:12:12 PM] Sending notification 'textDocument/didChange'.
2023-12-04 12:12:12.928 [info] [Trace - 12:12:12 PM] Sending notification 'textDocument/didChange'.
2023-12-04 12:12:12.971 [info] [Trace - 12:12:12 PM] Sending notification 'textDocument/didChange'.
2023-12-04 12:12:13.116 [info] [Trace - 12:12:13 PM] Sending notification 'textDocument/didChange'.
2023-12-04 12:12:13.277 [info] [Trace - 12:12:13 PM] Sending notification 'textDocument/didChange'.
2023-12-04 12:12:13.433 [info] [Trace - 12:12:13 PM] Sending notification 'textDocument/didChange'.
2023-12-04 12:12:13.703 [info] [Trace - 12:12:13 PM] Sending request 'textDocument/codeAction - (17)'.
2023-12-04 12:12:13.706 [info] [Trace - 12:12:13 PM] Received response 'textDocument/codeAction - (17)' in 3ms.
2023-12-04 12:12:13.710 [info] [Trace - 12:12:13 PM] Sending notification 'textDocument/didChange'.
2023-12-04 12:12:13.900 [info] [Trace - 12:12:13 PM] Sending notification 'textDocument/didChange'.
2023-12-04 12:12:14.055 [info] [Trace - 12:12:14 PM] Sending notification 'textDocument/didChange'.
2023-12-04 12:12:14.175 [info] [Trace - 12:12:14 PM] Sending notification 'textDocument/didChange'.
2023-12-04 12:12:14.289 [info] [Trace - 12:12:14 PM] Sending notification 'textDocument/didChange'.
2023-12-04 12:12:14.455 [info] [Trace - 12:12:14 PM] Sending notification 'textDocument/didChange'.
2023-12-04 12:12:14.729 [info] [Trace - 12:12:14 PM] Sending request 'textDocument/codeAction - (18)'.
2023-12-04 12:12:14.732 [info] [Trace - 12:12:14 PM] Received response 'textDocument/codeAction - (18)' in 3ms.
2023-12-04 12:12:14.739 [info] [Trace - 12:12:14 PM] Sending notification 'textDocument/didChange'.
2023-12-04 12:12:15.014 [info] [Trace - 12:12:15 PM] Sending request 'textDocument/codeAction - (19)'.
2023-12-04 12:12:15.016 [info] [Trace - 12:12:15 PM] Received response 'textDocument/codeAction - (19)' in 2ms.
2023-12-04 12:12:15.286 [info] [Trace - 12:12:15 PM] Sending notification 'textDocument/didChange'.
2023-12-04 12:12:15.412 [info] [Trace - 12:12:15 PM] Sending notification 'textDocument/didChange'.
2023-12-04 12:12:15.543 [info] [Trace - 12:12:15 PM] Sending notification 'textDocument/didChange'.
2023-12-04 12:12:15.760 [info] [Trace - 12:12:15 PM] Sending notification 'textDocument/didChange'.
2023-12-04 12:12:15.898 [info] [Trace - 12:12:15 PM] Sending notification 'textDocument/didChange'.
2023-12-04 12:12:16.154 [info] [Trace - 12:12:16 PM] Sending request 'textDocument/codeAction - (20)'.
2023-12-04 12:12:16.157 [info] [Trace - 12:12:16 PM] Received response 'textDocument/codeAction - (20)' in 3ms.
2023-12-04 12:12:16.499 [info] [Trace - 12:12:16 PM] Sending notification 'textDocument/didChange'.
2023-12-04 12:12:16.540 [info] [Trace - 12:12:16 PM] Sending notification 'textDocument/didChange'.
2023-12-04 12:12:16.580 [info] [Trace - 12:12:16 PM] Sending notification 'textDocument/didChange'.
2023-12-04 12:12:16.622 [info] [Trace - 12:12:16 PM] Sending notification 'textDocument/didChange'.
2023-12-04 12:12:16.662 [info] [Trace - 12:12:16 PM] Sending notification 'textDocument/didChange'.
2023-12-04 12:12:16.703 [info] [Trace - 12:12:16 PM] Sending notification 'textDocument/didChange'.
2023-12-04 12:12:16.745 [info] [Trace - 12:12:16 PM] Sending notification 'textDocument/didChange'.
2023-12-04 12:12:16.859 [info] [Trace - 12:12:16 PM] Sending notification 'textDocument/didChange'.
2023-12-04 12:12:17.127 [info] [Trace - 12:12:17 PM] Sending request 'textDocument/codeAction - (21)'.
2023-12-04 12:12:17.130 [info] [Trace - 12:12:17 PM] Received response 'textDocument/codeAction - (21)' in 3ms.
2023-12-04 12:12:25.123 [info] [Trace - 12:12:25 PM] Sending notification 'textDocument/didChange'.
2023-12-04 12:12:25.183 [info] [Trace - 12:12:25 PM] Sending notification 'textDocument/didChange'.
2023-12-04 12:12:25.288 [info] [Trace - 12:12:25 PM] Sending notification 'textDocument/didChange'.
2023-12-04 12:12:25.431 [info] [Trace - 12:12:25 PM] Sending notification 'textDocument/didChange'.
2023-12-04 12:12:25.658 [info] [Trace - 12:12:25 PM] Sending notification 'textDocument/didChange'.
2023-12-04 12:12:25.913 [info] [Trace - 12:12:25 PM] Sending request 'textDocument/codeAction - (22)'.
2023-12-04 12:12:25.915 [info] [Trace - 12:12:25 PM] Received response 'textDocument/codeAction - (22)' in 3ms.
2023-12-04 12:12:26.099 [info] [Trace - 12:12:26 PM] Sending notification 'textDocument/didChange'.
2023-12-04 12:12:26.207 [info] [Trace - 12:12:26 PM] Sending notification 'textDocument/didChange'.
2023-12-04 12:12:26.321 [info] [Trace - 12:12:26 PM] Sending notification 'textDocument/didChange'.
2023-12-04 12:12:26.578 [info] [Trace - 12:12:26 PM] Sending request 'textDocument/codeAction - (23)'.
2023-12-04 12:12:26.580 [info] [Trace - 12:12:26 PM] Received response 'textDocument/codeAction - (23)' in 3ms.
2023-12-04 12:12:26.815 [info] [Trace - 12:12:26 PM] Sending notification 'textDocument/didChange'.
2023-12-04 12:12:27.072 [info] [Trace - 12:12:27 PM] Sending request 'textDocument/codeAction - (24)'.
2023-12-04 12:12:27.074 [info] [Trace - 12:12:27 PM] Received response 'textDocument/codeAction - (24)' in 2ms.
2023-12-04 12:12:27.273 [info] [Trace - 12:12:27 PM] Sending notification 'textDocument/didChange'.
2023-12-04 12:12:27.527 [info] [Trace - 12:12:27 PM] Sending request 'textDocument/codeAction - (25)'.
2023-12-04 12:12:27.530 [info] [Trace - 12:12:27 PM] Received response 'textDocument/codeAction - (25)' in 3ms.
2023-12-04 12:12:27.801 [info] [Trace - 12:12:27 PM] Sending notification 'textDocument/didChange'.
2023-12-04 12:12:27.966 [info] [Trace - 12:12:27 PM] Sending notification 'textDocument/didChange'.
2023-12-04 12:12:28.082 [info] [Trace - 12:12:28 PM] Sending notification 'textDocument/didChange'.
2023-12-04 12:12:28.337 [info] [Trace - 12:12:28 PM] Sending request 'textDocument/codeAction - (26)'.
2023-12-04 12:12:28.340 [info] [Trace - 12:12:28 PM] Received response 'textDocument/codeAction - (26)' in 3ms.
2023-12-04 12:12:28.464 [info] [Trace - 12:12:28 PM] Sending notification 'textDocument/didChange'.
2023-12-04 12:12:28.629 [info] [Trace - 12:12:28 PM] Sending notification 'textDocument/didChange'.
2023-12-04 12:12:28.884 [info] [Trace - 12:12:28 PM] Sending request 'textDocument/codeAction - (27)'.
2023-12-04 12:12:28.886 [info] [Trace - 12:12:28 PM] Received response 'textDocument/codeAction - (27)' in 2ms.
2023-12-04 12:12:28.943 [info] [Trace - 12:12:28 PM] Sending notification 'textDocument/didChange'.
2023-12-04 12:12:29.198 [info] [Trace - 12:12:29 PM] Sending request 'textDocument/codeAction - (28)'.
2023-12-04 12:12:29.200 [info] [Trace - 12:12:29 PM] Received response 'textDocument/codeAction - (28)' in 2ms.
2023-12-04 12:12:30.146 [info] [Trace - 12:12:30 PM] Sending notification 'textDocument/didChange'.
2023-12-04 12:12:30.319 [info] [Trace - 12:12:30 PM] Sending notification 'textDocument/didChange'.
2023-12-04 12:12:30.522 [info] [Trace - 12:12:30 PM] Sending notification 'textDocument/didChange'.
2023-12-04 12:12:30.593 [info] [Trace - 12:12:30 PM] Sending notification 'textDocument/didChange'.
2023-12-04 12:12:30.693 [info] [Trace - 12:12:30 PM] Sending notification 'textDocument/didChange'.
2023-12-04 12:12:30.949 [info] [Trace - 12:12:30 PM] Sending request 'textDocument/codeAction - (29)'.
2023-12-04 12:12:30.951 [info] [Trace - 12:12:30 PM] Received response 'textDocument/codeAction - (29)' in 3ms.
2023-12-04 12:12:31.112 [info] [Trace - 12:12:31 PM] Sending notification 'textDocument/didChange'.
2023-12-04 12:12:31.301 [info] [Trace - 12:12:31 PM] Sending notification 'textDocument/didChange'.
2023-12-04 12:12:31.528 [info] [Trace - 12:12:31 PM] Sending notification 'textDocument/didChange'.
2023-12-04 12:12:31.654 [info] [Trace - 12:12:31 PM] Sending notification 'textDocument/didChange'.
2023-12-04 12:12:31.731 [info] [Trace - 12:12:31 PM] Sending notification 'textDocument/didChange'.
2023-12-04 12:12:32.013 [info] [Trace - 12:12:32 PM] Sending request 'textDocument/codeAction - (30)'.
2023-12-04 12:12:32.016 [info] [Trace - 12:12:32 PM] Received response 'textDocument/codeAction - (30)' in 3ms.
2023-12-04 12:12:32.284 [info] [Trace - 12:12:32 PM] Sending request 'textDocument/codeAction - (31)'.
2023-12-04 12:12:32.286 [info] [Trace - 12:12:32 PM] Received response 'textDocument/codeAction - (31)' in 2ms.
2023-12-04 12:12:33.617 [info] [Trace - 12:12:33 PM] Sending notification 'textDocument/didChange'.
2023-12-04 12:12:33.866 [info] [Trace - 12:12:33 PM] Sending notification 'textDocument/didChange'.
2023-12-04 12:12:33.957 [info] [Trace - 12:12:33 PM] Sending notification 'textDocument/didChange'.
2023-12-04 12:12:34.074 [info] [Trace - 12:12:34 PM] Sending notification 'textDocument/didChange'.
2023-12-04 12:12:34.176 [info] [Trace - 12:12:34 PM] Sending notification 'textDocument/didChange'.
2023-12-04 12:12:34.452 [info] [Trace - 12:12:34 PM] Sending request 'textDocument/codeAction - (32)'.
2023-12-04 12:12:34.455 [info] [Trace - 12:12:34 PM] Received response 'textDocument/codeAction - (32)' in 3ms.
2023-12-04 12:12:34.458 [info] [Trace - 12:12:34 PM] Sending notification 'textDocument/didChange'.
2023-12-04 12:12:34.734 [info] [Trace - 12:12:34 PM] Sending request 'textDocument/codeAction - (33)'.
2023-12-04 12:12:34.737 [info] [Trace - 12:12:34 PM] Received response 'textDocument/codeAction - (33)' in 3ms.
2023-12-04 12:12:35.236 [info] [Trace - 12:12:35 PM] Sending request 'textDocument/codeAction - (34)'.
2023-12-04 12:12:35.238 [info] [Trace - 12:12:35 PM] Received response 'textDocument/codeAction - (34)' in 2ms.
2023-12-04 12:12:58.820 [info] [Trace - 12:12:58 PM] Sending request 'textDocument/codeAction - (35)'.
2023-12-04 12:12:58.822 [info] [Trace - 12:12:58 PM] Received response 'textDocument/codeAction - (35)' in 2ms.
2023-12-04 12:12:59.772 [info] [Trace - 12:12:59 PM] Sending notification 'textDocument/didChange'.
2023-12-04 12:12:59.919 [info] [Trace - 12:12:59 PM] Sending request 'textDocument/codeAction - (36)'.
2023-12-04 12:12:59.922 [info] [Trace - 12:12:59 PM] Received response 'textDocument/codeAction - (36)' in 3ms.
2023-12-04 12:13:52.965 [info] [Trace - 12:13:52 PM] Sending request 'textDocument/codeAction - (37)'.
2023-12-04 12:13:52.968 [info] [Trace - 12:13:52 PM] Received response 'textDocument/codeAction - (37)' in 3ms.
2023-12-04 12:20:26.534 [info] [Trace - 12:20:26 PM] Sending notification 'textDocument/didChange'.
2023-12-04 12:20:26.803 [info] [Trace - 12:20:26 PM] Sending notification 'textDocument/didChange'.
2023-12-04 12:20:34.140 [info] [Trace - 12:20:34 PM] Sending notification 'textDocument/didOpen'.
2023-12-04 12:20:34.143 [info] [Trace - 12:20:34 PM] Received notification 'window/logMessage'.
2023-12-04 12:20:34.143 [info] [Warn  - 12:20:34 PM] Skipping notebook cells [Not Supported]: vscode-notebook-cell:/home/like/Documents/pb_labs/LAB13/alcohol.ipynb#W1sZmlsZQ%3D%3D
2023-12-04 12:20:34.143 [info] [Trace - 12:20:34 PM] Received notification 'textDocument/publishDiagnostics'.
2023-12-04 12:20:35.964 [info] [Trace - 12:20:35 PM] Sending notification 'textDocument/didChange'.
2023-12-04 12:20:36.059 [info] [Trace - 12:20:36 PM] Sending notification 'textDocument/didChange'.
2023-12-04 12:20:36.174 [info] [Trace - 12:20:36 PM] Sending notification 'textDocument/didChange'.
2023-12-04 12:20:36.281 [info] [Trace - 12:20:36 PM] Sending notification 'textDocument/didChange'.
2023-12-04 12:20:36.559 [info] [Trace - 12:20:36 PM] Sending request 'textDocument/codeAction - (38)'.
2023-12-04 12:20:36.562 [info] [Trace - 12:20:36 PM] Received response 'textDocument/codeAction - (38)' in 3ms.
2023-12-04 12:20:36.613 [info] [Trace - 12:20:36 PM] Sending notification 'textDocument/didChange'.
2023-12-04 12:20:36.886 [info] [Trace - 12:20:36 PM] Sending request 'textDocument/codeAction - (39)'.
2023-12-04 12:20:36.888 [info] [Trace - 12:20:36 PM] Received response 'textDocument/codeAction - (39)' in 3ms.
2023-12-04 12:20:37.755 [info] [Trace - 12:20:37 PM] Sending notification 'textDocument/didChange'.
2023-12-04 12:20:38.035 [info] [Trace - 12:20:38 PM] Sending request 'textDocument/codeAction - (40)'.
2023-12-04 12:20:38.038 [info] [Trace - 12:20:38 PM] Received response 'textDocument/codeAction - (40)' in 3ms.
2023-12-04 12:20:45.172 [info] [Trace - 12:20:45 PM] Sending notification 'textDocument/didChange'.
2023-12-04 12:20:45.455 [info] [Trace - 12:20:45 PM] Sending request 'textDocument/codeAction - (41)'.
2023-12-04 12:20:45.459 [info] [Trace - 12:20:45 PM] Received response 'textDocument/codeAction - (41)' in 4ms.
2023-12-04 12:20:57.624 [info] [Trace - 12:20:57 PM] Sending notification 'textDocument/didChange'.
2023-12-04 12:20:57.719 [info] [Trace - 12:20:57 PM] Sending notification 'textDocument/didChange'.
2023-12-04 12:20:57.813 [info] [Trace - 12:20:57 PM] Sending notification 'textDocument/didChange'.
2023-12-04 12:20:57.910 [info] [Trace - 12:20:57 PM] Sending notification 'textDocument/didChange'.
2023-12-04 12:20:58.165 [info] [Trace - 12:20:58 PM] Sending request 'textDocument/codeAction - (42)'.
2023-12-04 12:20:58.167 [info] [Trace - 12:20:58 PM] Received response 'textDocument/codeAction - (42)' in 2ms.
2023-12-04 12:20:58.701 [info] [Trace - 12:20:58 PM] Sending request 'textDocument/codeAction - (43)'.
2023-12-04 12:20:58.704 [info] [Trace - 12:20:58 PM] Received response 'textDocument/codeAction - (43)' in 3ms.
2023-12-04 12:20:58.973 [info] [Trace - 12:20:58 PM] Sending request 'textDocument/codeAction - (44)'.
2023-12-04 12:20:58.976 [info] [Trace - 12:20:58 PM] Received response 'textDocument/codeAction - (44)' in 3ms.
2023-12-04 12:20:59.494 [info] [Trace - 12:20:59 PM] Sending request 'textDocument/codeAction - (45)'.
2023-12-04 12:20:59.497 [info] [Trace - 12:20:59 PM] Received response 'textDocument/codeAction - (45)' in 3ms.
2023-12-04 12:21:00.766 [info] [Trace - 12:21:00 PM] Sending request 'textDocument/codeAction - (46)'.
2023-12-04 12:21:00.769 [info] [Trace - 12:21:00 PM] Received response 'textDocument/codeAction - (46)' in 3ms.
2023-12-04 12:21:00.987 [info] [Trace - 12:21:00 PM] Sending notification 'textDocument/didChange'.
2023-12-04 12:21:01.237 [info] [Trace - 12:21:01 PM] Sending notification 'textDocument/didChange'.
2023-12-04 12:21:01.318 [info] [Trace - 12:21:01 PM] Sending notification 'textDocument/didChange'.
2023-12-04 12:21:01.594 [info] [Trace - 12:21:01 PM] Sending request 'textDocument/codeAction - (47)'.
2023-12-04 12:21:01.597 [info] [Trace - 12:21:01 PM] Received response 'textDocument/codeAction - (47)' in 3ms.
2023-12-04 12:21:02.287 [info] [Trace - 12:21:02 PM] Sending notification 'textDocument/didChange'.
2023-12-04 12:21:02.561 [info] [Trace - 12:21:02 PM] Sending request 'textDocument/codeAction - (48)'.
2023-12-04 12:21:02.564 [info] [Trace - 12:21:02 PM] Received response 'textDocument/codeAction - (48)' in 3ms.
2023-12-04 12:21:03.235 [info] [Trace - 12:21:03 PM] Sending notification 'textDocument/didChange'.
2023-12-04 12:21:03.973 [info] [Trace - 12:21:03 PM] Sending request 'textDocument/codeAction - (49)'.
2023-12-04 12:21:03.975 [info] [Trace - 12:21:03 PM] Received response 'textDocument/codeAction - (49)' in 2ms.
2023-12-04 12:21:04.351 [info] [Trace - 12:21:04 PM] Sending notification 'textDocument/didChange'.
2023-12-04 12:21:05.468 [info] [Trace - 12:21:05 PM] Sending request 'textDocument/codeAction - (50)'.
2023-12-04 12:21:05.471 [info] [Trace - 12:21:05 PM] Received response 'textDocument/codeAction - (50)' in 3ms.
2023-12-04 12:21:05.514 [info] [Trace - 12:21:05 PM] Sending notification 'textDocument/didChange'.
2023-12-04 12:21:05.769 [info] [Trace - 12:21:05 PM] Sending request 'textDocument/codeAction - (51)'.
2023-12-04 12:21:05.771 [info] [Trace - 12:21:05 PM] Received response 'textDocument/codeAction - (51)' in 2ms.
2023-12-04 12:21:06.265 [info] [Trace - 12:21:06 PM] Sending notification 'textDocument/didChange'.
2023-12-04 12:21:06.519 [info] [Trace - 12:21:06 PM] Sending request 'textDocument/codeAction - (52)'.
2023-12-04 12:21:06.522 [info] [Trace - 12:21:06 PM] Received response 'textDocument/codeAction - (52)' in 3ms.
2023-12-04 12:21:06.821 [info] [Trace - 12:21:06 PM] Sending request 'textDocument/codeAction - (53)'.
2023-12-04 12:21:06.823 [info] [Trace - 12:21:06 PM] Received response 'textDocument/codeAction - (53)' in 2ms.
2023-12-04 12:21:07.147 [info] [Trace - 12:21:07 PM] Sending notification 'textDocument/didChange'.
2023-12-04 12:21:07.422 [info] [Trace - 12:21:07 PM] Sending request 'textDocument/codeAction - (54)'.
2023-12-04 12:21:07.424 [info] [Trace - 12:21:07 PM] Received response 'textDocument/codeAction - (54)' in 3ms.
2023-12-04 12:21:08.085 [info] [Trace - 12:21:08 PM] Sending notification 'textDocument/didChange'.
2023-12-04 12:21:08.521 [info] [Trace - 12:21:08 PM] Sending request 'textDocument/codeAction - (55)'.
2023-12-04 12:21:08.523 [info] [Trace - 12:21:08 PM] Received response 'textDocument/codeAction - (55)' in 2ms.
2023-12-04 12:21:17.135 [info] [Trace - 12:21:17 PM] Sending request 'textDocument/codeAction - (56)'.
2023-12-04 12:21:17.137 [info] [Trace - 12:21:17 PM] Received response 'textDocument/codeAction - (56)' in 2ms.
2023-12-04 12:21:34.645 [info] [Trace - 12:21:34 PM] Sending notification 'textDocument/didChange'.
2023-12-04 12:21:34.816 [info] [Trace - 12:21:34 PM] Sending notification 'textDocument/didChange'.
2023-12-04 12:21:34.966 [info] [Trace - 12:21:34 PM] Sending notification 'textDocument/didChange'.
2023-12-04 12:21:35.128 [info] [Trace - 12:21:35 PM] Sending notification 'textDocument/didChange'.
2023-12-04 12:21:35.278 [info] [Trace - 12:21:35 PM] Sending notification 'textDocument/didChange'.
2023-12-04 12:21:35.440 [info] [Trace - 12:21:35 PM] Sending notification 'textDocument/didChange'.
2023-12-04 12:21:35.713 [info] [Trace - 12:21:35 PM] Sending request 'textDocument/codeAction - (57)'.
2023-12-04 12:21:35.715 [info] [Trace - 12:21:35 PM] Received response 'textDocument/codeAction - (57)' in 2ms.
2023-12-04 12:21:35.750 [info] [Trace - 12:21:35 PM] Sending notification 'textDocument/didChange'.
2023-12-04 12:21:36.890 [info] [Trace - 12:21:36 PM] Sending notification 'textDocument/didChange'.
2023-12-04 12:21:37.163 [info] [Trace - 12:21:37 PM] Sending request 'textDocument/codeAction - (58)'.
2023-12-04 12:21:37.165 [info] [Trace - 12:21:37 PM] Received response 'textDocument/codeAction - (58)' in 2ms.
2023-12-04 12:21:49.098 [info] [Trace - 12:21:49 PM] Sending request 'textDocument/codeAction - (59)'.
2023-12-04 12:21:49.101 [info] [Trace - 12:21:49 PM] Received response 'textDocument/codeAction - (59)' in 3ms.
2023-12-04 12:23:01.269 [info] [Trace - 12:23:01 PM] Sending notification 'textDocument/didChange'.
2023-12-04 12:23:01.469 [info] [Trace - 12:23:01 PM] Sending notification 'textDocument/didChange'.
2023-12-04 12:23:01.530 [info] [Trace - 12:23:01 PM] Sending notification 'textDocument/didChange'.
2023-12-04 12:23:01.653 [info] [Trace - 12:23:01 PM] Sending notification 'textDocument/didChange'.
2023-12-04 12:23:01.929 [info] [Trace - 12:23:01 PM] Sending request 'textDocument/codeAction - (60)'.
2023-12-04 12:23:01.932 [info] [Trace - 12:23:01 PM] Received response 'textDocument/codeAction - (60)' in 3ms.
2023-12-04 12:23:02.300 [info] [Trace - 12:23:02 PM] Sending notification 'textDocument/didChange'.
2023-12-04 12:23:02.578 [info] [Trace - 12:23:02 PM] Sending request 'textDocument/codeAction - (61)'.
2023-12-04 12:23:02.581 [info] [Trace - 12:23:02 PM] Received response 'textDocument/codeAction - (61)' in 3ms.
2023-12-04 12:23:03.159 [info] [Trace - 12:23:03 PM] Sending notification 'textDocument/didChange'.
2023-12-04 12:23:03.432 [info] [Trace - 12:23:03 PM] Sending request 'textDocument/codeAction - (62)'.
2023-12-04 12:23:03.435 [info] [Trace - 12:23:03 PM] Received response 'textDocument/codeAction - (62)' in 3ms.
2023-12-04 12:23:03.637 [info] [Trace - 12:23:03 PM] Sending notification 'textDocument/didChange'.
2023-12-04 12:23:03.773 [info] [Trace - 12:23:03 PM] Sending notification 'textDocument/didChange'.
2023-12-04 12:23:04.050 [info] [Trace - 12:23:04 PM] Sending request 'textDocument/codeAction - (63)'.
2023-12-04 12:23:04.053 [info] [Trace - 12:23:04 PM] Received response 'textDocument/codeAction - (63)' in 3ms.
2023-12-04 12:23:04.386 [info] [Trace - 12:23:04 PM] Sending notification 'textDocument/didChange'.
2023-12-04 12:23:04.662 [info] [Trace - 12:23:04 PM] Sending request 'textDocument/codeAction - (64)'.
2023-12-04 12:23:04.666 [info] [Trace - 12:23:04 PM] Received response 'textDocument/codeAction - (64)' in 4ms.
2023-12-04 12:23:05.001 [info] [Trace - 12:23:05 PM] Sending notification 'textDocument/didChange'.
2023-12-04 12:23:05.349 [info] [Trace - 12:23:05 PM] Sending request 'textDocument/codeAction - (65)'.
2023-12-04 12:23:05.351 [info] [Trace - 12:23:05 PM] Received response 'textDocument/codeAction - (65)' in 2ms.
2023-12-04 12:23:06.163 [info] [Trace - 12:23:06 PM] Sending request 'textDocument/codeAction - (66)'.
2023-12-04 12:23:06.166 [info] [Trace - 12:23:06 PM] Received response 'textDocument/codeAction - (66)' in 3ms.
2023-12-04 12:23:06.285 [info] [Trace - 12:23:06 PM] Sending notification 'textDocument/didChange'.
2023-12-04 12:23:06.716 [info] [Trace - 12:23:06 PM] Sending request 'textDocument/codeAction - (67)'.
2023-12-04 12:23:06.718 [info] [Trace - 12:23:06 PM] Received response 'textDocument/codeAction - (67)' in 2ms.
2023-12-04 12:23:15.148 [info] [Trace - 12:23:15 PM] Sending request 'textDocument/codeAction - (68)'.
2023-12-04 12:23:15.152 [info] [Trace - 12:23:15 PM] Received response 'textDocument/codeAction - (68)' in 4ms.
2023-12-04 12:23:21.021 [info] [Trace - 12:23:21 PM] Sending request 'textDocument/codeAction - (69)'.
2023-12-04 12:23:21.024 [info] [Trace - 12:23:21 PM] Received response 'textDocument/codeAction - (69)' in 3ms.
2023-12-04 12:23:21.279 [info] [Trace - 12:23:21 PM] Sending request 'textDocument/codeAction - (70)'.
2023-12-04 12:23:21.282 [info] [Trace - 12:23:21 PM] Received response 'textDocument/codeAction - (70)' in 3ms.
2023-12-04 12:23:38.382 [info] [Trace - 12:23:38 PM] Sending request 'textDocument/codeAction - (71)'.
2023-12-04 12:23:38.385 [info] [Trace - 12:23:38 PM] Received response 'textDocument/codeAction - (71)' in 3ms.
2023-12-04 12:23:40.055 [info] [Trace - 12:23:40 PM] Sending request 'textDocument/codeAction - (72)'.
2023-12-04 12:23:40.057 [info] [Trace - 12:23:40 PM] Received response 'textDocument/codeAction - (72)' in 2ms.
2023-12-04 12:23:40.093 [info] [Trace - 12:23:40 PM] Sending notification 'textDocument/didChange'.
2023-12-04 12:23:40.261 [info] [Trace - 12:23:40 PM] Sending notification 'textDocument/didChange'.
2023-12-04 12:23:40.388 [info] [Trace - 12:23:40 PM] Sending notification 'textDocument/didChange'.
2023-12-04 12:23:40.567 [info] [Trace - 12:23:40 PM] Sending notification 'textDocument/didChange'.
2023-12-04 12:23:40.666 [info] [Trace - 12:23:40 PM] Sending notification 'textDocument/didChange'.
2023-12-04 12:23:40.921 [info] [Trace - 12:23:40 PM] Sending request 'textDocument/codeAction - (73)'.
2023-12-04 12:23:40.924 [info] [Trace - 12:23:40 PM] Received response 'textDocument/codeAction - (73)' in 3ms.
2023-12-04 12:23:40.951 [info] [Trace - 12:23:40 PM] Sending notification 'textDocument/didChange'.
2023-12-04 12:23:41.397 [info] [Trace - 12:23:41 PM] Sending request 'textDocument/codeAction - (74)'.
2023-12-04 12:23:41.399 [info] [Trace - 12:23:41 PM] Received response 'textDocument/codeAction - (74)' in 2ms.
2023-12-04 12:24:33.175 [info] [Trace - 12:24:33 PM] Sending request 'textDocument/codeAction - (75)'.
2023-12-04 12:24:33.179 [info] [Trace - 12:24:33 PM] Received response 'textDocument/codeAction - (75)' in 4ms.
2023-12-04 12:24:34.038 [info] [Trace - 12:24:34 PM] Sending request 'textDocument/codeAction - (76)'.
2023-12-04 12:24:34.041 [info] [Trace - 12:24:34 PM] Received response 'textDocument/codeAction - (76)' in 3ms.
2023-12-04 12:24:34.291 [info] [Trace - 12:24:34 PM] Sending request 'textDocument/codeAction - (77)'.
2023-12-04 12:24:34.293 [info] [Trace - 12:24:34 PM] Received response 'textDocument/codeAction - (77)' in 2ms.
2023-12-04 12:24:34.686 [info] [Trace - 12:24:34 PM] Sending request 'textDocument/codeAction - (78)'.
2023-12-04 12:24:34.688 [info] [Trace - 12:24:34 PM] Received response 'textDocument/codeAction - (78)' in 2ms.
2023-12-04 12:49:41.988 [info] [Trace - 12:49:41 PM] Sending request 'textDocument/codeAction - (79)'.
2023-12-04 12:49:41.991 [info] [Trace - 12:49:41 PM] Received response 'textDocument/codeAction - (79)' in 3ms.
2023-12-04 12:49:43.960 [info] [Trace - 12:49:43 PM] Sending request 'textDocument/codeAction - (80)'.
2023-12-04 12:49:43.962 [info] [Trace - 12:49:43 PM] Received response 'textDocument/codeAction - (80)' in 2ms.
2023-12-04 12:49:46.900 [info] [Trace - 12:49:46 PM] Sending request 'textDocument/codeAction - (81)'.
2023-12-04 12:49:46.903 [info] [Trace - 12:49:46 PM] Received response 'textDocument/codeAction - (81)' in 3ms.
2023-12-04 12:49:47.864 [info] [Trace - 12:49:47 PM] Sending notification 'textDocument/didChange'.
2023-12-04 12:49:48.122 [info] [Trace - 12:49:48 PM] Sending notification 'textDocument/didChange'.
2023-12-04 12:49:48.285 [info] [Trace - 12:49:48 PM] Sending notification 'textDocument/didChange'.
2023-12-04 12:49:48.558 [info] [Trace - 12:49:48 PM] Sending request 'textDocument/codeAction - (82)'.
2023-12-04 12:49:48.560 [info] [Trace - 12:49:48 PM] Received response 'textDocument/codeAction - (82)' in 2ms.
2023-12-04 12:49:49.825 [info] [Trace - 12:49:49 PM] Sending request 'textDocument/codeAction - (83)'.
2023-12-04 12:49:49.828 [info] [Trace - 12:49:49 PM] Received response 'textDocument/codeAction - (83)' in 3ms.
2023-12-04 12:49:50.085 [info] [Trace - 12:49:50 PM] Sending notification 'textDocument/didChange'.
2023-12-04 12:49:50.640 [info] [Trace - 12:49:50 PM] Sending request 'textDocument/codeAction - (84)'.
2023-12-04 12:49:50.643 [info] [Trace - 12:49:50 PM] Received response 'textDocument/codeAction - (84)' in 3ms.
2023-12-04 12:49:52.167 [info] [Trace - 12:49:52 PM] Sending notification 'textDocument/didChange'.
2023-12-04 12:49:52.439 [info] [Trace - 12:49:52 PM] Sending request 'textDocument/codeAction - (85)'.
2023-12-04 12:49:52.442 [info] [Trace - 12:49:52 PM] Received response 'textDocument/codeAction - (85)' in 3ms.
2023-12-04 12:49:53.260 [info] [Trace - 12:49:53 PM] Sending request 'textDocument/codeAction - (86)'.
2023-12-04 12:49:53.263 [info] [Trace - 12:49:53 PM] Received response 'textDocument/codeAction - (86)' in 3ms.
2023-12-04 12:49:53.677 [info] [Trace - 12:49:53 PM] Sending notification 'textDocument/didChange'.
2023-12-04 12:49:53.950 [info] [Trace - 12:49:53 PM] Sending request 'textDocument/codeAction - (87)'.
2023-12-04 12:49:53.952 [info] [Trace - 12:49:53 PM] Received response 'textDocument/codeAction - (87)' in 3ms.
2023-12-04 12:49:54.392 [info] [Trace - 12:49:54 PM] Sending request 'textDocument/codeAction - (88)'.
2023-12-04 12:49:54.395 [info] [Trace - 12:49:54 PM] Received response 'textDocument/codeAction - (88)' in 3ms.
2023-12-04 12:49:54.761 [info] [Trace - 12:49:54 PM] Sending request 'textDocument/codeAction - (89)'.
2023-12-04 12:49:54.763 [info] [Trace - 12:49:54 PM] Received response 'textDocument/codeAction - (89)' in 2ms.
2023-12-04 12:49:55.278 [info] [Trace - 12:49:55 PM] Sending notification 'textDocument/didChange'.
2023-12-04 12:49:55.356 [info] [Trace - 12:49:55 PM] Sending notification 'textDocument/didChange'.
2023-12-04 12:49:55.490 [info] [Trace - 12:49:55 PM] Sending notification 'textDocument/didChange'.
2023-12-04 12:49:55.569 [info] [Trace - 12:49:55 PM] Sending notification 'textDocument/didChange'.
2023-12-04 12:49:55.847 [info] [Trace - 12:49:55 PM] Sending request 'textDocument/codeAction - (90)'.
2023-12-04 12:49:55.850 [info] [Trace - 12:49:55 PM] Received response 'textDocument/codeAction - (90)' in 3ms.
2023-12-04 12:49:55.958 [info] [Trace - 12:49:55 PM] Sending notification 'textDocument/didChange'.
2023-12-04 12:49:56.232 [info] [Trace - 12:49:56 PM] Sending request 'textDocument/codeAction - (91)'.
2023-12-04 12:49:56.235 [info] [Trace - 12:49:56 PM] Received response 'textDocument/codeAction - (91)' in 3ms.
2023-12-04 12:49:56.528 [info] [Trace - 12:49:56 PM] Sending notification 'textDocument/didChange'.
2023-12-04 12:49:56.801 [info] [Trace - 12:49:56 PM] Sending request 'textDocument/codeAction - (92)'.
2023-12-04 12:49:56.803 [info] [Trace - 12:49:56 PM] Received response 'textDocument/codeAction - (92)' in 2ms.
2023-12-04 12:49:59.697 [info] [Trace - 12:49:59 PM] Sending notification 'textDocument/didChange'.
2023-12-04 12:50:00.028 [info] [Trace - 12:50:00 PM] Sending request 'textDocument/codeAction - (93)'.
2023-12-04 12:50:00.030 [info] [Trace - 12:50:00 PM] Received response 'textDocument/codeAction - (93)' in 2ms.
2023-12-04 12:50:01.060 [info] [Trace - 12:50:01 PM] Sending notification 'textDocument/didChange'.
2023-12-04 12:50:01.103 [info] [Trace - 12:50:01 PM] Sending notification 'textDocument/didChange'.
2023-12-04 12:50:01.360 [info] [Trace - 12:50:01 PM] Sending request 'textDocument/codeAction - (94)'.
2023-12-04 12:50:01.363 [info] [Trace - 12:50:01 PM] Received response 'textDocument/codeAction - (94)' in 3ms.
2023-12-04 12:50:01.648 [info] [Trace - 12:50:01 PM] Sending notification 'textDocument/didChange'.
2023-12-04 12:50:01.904 [info] [Trace - 12:50:01 PM] Sending request 'textDocument/codeAction - (95)'.
2023-12-04 12:50:01.906 [info] [Trace - 12:50:01 PM] Received response 'textDocument/codeAction - (95)' in 3ms.
2023-12-04 12:50:02.799 [info] [Trace - 12:50:02 PM] Sending request 'textDocument/codeAction - (96)'.
2023-12-04 12:50:02.802 [info] [Trace - 12:50:02 PM] Received response 'textDocument/codeAction - (96)' in 3ms.
2023-12-04 12:50:05.846 [info] [Trace - 12:50:05 PM] Sending notification 'textDocument/didChange'.
2023-12-04 12:50:06.124 [info] [Trace - 12:50:06 PM] Sending request 'textDocument/codeAction - (97)'.
2023-12-04 12:50:06.127 [info] [Trace - 12:50:06 PM] Received response 'textDocument/codeAction - (97)' in 3ms.
2023-12-04 12:50:06.577 [info] [Trace - 12:50:06 PM] Sending notification 'textDocument/didChange'.
2023-12-04 12:50:06.850 [info] [Trace - 12:50:06 PM] Sending request 'textDocument/codeAction - (98)'.
2023-12-04 12:50:06.852 [info] [Trace - 12:50:06 PM] Received response 'textDocument/codeAction - (98)' in 2ms.
2023-12-04 12:50:07.651 [info] [Trace - 12:50:07 PM] Sending notification 'textDocument/didChange'.
2023-12-04 12:50:07.929 [info] [Trace - 12:50:07 PM] Sending request 'textDocument/codeAction - (99)'.
2023-12-04 12:50:07.932 [info] [Trace - 12:50:07 PM] Received response 'textDocument/codeAction - (99)' in 3ms.
2023-12-04 12:50:08.328 [info] [Trace - 12:50:08 PM] Sending notification 'textDocument/didChange'.
2023-12-04 12:50:08.586 [info] [Trace - 12:50:08 PM] Sending request 'textDocument/codeAction - (100)'.
2023-12-04 12:50:08.588 [info] [Trace - 12:50:08 PM] Received response 'textDocument/codeAction - (100)' in 2ms.
2023-12-04 12:50:08.917 [info] [Trace - 12:50:08 PM] Sending request 'textDocument/codeAction - (101)'.
2023-12-04 12:50:08.919 [info] [Trace - 12:50:08 PM] Received response 'textDocument/codeAction - (101)' in 2ms.
2023-12-04 12:50:09.297 [info] [Trace - 12:50:09 PM] Sending notification 'textDocument/didChange'.
2023-12-04 12:50:09.552 [info] [Trace - 12:50:09 PM] Sending request 'textDocument/codeAction - (102)'.
2023-12-04 12:50:09.555 [info] [Trace - 12:50:09 PM] Received response 'textDocument/codeAction - (102)' in 2ms.
2023-12-04 12:50:09.817 [info] [Trace - 12:50:09 PM] Sending notification 'textDocument/didChange'.
2023-12-04 12:50:10.072 [info] [Trace - 12:50:10 PM] Sending request 'textDocument/codeAction - (103)'.
2023-12-04 12:50:10.075 [info] [Trace - 12:50:10 PM] Received response 'textDocument/codeAction - (103)' in 3ms.
2023-12-04 12:50:10.437 [info] [Trace - 12:50:10 PM] Sending request 'textDocument/codeAction - (104)'.
2023-12-04 12:50:10.439 [info] [Trace - 12:50:10 PM] Received response 'textDocument/codeAction - (104)' in 2ms.
2023-12-04 12:50:11.770 [info] [Trace - 12:50:11 PM] Sending request 'textDocument/codeAction - (105)'.
2023-12-04 12:50:11.772 [info] [Trace - 12:50:11 PM] Received response 'textDocument/codeAction - (105)' in 2ms.
2023-12-04 12:50:11.955 [info] [Trace - 12:50:11 PM] Sending notification 'textDocument/didChange'.
2023-12-04 12:50:12.248 [info] [Trace - 12:50:12 PM] Sending request 'textDocument/codeAction - (106)'.
2023-12-04 12:50:12.251 [info] [Trace - 12:50:12 PM] Received response 'textDocument/codeAction - (106)' in 3ms.
2023-12-04 12:50:14.271 [info] [Trace - 12:50:14 PM] Sending notification 'textDocument/didChange'.
2023-12-04 12:50:14.545 [info] [Trace - 12:50:14 PM] Sending request 'textDocument/codeAction - (107)'.
2023-12-04 12:50:14.547 [info] [Trace - 12:50:14 PM] Received response 'textDocument/codeAction - (107)' in 2ms.
2023-12-04 12:50:14.803 [info] [Trace - 12:50:14 PM] Sending notification 'textDocument/didChange'.
2023-12-04 12:50:15.057 [info] [Trace - 12:50:15 PM] Sending request 'textDocument/codeAction - (108)'.
2023-12-04 12:50:15.060 [info] [Trace - 12:50:15 PM] Received response 'textDocument/codeAction - (108)' in 2ms.
2023-12-04 12:50:15.332 [info] [Trace - 12:50:15 PM] Sending notification 'textDocument/didChange'.
2023-12-04 12:50:15.479 [info] [Trace - 12:50:15 PM] Sending notification 'textDocument/didChange'.
2023-12-04 12:50:15.735 [info] [Trace - 12:50:15 PM] Sending request 'textDocument/codeAction - (109)'.
2023-12-04 12:50:15.738 [info] [Trace - 12:50:15 PM] Received response 'textDocument/codeAction - (109)' in 3ms.
2023-12-04 12:50:16.257 [info] [Trace - 12:50:16 PM] Sending notification 'textDocument/didChange'.
2023-12-04 12:50:16.540 [info] [Trace - 12:50:16 PM] Sending request 'textDocument/codeAction - (110)'.
2023-12-04 12:50:16.543 [info] [Trace - 12:50:16 PM] Received response 'textDocument/codeAction - (110)' in 3ms.
2023-12-04 12:50:16.786 [info] [Trace - 12:50:16 PM] Sending notification 'textDocument/didChange'.
2023-12-04 12:50:17.060 [info] [Trace - 12:50:17 PM] Sending request 'textDocument/codeAction - (111)'.
2023-12-04 12:50:17.063 [info] [Trace - 12:50:17 PM] Received response 'textDocument/codeAction - (111)' in 3ms.
2023-12-04 12:50:17.170 [info] [Trace - 12:50:17 PM] Sending notification 'textDocument/didChange'.
2023-12-04 12:50:17.445 [info] [Trace - 12:50:17 PM] Sending request 'textDocument/codeAction - (112)'.
2023-12-04 12:50:17.448 [info] [Trace - 12:50:17 PM] Received response 'textDocument/codeAction - (112)' in 3ms.
2023-12-04 12:50:17.711 [info] [Trace - 12:50:17 PM] Sending notification 'textDocument/didChange'.
2023-12-04 12:50:17.960 [info] [Trace - 12:50:17 PM] Sending notification 'textDocument/didChange'.
2023-12-04 12:50:18.237 [info] [Trace - 12:50:18 PM] Sending request 'textDocument/codeAction - (113)'.
2023-12-04 12:50:18.240 [info] [Trace - 12:50:18 PM] Received response 'textDocument/codeAction - (113)' in 3ms.
2023-12-04 12:50:18.402 [info] [Trace - 12:50:18 PM] Sending notification 'textDocument/didChange'.
2023-12-04 12:50:18.679 [info] [Trace - 12:50:18 PM] Sending request 'textDocument/codeAction - (114)'.
2023-12-04 12:50:18.682 [info] [Trace - 12:50:18 PM] Received response 'textDocument/codeAction - (114)' in 2ms.
2023-12-04 12:50:18.750 [info] [Trace - 12:50:18 PM] Sending notification 'textDocument/didChange'.
2023-12-04 12:50:18.974 [info] [Trace - 12:50:18 PM] Sending notification 'textDocument/didChange'.
2023-12-04 12:50:19.025 [info] [Trace - 12:50:19 PM] Sending notification 'textDocument/didChange'.
2023-12-04 12:50:19.083 [info] [Trace - 12:50:19 PM] Sending notification 'textDocument/didChange'.
2023-12-04 12:50:19.220 [info] [Trace - 12:50:19 PM] Sending notification 'textDocument/didChange'.
2023-12-04 12:50:19.476 [info] [Trace - 12:50:19 PM] Sending request 'textDocument/codeAction - (115)'.
2023-12-04 12:50:19.479 [info] [Trace - 12:50:19 PM] Received response 'textDocument/codeAction - (115)' in 2ms.
2023-12-04 12:50:19.602 [info] [Trace - 12:50:19 PM] Sending notification 'textDocument/didChange'.
2023-12-04 12:50:19.769 [info] [Trace - 12:50:19 PM] Sending notification 'textDocument/didChange'.
2023-12-04 12:50:19.975 [info] [Trace - 12:50:19 PM] Sending notification 'textDocument/didChange'.
2023-12-04 12:50:20.231 [info] [Trace - 12:50:20 PM] Sending request 'textDocument/codeAction - (116)'.
2023-12-04 12:50:20.234 [info] [Trace - 12:50:20 PM] Received response 'textDocument/codeAction - (116)' in 3ms.
2023-12-04 12:50:20.536 [info] [Trace - 12:50:20 PM] Sending request 'textDocument/codeAction - (117)'.
2023-12-04 12:50:20.539 [info] [Trace - 12:50:20 PM] Received response 'textDocument/codeAction - (117)' in 3ms.
2023-12-04 12:50:26.752 [info] [Trace - 12:50:26 PM] Sending request 'textDocument/codeAction - (118)'.
2023-12-04 12:50:26.754 [info] [Trace - 12:50:26 PM] Received response 'textDocument/codeAction - (118)' in 2ms.
2023-12-04 12:50:28.745 [info] [Trace - 12:50:28 PM] Sending request 'textDocument/codeAction - (119)'.
2023-12-04 12:50:28.748 [info] [Trace - 12:50:28 PM] Received response 'textDocument/codeAction - (119)' in 3ms.
2023-12-04 12:50:30.858 [info] [Trace - 12:50:30 PM] Sending notification 'textDocument/didChange'.
2023-12-04 12:50:31.639 [info] [Trace - 12:50:31 PM] Sending notification 'textDocument/didChange'.
2023-12-04 12:50:32.075 [info] [Trace - 12:50:32 PM] Sending request 'textDocument/codeAction - (120)'.
2023-12-04 12:50:32.078 [info] [Trace - 12:50:32 PM] Received response 'textDocument/codeAction - (120)' in 3ms.
2023-12-04 12:50:48.532 [info] [Trace - 12:50:48 PM] Sending notification 'textDocument/didChange'.
2023-12-04 12:50:49.062 [info] [Trace - 12:50:49 PM] Sending notification 'textDocument/didChange'.
2023-12-04 12:50:49.317 [info] [Trace - 12:50:49 PM] Sending request 'textDocument/codeAction - (121)'.
2023-12-04 12:50:49.320 [info] [Trace - 12:50:49 PM] Received response 'textDocument/codeAction - (121)' in 3ms.
2023-12-04 12:50:49.895 [info] [Trace - 12:50:49 PM] Sending request 'textDocument/codeAction - (122)'.
2023-12-04 12:50:49.897 [info] [Trace - 12:50:49 PM] Received response 'textDocument/codeAction - (122)' in 2ms.
2023-12-04 12:51:05.826 [info] [Trace - 12:51:05 PM] Sending request 'textDocument/codeAction - (123)'.
2023-12-04 12:51:05.829 [info] [Trace - 12:51:05 PM] Received response 'textDocument/codeAction - (123)' in 3ms.
2023-12-04 12:51:06.080 [info] [Trace - 12:51:06 PM] Sending request 'textDocument/codeAction - (124)'.
2023-12-04 12:51:06.082 [info] [Trace - 12:51:06 PM] Received response 'textDocument/codeAction - (124)' in 2ms.
2023-12-04 12:51:08.741 [info] [Trace - 12:51:08 PM] Sending request 'textDocument/codeAction - (125)'.
2023-12-04 12:51:08.743 [info] [Trace - 12:51:08 PM] Received response 'textDocument/codeAction - (125)' in 2ms.
2023-12-04 12:51:09.950 [info] [Trace - 12:51:09 PM] Sending request 'textDocument/codeAction - (126)'.
2023-12-04 12:51:09.953 [info] [Trace - 12:51:09 PM] Received response 'textDocument/codeAction - (126)' in 3ms.
2023-12-04 12:51:11.208 [info] [Trace - 12:51:11 PM] Sending request 'textDocument/codeAction - (127)'.
2023-12-04 12:51:11.211 [info] [Trace - 12:51:11 PM] Received response 'textDocument/codeAction - (127)' in 3ms.
2023-12-04 12:51:38.972 [info] [Trace - 12:51:38 PM] Sending request 'textDocument/codeAction - (128)'.
2023-12-04 12:51:38.975 [info] [Trace - 12:51:38 PM] Received response 'textDocument/codeAction - (128)' in 3ms.
2023-12-04 12:51:39.225 [info] [Trace - 12:51:39 PM] Sending request 'textDocument/codeAction - (129)'.
2023-12-04 12:51:39.228 [info] [Trace - 12:51:39 PM] Received response 'textDocument/codeAction - (129)' in 3ms.
2023-12-04 12:51:44.071 [info] [Trace - 12:51:44 PM] Sending request 'textDocument/codeAction - (130)'.
2023-12-04 12:51:44.073 [info] [Trace - 12:51:44 PM] Received response 'textDocument/codeAction - (130)' in 2ms.
2023-12-04 12:51:44.261 [info] [Trace - 12:51:44 PM] Sending notification 'textDocument/didChange'.
2023-12-04 12:51:45.135 [info] [Trace - 12:51:45 PM] Sending notification 'textDocument/didChange'.
2023-12-04 12:51:45.390 [info] [Trace - 12:51:45 PM] Sending request 'textDocument/codeAction - (131)'.
2023-12-04 12:51:45.393 [info] [Trace - 12:51:45 PM] Received response 'textDocument/codeAction - (131)' in 3ms.
2023-12-04 12:51:45.689 [info] [Trace - 12:51:45 PM] Sending notification 'textDocument/didChange'.
2023-12-04 12:51:52.006 [info] [Trace - 12:51:52 PM] Sending request 'textDocument/codeAction - (132)'.
2023-12-04 12:51:52.008 [info] [Trace - 12:51:52 PM] Received response 'textDocument/codeAction - (132)' in 2ms.
2023-12-04 12:51:53.964 [info] [Trace - 12:51:53 PM] Sending notification 'textDocument/didClose'.
2023-12-04 12:51:53.969 [info] [Trace - 12:51:53 PM] Received notification 'textDocument/publishDiagnostics'.
2023-12-04 12:54:23.479 [info] [Trace - 12:54:23 PM] Sending notification 'textDocument/didOpen'.
2023-12-04 12:54:23.481 [info] [Trace - 12:54:23 PM] Received notification 'window/logMessage'.
2023-12-04 12:54:23.481 [info] [Warn  - 12:54:23 PM] Skipping notebook cells [Not Supported]: vscode-notebook-cell:/home/like/Documents/pb_labs/LAB13/alcohol.ipynb#W3sZmlsZQ%3D%3D
2023-12-04 12:54:23.482 [info] [Trace - 12:54:23 PM] Received notification 'textDocument/publishDiagnostics'.
2023-12-04 12:54:25.861 [info] [Trace - 12:54:25 PM] Sending notification 'textDocument/didChange'.
2023-12-04 12:54:25.934 [info] [Trace - 12:54:25 PM] Sending notification 'textDocument/didChange'.
2023-12-04 12:54:26.202 [info] [Trace - 12:54:26 PM] Sending request 'textDocument/codeAction - (133)'.
2023-12-04 12:54:26.205 [info] [Trace - 12:54:26 PM] Received response 'textDocument/codeAction - (133)' in 3ms.
2023-12-04 12:54:26.230 [info] [Trace - 12:54:26 PM] Sending notification 'textDocument/didChange'.
2023-12-04 12:54:26.504 [info] [Trace - 12:54:26 PM] Sending request 'textDocument/codeAction - (134)'.
2023-12-04 12:54:26.506 [info] [Trace - 12:54:26 PM] Received response 'textDocument/codeAction - (134)' in 3ms.
2023-12-04 12:54:29.429 [info] [Trace - 12:54:29 PM] Sending notification 'textDocument/didChange'.
2023-12-04 12:54:29.485 [info] [Trace - 12:54:29 PM] Sending notification 'textDocument/didChange'.
2023-12-04 12:54:29.640 [info] [Trace - 12:54:29 PM] Sending notification 'textDocument/didChange'.
2023-12-04 12:54:29.917 [info] [Trace - 12:54:29 PM] Sending request 'textDocument/codeAction - (135)'.
2023-12-04 12:54:29.920 [info] [Trace - 12:54:29 PM] Received response 'textDocument/codeAction - (135)' in 3ms.
2023-12-04 12:54:30.855 [info] [Trace - 12:54:30 PM] Sending notification 'textDocument/didChange'.
2023-12-04 12:54:31.134 [info] [Trace - 12:54:31 PM] Sending request 'textDocument/codeAction - (136)'.
2023-12-04 12:54:31.137 [info] [Trace - 12:54:31 PM] Received response 'textDocument/codeAction - (136)' in 3ms.
2023-12-04 12:55:54.181 [info] [Trace - 12:55:54 PM] Sending notification 'textDocument/didChange'.
2023-12-04 12:55:54.424 [info] [Trace - 12:55:54 PM] Sending notification 'textDocument/didChange'.
2023-12-04 12:55:54.697 [info] [Trace - 12:55:54 PM] Sending request 'textDocument/codeAction - (137)'.
2023-12-04 12:55:54.699 [info] [Trace - 12:55:54 PM] Received response 'textDocument/codeAction - (137)' in 3ms.
2023-12-04 12:55:55.952 [info] [Trace - 12:55:55 PM] Sending notification 'textDocument/didChange'.
2023-12-04 12:55:56.078 [info] [Trace - 12:55:56 PM] Sending notification 'textDocument/didChange'.
2023-12-04 12:55:56.350 [info] [Trace - 12:55:56 PM] Sending request 'textDocument/codeAction - (138)'.
2023-12-04 12:55:56.352 [info] [Trace - 12:55:56 PM] Received response 'textDocument/codeAction - (138)' in 2ms.
2023-12-04 12:55:56.631 [info] [Trace - 12:55:56 PM] Sending notification 'textDocument/didChange'.
2023-12-04 12:55:56.717 [info] [Trace - 12:55:56 PM] Sending notification 'textDocument/didChange'.
2023-12-04 12:55:56.820 [info] [Trace - 12:55:56 PM] Sending notification 'textDocument/didChange'.
2023-12-04 12:55:57.085 [info] [Trace - 12:55:57 PM] Sending request 'textDocument/codeAction - (139)'.
2023-12-04 12:55:57.088 [info] [Trace - 12:55:57 PM] Received response 'textDocument/codeAction - (139)' in 3ms.
2023-12-04 12:55:57.797 [info] [Trace - 12:55:57 PM] Sending request 'textDocument/codeAction - (140)'.
2023-12-04 12:55:57.799 [info] [Trace - 12:55:57 PM] Received response 'textDocument/codeAction - (140)' in 2ms.
2023-12-04 12:56:00.495 [info] [Trace - 12:56:00 PM] Sending notification 'textDocument/didChange'.
2023-12-04 12:56:00.608 [info] [Trace - 12:56:00 PM] Sending notification 'textDocument/didChange'.
2023-12-04 12:56:00.746 [info] [Trace - 12:56:00 PM] Sending notification 'textDocument/didChange'.
2023-12-04 12:56:00.899 [info] [Trace - 12:56:00 PM] Sending notification 'textDocument/didChange'.
2023-12-04 12:56:01.170 [info] [Trace - 12:56:01 PM] Sending request 'textDocument/codeAction - (141)'.
2023-12-04 12:56:01.172 [info] [Trace - 12:56:01 PM] Received response 'textDocument/codeAction - (141)' in 2ms.
2023-12-04 12:56:04.145 [info] [Trace - 12:56:04 PM] Sending notification 'textDocument/didChange'.
2023-12-04 12:56:04.423 [info] [Trace - 12:56:04 PM] Sending request 'textDocument/codeAction - (142)'.
2023-12-04 12:56:04.427 [info] [Trace - 12:56:04 PM] Received response 'textDocument/codeAction - (142)' in 4ms.
2023-12-04 12:56:04.646 [info] [Trace - 12:56:04 PM] Sending notification 'textDocument/didChange'.
2023-12-04 12:56:04.919 [info] [Trace - 12:56:04 PM] Sending request 'textDocument/codeAction - (143)'.
2023-12-04 12:56:04.922 [info] [Trace - 12:56:04 PM] Received response 'textDocument/codeAction - (143)' in 3ms.
2023-12-04 12:56:05.027 [info] [Trace - 12:56:05 PM] Sending notification 'textDocument/didChange'.
2023-12-04 12:56:05.247 [info] [Trace - 12:56:05 PM] Sending notification 'textDocument/didChange'.
2023-12-04 12:56:05.520 [info] [Trace - 12:56:05 PM] Sending request 'textDocument/codeAction - (144)'.
2023-12-04 12:56:05.522 [info] [Trace - 12:56:05 PM] Received response 'textDocument/codeAction - (144)' in 2ms.
2023-12-04 12:56:05.885 [info] [Trace - 12:56:05 PM] Sending request 'textDocument/codeAction - (145)'.
2023-12-04 12:56:05.887 [info] [Trace - 12:56:05 PM] Received response 'textDocument/codeAction - (145)' in 3ms.
2023-12-04 12:56:06.528 [info] [Trace - 12:56:06 PM] Sending request 'textDocument/codeAction - (146)'.
2023-12-04 12:56:06.531 [info] [Trace - 12:56:06 PM] Received response 'textDocument/codeAction - (146)' in 3ms.
2023-12-04 12:56:08.145 [info] [Trace - 12:56:08 PM] Sending request 'textDocument/codeAction - (147)'.
2023-12-04 12:56:08.147 [info] [Trace - 12:56:08 PM] Received response 'textDocument/codeAction - (147)' in 2ms.
2023-12-04 12:56:21.135 [info] [Trace - 12:56:21 PM] Sending request 'textDocument/codeAction - (148)'.
2023-12-04 12:56:21.138 [info] [Trace - 12:56:21 PM] Received response 'textDocument/codeAction - (148)' in 3ms.
2023-12-04 12:56:23.183 [info] [Trace - 12:56:23 PM] Sending request 'textDocument/codeAction - (149)'.
2023-12-04 12:56:23.186 [info] [Trace - 12:56:23 PM] Received response 'textDocument/codeAction - (149)' in 3ms.
2023-12-04 12:56:23.590 [info] [Trace - 12:56:23 PM] Sending request 'textDocument/codeAction - (150)'.
2023-12-04 12:56:23.592 [info] [Trace - 12:56:23 PM] Received response 'textDocument/codeAction - (150)' in 3ms.
2023-12-04 12:56:24.259 [info] [Trace - 12:56:24 PM] Sending request 'textDocument/codeAction - (151)'.
2023-12-04 12:56:24.262 [info] [Trace - 12:56:24 PM] Received response 'textDocument/codeAction - (151)' in 3ms.
2023-12-04 12:56:24.791 [info] [Trace - 12:56:24 PM] Sending notification 'textDocument/didChange'.
2023-12-04 12:56:24.865 [info] [Trace - 12:56:24 PM] Sending notification 'textDocument/didChange'.
2023-12-04 12:56:24.987 [info] [Trace - 12:56:24 PM] Sending notification 'textDocument/didChange'.
2023-12-04 12:56:25.270 [info] [Trace - 12:56:25 PM] Sending request 'textDocument/codeAction - (152)'.
2023-12-04 12:56:25.273 [info] [Trace - 12:56:25 PM] Received response 'textDocument/codeAction - (152)' in 3ms.
2023-12-04 12:56:25.276 [info] [Trace - 12:56:25 PM] Sending notification 'textDocument/didChange'.
2023-12-04 12:56:26.101 [info] [Trace - 12:56:26 PM] Sending request 'textDocument/codeAction - (153)'.
2023-12-04 12:56:26.104 [info] [Trace - 12:56:26 PM] Received response 'textDocument/codeAction - (153)' in 3ms.
2023-12-04 12:56:26.483 [info] [Trace - 12:56:26 PM] Sending request 'textDocument/codeAction - (154)'.
2023-12-04 12:56:26.486 [info] [Trace - 12:56:26 PM] Received response 'textDocument/codeAction - (154)' in 2ms.
2023-12-04 12:56:26.904 [info] [Trace - 12:56:26 PM] Sending notification 'textDocument/didChange'.
2023-12-04 12:56:26.997 [info] [Trace - 12:56:26 PM] Sending notification 'textDocument/didChange'.
2023-12-04 12:56:27.106 [info] [Trace - 12:56:27 PM] Sending notification 'textDocument/didChange'.
2023-12-04 12:56:27.376 [info] [Trace - 12:56:27 PM] Sending request 'textDocument/codeAction - (155)'.
2023-12-04 12:56:27.379 [info] [Trace - 12:56:27 PM] Received response 'textDocument/codeAction - (155)' in 3ms.
2023-12-04 12:56:27.381 [info] [Trace - 12:56:27 PM] Sending notification 'textDocument/didChange'.
2023-12-04 12:56:27.810 [info] [Trace - 12:56:27 PM] Sending request 'textDocument/codeAction - (156)'.
2023-12-04 12:56:27.812 [info] [Trace - 12:56:27 PM] Received response 'textDocument/codeAction - (156)' in 2ms.
2023-12-04 12:56:28.607 [info] [Trace - 12:56:28 PM] Sending request 'textDocument/codeAction - (157)'.
2023-12-04 12:56:28.610 [info] [Trace - 12:56:28 PM] Received response 'textDocument/codeAction - (157)' in 3ms.
2023-12-04 12:56:29.836 [info] [Trace - 12:56:29 PM] Sending request 'textDocument/codeAction - (158)'.
2023-12-04 12:56:29.839 [info] [Trace - 12:56:29 PM] Received response 'textDocument/codeAction - (158)' in 3ms.
2023-12-04 12:56:30.422 [info] [Trace - 12:56:30 PM] Sending notification 'textDocument/didChange'.
2023-12-04 12:56:30.695 [info] [Trace - 12:56:30 PM] Sending request 'textDocument/codeAction - (159)'.
2023-12-04 12:56:30.697 [info] [Trace - 12:56:30 PM] Received response 'textDocument/codeAction - (159)' in 2ms.
2023-12-04 12:56:30.935 [info] [Trace - 12:56:30 PM] Sending notification 'textDocument/didChange'.
2023-12-04 12:56:31.180 [info] [Trace - 12:56:31 PM] Sending notification 'textDocument/didChange'.
2023-12-04 12:56:32.017 [info] [Trace - 12:56:32 PM] Sending request 'textDocument/codeAction - (160)'.
2023-12-04 12:56:32.020 [info] [Trace - 12:56:32 PM] Received response 'textDocument/codeAction - (160)' in 3ms.
2023-12-04 12:56:32.467 [info] [Trace - 12:56:32 PM] Sending notification 'textDocument/didChange'.
2023-12-04 12:56:32.741 [info] [Trace - 12:56:32 PM] Sending request 'textDocument/codeAction - (161)'.
2023-12-04 12:56:32.743 [info] [Trace - 12:56:32 PM] Received response 'textDocument/codeAction - (161)' in 2ms.
2023-12-04 12:56:33.103 [info] [Trace - 12:56:33 PM] Sending request 'textDocument/codeAction - (162)'.
2023-12-04 12:56:33.105 [info] [Trace - 12:56:33 PM] Received response 'textDocument/codeAction - (162)' in 2ms.
2023-12-04 12:56:34.313 [info] [Trace - 12:56:34 PM] Sending notification 'textDocument/didChange'.
2023-12-04 12:56:34.608 [info] [Trace - 12:56:34 PM] Sending request 'textDocument/codeAction - (163)'.
2023-12-04 12:56:34.611 [info] [Trace - 12:56:34 PM] Received response 'textDocument/codeAction - (163)' in 3ms.
2023-12-04 12:56:35.375 [info] [Trace - 12:56:35 PM] Sending notification 'textDocument/didChange'.
2023-12-04 12:56:35.652 [info] [Trace - 12:56:35 PM] Sending request 'textDocument/codeAction - (164)'.
2023-12-04 12:56:35.654 [info] [Trace - 12:56:35 PM] Received response 'textDocument/codeAction - (164)' in 2ms.
2023-12-04 12:56:36.147 [info] [Trace - 12:56:36 PM] Sending request 'textDocument/codeAction - (165)'.
2023-12-04 12:56:36.150 [info] [Trace - 12:56:36 PM] Received response 'textDocument/codeAction - (165)' in 3ms.
2023-12-04 12:56:39.643 [info] [Trace - 12:56:39 PM] Sending notification 'textDocument/didChange'.
2023-12-04 12:56:39.917 [info] [Trace - 12:56:39 PM] Sending request 'textDocument/codeAction - (166)'.
2023-12-04 12:56:39.920 [info] [Trace - 12:56:39 PM] Received response 'textDocument/codeAction - (166)' in 3ms.
2023-12-04 12:56:43.431 [info] [Trace - 12:56:43 PM] Sending notification 'textDocument/didChange'.
2023-12-04 12:56:43.607 [info] [Trace - 12:56:43 PM] Sending notification 'textDocument/didChange'.
2023-12-04 12:56:43.726 [info] [Trace - 12:56:43 PM] Sending notification 'textDocument/didChange'.
2023-12-04 12:56:43.851 [info] [Trace - 12:56:43 PM] Sending notification 'textDocument/didChange'.
2023-12-04 12:56:44.034 [info] [Trace - 12:56:44 PM] Sending notification 'textDocument/didChange'.
2023-12-04 12:56:44.297 [info] [Trace - 12:56:44 PM] Sending notification 'textDocument/didChange'.
2023-12-04 12:56:44.470 [info] [Trace - 12:56:44 PM] Sending notification 'textDocument/didChange'.
2023-12-04 12:56:44.542 [info] [Trace - 12:56:44 PM] Sending notification 'textDocument/didChange'.
2023-12-04 12:56:44.665 [info] [Trace - 12:56:44 PM] Sending notification 'textDocument/didChange'.
2023-12-04 12:56:44.876 [info] [Trace - 12:56:44 PM] Sending notification 'textDocument/didChange'.
2023-12-04 12:56:45.131 [info] [Trace - 12:56:45 PM] Sending request 'textDocument/codeAction - (167)'.
2023-12-04 12:56:45.133 [info] [Trace - 12:56:45 PM] Received response 'textDocument/codeAction - (167)' in 2ms.
2023-12-04 12:56:45.707 [info] [Trace - 12:56:45 PM] Sending notification 'textDocument/didChange'.
2023-12-04 12:56:45.922 [info] [Trace - 12:56:45 PM] Sending notification 'textDocument/didChange'.
2023-12-04 12:56:46.058 [info] [Trace - 12:56:46 PM] Sending notification 'textDocument/didChange'.
2023-12-04 12:56:46.821 [info] [Trace - 12:56:46 PM] Sending request 'textDocument/codeAction - (168)'.
2023-12-04 12:56:46.823 [info] [Trace - 12:56:46 PM] Received response 'textDocument/codeAction - (168)' in 2ms.
2023-12-04 12:56:49.300 [info] [Trace - 12:56:49 PM] Sending request 'textDocument/codeAction - (169)'.
2023-12-04 12:56:49.303 [info] [Trace - 12:56:49 PM] Received response 'textDocument/codeAction - (169)' in 3ms.
2023-12-04 12:56:50.761 [info] [Trace - 12:56:50 PM] Sending request 'textDocument/codeAction - (170)'.
2023-12-04 12:56:50.764 [info] [Trace - 12:56:50 PM] Received response 'textDocument/codeAction - (170)' in 3ms.
2023-12-04 12:56:50.882 [info] [Trace - 12:56:50 PM] Sending notification 'textDocument/didChange'.
2023-12-04 12:56:51.154 [info] [Trace - 12:56:51 PM] Sending request 'textDocument/codeAction - (171)'.
2023-12-04 12:56:51.157 [info] [Trace - 12:56:51 PM] Received response 'textDocument/codeAction - (171)' in 3ms.
2023-12-04 12:56:51.939 [info] [Trace - 12:56:51 PM] Sending notification 'textDocument/didChange'.
2023-12-04 12:56:52.360 [info] [Trace - 12:56:52 PM] Sending request 'textDocument/codeAction - (172)'.
2023-12-04 12:56:52.363 [info] [Trace - 12:56:52 PM] Received response 'textDocument/codeAction - (172)' in 3ms.
2023-12-04 12:56:53.114 [info] [Trace - 12:56:53 PM] Sending request 'textDocument/codeAction - (173)'.
2023-12-04 12:56:53.117 [info] [Trace - 12:56:53 PM] Received response 'textDocument/codeAction - (173)' in 3ms.
2023-12-04 12:56:53.702 [info] [Trace - 12:56:53 PM] Sending notification 'textDocument/didChange'.
2023-12-04 12:56:54.107 [info] [Trace - 12:56:54 PM] Sending request 'textDocument/codeAction - (174)'.
2023-12-04 12:56:54.109 [info] [Trace - 12:56:54 PM] Received response 'textDocument/codeAction - (174)' in 2ms.
2023-12-04 12:56:54.461 [info] [Trace - 12:56:54 PM] Sending request 'textDocument/codeAction - (175)'.
2023-12-04 12:56:54.463 [info] [Trace - 12:56:54 PM] Received response 'textDocument/codeAction - (175)' in 3ms.
2023-12-04 12:56:54.700 [info] [Trace - 12:56:54 PM] Sending notification 'textDocument/didChange'.
2023-12-04 12:56:54.882 [info] [Trace - 12:56:54 PM] Sending notification 'textDocument/didChange'.
2023-12-04 12:56:55.324 [info] [Trace - 12:56:55 PM] Sending request 'textDocument/codeAction - (176)'.
2023-12-04 12:56:55.327 [info] [Trace - 12:56:55 PM] Received response 'textDocument/codeAction - (176)' in 3ms.
2023-12-04 12:57:04.692 [info] [Trace - 12:57:04 PM] Sending request 'textDocument/codeAction - (177)'.
2023-12-04 12:57:04.694 [info] [Trace - 12:57:04 PM] Received response 'textDocument/codeAction - (177)' in 2ms.
2023-12-04 12:57:09.567 [info] [Trace - 12:57:09 PM] Sending request 'textDocument/codeAction - (178)'.
2023-12-04 12:57:09.569 [info] [Trace - 12:57:09 PM] Received response 'textDocument/codeAction - (178)' in 2ms.
2023-12-04 12:57:13.539 [info] [Trace - 12:57:13 PM] Sending request 'textDocument/codeAction - (179)'.
2023-12-04 12:57:13.541 [info] [Trace - 12:57:13 PM] Received response 'textDocument/codeAction - (179)' in 2ms.
2023-12-04 12:57:13.599 [info] [Trace - 12:57:13 PM] Sending notification 'textDocument/didChange'.
2023-12-04 12:57:13.760 [info] [Trace - 12:57:13 PM] Sending notification 'textDocument/didChange'.
2023-12-04 12:57:13.916 [info] [Trace - 12:57:13 PM] Sending notification 'textDocument/didChange'.
2023-12-04 12:57:14.071 [info] [Trace - 12:57:14 PM] Sending notification 'textDocument/didChange'.
2023-12-04 12:57:14.197 [info] [Trace - 12:57:14 PM] Sending request 'textDocument/codeAction - (180)'.
2023-12-04 12:57:14.199 [info] [Trace - 12:57:14 PM] Received response 'textDocument/codeAction - (180)' in 2ms.
2023-12-04 12:57:14.240 [info] [Trace - 12:57:14 PM] Sending notification 'textDocument/didChange'.
2023-12-04 12:57:16.126 [info] [Trace - 12:57:16 PM] Sending notification 'textDocument/didChange'.
2023-12-04 12:57:16.258 [info] [Trace - 12:57:16 PM] Sending notification 'textDocument/didChange'.
2023-12-04 12:57:16.445 [info] [Trace - 12:57:16 PM] Sending notification 'textDocument/didChange'.
2023-12-04 12:57:16.717 [info] [Trace - 12:57:16 PM] Sending request 'textDocument/codeAction - (181)'.
2023-12-04 12:57:16.719 [info] [Trace - 12:57:16 PM] Received response 'textDocument/codeAction - (181)' in 2ms.
2023-12-04 12:57:17.241 [info] [Trace - 12:57:17 PM] Sending request 'textDocument/codeAction - (182)'.
2023-12-04 12:57:17.243 [info] [Trace - 12:57:17 PM] Received response 'textDocument/codeAction - (182)' in 2ms.
2023-12-04 12:57:17.895 [info] [Trace - 12:57:17 PM] Sending request 'textDocument/codeAction - (183)'.
2023-12-04 12:57:17.898 [info] [Trace - 12:57:17 PM] Received response 'textDocument/codeAction - (183)' in 2ms.
2023-12-04 12:57:18.277 [info] [Trace - 12:57:18 PM] Sending request 'textDocument/codeAction - (184)'.
2023-12-04 12:57:18.279 [info] [Trace - 12:57:18 PM] Received response 'textDocument/codeAction - (184)' in 2ms.
2023-12-04 12:57:19.001 [info] [Trace - 12:57:19 PM] Sending notification 'textDocument/didChange'.
2023-12-04 12:57:19.275 [info] [Trace - 12:57:19 PM] Sending request 'textDocument/codeAction - (185)'.
2023-12-04 12:57:19.277 [info] [Trace - 12:57:19 PM] Received response 'textDocument/codeAction - (185)' in 2ms.
2023-12-04 12:57:19.566 [info] [Trace - 12:57:19 PM] Sending request 'textDocument/codeAction - (186)'.
2023-12-04 12:57:19.569 [info] [Trace - 12:57:19 PM] Received response 'textDocument/codeAction - (186)' in 3ms.
2023-12-04 12:57:21.158 [info] [Trace - 12:57:21 PM] Sending notification 'textDocument/didChange'.
2023-12-04 12:57:21.225 [info] [Trace - 12:57:21 PM] Sending request 'textDocument/codeAction - (187)'.
2023-12-04 12:57:21.227 [info] [Trace - 12:57:21 PM] Received response 'textDocument/codeAction - (187)' in 2ms.
2023-12-04 12:57:21.479 [info] [Trace - 12:57:21 PM] Sending request 'textDocument/codeAction - (188)'.
2023-12-04 12:57:21.482 [info] [Trace - 12:57:21 PM] Received response 'textDocument/codeAction - (188)' in 3ms.
2023-12-04 12:57:25.082 [info] [Trace - 12:57:25 PM] Sending request 'textDocument/codeAction - (189)'.
2023-12-04 12:57:25.085 [info] [Trace - 12:57:25 PM] Received response 'textDocument/codeAction - (189)' in 3ms.
2023-12-04 12:57:41.334 [info] [Trace - 12:57:41 PM] Sending request 'textDocument/codeAction - (190)'.
2023-12-04 12:57:41.336 [info] [Trace - 12:57:41 PM] Received response 'textDocument/codeAction - (190)' in 2ms.
2023-12-04 12:57:41.587 [info] [Trace - 12:57:41 PM] Sending request 'textDocument/codeAction - (191)'.
2023-12-04 12:57:41.589 [info] [Trace - 12:57:41 PM] Received response 'textDocument/codeAction - (191)' in 2ms.
2023-12-04 12:57:44.256 [info] [Trace - 12:57:44 PM] Sending request 'textDocument/codeAction - (192)'.
2023-12-04 12:57:44.258 [info] [Trace - 12:57:44 PM] Received response 'textDocument/codeAction - (192)' in 2ms.
2023-12-04 12:57:48.011 [info] [Trace - 12:57:48 PM] Sending request 'textDocument/codeAction - (193)'.
2023-12-04 12:57:48.013 [info] [Trace - 12:57:48 PM] Received response 'textDocument/codeAction - (193)' in 2ms.
2023-12-04 12:57:48.676 [info] [Trace - 12:57:48 PM] Sending request 'textDocument/codeAction - (194)'.
2023-12-04 12:57:48.684 [info] [Trace - 12:57:48 PM] Received response 'textDocument/codeAction - (194)' in 8ms.
2023-12-04 12:57:48.968 [info] [Trace - 12:57:48 PM] Sending notification 'textDocument/didChange'.
2023-12-04 12:57:50.692 [info] [Trace - 12:57:50 PM] Sending notification 'textDocument/didChange'.
2023-12-04 12:57:50.978 [info] [Trace - 12:57:50 PM] Sending request 'textDocument/codeAction - (195)'.
2023-12-04 12:57:50.980 [info] [Trace - 12:57:50 PM] Received response 'textDocument/codeAction - (195)' in 2ms.
2023-12-04 12:57:57.194 [info] [Trace - 12:57:57 PM] Sending request 'textDocument/codeAction - (196)'.
2023-12-04 12:57:57.198 [info] [Trace - 12:57:57 PM] Received response 'textDocument/codeAction - (196)' in 4ms.
2023-12-04 12:58:00.490 [info] [Trace - 12:58:00 PM] Sending request 'textDocument/codeAction - (197)'.
2023-12-04 12:58:00.492 [info] [Trace - 12:58:00 PM] Received response 'textDocument/codeAction - (197)' in 3ms.
2023-12-04 12:58:01.183 [info] [Trace - 12:58:01 PM] Sending notification 'textDocument/didChange'.
2023-12-04 12:58:01.294 [info] [Trace - 12:58:01 PM] Sending request 'textDocument/codeAction - (198)'.
2023-12-04 12:58:01.297 [info] [Trace - 12:58:01 PM] Received response 'textDocument/codeAction - (198)' in 3ms.
2023-12-04 12:58:01.651 [info] [Trace - 12:58:01 PM] Sending notification 'textDocument/didChange'.
2023-12-04 12:58:02.075 [info] [Trace - 12:58:02 PM] Sending request 'textDocument/codeAction - (199)'.
2023-12-04 12:58:02.078 [info] [Trace - 12:58:02 PM] Received response 'textDocument/codeAction - (199)' in 3ms.
2023-12-04 12:58:02.661 [info] [Trace - 12:58:02 PM] Sending notification 'textDocument/didChange'.
2023-12-04 12:58:02.918 [info] [Trace - 12:58:02 PM] Sending request 'textDocument/codeAction - (200)'.
2023-12-04 12:58:02.920 [info] [Trace - 12:58:02 PM] Received response 'textDocument/codeAction - (200)' in 3ms.
2023-12-04 12:58:03.007 [info] [Trace - 12:58:03 PM] Sending notification 'textDocument/didChange'.
2023-12-04 12:58:03.439 [info] [Trace - 12:58:03 PM] Sending request 'textDocument/codeAction - (201)'.
2023-12-04 12:58:03.441 [info] [Trace - 12:58:03 PM] Received response 'textDocument/codeAction - (201)' in 3ms.
2023-12-04 12:58:30.644 [info] [Trace - 12:58:30 PM] Sending request 'textDocument/codeAction - (202)'.
2023-12-04 12:58:30.646 [info] [Trace - 12:58:30 PM] Received response 'textDocument/codeAction - (202)' in 2ms.
2023-12-04 12:58:31.233 [info] [Trace - 12:58:31 PM] Sending notification 'textDocument/didChange'.
2023-12-04 12:58:31.489 [info] [Trace - 12:58:31 PM] Sending request 'textDocument/codeAction - (203)'.
2023-12-04 12:58:31.492 [info] [Trace - 12:58:31 PM] Received response 'textDocument/codeAction - (203)' in 3ms.
2023-12-04 12:58:31.495 [info] [Trace - 12:58:31 PM] Sending notification 'textDocument/didChange'.
2023-12-04 12:58:31.955 [info] [Trace - 12:58:31 PM] Sending request 'textDocument/codeAction - (204)'.
2023-12-04 12:58:31.957 [info] [Trace - 12:58:31 PM] Received response 'textDocument/codeAction - (204)' in 2ms.
2023-12-04 12:58:32.598 [info] [Trace - 12:58:32 PM] Sending request 'textDocument/codeAction - (205)'.
2023-12-04 12:58:32.601 [info] [Trace - 12:58:32 PM] Received response 'textDocument/codeAction - (205)' in 3ms.
2023-12-04 12:58:32.949 [info] [Trace - 12:58:32 PM] Sending notification 'textDocument/didChange'.
2023-12-04 12:58:33.205 [info] [Trace - 12:58:33 PM] Sending request 'textDocument/codeAction - (206)'.
2023-12-04 12:58:33.209 [info] [Trace - 12:58:33 PM] Received response 'textDocument/codeAction - (206)' in 4ms.
2023-12-04 12:58:33.218 [info] [Trace - 12:58:33 PM] Sending notification 'textDocument/didChange'.
2023-12-04 12:58:33.703 [info] [Trace - 12:58:33 PM] Sending request 'textDocument/codeAction - (207)'.
2023-12-04 12:58:33.706 [info] [Trace - 12:58:33 PM] Received response 'textDocument/codeAction - (207)' in 3ms.
2023-12-04 12:58:42.012 [info] [Trace - 12:58:42 PM] Sending request 'textDocument/codeAction - (208)'.
2023-12-04 12:58:42.015 [info] [Trace - 12:58:42 PM] Received response 'textDocument/codeAction - (208)' in 3ms.
2023-12-04 12:58:42.269 [info] [Trace - 12:58:42 PM] Sending request 'textDocument/codeAction - (209)'.
2023-12-04 12:58:42.271 [info] [Trace - 12:58:42 PM] Received response 'textDocument/codeAction - (209)' in 2ms.
2023-12-04 12:58:46.520 [info] [Trace - 12:58:46 PM] Sending notification 'textDocument/didOpen'.
2023-12-04 12:58:46.523 [info] [Trace - 12:58:46 PM] Received notification 'window/logMessage'.
2023-12-04 12:58:46.523 [info] [Warn  - 12:58:46 PM] Skipping notebook cells [Not Supported]: vscode-notebook-cell:/home/like/Documents/pb_labs/LAB13/alcohol.ipynb#W4sZmlsZQ%3D%3D
2023-12-04 12:58:46.523 [info] [Trace - 12:58:46 PM] Received notification 'textDocument/publishDiagnostics'.
2023-12-04 12:58:48.725 [info] [Trace - 12:58:48 PM] Sending notification 'textDocument/didChange'.
2023-12-04 12:58:48.895 [info] [Trace - 12:58:48 PM] Sending notification 'textDocument/didChange'.
2023-12-04 12:58:49.001 [info] [Trace - 12:58:49 PM] Sending notification 'textDocument/didChange'.
2023-12-04 12:58:49.096 [info] [Trace - 12:58:49 PM] Sending notification 'textDocument/didChange'.
2023-12-04 12:58:49.370 [info] [Trace - 12:58:49 PM] Sending request 'textDocument/codeAction - (210)'.
2023-12-04 12:58:49.373 [info] [Trace - 12:58:49 PM] Received response 'textDocument/codeAction - (210)' in 3ms.
2023-12-04 12:58:50.100 [info] [Trace - 12:58:50 PM] Sending notification 'textDocument/didChange'.
2023-12-04 12:58:50.376 [info] [Trace - 12:58:50 PM] Sending request 'textDocument/codeAction - (211)'.
2023-12-04 12:58:50.378 [info] [Trace - 12:58:50 PM] Received response 'textDocument/codeAction - (211)' in 2ms.
2023-12-04 12:58:50.392 [info] [Trace - 12:58:50 PM] Sending notification 'textDocument/didChange'.
2023-12-04 12:58:50.665 [info] [Trace - 12:58:50 PM] Sending request 'textDocument/codeAction - (212)'.
2023-12-04 12:58:50.667 [info] [Trace - 12:58:50 PM] Received response 'textDocument/codeAction - (212)' in 2ms.
2023-12-04 12:58:51.546 [info] [Trace - 12:58:51 PM] Sending notification 'textDocument/didChange'.
2023-12-04 12:58:51.819 [info] [Trace - 12:58:51 PM] Sending request 'textDocument/codeAction - (213)'.
2023-12-04 12:58:51.821 [info] [Trace - 12:58:51 PM] Received response 'textDocument/codeAction - (213)' in 3ms.
2023-12-04 12:58:51.840 [info] [Trace - 12:58:51 PM] Sending notification 'textDocument/didChange'.
2023-12-04 12:58:51.940 [info] [Trace - 12:58:51 PM] Sending notification 'textDocument/didChange'.
2023-12-04 12:58:52.010 [info] [Trace - 12:58:52 PM] Sending notification 'textDocument/didChange'.
2023-12-04 12:58:52.117 [info] [Trace - 12:58:52 PM] Sending notification 'textDocument/didChange'.
2023-12-04 12:58:52.391 [info] [Trace - 12:58:52 PM] Sending request 'textDocument/codeAction - (214)'.
2023-12-04 12:58:52.393 [info] [Trace - 12:58:52 PM] Received response 'textDocument/codeAction - (214)' in 2ms.
2023-12-04 12:58:52.479 [info] [Trace - 12:58:52 PM] Sending notification 'textDocument/didChange'.
2023-12-04 12:58:52.751 [info] [Trace - 12:58:52 PM] Sending request 'textDocument/codeAction - (215)'.
2023-12-04 12:58:52.753 [info] [Trace - 12:58:52 PM] Received response 'textDocument/codeAction - (215)' in 3ms.
2023-12-04 12:58:54.142 [info] [Trace - 12:58:54 PM] Sending notification 'textDocument/didChange'.
2023-12-04 12:58:54.414 [info] [Trace - 12:58:54 PM] Sending request 'textDocument/codeAction - (216)'.
2023-12-04 12:58:54.417 [info] [Trace - 12:58:54 PM] Received response 'textDocument/codeAction - (216)' in 3ms.
2023-12-04 12:58:54.702 [info] [Trace - 12:58:54 PM] Sending notification 'textDocument/didChange'.
2023-12-04 12:58:54.995 [info] [Trace - 12:58:54 PM] Sending request 'textDocument/codeAction - (217)'.
2023-12-04 12:58:54.998 [info] [Trace - 12:58:54 PM] Received response 'textDocument/codeAction - (217)' in 3ms.
2023-12-04 12:58:55.505 [info] [Trace - 12:58:55 PM] Sending notification 'textDocument/didChange'.
2023-12-04 12:58:55.763 [info] [Trace - 12:58:55 PM] Sending request 'textDocument/codeAction - (218)'.
2023-12-04 12:58:55.765 [info] [Trace - 12:58:55 PM] Received response 'textDocument/codeAction - (218)' in 2ms.
2023-12-04 12:58:56.114 [info] [Trace - 12:58:56 PM] Sending notification 'textDocument/didChange'.
2023-12-04 12:58:56.850 [info] [Trace - 12:58:56 PM] Sending request 'textDocument/codeAction - (219)'.
2023-12-04 12:58:56.852 [info] [Trace - 12:58:56 PM] Received response 'textDocument/codeAction - (219)' in 2ms.
2023-12-04 12:58:57.442 [info] [Trace - 12:58:57 PM] Sending notification 'textDocument/didChange'.
2023-12-04 12:58:57.535 [info] [Trace - 12:58:57 PM] Sending notification 'textDocument/didChange'.
2023-12-04 12:58:57.674 [info] [Trace - 12:58:57 PM] Sending notification 'textDocument/didChange'.
2023-12-04 12:58:57.833 [info] [Trace - 12:58:57 PM] Sending notification 'textDocument/didChange'.
2023-12-04 12:58:58.109 [info] [Trace - 12:58:58 PM] Sending request 'textDocument/codeAction - (220)'.
2023-12-04 12:58:58.112 [info] [Trace - 12:58:58 PM] Received response 'textDocument/codeAction - (220)' in 3ms.
2023-12-04 12:58:58.527 [info] [Trace - 12:58:58 PM] Sending notification 'textDocument/didChange'.
2023-12-04 12:58:58.801 [info] [Trace - 12:58:58 PM] Sending request 'textDocument/codeAction - (221)'.
2023-12-04 12:58:58.803 [info] [Trace - 12:58:58 PM] Received response 'textDocument/codeAction - (221)' in 2ms.
2023-12-04 12:58:59.249 [info] [Trace - 12:58:59 PM] Sending notification 'textDocument/didChange'.
2023-12-04 12:59:00.065 [info] [Trace - 12:59:00 PM] Sending notification 'textDocument/didChange'.
2023-12-04 12:59:00.338 [info] [Trace - 12:59:00 PM] Sending request 'textDocument/codeAction - (222)'.
2023-12-04 12:59:00.341 [info] [Trace - 12:59:00 PM] Received response 'textDocument/codeAction - (222)' in 3ms.
2023-12-04 12:59:01.120 [info] [Trace - 12:59:01 PM] Sending notification 'textDocument/didChange'.
2023-12-04 12:59:01.580 [info] [Trace - 12:59:01 PM] Sending request 'textDocument/codeAction - (223)'.
2023-12-04 12:59:01.582 [info] [Trace - 12:59:01 PM] Received response 'textDocument/codeAction - (223)' in 2ms.
2023-12-04 12:59:05.846 [info] [Trace - 12:59:05 PM] Sending request 'textDocument/codeAction - (224)'.
2023-12-04 12:59:05.850 [info] [Trace - 12:59:05 PM] Received response 'textDocument/codeAction - (224)' in 4ms.
2023-12-04 12:59:06.099 [info] [Trace - 12:59:06 PM] Sending request 'textDocument/codeAction - (225)'.
2023-12-04 12:59:06.101 [info] [Trace - 12:59:06 PM] Received response 'textDocument/codeAction - (225)' in 2ms.
2023-12-04 12:59:06.445 [info] [Trace - 12:59:06 PM] Sending request 'textDocument/codeAction - (226)'.
2023-12-04 12:59:06.447 [info] [Trace - 12:59:06 PM] Received response 'textDocument/codeAction - (226)' in 2ms.
2023-12-04 12:59:08.880 [info] [Trace - 12:59:08 PM] Sending request 'textDocument/codeAction - (227)'.
2023-12-04 12:59:08.882 [info] [Trace - 12:59:08 PM] Received response 'textDocument/codeAction - (227)' in 3ms.
2023-12-04 12:59:10.362 [info] [Trace - 12:59:10 PM] Sending notification 'textDocument/didChange'.
2023-12-04 12:59:10.634 [info] [Trace - 12:59:10 PM] Sending request 'textDocument/codeAction - (228)'.
2023-12-04 12:59:10.637 [info] [Trace - 12:59:10 PM] Received response 'textDocument/codeAction - (228)' in 3ms.
2023-12-04 12:59:12.259 [info] [Trace - 12:59:12 PM] Sending notification 'textDocument/didChange'.
2023-12-04 12:59:12.535 [info] [Trace - 12:59:12 PM] Sending request 'textDocument/codeAction - (229)'.
2023-12-04 12:59:12.537 [info] [Trace - 12:59:12 PM] Received response 'textDocument/codeAction - (229)' in 2ms.
2023-12-04 12:59:12.830 [info] [Trace - 12:59:12 PM] Sending notification 'textDocument/didChange'.
2023-12-04 12:59:12.962 [info] [Trace - 12:59:12 PM] Sending notification 'textDocument/didChange'.
2023-12-04 12:59:13.232 [info] [Trace - 12:59:13 PM] Sending request 'textDocument/codeAction - (230)'.
2023-12-04 12:59:13.235 [info] [Trace - 12:59:13 PM] Received response 'textDocument/codeAction - (230)' in 3ms.
2023-12-04 12:59:13.364 [info] [Trace - 12:59:13 PM] Sending notification 'textDocument/didChange'.
2023-12-04 12:59:13.637 [info] [Trace - 12:59:13 PM] Sending notification 'textDocument/didChange'.
2023-12-04 12:59:13.913 [info] [Trace - 12:59:13 PM] Sending request 'textDocument/codeAction - (231)'.
2023-12-04 12:59:13.915 [info] [Trace - 12:59:13 PM] Received response 'textDocument/codeAction - (231)' in 2ms.
2023-12-04 12:59:13.921 [info] [Trace - 12:59:13 PM] Sending notification 'textDocument/didChange'.
2023-12-04 12:59:14.178 [info] [Trace - 12:59:14 PM] Sending request 'textDocument/codeAction - (232)'.
2023-12-04 12:59:14.180 [info] [Trace - 12:59:14 PM] Received response 'textDocument/codeAction - (232)' in 2ms.
2023-12-04 12:59:14.249 [info] [Trace - 12:59:14 PM] Sending notification 'textDocument/didChange'.
2023-12-04 12:59:14.505 [info] [Trace - 12:59:14 PM] Sending request 'textDocument/codeAction - (233)'.
2023-12-04 12:59:14.507 [info] [Trace - 12:59:14 PM] Received response 'textDocument/codeAction - (233)' in 2ms.
2023-12-04 12:59:14.662 [info] [Trace - 12:59:14 PM] Sending notification 'textDocument/didChange'.
2023-12-04 12:59:14.803 [info] [Trace - 12:59:14 PM] Sending notification 'textDocument/didChange'.
2023-12-04 12:59:14.942 [info] [Trace - 12:59:14 PM] Sending notification 'textDocument/didChange'.
2023-12-04 12:59:15.071 [info] [Trace - 12:59:15 PM] Sending notification 'textDocument/didChange'.
2023-12-04 12:59:15.219 [info] [Trace - 12:59:15 PM] Sending notification 'textDocument/didChange'.
2023-12-04 12:59:15.343 [info] [Trace - 12:59:15 PM] Sending notification 'textDocument/didChange'.
2023-12-04 12:59:15.438 [info] [Trace - 12:59:15 PM] Sending notification 'textDocument/didChange'.
2023-12-04 12:59:15.653 [info] [Trace - 12:59:15 PM] Sending notification 'textDocument/didChange'.
2023-12-04 12:59:15.738 [info] [Trace - 12:59:15 PM] Sending notification 'textDocument/didChange'.
2023-12-04 12:59:15.868 [info] [Trace - 12:59:15 PM] Sending notification 'textDocument/didChange'.
2023-12-04 12:59:16.123 [info] [Trace - 12:59:16 PM] Sending request 'textDocument/codeAction - (234)'.
2023-12-04 12:59:16.126 [info] [Trace - 12:59:16 PM] Received response 'textDocument/codeAction - (234)' in 3ms.
2023-12-04 12:59:16.627 [info] [Trace - 12:59:16 PM] Sending request 'textDocument/codeAction - (235)'.
2023-12-04 12:59:16.635 [info] [Trace - 12:59:16 PM] Received response 'textDocument/codeAction - (235)' in 8ms.
2023-12-04 12:59:18.231 [info] [Trace - 12:59:18 PM] Sending request 'textDocument/codeAction - (236)'.
2023-12-04 12:59:18.233 [info] [Trace - 12:59:18 PM] Received response 'textDocument/codeAction - (236)' in 2ms.
2023-12-04 12:59:18.483 [info] [Trace - 12:59:18 PM] Sending request 'textDocument/codeAction - (237)'.
2023-12-04 12:59:18.486 [info] [Trace - 12:59:18 PM] Received response 'textDocument/codeAction - (237)' in 3ms.
2023-12-04 12:59:19.888 [info] [Trace - 12:59:19 PM] Sending request 'textDocument/codeAction - (238)'.
2023-12-04 12:59:19.890 [info] [Trace - 12:59:19 PM] Received response 'textDocument/codeAction - (238)' in 2ms.
2023-12-04 12:59:20.486 [info] [Trace - 12:59:20 PM] Sending notification 'textDocument/didChange'.
2023-12-04 12:59:20.745 [info] [Trace - 12:59:20 PM] Sending notification 'textDocument/didChange'.
2023-12-04 12:59:20.892 [info] [Trace - 12:59:20 PM] Sending notification 'textDocument/didChange'.
2023-12-04 12:59:20.937 [info] [Trace - 12:59:20 PM] Sending notification 'textDocument/didChange'.
2023-12-04 12:59:21.039 [info] [Trace - 12:59:21 PM] Sending notification 'textDocument/didChange'.
2023-12-04 12:59:21.296 [info] [Trace - 12:59:21 PM] Sending request 'textDocument/codeAction - (239)'.
2023-12-04 12:59:21.298 [info] [Trace - 12:59:21 PM] Received response 'textDocument/codeAction - (239)' in 2ms.
2023-12-04 12:59:21.880 [info] [Trace - 12:59:21 PM] Sending notification 'textDocument/didChange'.
2023-12-04 12:59:22.316 [info] [Trace - 12:59:22 PM] Sending request 'textDocument/codeAction - (240)'.
2023-12-04 12:59:22.319 [info] [Trace - 12:59:22 PM] Received response 'textDocument/codeAction - (240)' in 3ms.
2023-12-04 13:02:23.945 [info] [Trace - 1:02:23 PM] Sending request 'textDocument/codeAction - (241)'.
2023-12-04 13:02:23.947 [info] [Trace - 1:02:23 PM] Received response 'textDocument/codeAction - (241)' in 2ms.
