VSCodium (1.84.2, undefined, desktop)
Jupyter Extension Version: 2023.9.100.
Python Extension Version: 2023.20.0.
Platform: linux (x64).
Workspace folder ~/Documents/AOC, Home = /home/like
11:14:15.914 [info] Telemetry level is off
11:14:15.914 [info] Experiments are disabled, only manually opted experiments are active.
11:14:16.127 [info] Start refreshing Kernel Picker (1701594856127)
11:14:16.138 [info] Using Pylance
11:14:16.236 [warn] Failed to get activated env vars for /bin/python in 85ms
11:14:16.246 [info] Process Execution: /bin/python -c "import site;print("USER_BASE_VALUE");print(site.USER_BASE);print("USER_BASE_VALUE");"
11:14:16.267 [info] Process Execution: /bin/python -m pip list
11:14:17.156 [info] End refreshing Kernel Picker (1701594856127)
11:15:17.228 [info] Ending debug session c987e994-acda-44fc-89b7-882729efddce
11:15:17.228 [info] Ending debug session c987e994-acda-44fc-89b7-882729efddce
11:16:09.957 [info] Ending debug session 525e4e86-e0d9-46f1-b84b-e6feb1842f2d
11:16:09.957 [info] Ending debug session 525e4e86-e0d9-46f1-b84b-e6feb1842f2d
11:18:18.992 [info] Ending debug session ee392a3e-3c65-4583-ba9a-da74e7f59636
11:18:18.992 [info] Ending debug session ee392a3e-3c65-4583-ba9a-da74e7f59636
11:20:08.863 [info] Ending debug session 13349a58-f7d6-45e9-a472-d0993d02aac0
11:20:08.863 [info] Ending debug session 13349a58-f7d6-45e9-a472-d0993d02aac0
11:22:31.441 [info] Ending debug session 46b2f24b-6025-44a0-b44c-64cad78847c4
11:22:31.441 [info] Ending debug session 46b2f24b-6025-44a0-b44c-64cad78847c4
11:23:51.843 [info] Disposing HostJupyterExecution
11:23:51.843 [info] Shutting down notebooks for e7f67643-96a9-4bb5-841b-dd6286909cbd
11:23:51.843 [info] Disposing HostJupyterExecution
