2023-12-04 12:11:42.586 [info] Telemetry level is off
2023-12-04 12:11:42.586 [info] Experiments are disabled, only manually opted experiments are active.
2023-12-04 12:11:42.586 [info] Default formatter is set to charliermarsh.ruff for workspace /home/like/Documents/pb_labs/LAB13
2023-12-04 12:11:42.586 [info] Test server listening.
2023-12-04 12:11:42.586 [info] > conda info --json
2023-12-04 12:11:42.654 [warning] Retry failed, storage update failed for key PYTHON_GLOBAL_STORAGE_KEYS
2023-12-04 12:11:42.654 [warning] Retry failed, storage update failed for key PYTHON_WORKSPACE_STORAGE_KEYS
2023-12-04 12:11:42.654 [warning] Retry failed, storage update failed for key PYTHON_WORKSPACE_STORAGE_KEYS
2023-12-04 12:11:42.654 [warning] Retry failed, storage update failed for key PYTHON_WORKSPACE_STORAGE_KEYS
2023-12-04 12:11:42.654 [warning] Retry failed, storage update failed for key PYTHON_WORKSPACE_STORAGE_KEYS
2023-12-04 12:11:42.727 [info] Python interpreter path: /bin/python
2023-12-04 12:11:42.766 [warning] Retry failed, storage update failed for key PYTHON_GLOBAL_STORAGE_KEYS
2023-12-04 12:11:43.646 [info] Starting Jedi language server for default.
2023-12-04 12:12:38.063 [info] Found: /bin/python --> /bin/python3.11
2023-12-04 12:12:38.065 [info] Found: /bin/python3 --> /bin/python3.11
2023-12-04 12:12:38.065 [info] Found: /bin/python3.11 --> /bin/python3.11
2023-12-04 12:12:38.103 [info] Found: /sbin/python --> /sbin/python3.11
2023-12-04 12:12:38.103 [info] Found: /sbin/python3 --> /sbin/python3.11
2023-12-04 12:12:38.104 [info] Found: /sbin/python3.11 --> /sbin/python3.11
2023-12-04 12:12:38.111 [info] Found: /usr/bin/python --> /usr/bin/python3.11
2023-12-04 12:12:38.112 [info] Found: /usr/bin/python3 --> /usr/bin/python3.11
2023-12-04 12:12:38.112 [info] Found: /usr/bin/python3.11 --> /usr/bin/python3.11
2023-12-04 12:12:38.137 [info] Found: /usr/sbin/python --> /usr/sbin/python3.11
2023-12-04 12:12:38.138 [info] Found: /usr/sbin/python3 --> /usr/sbin/python3.11
2023-12-04 12:12:38.138 [info] Found: /usr/sbin/python3.11 --> /usr/sbin/python3.11
2023-12-04 12:12:38.161 [info] > /bin/python -I ~/.vscode-oss/extensions/ms-python.python-2023.20.0-universal/pythonFiles/get_output_via_markers.py ~/.vscode-oss/extensions/ms-python.python-2023.20.0-universal/pythonFiles/interpreterInfo.py
2023-12-04 12:12:38.182 [info] > /sbin/python -I ~/.vscode-oss/extensions/ms-python.python-2023.20.0-universal/pythonFiles/get_output_via_markers.py ~/.vscode-oss/extensions/ms-python.python-2023.20.0-universal/pythonFiles/interpreterInfo.py
2023-12-04 12:12:38.225 [info] > /usr/bin/python -I ~/.vscode-oss/extensions/ms-python.python-2023.20.0-universal/pythonFiles/get_output_via_markers.py ~/.vscode-oss/extensions/ms-python.python-2023.20.0-universal/pythonFiles/interpreterInfo.py
2023-12-04 12:12:38.243 [info] > /usr/sbin/python -I ~/.vscode-oss/extensions/ms-python.python-2023.20.0-universal/pythonFiles/get_output_via_markers.py ~/.vscode-oss/extensions/ms-python.python-2023.20.0-universal/pythonFiles/interpreterInfo.py
