2023-12-02 15:57:13.413 [info] Log level: Info
2023-12-02 15:57:13.413 [info] Validating found git in: "git"
2023-12-02 15:57:13.413 [info] Using git "2.43.0" from "git"
2023-12-02 15:57:13.413 [info] > git rev-parse --show-toplevel [72ms]
2023-12-02 15:57:13.413 [info] > git rev-parse --git-dir --git-common-dir [10ms]
2023-12-02 15:57:13.413 [info] Open repository: /home/like/Documents/pb_labs
2023-12-02 15:57:13.415 [info] > git config --get commit.template [2ms]
2023-12-02 15:57:13.428 [info] > git for-each-ref --format=%(refname)%00%(upstream:short)%00%(objectname)%00%(upstream:track)%00%(upstream:remotename)%00%(upstream:remoteref) refs/heads/main refs/remotes/main [5ms]
2023-12-02 15:57:13.437 [info] > git status -z -uall [2ms]
2023-12-02 15:57:13.456 [info] > git config --get commit.template [7ms]
2023-12-02 15:57:13.456 [info] > git for-each-ref --format=%(refname)%00%(upstream:short)%00%(objectname)%00%(upstream:track)%00%(upstream:remotename)%00%(upstream:remoteref) refs/heads/main refs/remotes/main [2ms]
2023-12-02 15:57:13.480 [info] > git status -z -uall [17ms]
2023-12-02 15:57:14.136 [info] > git check-ignore -v -z --stdin [3ms]
2023-12-02 15:57:16.782 [info] > git show --textconv :LAB12/counties_process.py [13ms]
2023-12-02 15:57:16.783 [info] > git ls-files --stage -- /home/like/Documents/pb_labs/LAB12/counties_process.py [2ms]
2023-12-02 15:58:16.908 [info] > git config --get commit.template [7ms]
2023-12-02 15:58:16.908 [info] > git for-each-ref --format=%(refname)%00%(upstream:short)%00%(objectname)%00%(upstream:track)%00%(upstream:remotename)%00%(upstream:remoteref) refs/heads/main refs/remotes/main [2ms]
2023-12-02 15:58:16.917 [info] > git status -z -uall [1ms]
2023-12-02 15:58:59.860 [info] > git config --get commit.template [8ms]
2023-12-02 15:58:59.861 [info] > git for-each-ref --format=%(refname)%00%(upstream:short)%00%(objectname)%00%(upstream:track)%00%(upstream:remotename)%00%(upstream:remoteref) refs/heads/main refs/remotes/main [1ms]
2023-12-02 15:58:59.869 [info] > git status -z -uall [2ms]
2023-12-02 16:04:10.746 [info] > git config --get commit.template [1ms]
2023-12-02 16:04:10.757 [info] > git for-each-ref --format=%(refname)%00%(upstream:short)%00%(objectname)%00%(upstream:track)%00%(upstream:remotename)%00%(upstream:remoteref) refs/heads/main refs/remotes/main [1ms]
2023-12-02 16:04:10.766 [info] > git status -z -uall [2ms]
2023-12-02 16:04:45.387 [info] > git config --get commit.template [8ms]
2023-12-02 16:04:45.387 [info] > git for-each-ref --format=%(refname)%00%(upstream:short)%00%(objectname)%00%(upstream:track)%00%(upstream:remotename)%00%(upstream:remoteref) refs/heads/main refs/remotes/main [1ms]
2023-12-02 16:04:45.396 [info] > git status -z -uall [1ms]
2023-12-02 16:05:26.479 [info] > git config --get commit.template [7ms]
2023-12-02 16:05:26.479 [info] > git for-each-ref --format=%(refname)%00%(upstream:short)%00%(objectname)%00%(upstream:track)%00%(upstream:remotename)%00%(upstream:remoteref) refs/heads/main refs/remotes/main [1ms]
2023-12-02 16:05:26.487 [info] > git status -z -uall [1ms]
2023-12-02 16:08:12.681 [info] > git config --get commit.template [6ms]
2023-12-02 16:08:12.681 [info] > git for-each-ref --format=%(refname)%00%(upstream:short)%00%(objectname)%00%(upstream:track)%00%(upstream:remotename)%00%(upstream:remoteref) refs/heads/main refs/remotes/main [1ms]
2023-12-02 16:08:12.689 [info] > git status -z -uall [2ms]
2023-12-02 16:08:21.071 [info] > git config --get commit.template [7ms]
2023-12-02 16:08:21.072 [info] > git for-each-ref --format=%(refname)%00%(upstream:short)%00%(objectname)%00%(upstream:track)%00%(upstream:remotename)%00%(upstream:remoteref) refs/heads/main refs/remotes/main [1ms]
2023-12-02 16:08:21.081 [info] > git status -z -uall [1ms]
2023-12-02 16:08:54.301 [info] > git config --get commit.template [9ms]
2023-12-02 16:08:54.301 [info] > git for-each-ref --format=%(refname)%00%(upstream:short)%00%(objectname)%00%(upstream:track)%00%(upstream:remotename)%00%(upstream:remoteref) refs/heads/main refs/remotes/main [1ms]
2023-12-02 16:08:54.309 [info] > git status -z -uall [1ms]
2023-12-02 16:09:11.090 [info] > git config --get commit.template [6ms]
2023-12-02 16:09:11.091 [info] > git for-each-ref --format=%(refname)%00%(upstream:short)%00%(objectname)%00%(upstream:track)%00%(upstream:remotename)%00%(upstream:remoteref) refs/heads/main refs/remotes/main [1ms]
2023-12-02 16:09:11.098 [info] > git status -z -uall [2ms]
2023-12-02 16:09:16.123 [info] > git config --get commit.template [12ms]
2023-12-02 16:09:16.123 [info] > git for-each-ref --format=%(refname)%00%(upstream:short)%00%(objectname)%00%(upstream:track)%00%(upstream:remotename)%00%(upstream:remoteref) refs/heads/main refs/remotes/main [1ms]
2023-12-02 16:09:16.134 [info] > git status -z -uall [2ms]
2023-12-02 16:09:49.850 [info] > git config --get commit.template [7ms]
2023-12-02 16:09:49.851 [info] > git for-each-ref --format=%(refname)%00%(upstream:short)%00%(objectname)%00%(upstream:track)%00%(upstream:remotename)%00%(upstream:remoteref) refs/heads/main refs/remotes/main [1ms]
2023-12-02 16:09:49.858 [info] > git status -z -uall [1ms]
2023-12-02 16:09:55.774 [info] > git config --get commit.template [8ms]
2023-12-02 16:09:55.774 [info] > git for-each-ref --format=%(refname)%00%(upstream:short)%00%(objectname)%00%(upstream:track)%00%(upstream:remotename)%00%(upstream:remoteref) refs/heads/main refs/remotes/main [1ms]
2023-12-02 16:09:55.782 [info] > git status -z -uall [1ms]
2023-12-02 16:10:01.235 [info] > git config --get commit.template [8ms]
2023-12-02 16:10:01.235 [info] > git for-each-ref --format=%(refname)%00%(upstream:short)%00%(objectname)%00%(upstream:track)%00%(upstream:remotename)%00%(upstream:remoteref) refs/heads/main refs/remotes/main [1ms]
2023-12-02 16:10:01.244 [info] > git status -z -uall [1ms]
