2023-12-03 11:13:54.151 [info] WARNING:pygls.protocol:Cancel notification for unknown message id "1"

2023-12-03 11:14:16.656 [info] WARNING:pygls.protocol:Cancel notification for unknown message id "1"

2023-12-03 11:14:16.789 [info] WARNING:pygls.protocol:Cancel notification for unknown message id "2"

2023-12-03 11:14:17.210 [info] WARNING:pygls.protocol:Cancel notification for unknown message id "3"

2023-12-03 11:14:17.211 [info] WARNING:pygls.protocol:Cancel notification for unknown message id "5"

2023-12-03 11:15:34.901 [info] WARNING:pygls.protocol:Cancel notification for unknown message id "29"

2023-12-03 11:18:21.846 [info] WARNING:pygls.protocol:Cancel notification for unknown message id "56"

2023-12-03 11:18:34.718 [info] WARNING:pygls.protocol:Cancel notification for unknown message id "71"

2023-12-03 11:18:50.405 [info] WARNING:pygls.protocol:Cancel notification for unknown message id "76"

2023-12-03 11:20:18.455 [info] WARNING:pygls.protocol:Cancel notification for unknown message id "104"

2023-12-03 11:20:23.194 [info] WARNING:pygls.protocol:Cancel notification for unknown message id "106"

2023-12-03 11:22:26.187 [info] WARNING:pygls.protocol:Cancel notification for unknown message id "118"

2023-12-03 11:22:34.798 [info] ERROR:pygls.protocol:Failed to handle request 129 textDocument/codeAction CodeActionParams(text_document=TextDocumentIdentifier(uri='file:///home/like/Documents/AOC/third.py'), range=59:20-59:20, context=CodeActionContext(diagnostics=[Diagnostic(range=59:16-59:20, message='Undefined name `satr`', severity=<DiagnosticSeverity.Error: 1>, code='F821', code_description=CodeDescription(href='https://docs.astral.sh/ruff/rules/undefined-name'), source='Ruff', tags=None, related_information=None, data=None)], only=None, trigger_kind=<CodeActionTriggerKind.Automatic: 2>), work_done_token=None, partial_result_token=None)
Traceback (most recent call last):
  File "/home/like/.vscode-oss/extensions/ms-python.python-2023.20.0-universal/pythonFiles/lib/jedilsp/pygls/protocol.py", line 340, in _handle_request
    self._execute_request(msg_id, handler, params)
  File "/home/like/.vscode-oss/extensions/ms-python.python-2023.20.0-universal/pythonFiles/lib/jedilsp/pygls/protocol.py", line 264, in _execute_request
    self._send_response(msg_id, handler(params))
                                ^^^^^^^^^^^^^^^
  File "/home/like/.vscode-oss/extensions/ms-python.python-2023.20.0-universal/pythonFiles/lib/jedilsp/jedi_language_server/server.py", line 580, in code_action
    extract_variable_refactoring = jedi_script.extract_variable(
                                   ^^^^^^^^^^^^^^^^^^^^^^^^^^^^^
  File "/home/like/.vscode-oss/extensions/ms-python.python-2023.20.0-universal/pythonFiles/lib/jedilsp/jedi/api/helpers.py", line 487, in wrapper
    return func(self, line, column, *args, **kwargs)
           ^^^^^^^^^^^^^^^^^^^^^^^^^^^^^^^^^^^^^^^^^
  File "/home/like/.vscode-oss/extensions/ms-python.python-2023.20.0-universal/pythonFiles/lib/jedilsp/jedi/api/__init__.py", line 628, in extract_variable
    return extract_variable(
           ^^^^^^^^^^^^^^^^^
  File "/home/like/.vscode-oss/extensions/ms-python.python-2023.20.0-universal/pythonFiles/lib/jedilsp/jedi/api/refactoring/extract.py", line 19, in extract_variable
    nodes = _find_nodes(module_node, pos, until_pos)
            ^^^^^^^^^^^^^^^^^^^^^^^^^^^^^^^^^^^^^^^^
  File "/home/like/.vscode-oss/extensions/ms-python.python-2023.20.0-universal/pythonFiles/lib/jedilsp/jedi/api/refactoring/extract.py", line 87, in _find_nodes
    nodes = _remove_unwanted_expression_nodes(parent_node, pos, until_pos)
            ^^^^^^^^^^^^^^^^^^^^^^^^^^^^^^^^^^^^^^^^^^^^^^^^^^^^^^^^^^^^^^
  File "/home/like/.vscode-oss/extensions/ms-python.python-2023.20.0-universal/pythonFiles/lib/jedilsp/jedi/api/refactoring/extract.py", line 198, in _remove_unwanted_expression_nodes
    nodes[0:1] = _remove_unwanted_expression_nodes(nodes[0], pos, until_pos)
                 ^^^^^^^^^^^^^^^^^^^^^^^^^^^^^^^^^^^^^^^^^^^^^^^^^^^^^^^^^^^
  File "/home/like/.vscode-oss/extensions/ms-python.python-2023.20.0-universal/pythonFiles/lib/jedilsp/jedi/api/refactoring/extract.py", line 196, in _remove_unwanted_expression_nodes
    nodes = nodes[start_index:end_index + 1]
            ^^^^^
UnboundLocalError: cannot access local variable 'start_index' where it is not associated with a value

2023-12-03 11:22:34.799 [info] [Error - 11:22:34 AM] Request textDocument/codeAction failed.
2023-12-03 11:22:34.799 [info]   Message: UnboundLocalError: cannot access local variable 'start_index' where it is not associated with a value
  Code: -32602 
{'traceback': ['  File "/home/like/.vscode-oss/extensions/ms-python.python-2023.20.0-universal/pythonFiles/lib/jedilsp/pygls/protocol.py", line 340, in _handle_request\n    self._execute_request(msg_id, handler, params)\n', '  File "/home/like/.vscode-oss/extensions/ms-python.python-2023.20.0-universal/pythonFiles/lib/jedilsp/pygls/protocol.py", line 264, in _execute_request\n    self._send_response(msg_id, handler(params))\n                                ^^^^^^^^^^^^^^^\n', '  File "/home/like/.vscode-oss/extensions/ms-python.python-2023.20.0-universal/pythonFiles/lib/jedilsp/jedi_language_server/server.py", line 580, in code_action\n    extract_variable_refactoring = jedi_script.extract_variable(\n                                   ^^^^^^^^^^^^^^^^^^^^^^^^^^^^^\n', '  File "/home/like/.vscode-oss/extensions/ms-python.python-2023.20.0-universal/pythonFiles/lib/jedilsp/jedi/api/helpers.py", line 487, in wrapper\n    return func(self, line, column, *args, **kwargs)\n           ^^^^^^^^^^^^^^^^^^^^^^^^^^^^^^^^^^^^^^^^^\n', '  File "/home/like/.vscode-oss/extensions/ms-python.python-2023.20.0-universal/pythonFiles/lib/jedilsp/jedi/api/__init__.py", line 628, in extract_variable\n    return extract_variable(\n           ^^^^^^^^^^^^^^^^^\n', '  File "/home/like/.vscode-oss/extensions/ms-python.python-2023.20.0-universal/pythonFiles/lib/jedilsp/jedi/api/refactoring/extract.py", line 19, in extract_variable\n    nodes = _find_nodes(module_node, pos, until_pos)\n            ^^^^^^^^^^^^^^^^^^^^^^^^^^^^^^^^^^^^^^^^\n', '  File "/home/like/.vscode-oss/extensions/ms-python.python-2023.20.0-universal/pythonFiles/lib/jedilsp/jedi/api/refactoring/extract.py", line 87, in _find_nodes\n    nodes = _remove_unwanted_expression_nodes(parent_node, pos, until_pos)\n            ^^^^^^^^^^^^^^^^^^^^^^^^^^^^^^^^^^^^^^^^^^^^^^^^^^^^^^^^^^^^^^\n', '  File "/home/like/.vscode-oss/extensions/ms-python.python-2023.20.0-universal/pythonFiles/lib/jedilsp/jedi/api/refactoring/extract.py", line 198, in _remove_unwanted_expression_nodes\n    nodes[0:1] = _remove_unwanted_expression_nodes(nodes[0], pos, until_pos)\n                 ^^^^^^^^^^^^^^^^^^^^^^^^^^^^^^^^^^^^^^^^^^^^^^^^^^^^^^^^^^^\n', '  File "/home/like/.vscode-oss/extensions/ms-python.python-2023.20.0-universal/pythonFiles/lib/jedilsp/jedi/api/refactoring/extract.py", line 196, in _remove_unwanted_expression_nodes\n    nodes = nodes[start_index:end_index + 1]\n            ^^^^^\n']}
2023-12-03 11:23:34.383 [info] ERROR:pygls.protocol:Failed to handle request 146 textDocument/codeAction CodeActionParams(text_document=TextDocumentIdentifier(uri='file:///home/like/Documents/AOC/third.py'), range=59:26-59:26, context=CodeActionContext(diagnostics=[], only=None, trigger_kind=<CodeActionTriggerKind.Automatic: 2>), work_done_token=None, partial_result_token=None)
Traceback (most recent call last):
  File "/home/like/.vscode-oss/extensions/ms-python.python-2023.20.0-universal/pythonFiles/lib/jedilsp/pygls/protocol.py", line 340, in _handle_request
    self._execute_request(msg_id, handler, params)
  File "/home/like/.vscode-oss/extensions/ms-python.python-2023.20.0-universal/pythonFiles/lib/jedilsp/pygls/protocol.py", line 264, in _execute_request
    self._send_response(msg_id, handler(params))
                                ^^^^^^^^^^^^^^^
  File "/home/like/.vscode-oss/extensions/ms-python.python-2023.20.0-universal/pythonFiles/lib/jedilsp/jedi_language_server/server.py", line 580, in code_action
    extract_variable_refactoring = jedi_script.extract_variable(
                                   ^^^^^^^^^^^^^^^^^^^^^^^^^^^^^
  File "/home/like/.vscode-oss/extensions/ms-python.python-2023.20.0-universal/pythonFiles/lib/jedilsp/jedi/api/helpers.py", line 487, in wrapper
    return func(self, line, column, *args, **kwargs)
           ^^^^^^^^^^^^^^^^^^^^^^^^^^^^^^^^^^^^^^^^^
  File "/home/like/.vscode-oss/extensions/ms-python.python-2023.20.0-universal/pythonFiles/lib/jedilsp/jedi/api/__init__.py", line 628, in extract_variable
    return extract_variable(
           ^^^^^^^^^^^^^^^^^
  File "/home/like/.vscode-oss/extensions/ms-python.python-2023.20.0-universal/pythonFiles/lib/jedilsp/jedi/api/refactoring/extract.py", line 19, in extract_variable
    nodes = _find_nodes(module_node, pos, until_pos)
            ^^^^^^^^^^^^^^^^^^^^^^^^^^^^^^^^^^^^^^^^
  File "/home/like/.vscode-oss/extensions/ms-python.python-2023.20.0-universal/pythonFiles/lib/jedilsp/jedi/api/refactoring/extract.py", line 87, in _find_nodes
    nodes = _remove_unwanted_expression_nodes(parent_node, pos, until_pos)
            ^^^^^^^^^^^^^^^^^^^^^^^^^^^^^^^^^^^^^^^^^^^^^^^^^^^^^^^^^^^^^^
  File "/home/like/.vscode-oss/extensions/ms-python.python-2023.20.0-universal/pythonFiles/lib/jedilsp/jedi/api/refactoring/extract.py", line 196, in _remove_unwanted_expression_nodes
    nodes = nodes[start_index:end_index + 1]
                              ^^^^^^^^^
UnboundLocalError: cannot access local variable 'end_index' where it is not associated with a value

2023-12-03 11:23:34.384 [info] [Error - 11:23:34 AM] Request textDocument/codeAction failed.
2023-12-03 11:23:34.384 [info]   Message: UnboundLocalError: cannot access local variable 'end_index' where it is not associated with a value
  Code: -32602 
{'traceback': ['  File "/home/like/.vscode-oss/extensions/ms-python.python-2023.20.0-universal/pythonFiles/lib/jedilsp/pygls/protocol.py", line 340, in _handle_request\n    self._execute_request(msg_id, handler, params)\n', '  File "/home/like/.vscode-oss/extensions/ms-python.python-2023.20.0-universal/pythonFiles/lib/jedilsp/pygls/protocol.py", line 264, in _execute_request\n    self._send_response(msg_id, handler(params))\n                                ^^^^^^^^^^^^^^^\n', '  File "/home/like/.vscode-oss/extensions/ms-python.python-2023.20.0-universal/pythonFiles/lib/jedilsp/jedi_language_server/server.py", line 580, in code_action\n    extract_variable_refactoring = jedi_script.extract_variable(\n                                   ^^^^^^^^^^^^^^^^^^^^^^^^^^^^^\n', '  File "/home/like/.vscode-oss/extensions/ms-python.python-2023.20.0-universal/pythonFiles/lib/jedilsp/jedi/api/helpers.py", line 487, in wrapper\n    return func(self, line, column, *args, **kwargs)\n           ^^^^^^^^^^^^^^^^^^^^^^^^^^^^^^^^^^^^^^^^^\n', '  File "/home/like/.vscode-oss/extensions/ms-python.python-2023.20.0-universal/pythonFiles/lib/jedilsp/jedi/api/__init__.py", line 628, in extract_variable\n    return extract_variable(\n           ^^^^^^^^^^^^^^^^^\n', '  File "/home/like/.vscode-oss/extensions/ms-python.python-2023.20.0-universal/pythonFiles/lib/jedilsp/jedi/api/refactoring/extract.py", line 19, in extract_variable\n    nodes = _find_nodes(module_node, pos, until_pos)\n            ^^^^^^^^^^^^^^^^^^^^^^^^^^^^^^^^^^^^^^^^\n', '  File "/home/like/.vscode-oss/extensions/ms-python.python-2023.20.0-universal/pythonFiles/lib/jedilsp/jedi/api/refactoring/extract.py", line 87, in _find_nodes\n    nodes = _remove_unwanted_expression_nodes(parent_node, pos, until_pos)\n            ^^^^^^^^^^^^^^^^^^^^^^^^^^^^^^^^^^^^^^^^^^^^^^^^^^^^^^^^^^^^^^\n', '  File "/home/like/.vscode-oss/extensions/ms-python.python-2023.20.0-universal/pythonFiles/lib/jedilsp/jedi/api/refactoring/extract.py", line 196, in _remove_unwanted_expression_nodes\n    nodes = nodes[start_index:end_index + 1]\n                              ^^^^^^^^^\n']}
