2023-12-04 12:10:19.998 [info] Log level: Info
2023-12-04 12:10:19.998 [info] Validating found git in: "git"
2023-12-04 12:10:19.998 [info] Using git "2.43.0" from "git"
2023-12-04 12:10:19.998 [info] > git rev-parse --show-toplevel [3ms]
2023-12-04 12:10:19.998 [info] > git rev-parse --git-dir --git-common-dir [2ms]
2023-12-04 12:10:19.998 [info] Open repository: /home/like/Documents/pb_labs
2023-12-04 12:10:19.998 [info] > git config --get commit.template [10ms]
2023-12-04 12:10:19.998 [info] > git rev-parse --show-toplevel [3ms]
2023-12-04 12:10:19.998 [info] > git rev-parse --show-toplevel [8ms]
2023-12-04 12:10:19.998 [info] > git for-each-ref --format=%(refname)%00%(upstream:short)%00%(objectname)%00%(upstream:track)%00%(upstream:remotename)%00%(upstream:remoteref) refs/heads/main refs/remotes/main [19ms]
2023-12-04 12:10:19.998 [info] > git status -z -uall [13ms]
2023-12-04 12:10:19.998 [info] > git rev-parse --show-toplevel [20ms]
2023-12-04 12:10:19.998 [info] > git config --get commit.template [22ms]
2023-12-04 12:10:20.033 [info] > git for-each-ref --format=%(refname)%00%(upstream:short)%00%(objectname)%00%(upstream:track)%00%(upstream:remotename)%00%(upstream:remoteref) refs/heads/main refs/remotes/main [36ms]
2023-12-04 12:10:20.047 [info] > git status -z -uall [4ms]
2023-12-04 12:10:20.558 [info] > git check-ignore -v -z --stdin [1ms]
2023-12-04 12:10:52.261 [info] > git config --get commit.template [13ms]
2023-12-04 12:10:52.262 [info] > git for-each-ref --format=%(refname)%00%(upstream:short)%00%(objectname)%00%(upstream:track)%00%(upstream:remotename)%00%(upstream:remoteref) refs/heads/main refs/remotes/main [3ms]
2023-12-04 12:10:52.276 [info] > git status -z -uall [3ms]
2023-12-04 12:11:01.991 [info] > git config --get commit.template [13ms]
2023-12-04 12:11:01.993 [info] > git for-each-ref --format=%(refname)%00%(upstream:short)%00%(objectname)%00%(upstream:track)%00%(upstream:remotename)%00%(upstream:remoteref) refs/heads/main refs/remotes/main [2ms]
2023-12-04 12:11:02.005 [info] > git status -z -uall [4ms]
2023-12-04 12:11:11.688 [info] Log level: Info
2023-12-04 12:11:11.688 [info] Validating found git in: "git"
2023-12-04 12:11:11.688 [info] Using git "2.43.0" from "git"
2023-12-04 12:11:11.688 [info] > git rev-parse --show-toplevel [3ms]
2023-12-04 12:11:11.688 [info] > git rev-parse --git-dir --git-common-dir [2ms]
2023-12-04 12:11:11.688 [info] Open repository: /home/like/Documents/pb_labs
2023-12-04 12:11:11.688 [info] > git config --get commit.template [10ms]
2023-12-04 12:11:11.690 [info] > git for-each-ref --format=%(refname)%00%(upstream:short)%00%(objectname)%00%(upstream:track)%00%(upstream:remotename)%00%(upstream:remoteref) refs/heads/main refs/remotes/main [3ms]
2023-12-04 12:11:11.702 [info] > git status -z -uall [4ms]
2023-12-04 12:11:11.722 [info] > git config --get commit.template [4ms]
2023-12-04 12:11:11.738 [info] > git for-each-ref --format=%(refname)%00%(upstream:short)%00%(objectname)%00%(upstream:track)%00%(upstream:remotename)%00%(upstream:remoteref) refs/heads/main refs/remotes/main [4ms]
2023-12-04 12:11:11.771 [info] > git status -z -uall [23ms]
2023-12-04 12:11:12.336 [info] > git check-ignore -v -z --stdin [2ms]
2023-12-04 12:11:17.672 [info] > git show --textconv :LAB13/student-mat.csv [14ms]
2023-12-04 12:11:17.673 [info] > git ls-files --stage -- /home/like/Documents/pb_labs/LAB13/student-mat.csv [2ms]
2023-12-04 12:11:42.399 [info] > git check-ignore -v -z --stdin [100ms]
2023-12-04 12:11:42.653 [info] > git config --get commit.template [40ms]
2023-12-04 12:11:42.705 [info] > git for-each-ref --format=%(refname)%00%(upstream:short)%00%(objectname)%00%(upstream:track)%00%(upstream:remotename)%00%(upstream:remoteref) refs/heads/main refs/remotes/main [10ms]
2023-12-04 12:11:42.761 [info] > git status -z -uall [42ms]
2023-12-04 12:13:37.446 [info] > git show --textconv :LAB13/student-mat.csv [14ms]
2023-12-04 12:13:37.448 [info] > git ls-files --stage -- /home/like/Documents/pb_labs/LAB13/student-mat.csv [2ms]
2023-12-04 12:13:50.985 [info] > git show --textconv :LAB13/student-mat.csv [13ms]
2023-12-04 12:13:50.987 [info] > git ls-files --stage -- /home/like/Documents/pb_labs/LAB13/student-mat.csv [3ms]
2023-12-04 12:13:54.836 [info] > git config --get commit.template [12ms]
2023-12-04 12:13:54.837 [info] > git for-each-ref --format=%(refname)%00%(upstream:short)%00%(objectname)%00%(upstream:track)%00%(upstream:remotename)%00%(upstream:remoteref) refs/heads/main refs/remotes/main [2ms]
2023-12-04 12:13:54.850 [info] > git status -z -uall [4ms]
2023-12-04 12:13:56.575 [info] > git show --textconv :LAB13/student-mat.csv [12ms]
2023-12-04 12:13:56.577 [info] > git ls-files --stage -- /home/like/Documents/pb_labs/LAB13/student-mat.csv [2ms]
2023-12-04 12:21:10.196 [info] > git config --get commit.template [15ms]
2023-12-04 12:21:10.197 [info] > git for-each-ref --format=%(refname)%00%(upstream:short)%00%(objectname)%00%(upstream:track)%00%(upstream:remotename)%00%(upstream:remoteref) refs/heads/main refs/remotes/main [2ms]
2023-12-04 12:21:10.214 [info] > git status -z -uall [4ms]
2023-12-04 12:21:39.747 [info] > git config --get commit.template [11ms]
2023-12-04 12:21:39.748 [info] > git for-each-ref --format=%(refname)%00%(upstream:short)%00%(objectname)%00%(upstream:track)%00%(upstream:remotename)%00%(upstream:remoteref) refs/heads/main refs/remotes/main [2ms]
2023-12-04 12:21:39.761 [info] > git status -z -uall [3ms]
2023-12-04 12:23:08.126 [info] > git config --get commit.template [13ms]
2023-12-04 12:23:08.127 [info] > git for-each-ref --format=%(refname)%00%(upstream:short)%00%(objectname)%00%(upstream:track)%00%(upstream:remotename)%00%(upstream:remoteref) refs/heads/main refs/remotes/main [2ms]
2023-12-04 12:23:08.141 [info] > git status -z -uall [4ms]
2023-12-04 12:50:11.863 [info] > git config --get commit.template [11ms]
2023-12-04 12:50:11.864 [info] > git for-each-ref --format=%(refname)%00%(upstream:short)%00%(objectname)%00%(upstream:track)%00%(upstream:remotename)%00%(upstream:remoteref) refs/heads/main refs/remotes/main [3ms]
2023-12-04 12:50:11.876 [info] > git status -z -uall [3ms]
2023-12-04 12:56:34.467 [info] > git config --get commit.template [14ms]
2023-12-04 12:56:34.468 [info] > git for-each-ref --format=%(refname)%00%(upstream:short)%00%(objectname)%00%(upstream:track)%00%(upstream:remotename)%00%(upstream:remoteref) refs/heads/main refs/remotes/main [2ms]
2023-12-04 12:56:34.486 [info] > git status -z -uall [4ms]
2023-12-04 12:56:56.725 [info] > git config --get commit.template [13ms]
2023-12-04 12:56:56.725 [info] > git for-each-ref --format=%(refname)%00%(upstream:short)%00%(objectname)%00%(upstream:track)%00%(upstream:remotename)%00%(upstream:remoteref) refs/heads/main refs/remotes/main [2ms]
2023-12-04 12:56:56.741 [info] > git status -z -uall [4ms]
2023-12-04 12:57:22.784 [info] > git config --get commit.template [14ms]
2023-12-04 12:57:22.785 [info] > git for-each-ref --format=%(refname)%00%(upstream:short)%00%(objectname)%00%(upstream:track)%00%(upstream:remotename)%00%(upstream:remoteref) refs/heads/main refs/remotes/main [2ms]
2023-12-04 12:57:22.800 [info] > git status -z -uall [3ms]
2023-12-04 12:57:52.577 [info] > git config --get commit.template [13ms]
2023-12-04 12:57:52.578 [info] > git for-each-ref --format=%(refname)%00%(upstream:short)%00%(objectname)%00%(upstream:track)%00%(upstream:remotename)%00%(upstream:remoteref) refs/heads/main refs/remotes/main [2ms]
2023-12-04 12:57:52.593 [info] > git status -z -uall [3ms]
2023-12-04 14:40:53.908 [info] > git config --get commit.template [9ms]
2023-12-04 14:40:53.908 [info] > git for-each-ref --format=%(refname)%00%(upstream:short)%00%(objectname)%00%(upstream:track)%00%(upstream:remotename)%00%(upstream:remoteref) refs/heads/main refs/remotes/main [1ms]
2023-12-04 14:40:53.917 [info] > git status -z -uall [1ms]
